<?xml version="1.0" encoding="UTF-8" ?>
<testsuite tests="1" failures="0" name="org.benjamin.erp.test.BorrowerTest" time="2.451" errors="1" skipped="0">
  <properties>
    <property name="java.runtime.name" value="Java(TM) SE Runtime Environment"/>
    <property name="sun.boot.library.path" value="C:\Program Files\Java\jdk1.8.0_181\jre\bin"/>
    <property name="java.vm.version" value="25.181-b13"/>
    <property name="java.vm.vendor" value="Oracle Corporation"/>
    <property name="maven.multiModuleProjectDirectory" value="C:\Users\xywenjie\git\erp"/>
    <property name="java.vendor.url" value="http://java.oracle.com/"/>
    <property name="path.separator" value=";"/>
    <property name="guice.disable.misplaced.annotation.check" value="true"/>
    <property name="java.vm.name" value="Java HotSpot(TM) 64-Bit Server VM"/>
    <property name="file.encoding.pkg" value="sun.io"/>
    <property name="user.script" value=""/>
    <property name="user.country" value="US"/>
    <property name="sun.java.launcher" value="SUN_STANDARD"/>
    <property name="sun.os.patch.level" value=""/>
    <property name="java.vm.specification.name" value="Java Virtual Machine Specification"/>
    <property name="user.dir" value="C:\Users\xywenjie\git\erp"/>
    <property name="java.runtime.version" value="1.8.0_181-b13"/>
    <property name="java.awt.graphicsenv" value="sun.awt.Win32GraphicsEnvironment"/>
    <property name="java.endorsed.dirs" value="C:\Program Files\Java\jdk1.8.0_181\jre\lib\endorsed"/>
    <property name="os.arch" value="amd64"/>
    <property name="java.io.tmpdir" value="C:\Users\xywenjie\AppData\Local\Temp\"/>
    <property name="line.separator" value="
"/>
    <property name="java.vm.specification.vendor" value="Oracle Corporation"/>
    <property name="user.variant" value=""/>
    <property name="os.name" value="Windows 10"/>
    <property name="classworlds.conf" value="D:\Program Files\Apache\maven\bin\..\bin\m2.conf"/>
    <property name="sun.jnu.encoding" value="GBK"/>
    <property name="java.library.path" value="C:\Program Files\Java\jdk1.8.0_181\bin;C:\WINDOWS\Sun\Java\bin;C:\WINDOWS\system32;C:\WINDOWS;C:\Program Files (x86)\NetSarang\Xftp 6\;C:\Program Files (x86)\Common Files\Oracle\Java\javapath;C:\WINDOWS\system32;C:\WINDOWS;C:\WINDOWS\System32\Wbem;C:\WINDOWS\System32\WindowsPowerShell\v1.0\;C:\WINDOWS\System32\OpenSSH\;D:\Program Files\Apache\maven\bin\;C:\Program Files\Git\cmd;C:\Users\xywenjie\AppData\Local\Microsoft\WindowsApps;C:\Users\xywenjie\AppData\Local\atom\bin;."/>
    <property name="maven.conf" value="D:\Program Files\Apache\maven\bin\../conf"/>
    <property name="java.specification.name" value="Java Platform API Specification"/>
    <property name="java.class.version" value="52.0"/>
    <property name="sun.management.compiler" value="HotSpot 64-Bit Tiered Compilers"/>
    <property name="os.version" value="10.0"/>
    <property name="library.jansi.path" value="D:\Program Files\Apache\maven\bin\..\lib\jansi-native"/>
    <property name="user.home" value="C:\Users\xywenjie"/>
    <property name="user.timezone" value="Asia/Shanghai"/>
    <property name="java.awt.printerjob" value="sun.awt.windows.WPrinterJob"/>
    <property name="java.specification.version" value="1.8"/>
    <property name="file.encoding" value="GBK"/>
    <property name="user.name" value="xywenjie"/>
    <property name="java.class.path" value="D:\Program Files\Apache\maven\bin\..\boot\plexus-classworlds-2.5.2.jar"/>
    <property name="java.vm.specification.version" value="1.8"/>
    <property name="sun.arch.data.model" value="64"/>
    <property name="java.home" value="C:\Program Files\Java\jdk1.8.0_181\jre"/>
    <property name="sun.java.command" value="org.codehaus.plexus.classworlds.launcher.Launcher install"/>
    <property name="java.specification.vendor" value="Oracle Corporation"/>
    <property name="user.language" value="en"/>
    <property name="awt.toolkit" value="sun.awt.windows.WToolkit"/>
    <property name="java.vm.info" value="mixed mode"/>
    <property name="java.version" value="1.8.0_181"/>
    <property name="java.ext.dirs" value="C:\Program Files\Java\jdk1.8.0_181\jre\lib\ext;C:\WINDOWS\Sun\Java\lib\ext"/>
    <property name="sun.boot.class.path" value="C:\Program Files\Java\jdk1.8.0_181\jre\lib\resources.jar;C:\Program Files\Java\jdk1.8.0_181\jre\lib\rt.jar;C:\Program Files\Java\jdk1.8.0_181\jre\lib\sunrsasign.jar;C:\Program Files\Java\jdk1.8.0_181\jre\lib\jsse.jar;C:\Program Files\Java\jdk1.8.0_181\jre\lib\jce.jar;C:\Program Files\Java\jdk1.8.0_181\jre\lib\charsets.jar;C:\Program Files\Java\jdk1.8.0_181\jre\lib\jfr.jar;C:\Program Files\Java\jdk1.8.0_181\jre\classes"/>
    <property name="sun.stderr.encoding" value="ms936"/>
    <property name="java.vendor" value="Oracle Corporation"/>
    <property name="maven.home" value="D:\Program Files\Apache\maven\bin\.."/>
    <property name="file.separator" value="\"/>
    <property name="java.vendor.url.bug" value="http://bugreport.sun.com/bugreport/"/>
    <property name="sun.cpu.endian" value="little"/>
    <property name="sun.io.unicode.encoding" value="UnicodeLittle"/>
    <property name="sun.stdout.encoding" value="ms936"/>
    <property name="sun.desktop" value="windows"/>
    <property name="sun.cpu.isalist" value="amd64"/>
  </properties>
  <testcase classname="org.benjamin.erp.test.BorrowerTest" name="tenderBorrower" time="2.451">
    <error message="The component(s) below failed to render. Possible reasons could be that:
	1) you have added a component in code but forgot to reference it in the markup (thus the component will never be rendered),
	2) if your components were added in a parent container then make sure the markup for the child container includes them in &lt;wicket:extend&gt;.

1. [DebugBar [Component id = debugBar, page = com.benjamin.erp.page.ReleaseBorrowerPage, path = debugBar, type = org.apache.wicket.devutils.debugbar.DebugBar, isVisible = true, isVersioned = true], children =  [Component id = logo][WebMarkupContainer [Component id = content]]]
2. [Component id = logo, page = com.benjamin.erp.page.ReleaseBorrowerPage, path = debugBar:logo, type = org.apache.wicket.markup.html.image.Image, isVisible = true, isVersioned = true]
3. [WebMarkupContainer [Component id = content, page = com.benjamin.erp.page.ReleaseBorrowerPage, path = debugBar:content, type = org.apache.wicket.markup.html.WebMarkupContainer, isVisible = true, isVersioned = true], children =  [ListView [Component id = contributors]][Component id = removeImg]]
4. [ListView [Component id = contributors, page = com.benjamin.erp.page.ReleaseBorrowerPage, path = debugBar:content:contributors, type = org.apache.wicket.markup.html.list.ListView, isVisible = true, isVersioned = true], children =  [ListItem [Component id = 0]][ListItem [Component id = 1]][ListItem [Component id = 2]][ListItem [Component id = 3]]]
5. [ListItem [Component id = 0, page = com.benjamin.erp.page.ReleaseBorrowerPage, path = debugBar:content:contributors:0, type = org.apache.wicket.markup.html.list.ListItem, isVisible = true, isVersioned = true], children =  [Component id = contrib]]
6. [Component id = contrib, page = com.benjamin.erp.page.ReleaseBorrowerPage, path = debugBar:content:contributors:0:contrib, type = org.apache.wicket.markup.html.basic.Label, isVisible = true, isVersioned = true]
7. [ListItem [Component id = 1, page = com.benjamin.erp.page.ReleaseBorrowerPage, path = debugBar:content:contributors:1, type = org.apache.wicket.markup.html.list.ListItem, isVisible = true, isVersioned = true], children =  [InspectorDebugPanel [Component id = contrib]]]
8. [InspectorDebugPanel [Component id = contrib, page = com.benjamin.erp.page.ReleaseBorrowerPage, path = debugBar:content:contributors:1:contrib, type = org.apache.wicket.devutils.debugbar.InspectorDebugPanel, isVisible = true, isVersioned = true], children =  [BookmarkablePageLink [Component id = link]]]
9. [BookmarkablePageLink [Component id = link, page = com.benjamin.erp.page.ReleaseBorrowerPage, path = debugBar:content:contributors:1:contrib:link, type = org.apache.wicket.markup.html.link.BookmarkablePageLink, isVisible = true, isVersioned = true], children =  [Component id = img][Component id = data]]
10. [Component id = img, page = com.benjamin.erp.page.ReleaseBorrowerPage, path = debugBar:content:contributors:1:contrib:link:img, type = org.apache.wicket.markup.html.image.Image, isVisible = true, isVersioned = true]
11. [Component id = data, page = com.benjamin.erp.page.ReleaseBorrowerPage, path = debugBar:content:contributors:1:contrib:link:data, type = org.apache.wicket.markup.html.basic.Label, isVisible = true, isVersioned = true]
12. [ListItem [Component id = 2, page = com.benjamin.erp.page.ReleaseBorrowerPage, path = debugBar:content:contributors:2, type = org.apache.wicket.markup.html.list.ListItem, isVisible = true, isVersioned = true], children =  [SessionSizeDebugPanel [Component id = contrib]]]
13. [SessionSizeDebugPanel [Component id = contrib, page = com.benjamin.erp.page.ReleaseBorrowerPage, path = debugBar:content:contributors:2:contrib, type = org.apache.wicket.devutils.debugbar.SessionSizeDebugPanel, isVisible = true, isVersioned = true], children =  [BookmarkablePageLink [Component id = link]]]
14. [BookmarkablePageLink [Component id = link, page = com.benjamin.erp.page.ReleaseBorrowerPage, path = debugBar:content:contributors:2:contrib:link, type = org.apache.wicket.markup.html.link.BookmarkablePageLink, isVisible = true, isVersioned = true], children =  [Component id = img][Component id = data]]
15. [Component id = img, page = com.benjamin.erp.page.ReleaseBorrowerPage, path = debugBar:content:contributors:2:contrib:link:img, type = org.apache.wicket.markup.html.image.Image, isVisible = true, isVersioned = true]
16. [Component id = data, page = com.benjamin.erp.page.ReleaseBorrowerPage, path = debugBar:content:contributors:2:contrib:link:data, type = org.apache.wicket.markup.html.basic.Label, isVisible = true, isVersioned = true]
17. [ListItem [Component id = 3, page = com.benjamin.erp.page.ReleaseBorrowerPage, path = debugBar:content:contributors:3, type = org.apache.wicket.markup.html.list.ListItem, isVisible = true, isVersioned = true], children =  [PageSizeDebugPanel [Component id = contrib]]]
18. [PageSizeDebugPanel [Component id = contrib, page = com.benjamin.erp.page.ReleaseBorrowerPage, path = debugBar:content:contributors:3:contrib, type = org.apache.wicket.devutils.debugbar.PageSizeDebugPanel, isVisible = true, isVersioned = true], children =  [BookmarkablePageLink [Component id = link]]]
19. [BookmarkablePageLink [Component id = link, page = com.benjamin.erp.page.ReleaseBorrowerPage, path = debugBar:content:contributors:3:contrib:link, type = org.apache.wicket.markup.html.link.BookmarkablePageLink, isVisible = true, isVersioned = true], children =  [Component id = img][Component id = data]]
20. [Component id = img, page = com.benjamin.erp.page.ReleaseBorrowerPage, path = debugBar:content:contributors:3:contrib:link:img, type = org.apache.wicket.markup.html.image.Image, isVisible = true, isVersioned = true]
21. [Component id = data, page = com.benjamin.erp.page.ReleaseBorrowerPage, path = debugBar:content:contributors:3:contrib:link:data, type = org.apache.wicket.markup.html.basic.Label, isVisible = true, isVersioned = true]
22. [Component id = removeImg, page = com.benjamin.erp.page.ReleaseBorrowerPage, path = debugBar:content:removeImg, type = org.apache.wicket.markup.html.image.Image, isVisible = true, isVersioned = true]
" type="org.apache.wicket.WicketRuntimeException">org.apache.wicket.WicketRuntimeException: The component(s) below failed to render. Possible reasons could be that:
	1) you have added a component in code but forgot to reference it in the markup (thus the component will never be rendered),
	2) if your components were added in a parent container then make sure the markup for the child container includes them in &lt;wicket:extend&gt;.

1. [DebugBar [Component id = debugBar, page = com.benjamin.erp.page.ReleaseBorrowerPage, path = debugBar, type = org.apache.wicket.devutils.debugbar.DebugBar, isVisible = true, isVersioned = true], children =  [Component id = logo][WebMarkupContainer [Component id = content]]]
2. [Component id = logo, page = com.benjamin.erp.page.ReleaseBorrowerPage, path = debugBar:logo, type = org.apache.wicket.markup.html.image.Image, isVisible = true, isVersioned = true]
3. [WebMarkupContainer [Component id = content, page = com.benjamin.erp.page.ReleaseBorrowerPage, path = debugBar:content, type = org.apache.wicket.markup.html.WebMarkupContainer, isVisible = true, isVersioned = true], children =  [ListView [Component id = contributors]][Component id = removeImg]]
4. [ListView [Component id = contributors, page = com.benjamin.erp.page.ReleaseBorrowerPage, path = debugBar:content:contributors, type = org.apache.wicket.markup.html.list.ListView, isVisible = true, isVersioned = true], children =  [ListItem [Component id = 0]][ListItem [Component id = 1]][ListItem [Component id = 2]][ListItem [Component id = 3]]]
5. [ListItem [Component id = 0, page = com.benjamin.erp.page.ReleaseBorrowerPage, path = debugBar:content:contributors:0, type = org.apache.wicket.markup.html.list.ListItem, isVisible = true, isVersioned = true], children =  [Component id = contrib]]
6. [Component id = contrib, page = com.benjamin.erp.page.ReleaseBorrowerPage, path = debugBar:content:contributors:0:contrib, type = org.apache.wicket.markup.html.basic.Label, isVisible = true, isVersioned = true]
7. [ListItem [Component id = 1, page = com.benjamin.erp.page.ReleaseBorrowerPage, path = debugBar:content:contributors:1, type = org.apache.wicket.markup.html.list.ListItem, isVisible = true, isVersioned = true], children =  [InspectorDebugPanel [Component id = contrib]]]
8. [InspectorDebugPanel [Component id = contrib, page = com.benjamin.erp.page.ReleaseBorrowerPage, path = debugBar:content:contributors:1:contrib, type = org.apache.wicket.devutils.debugbar.InspectorDebugPanel, isVisible = true, isVersioned = true], children =  [BookmarkablePageLink [Component id = link]]]
9. [BookmarkablePageLink [Component id = link, page = com.benjamin.erp.page.ReleaseBorrowerPage, path = debugBar:content:contributors:1:contrib:link, type = org.apache.wicket.markup.html.link.BookmarkablePageLink, isVisible = true, isVersioned = true], children =  [Component id = img][Component id = data]]
10. [Component id = img, page = com.benjamin.erp.page.ReleaseBorrowerPage, path = debugBar:content:contributors:1:contrib:link:img, type = org.apache.wicket.markup.html.image.Image, isVisible = true, isVersioned = true]
11. [Component id = data, page = com.benjamin.erp.page.ReleaseBorrowerPage, path = debugBar:content:contributors:1:contrib:link:data, type = org.apache.wicket.markup.html.basic.Label, isVisible = true, isVersioned = true]
12. [ListItem [Component id = 2, page = com.benjamin.erp.page.ReleaseBorrowerPage, path = debugBar:content:contributors:2, type = org.apache.wicket.markup.html.list.ListItem, isVisible = true, isVersioned = true], children =  [SessionSizeDebugPanel [Component id = contrib]]]
13. [SessionSizeDebugPanel [Component id = contrib, page = com.benjamin.erp.page.ReleaseBorrowerPage, path = debugBar:content:contributors:2:contrib, type = org.apache.wicket.devutils.debugbar.SessionSizeDebugPanel, isVisible = true, isVersioned = true], children =  [BookmarkablePageLink [Component id = link]]]
14. [BookmarkablePageLink [Component id = link, page = com.benjamin.erp.page.ReleaseBorrowerPage, path = debugBar:content:contributors:2:contrib:link, type = org.apache.wicket.markup.html.link.BookmarkablePageLink, isVisible = true, isVersioned = true], children =  [Component id = img][Component id = data]]
15. [Component id = img, page = com.benjamin.erp.page.ReleaseBorrowerPage, path = debugBar:content:contributors:2:contrib:link:img, type = org.apache.wicket.markup.html.image.Image, isVisible = true, isVersioned = true]
16. [Component id = data, page = com.benjamin.erp.page.ReleaseBorrowerPage, path = debugBar:content:contributors:2:contrib:link:data, type = org.apache.wicket.markup.html.basic.Label, isVisible = true, isVersioned = true]
17. [ListItem [Component id = 3, page = com.benjamin.erp.page.ReleaseBorrowerPage, path = debugBar:content:contributors:3, type = org.apache.wicket.markup.html.list.ListItem, isVisible = true, isVersioned = true], children =  [PageSizeDebugPanel [Component id = contrib]]]
18. [PageSizeDebugPanel [Component id = contrib, page = com.benjamin.erp.page.ReleaseBorrowerPage, path = debugBar:content:contributors:3:contrib, type = org.apache.wicket.devutils.debugbar.PageSizeDebugPanel, isVisible = true, isVersioned = true], children =  [BookmarkablePageLink [Component id = link]]]
19. [BookmarkablePageLink [Component id = link, page = com.benjamin.erp.page.ReleaseBorrowerPage, path = debugBar:content:contributors:3:contrib:link, type = org.apache.wicket.markup.html.link.BookmarkablePageLink, isVisible = true, isVersioned = true], children =  [Component id = img][Component id = data]]
20. [Component id = img, page = com.benjamin.erp.page.ReleaseBorrowerPage, path = debugBar:content:contributors:3:contrib:link:img, type = org.apache.wicket.markup.html.image.Image, isVisible = true, isVersioned = true]
21. [Component id = data, page = com.benjamin.erp.page.ReleaseBorrowerPage, path = debugBar:content:contributors:3:contrib:link:data, type = org.apache.wicket.markup.html.basic.Label, isVisible = true, isVersioned = true]
22. [Component id = removeImg, page = com.benjamin.erp.page.ReleaseBorrowerPage, path = debugBar:content:removeImg, type = org.apache.wicket.markup.html.image.Image, isVisible = true, isVersioned = true]

	at org.apache.wicket.Page.checkRendering(Page.java:663)
	at org.apache.wicket.Page.onAfterRender(Page.java:806)
	at org.apache.wicket.markup.html.WebPage.onAfterRender(WebPage.java:209)
	at org.apache.wicket.Component.afterRender(Component.java:897)
	at org.apache.wicket.Component.render(Component.java:2232)
	at org.apache.wicket.Page.renderPage(Page.java:998)
	at org.apache.wicket.request.handler.render.WebPageRenderer.renderPage(WebPageRenderer.java:124)
	at org.apache.wicket.request.handler.render.WebPageRenderer.respond(WebPageRenderer.java:236)
	at org.apache.wicket.util.tester.BaseWicketTester$LastPageRecordingPageRendererProvider$1.respond(BaseWicketTester.java:2833)
	at org.apache.wicket.core.request.handler.RenderPageRequestHandler.respond(RenderPageRequestHandler.java:202)
	at org.apache.wicket.request.cycle.RequestCycle$HandlerExecutor.respond(RequestCycle.java:912)
	at org.apache.wicket.request.RequestHandlerExecutor.execute(RequestHandlerExecutor.java:65)
	at org.apache.wicket.request.cycle.RequestCycle.execute(RequestCycle.java:283)
	at org.apache.wicket.request.cycle.RequestCycle.processRequest(RequestCycle.java:253)
	at org.apache.wicket.request.cycle.RequestCycle.processRequestAndDetach(RequestCycle.java:221)
	at org.apache.wicket.util.tester.BaseWicketTester.processRequest(BaseWicketTester.java:713)
	at org.apache.wicket.util.tester.BaseWicketTester.processRequest(BaseWicketTester.java:652)
	at org.apache.wicket.util.tester.BaseWicketTester.processRequest(BaseWicketTester.java:624)
	at org.apache.wicket.util.tester.BaseWicketTester.startPage(BaseWicketTester.java:1278)
	at org.apache.wicket.util.tester.BaseWicketTester.startPage(BaseWicketTester.java:1251)
	at org.benjamin.erp.test.BorrowerTest.tenderBorrower(BorrowerTest.java:42)
	at sun.reflect.NativeMethodAccessorImpl.invoke0(Native Method)
	at sun.reflect.NativeMethodAccessorImpl.invoke(NativeMethodAccessorImpl.java:62)
	at sun.reflect.DelegatingMethodAccessorImpl.invoke(DelegatingMethodAccessorImpl.java:43)
	at java.lang.reflect.Method.invoke(Method.java:498)
	at org.junit.runners.model.FrameworkMethod$1.runReflectiveCall(FrameworkMethod.java:50)
	at org.junit.internal.runners.model.ReflectiveCallable.run(ReflectiveCallable.java:12)
	at org.junit.runners.model.FrameworkMethod.invokeExplosively(FrameworkMethod.java:47)
	at org.junit.internal.runners.statements.InvokeMethod.evaluate(InvokeMethod.java:17)
	at org.junit.internal.runners.statements.RunBefores.evaluate(RunBefores.java:26)
	at org.springframework.test.context.junit4.statements.RunBeforeTestMethodCallbacks.evaluate(RunBeforeTestMethodCallbacks.java:75)
	at org.springframework.test.context.junit4.statements.RunAfterTestMethodCallbacks.evaluate(RunAfterTestMethodCallbacks.java:86)
	at org.springframework.test.context.junit4.statements.SpringRepeat.evaluate(SpringRepeat.java:84)
	at org.junit.runners.ParentRunner.runLeaf(ParentRunner.java:325)
	at org.springframework.test.context.junit4.SpringJUnit4ClassRunner.runChild(SpringJUnit4ClassRunner.java:252)
	at org.springframework.test.context.junit4.SpringJUnit4ClassRunner.runChild(SpringJUnit4ClassRunner.java:94)
	at org.junit.runners.ParentRunner$3.run(ParentRunner.java:290)
	at org.junit.runners.ParentRunner$1.schedule(ParentRunner.java:71)
	at org.junit.runners.ParentRunner.runChildren(ParentRunner.java:288)
	at org.junit.runners.ParentRunner.access$000(ParentRunner.java:58)
	at org.junit.runners.ParentRunner$2.evaluate(ParentRunner.java:268)
	at org.springframework.test.context.junit4.statements.RunBeforeTestClassCallbacks.evaluate(RunBeforeTestClassCallbacks.java:61)
	at org.springframework.test.context.junit4.statements.RunAfterTestClassCallbacks.evaluate(RunAfterTestClassCallbacks.java:70)
	at org.junit.runners.ParentRunner.run(ParentRunner.java:363)
	at org.springframework.test.context.junit4.SpringJUnit4ClassRunner.run(SpringJUnit4ClassRunner.java:191)
	at org.apache.maven.surefire.junit4.JUnit4Provider.execute(JUnit4Provider.java:252)
	at org.apache.maven.surefire.junit4.JUnit4Provider.executeTestSet(JUnit4Provider.java:141)
	at org.apache.maven.surefire.junit4.JUnit4Provider.invoke(JUnit4Provider.java:112)
	at sun.reflect.NativeMethodAccessorImpl.invoke0(Native Method)
	at sun.reflect.NativeMethodAccessorImpl.invoke(NativeMethodAccessorImpl.java:62)
	at sun.reflect.DelegatingMethodAccessorImpl.invoke(DelegatingMethodAccessorImpl.java:43)
	at java.lang.reflect.Method.invoke(Method.java:498)
	at org.apache.maven.surefire.util.ReflectionUtils.invokeMethodWithArray(ReflectionUtils.java:189)
	at org.apache.maven.surefire.booter.ProviderFactory$ProviderProxy.invoke(ProviderFactory.java:165)
	at org.apache.maven.surefire.booter.ProviderFactory.invokeProvider(ProviderFactory.java:85)
	at org.apache.maven.surefire.booter.ForkedBooter.runSuitesInProcess(ForkedBooter.java:115)
	at org.apache.maven.surefire.booter.ForkedBooter.main(ForkedBooter.java:75)
</error>
    <system-out>19:37:03.480 [main] DEBUG org.springframework.test.context.junit4.SpringJUnit4ClassRunner - SpringJUnit4ClassRunner constructor called with [class org.benjamin.erp.test.BorrowerTest]
19:37:03.487 [main] DEBUG org.springframework.test.context.BootstrapUtils - Instantiating CacheAwareContextLoaderDelegate from class [org.springframework.test.context.cache.DefaultCacheAwareContextLoaderDelegate]
19:37:03.496 [main] DEBUG org.springframework.test.context.BootstrapUtils - Instantiating BootstrapContext using constructor [public org.springframework.test.context.support.DefaultBootstrapContext(java.lang.Class,org.springframework.test.context.CacheAwareContextLoaderDelegate)]
19:37:03.506 [main] DEBUG org.springframework.test.context.BootstrapUtils - Instantiating TestContextBootstrapper for test class [org.benjamin.erp.test.BorrowerTest] from class [org.springframework.test.context.support.DefaultTestContextBootstrapper]
19:37:03.532 [main] DEBUG org.springframework.test.context.support.AbstractDelegatingSmartContextLoader - Delegating to AnnotationConfigContextLoader to process context configuration [ContextConfigurationAttributes@2173f6d9 declaringClass = &apos;org.benjamin.erp.test.BorrowerTest&apos;, classes = &apos;{class com.benjamin.erp.config.SpringApplicationContext}&apos;, locations = &apos;{}&apos;, inheritLocations = true, initializers = &apos;{}&apos;, inheritInitializers = true, name = [null], contextLoaderClass = &apos;org.springframework.test.context.ContextLoader&apos;].
19:37:03.552 [main] DEBUG org.springframework.test.context.support.ActiveProfilesUtils - Could not find an &apos;annotation declaring class&apos; for annotation type [org.springframework.test.context.ActiveProfiles] and class [org.benjamin.erp.test.BorrowerTest]
19:37:03.553 [main] DEBUG org.springframework.test.context.support.DefaultTestContextBootstrapper - @TestExecutionListeners is not present for class [org.benjamin.erp.test.BorrowerTest]: using defaults.
19:37:03.556 [main] INFO org.springframework.test.context.support.DefaultTestContextBootstrapper - Loaded default TestExecutionListener class names from location [META-INF/spring.factories]: [org.springframework.security.test.context.support.WithSecurityContextTestExecutionListener, org.springframework.test.context.web.ServletTestExecutionListener, org.springframework.test.context.support.DirtiesContextBeforeModesTestExecutionListener, org.springframework.test.context.support.DependencyInjectionTestExecutionListener, org.springframework.test.context.support.DirtiesContextTestExecutionListener, org.springframework.test.context.transaction.TransactionalTestExecutionListener, org.springframework.test.context.jdbc.SqlScriptsTestExecutionListener]
19:37:03.587 [main] INFO org.springframework.test.context.support.DefaultTestContextBootstrapper - Using TestExecutionListeners: [org.springframework.test.context.web.ServletTestExecutionListener@5204062d, org.springframework.test.context.support.DirtiesContextBeforeModesTestExecutionListener@4fcd19b3, org.springframework.test.context.support.DependencyInjectionTestExecutionListener@376b4233, org.springframework.test.context.support.DirtiesContextTestExecutionListener@2fd66ad3, org.springframework.test.context.transaction.TransactionalTestExecutionListener@5d11346a, org.springframework.test.context.jdbc.SqlScriptsTestExecutionListener@7a36aefa, org.springframework.security.test.context.support.WithSecurityContextTestExecutionListener@17211155]
19:37:03.590 [main] DEBUG org.springframework.test.annotation.ProfileValueUtils - Retrieved @ProfileValueSourceConfiguration [null] for test class [org.benjamin.erp.test.BorrowerTest]
19:37:03.590 [main] DEBUG org.springframework.test.annotation.ProfileValueUtils - Retrieved ProfileValueSource type [class org.springframework.test.annotation.SystemProfileValueSource] for class [org.benjamin.erp.test.BorrowerTest]
19:37:03.591 [main] DEBUG org.springframework.test.annotation.ProfileValueUtils - Retrieved @ProfileValueSourceConfiguration [null] for test class [org.benjamin.erp.test.BorrowerTest]
19:37:03.591 [main] DEBUG org.springframework.test.annotation.ProfileValueUtils - Retrieved ProfileValueSource type [class org.springframework.test.annotation.SystemProfileValueSource] for class [org.benjamin.erp.test.BorrowerTest]
19:37:03.594 [main] DEBUG org.springframework.test.context.support.AbstractDirtiesContextTestExecutionListener - Before test class: context [DefaultTestContext@16022d9d testClass = BorrowerTest, testInstance = [null], testMethod = [null], testException = [null], mergedContextConfiguration = [MergedContextConfiguration@7e9a5fbe testClass = BorrowerTest, locations = &apos;{}&apos;, classes = &apos;{class com.benjamin.erp.config.SpringApplicationContext}&apos;, contextInitializerClasses = &apos;[]&apos;, activeProfiles = &apos;{}&apos;, propertySourceLocations = &apos;{}&apos;, propertySourceProperties = &apos;{}&apos;, contextCustomizers = set[[empty]], contextLoader = &apos;org.springframework.test.context.support.DelegatingSmartContextLoader&apos;, parent = [null]]], class annotated with @DirtiesContext [false] with mode [null].
19:37:03.595 [main] DEBUG org.springframework.test.annotation.ProfileValueUtils - Retrieved @ProfileValueSourceConfiguration [null] for test class [org.benjamin.erp.test.BorrowerTest]
19:37:03.595 [main] DEBUG org.springframework.test.annotation.ProfileValueUtils - Retrieved ProfileValueSource type [class org.springframework.test.annotation.SystemProfileValueSource] for class [org.benjamin.erp.test.BorrowerTest]
19:37:04.057 [main] DEBUG org.springframework.test.context.support.DependencyInjectionTestExecutionListener - Performing dependency injection for test context [[DefaultTestContext@16022d9d testClass = BorrowerTest, testInstance = org.benjamin.erp.test.BorrowerTest@399c4be1, testMethod = [null], testException = [null], mergedContextConfiguration = [MergedContextConfiguration@7e9a5fbe testClass = BorrowerTest, locations = &apos;{}&apos;, classes = &apos;{class com.benjamin.erp.config.SpringApplicationContext}&apos;, contextInitializerClasses = &apos;[]&apos;, activeProfiles = &apos;{}&apos;, propertySourceLocations = &apos;{}&apos;, propertySourceProperties = &apos;{}&apos;, contextCustomizers = set[[empty]], contextLoader = &apos;org.springframework.test.context.support.DelegatingSmartContextLoader&apos;, parent = [null]]]].
19:37:04.058 [main] DEBUG org.springframework.test.context.support.AbstractDelegatingSmartContextLoader - Delegating to AnnotationConfigContextLoader to load context from [MergedContextConfiguration@7e9a5fbe testClass = BorrowerTest, locations = &apos;{}&apos;, classes = &apos;{class com.benjamin.erp.config.SpringApplicationContext}&apos;, contextInitializerClasses = &apos;[]&apos;, activeProfiles = &apos;{}&apos;, propertySourceLocations = &apos;{}&apos;, propertySourceProperties = &apos;{}&apos;, contextCustomizers = set[[empty]], contextLoader = &apos;org.springframework.test.context.support.DelegatingSmartContextLoader&apos;, parent = [null]].
19:37:04.058 [main] DEBUG org.springframework.test.context.support.AbstractGenericContextLoader - Loading ApplicationContext for merged context configuration [[MergedContextConfiguration@7e9a5fbe testClass = BorrowerTest, locations = &apos;{}&apos;, classes = &apos;{class com.benjamin.erp.config.SpringApplicationContext}&apos;, contextInitializerClasses = &apos;[]&apos;, activeProfiles = &apos;{}&apos;, propertySourceLocations = &apos;{}&apos;, propertySourceProperties = &apos;{}&apos;, contextCustomizers = set[[empty]], contextLoader = &apos;org.springframework.test.context.support.DelegatingSmartContextLoader&apos;, parent = [null]]].
19:37:04.113 [main] DEBUG org.springframework.core.env.StandardEnvironment - Adding PropertySource &apos;systemProperties&apos; with lowest search precedence
19:37:04.113 [main] DEBUG org.springframework.core.env.StandardEnvironment - Adding PropertySource &apos;systemEnvironment&apos; with lowest search precedence
19:37:04.113 [main] DEBUG org.springframework.core.env.StandardEnvironment - Initialized StandardEnvironment with PropertySources [MapPropertySource@1646464088 {name=&apos;systemProperties&apos;, properties={java.runtime.name=Java(TM) SE Runtime Environment, sun.boot.library.path=C:\Program Files\Java\jdk1.8.0_181\jre\bin, java.vm.version=25.181-b13, java.vm.vendor=Oracle Corporation, java.vendor.url=http://java.oracle.com/, path.separator=;, java.vm.name=Java HotSpot(TM) 64-Bit Server VM, file.encoding.pkg=sun.io, user.country=US, user.script=, sun.java.launcher=SUN_STANDARD, sun.os.patch.level=, java.vm.specification.name=Java Virtual Machine Specification, user.dir=C:\Users\xywenjie\git\erp\erp-loan, java.runtime.version=1.8.0_181-b13, basedir=C:\Users\xywenjie\git\erp\erp-loan, java.awt.graphicsenv=sun.awt.Win32GraphicsEnvironment, java.endorsed.dirs=C:\Program Files\Java\jdk1.8.0_181\jre\lib\endorsed, os.arch=amd64, surefire.real.class.path=C:\Users\xywenjie\git\erp\erp-loan\target\surefire\surefirebooter4361474128316300708.jar, java.io.tmpdir=C:\Users\xywenjie\AppData\Local\Temp\, line.separator=
, java.vm.specification.vendor=Oracle Corporation, user.variant=, os.name=Windows 10, sun.jnu.encoding=GBK, java.library.path=C:\Program Files\Java\jdk1.8.0_181\jre\bin;C:\WINDOWS\Sun\Java\bin;C:\WINDOWS\system32;C:\WINDOWS;C:\Program Files (x86)\NetSarang\Xftp 6\;C:\Program Files (x86)\Common Files\Oracle\Java\javapath;C:\WINDOWS\system32;C:\WINDOWS;C:\WINDOWS\System32\Wbem;C:\WINDOWS\System32\WindowsPowerShell\v1.0\;C:\WINDOWS\System32\OpenSSH\;D:\Program Files\Apache\maven\bin\;C:\Program Files\Git\cmd;C:\Users\xywenjie\AppData\Local\Microsoft\WindowsApps;C:\Users\xywenjie\AppData\Local\atom\bin;., surefire.test.class.path=C:\Users\xywenjie\git\erp\erp-loan\target\test-classes;C:\Users\xywenjie\git\erp\erp-loan\target\classes;C:\Users\xywenjie\git\erp\erp-web-basic\target\erp.jar;C:\Users\xywenjie\.m2\repository\org\wicketstuff\wicketstuff-shiro\8.2.0\wicketstuff-shiro-8.2.0.jar;C:\Users\xywenjie\.m2\repository\org\apache\shiro\shiro-core\1.4.0\shiro-core-1.4.0.jar;C:\Users\xywenjie\.m2\repository\org\apache\shiro\shiro-lang\1.4.0\shiro-lang-1.4.0.jar;C:\Users\xywenjie\.m2\repository\org\apache\shiro\shiro-cache\1.4.0\shiro-cache-1.4.0.jar;C:\Users\xywenjie\.m2\repository\org\apache\shiro\shiro-crypto-hash\1.4.0\shiro-crypto-hash-1.4.0.jar;C:\Users\xywenjie\.m2\repository\org\apache\shiro\shiro-crypto-core\1.4.0\shiro-crypto-core-1.4.0.jar;C:\Users\xywenjie\.m2\repository\org\apache\shiro\shiro-crypto-cipher\1.4.0\shiro-crypto-cipher-1.4.0.jar;C:\Users\xywenjie\.m2\repository\org\apache\shiro\shiro-config-core\1.4.0\shiro-config-core-1.4.0.jar;C:\Users\xywenjie\.m2\repository\org\apache\shiro\shiro-config-ogdl\1.4.0\shiro-config-ogdl-1.4.0.jar;C:\Users\xywenjie\.m2\repository\commons-beanutils\commons-beanutils\1.9.3\commons-beanutils-1.9.3.jar;C:\Users\xywenjie\.m2\repository\commons-collections\commons-collections\3.2.2\commons-collections-3.2.2.jar;C:\Users\xywenjie\.m2\repository\org\apache\shiro\shiro-event\1.4.0\shiro-event-1.4.0.jar;C:\Users\xywenjie\.m2\repository\org\apache\shiro\shiro-web\1.4.0\shiro-web-1.4.0.jar;C:\Users\xywenjie\.m2\repository\org\wicketstuff\wicketstuff-annotation\8.2.0\wicketstuff-annotation-8.2.0.jar;C:\Users\xywenjie\.m2\repository\org\apache\shiro\shiro-spring\1.4.0\shiro-spring-1.4.0.jar;C:\Users\xywenjie\.m2\repository\org\webjars\npm\icheck\1.0.2\icheck-1.0.2.jar;C:\Users\xywenjie\.m2\repository\org\webjars\ionicons\2.0.1\ionicons-2.0.1.jar;C:\Users\xywenjie\.m2\repository\org\webjars\bower\bootstrap-fileinput\4.5.2\bootstrap-fileinput-4.5.2.jar;C:\Users\xywenjie\.m2\repository\org\webjars\jquery-ui\1.12.1\jquery-ui-1.12.1.jar;C:\Users\xywenjie\.m2\repository\org\apache\wicket\wicket-core\8.2.0\wicket-core-8.2.0.jar;C:\Users\xywenjie\.m2\repository\com\github\openjson\openjson\1.0.8\openjson-1.0.8.jar;C:\Users\xywenjie\.m2\repository\org\apache\wicket\wicket-request\8.2.0\wicket-request-8.2.0.jar;C:\Users\xywenjie\.m2\repository\org\apache\wicket\wicket-util\8.2.0\wicket-util-8.2.0.jar;C:\Users\xywenjie\.m2\repository\org\apache\commons\commons-collections4\4.1\commons-collections4-4.1.jar;C:\Users\xywenjie\.m2\repository\org\danekja\jdk-serializable-functional\1.8.3\jdk-serializable-functional-1.8.3.jar;C:\Users\xywenjie\.m2\repository\org\slf4j\slf4j-api\1.7.25\slf4j-api-1.7.25.jar;C:\Users\xywenjie\.m2\repository\org\apache\wicket\wicket-bean-validation\8.2.0\wicket-bean-validation-8.2.0.jar;C:\Users\xywenjie\.m2\repository\org\apache\wicket\wicket-auth-roles\8.2.0\wicket-auth-roles-8.2.0.jar;C:\Users\xywenjie\.m2\repository\org\apache\wicket\wicket-devutils\8.2.0\wicket-devutils-8.2.0.jar;C:\Users\xywenjie\.m2\repository\org\apache\wicket\wicket-spring\8.2.0\wicket-spring-8.2.0.jar;C:\Users\xywenjie\.m2\repository\org\apache\wicket\wicket-ioc\8.2.0\wicket-ioc-8.2.0.jar;C:\Users\xywenjie\.m2\repository\cglib\cglib\3.2.6\cglib-3.2.6.jar;C:\Users\xywenjie\.m2\repository\org\apache\ant\ant\1.9.6\ant-1.9.6.jar;C:\Users\xywenjie\.m2\repository\org\apache\ant\ant-launcher\1.9.6\ant-launcher-1.9.6.jar;C:\Users\xywenjie\.m2\repository\org\ow2\asm\asm-util\6.2\asm-util-6.2.jar;C:\Users\xywenjie\.m2\repository\org\ow2\asm\asm\6.2\asm-6.2.jar;C:\Users\xywenjie\.m2\repository\org\ow2\asm\asm-tree\6.2\asm-tree-6.2.jar;C:\Users\xywenjie\.m2\repository\org\ow2\asm\asm-analysis\6.2\asm-analysis-6.2.jar;C:\Users\xywenjie\.m2\repository\org\apache\wicket\wicket-extensions\8.2.0\wicket-extensions-8.2.0.jar;C:\Users\xywenjie\.m2\repository\de\agilecoders\wicket\webjars\wicket-webjars\2.0.8\wicket-webjars-2.0.8.jar;C:\Users\xywenjie\.m2\repository\org\webjars\jquery\1.11.0\jquery-1.11.0.jar;C:\Users\xywenjie\.m2\repository\org\webjars\bootstrap\3.3.7-1\bootstrap-3.3.7-1.jar;C:\Users\xywenjie\.m2\repository\org\webjars\font-awesome\4.7.0\font-awesome-4.7.0.jar;C:\Users\xywenjie\.m2\repository\org\webjars\bower\jquery-icheck\1.0.2\jquery-icheck-1.0.2.jar;C:\Users\xywenjie\.m2\repository\org\webjars\bower\jquery\3.4.0\jquery-3.4.0.jar;C:\Users\xywenjie\.m2\repository\org\liquibase\liquibase-core\3.6.2\liquibase-core-3.6.2.jar;C:\Users\xywenjie\.m2\repository\org\yaml\snakeyaml\1.18\snakeyaml-1.18.jar;C:\Users\xywenjie\.m2\repository\ch\qos\logback\logback-classic\1.2.3\logback-classic-1.2.3.jar;C:\Users\xywenjie\.m2\repository\ch\qos\logback\logback-core\1.2.3\logback-core-1.2.3.jar;C:\Users\xywenjie\.m2\repository\com\querydsl\querydsl-jpa\4.2.1\querydsl-jpa-4.2.1.jar;C:\Users\xywenjie\.m2\repository\com\querydsl\querydsl-core\4.2.1\querydsl-core-4.2.1.jar;C:\Users\xywenjie\.m2\repository\com\google\code\findbugs\jsr305\1.3.9\jsr305-1.3.9.jar;C:\Users\xywenjie\.m2\repository\com\mysema\commons\mysema-commons-lang\0.2.4\mysema-commons-lang-0.2.4.jar;C:\Users\xywenjie\.m2\repository\com\infradna\tool\bridge-method-annotation\1.13\bridge-method-annotation-1.13.jar;C:\Users\xywenjie\.m2\repository\javax\inject\javax.inject\1\javax.inject-1.jar;C:\Users\xywenjie\.m2\repository\org\seleniumhq\selenium\selenium-firefox-driver\3.14.0\selenium-firefox-driver-3.14.0.jar;C:\Users\xywenjie\.m2\repository\org\seleniumhq\selenium\selenium-api\3.14.0\selenium-api-3.14.0.jar;C:\Users\xywenjie\.m2\repository\org\seleniumhq\selenium\selenium-remote-driver\3.14.0\selenium-remote-driver-3.14.0.jar;C:\Users\xywenjie\.m2\repository\net\bytebuddy\byte-buddy\1.8.15\byte-buddy-1.8.15.jar;C:\Users\xywenjie\.m2\repository\org\apache\commons\commons-exec\1.3\commons-exec-1.3.jar;C:\Users\xywenjie\.m2\repository\commons-logging\commons-logging\1.2\commons-logging-1.2.jar;C:\Users\xywenjie\.m2\repository\com\google\guava\guava\25.0-jre\guava-25.0-jre.jar;C:\Users\xywenjie\.m2\repository\org\checkerframework\checker-compat-qual\2.0.0\checker-compat-qual-2.0.0.jar;C:\Users\xywenjie\.m2\repository\com\google\errorprone\error_prone_annotations\2.1.3\error_prone_annotations-2.1.3.jar;C:\Users\xywenjie\.m2\repository\com\google\j2objc\j2objc-annotations\1.1\j2objc-annotations-1.1.jar;C:\Users\xywenjie\.m2\repository\org\codehaus\mojo\animal-sniffer-annotations\1.14\animal-sniffer-annotations-1.14.jar;C:\Users\xywenjie\.m2\repository\org\apache\httpcomponents\httpcore\4.4.9\httpcore-4.4.9.jar;C:\Users\xywenjie\.m2\repository\com\squareup\okhttp3\okhttp\3.10.0\okhttp-3.10.0.jar;C:\Users\xywenjie\.m2\repository\com\squareup\okio\okio\1.14.1\okio-1.14.1.jar;C:\Users\xywenjie\.m2\repository\org\seleniumhq\selenium\selenium-htmlunit-driver\2.32.0\selenium-htmlunit-driver-2.32.0.jar;C:\Users\xywenjie\.m2\repository\net\sourceforge\htmlunit\htmlunit\2.32\htmlunit-2.32.jar;C:\Users\xywenjie\.m2\repository\xalan\xalan\2.7.2\xalan-2.7.2.jar;C:\Users\xywenjie\.m2\repository\xalan\serializer\2.7.2\serializer-2.7.2.jar;C:\Users\xywenjie\.m2\repository\org\apache\commons\commons-lang3\3.7\commons-lang3-3.7.jar;C:\Users\xywenjie\.m2\repository\org\apache\commons\commons-text\1.4\commons-text-1.4.jar;C:\Users\xywenjie\.m2\repository\org\apache\httpcomponents\httpmime\4.5.6\httpmime-4.5.6.jar;C:\Users\xywenjie\.m2\repository\net\sourceforge\htmlunit\htmlunit-core-js\2.32\htmlunit-core-js-2.32.jar;C:\Users\xywenjie\.m2\repository\net\sourceforge\htmlunit\neko-htmlunit\2.32\neko-htmlunit-2.32.jar;C:\Users\xywenjie\.m2\repository\xerces\xercesImpl\2.11.0\xercesImpl-2.11.0.jar;C:\Users\xywenjie\.m2\repository\net\sourceforge\htmlunit\htmlunit-cssparser\1.1.0\htmlunit-cssparser-1.1.0.jar;C:\Users\xywenjie\.m2\repository\commons-net\commons-net\3.6\commons-net-3.6.jar;C:\Users\xywenjie\.m2\repository\org\eclipse\jetty\websocket\websocket-client\9.4.11.v20180605\websocket-client-9.4.11.v20180605.jar;C:\Users\xywenjie\.m2\repository\org\eclipse\jetty\jetty-client\9.4.11.v20180605\jetty-client-9.4.11.v20180605.jar;C:\Users\xywenjie\.m2\repository\org\eclipse\jetty\jetty-http\9.4.11.v20180605\jetty-http-9.4.11.v20180605.jar;C:\Users\xywenjie\.m2\repository\org\eclipse\jetty\jetty-xml\9.4.11.v20180605\jetty-xml-9.4.11.v20180605.jar;C:\Users\xywenjie\.m2\repository\org\eclipse\jetty\jetty-util\9.4.11.v20180605\jetty-util-9.4.11.v20180605.jar;C:\Users\xywenjie\.m2\repository\org\eclipse\jetty\jetty-io\9.4.11.v20180605\jetty-io-9.4.11.v20180605.jar;C:\Users\xywenjie\.m2\repository\org\eclipse\jetty\websocket\websocket-common\9.4.11.v20180605\websocket-common-9.4.11.v20180605.jar;C:\Users\xywenjie\.m2\repository\org\eclipse\jetty\websocket\websocket-api\9.4.11.v20180605\websocket-api-9.4.11.v20180605.jar;C:\Users\xywenjie\.m2\repository\xml-apis\xml-apis\1.4.01\xml-apis-1.4.01.jar;C:\Users\xywenjie\.m2\repository\org\springframework\security\spring-security-test\4.2.7.RELEASE\spring-security-test-4.2.7.RELEASE.jar;C:\Users\xywenjie\.m2\repository\org\springframework\spring-core\4.3.18.RELEASE\spring-core-4.3.18.RELEASE.jar;C:\Users\xywenjie\.m2\repository\org\springframework\hateoas\spring-hateoas\0.25.0.RELEASE\spring-hateoas-0.25.0.RELEASE.jar;C:\Users\xywenjie\.m2\repository\org\springframework\spring-aop\4.3.18.RELEASE\spring-aop-4.3.18.RELEASE.jar;C:\Users\xywenjie\.m2\repository\org\springframework\spring-beans\4.3.18.RELEASE\spring-beans-4.3.18.RELEASE.jar;C:\Users\xywenjie\.m2\repository\org\springframework\spring-context\4.3.18.RELEASE\spring-context-4.3.18.RELEASE.jar;C:\Users\xywenjie\.m2\repository\org\springframework\spring-web\4.3.18.RELEASE\spring-web-4.3.18.RELEASE.jar;C:\Users\xywenjie\.m2\repository\org\apache\tomcat\tomcat-catalina\8.0.48\tomcat-catalina-8.0.48.jar;C:\Users\xywenjie\.m2\repository\org\apache\tomcat\tomcat-servlet-api\8.0.48\tomcat-servlet-api-8.0.48.jar;C:\Users\xywenjie\.m2\repository\org\apache\tomcat\tomcat-jsp-api\8.0.48\tomcat-jsp-api-8.0.48.jar;C:\Users\xywenjie\.m2\repository\org\apache\tomcat\tomcat-el-api\8.0.48\tomcat-el-api-8.0.48.jar;C:\Users\xywenjie\.m2\repository\org\apache\tomcat\tomcat-juli\8.0.48\tomcat-juli-8.0.48.jar;C:\Users\xywenjie\.m2\repository\org\apache\tomcat\tomcat-annotations-api\8.0.48\tomcat-annotations-api-8.0.48.jar;C:\Users\xywenjie\.m2\repository\org\apache\tomcat\tomcat-api\8.0.48\tomcat-api-8.0.48.jar;C:\Users\xywenjie\.m2\repository\org\apache\tomcat\tomcat-jni\8.0.48\tomcat-jni-8.0.48.jar;C:\Users\xywenjie\.m2\repository\org\apache\tomcat\tomcat-coyote\8.0.48\tomcat-coyote-8.0.48.jar;C:\Users\xywenjie\.m2\repository\org\apache\tomcat\tomcat-util\8.0.48\tomcat-util-8.0.48.jar;C:\Users\xywenjie\.m2\repository\org\apache\tomcat\tomcat-util-scan\8.0.48\tomcat-util-scan-8.0.48.jar;C:\Users\xywenjie\.m2\repository\org\thymeleaf\thymeleaf-spring4\3.0.9.RELEASE\thymeleaf-spring4-3.0.9.RELEASE.jar;C:\Users\xywenjie\.m2\repository\org\thymeleaf\thymeleaf\3.0.9.RELEASE\thymeleaf-3.0.9.RELEASE.jar;C:\Users\xywenjie\.m2\repository\org\attoparser\attoparser\2.0.4.RELEASE\attoparser-2.0.4.RELEASE.jar;C:\Users\xywenjie\.m2\repository\org\unbescape\unbescape\1.1.5.RELEASE\unbescape-1.1.5.RELEASE.jar;C:\Users\xywenjie\.m2\repository\org\apache\httpcomponents\httpclient\4.5.6\httpclient-4.5.6.jar;C:\Users\xywenjie\.m2\repository\junit\junit\4.12\junit-4.12.jar;C:\Users\xywenjie\.m2\repository\org\hamcrest\hamcrest-core\1.3\hamcrest-core-1.3.jar;C:\Users\xywenjie\.m2\repository\org\springframework\spring-webmvc\4.3.18.RELEASE\spring-webmvc-4.3.18.RELEASE.jar;C:\Users\xywenjie\.m2\repository\org\springframework\spring-expression\4.3.18.RELEASE\spring-expression-4.3.18.RELEASE.jar;C:\Users\xywenjie\.m2\repository\org\springframework\spring-test\4.3.18.RELEASE\spring-test-4.3.18.RELEASE.jar;C:\Users\xywenjie\.m2\repository\org\springframework\spring-tx\4.3.18.RELEASE\spring-tx-4.3.18.RELEASE.jar;C:\Users\xywenjie\.m2\repository\org\springframework\security\spring-security-core\4.2.7.RELEASE\spring-security-core-4.2.7.RELEASE.jar;C:\Users\xywenjie\.m2\repository\aopalliance\aopalliance\1.0\aopalliance-1.0.jar;C:\Users\xywenjie\.m2\repository\org\springframework\security\spring-security-web\4.2.7.RELEASE\spring-security-web-4.2.7.RELEASE.jar;C:\Users\xywenjie\.m2\repository\org\springframework\security\spring-security-config\4.2.7.RELEASE\spring-security-config-4.2.7.RELEASE.jar;C:\Users\xywenjie\.m2\repository\org\springframework\webflow\spring-webflow\2.5.0.RELEASE\spring-webflow-2.5.0.RELEASE.jar;C:\Users\xywenjie\.m2\repository\org\springframework\webflow\spring-binding\2.5.0.RELEASE\spring-binding-2.5.0.RELEASE.jar;C:\Users\xywenjie\.m2\repository\org\apache\tiles\tiles-jsp\3.0.8\tiles-jsp-3.0.8.jar;C:\Users\xywenjie\.m2\repository\org\apache\tiles\tiles-servlet\3.0.8\tiles-servlet-3.0.8.jar;C:\Users\xywenjie\.m2\repository\org\apache\tiles\tiles-core\3.0.8\tiles-core-3.0.8.jar;C:\Users\xywenjie\.m2\repository\commons-digester\commons-digester\2.0\commons-digester-2.0.jar;C:\Users\xywenjie\.m2\repository\org\apache\tiles\tiles-request-servlet\1.0.7\tiles-request-servlet-1.0.7.jar;C:\Users\xywenjie\.m2\repository\org\apache\tiles\tiles-template\3.0.8\tiles-template-3.0.8.jar;C:\Users\xywenjie\.m2\repository\org\apache\tiles\tiles-api\3.0.8\tiles-api-3.0.8.jar;C:\Users\xywenjie\.m2\repository\org\apache\tiles\tiles-autotag-core-runtime\1.2\tiles-autotag-core-runtime-1.2.jar;C:\Users\xywenjie\.m2\repository\org\apache\tiles\tiles-request-jsp\1.0.7\tiles-request-jsp-1.0.7.jar;C:\Users\xywenjie\.m2\repository\org\apache\tiles\tiles-request-api\1.0.7\tiles-request-api-1.0.7.jar;C:\Users\xywenjie\.m2\repository\org\activiti\activiti-engine\5.22.0\activiti-engine-5.22.0.jar;C:\Users\xywenjie\.m2\repository\org\activiti\activiti-bpmn-converter\5.22.0\activiti-bpmn-converter-5.22.0.jar;C:\Users\xywenjie\.m2\repository\org\activiti\activiti-bpmn-model\5.22.0\activiti-bpmn-model-5.22.0.jar;C:\Users\xywenjie\.m2\repository\org\activiti\activiti-process-validation\5.22.0\activiti-process-validation-5.22.0.jar;C:\Users\xywenjie\.m2\repository\org\activiti\activiti-image-generator\5.22.0\activiti-image-generator-5.22.0.jar;C:\Users\xywenjie\.m2\repository\org\apache\commons\commons-email\1.4\commons-email-1.4.jar;C:\Users\xywenjie\.m2\repository\com\sun\mail\javax.mail\1.5.2\javax.mail-1.5.2.jar;C:\Users\xywenjie\.m2\repository\javax\activation\activation\1.1.1\activation-1.1.1.jar;C:\Users\xywenjie\.m2\repository\org\mybatis\mybatis\3.3.0\mybatis-3.3.0.jar;C:\Users\xywenjie\.m2\repository\joda-time\joda-time\2.6\joda-time-2.6.jar;C:\Users\xywenjie\.m2\repository\org\slf4j\jcl-over-slf4j\1.7.6\jcl-over-slf4j-1.7.6.jar;C:\Users\xywenjie\.m2\repository\org\activiti\activiti-spring\5.22.0\activiti-spring-5.22.0.jar;C:\Users\xywenjie\.m2\repository\org\springframework\spring-jdbc\4.1.5.RELEASE\spring-jdbc-4.1.5.RELEASE.jar;C:\Users\xywenjie\.m2\repository\org\springframework\spring-orm\4.1.5.RELEASE\spring-orm-4.1.5.RELEASE.jar;C:\Users\xywenjie\.m2\repository\commons-dbcp\commons-dbcp\1.4\commons-dbcp-1.4.jar;C:\Users\xywenjie\.m2\repository\commons-pool\commons-pool\1.5.4\commons-pool-1.5.4.jar;C:\Users\xywenjie\.m2\repository\org\hibernate\hibernate-entitymanager\4.3.11.Final\hibernate-entitymanager-4.3.11.Final.jar;C:\Users\xywenjie\.m2\repository\org\jboss\logging\jboss-logging-annotations\1.2.0.Beta1\jboss-logging-annotations-1.2.0.Beta1.jar;C:\Users\xywenjie\.m2\repository\org\hibernate\hibernate-core\4.3.11.Final\hibernate-core-4.3.11.Final.jar;C:\Users\xywenjie\.m2\repository\antlr\antlr\2.7.7\antlr-2.7.7.jar;C:\Users\xywenjie\.m2\repository\org\jboss\jandex\1.1.0.Final\jandex-1.1.0.Final.jar;C:\Users\xywenjie\.m2\repository\dom4j\dom4j\1.6.1\dom4j-1.6.1.jar;C:\Users\xywenjie\.m2\repository\org\hibernate\common\hibernate-commons-annotations\4.0.5.Final\hibernate-commons-annotations-4.0.5.Final.jar;C:\Users\xywenjie\.m2\repository\org\hibernate\javax\persistence\hibernate-jpa-2.1-api\1.0.0.Final\hibernate-jpa-2.1-api-1.0.0.Final.jar;C:\Users\xywenjie\.m2\repository\org\jboss\spec\javax\transaction\jboss-transaction-api_1.2_spec\1.0.0.Final\jboss-transaction-api_1.2_spec-1.0.0.Final.jar;C:\Users\xywenjie\.m2\repository\org\javassist\javassist\3.18.1-GA\javassist-3.18.1-GA.jar;C:\Users\xywenjie\.m2\repository\org\hibernate\validator\hibernate-validator\6.0.13.Final\hibernate-validator-6.0.13.Final.jar;C:\Users\xywenjie\.m2\repository\javax\validation\validation-api\2.0.1.Final\validation-api-2.0.1.Final.jar;C:\Users\xywenjie\.m2\repository\com\fasterxml\classmate\1.3.4\classmate-1.3.4.jar;C:\Users\xywenjie\.m2\repository\org\jboss\logging\jboss-logging\3.3.2.Final\jboss-logging-3.3.2.Final.jar;C:\Users\xywenjie\.m2\repository\org\springframework\data\spring-data-jpa\1.11.6.RELEASE\spring-data-jpa-1.11.6.RELEASE.jar;C:\Users\xywenjie\.m2\repository\org\springframework\data\spring-data-commons\1.13.6.RELEASE\spring-data-commons-1.13.6.RELEASE.jar;C:\Users\xywenjie\.m2\repository\org\aspectj\aspectjrt\1.8.10\aspectjrt-1.8.10.jar;C:\Users\xywenjie\.m2\repository\org\apache\logging\log4j\log4j-core\2.11.0\log4j-core-2.11.0.jar;C:\Users\xywenjie\.m2\repository\org\apache\logging\log4j\log4j-api\2.11.0\log4j-api-2.11.0.jar;C:\Users\xywenjie\.m2\repository\org\apache\logging\log4j\log4j-slf4j-impl\2.11.0\log4j-slf4j-impl-2.11.0.jar;C:\Users\xywenjie\.m2\repository\javax\servlet\jstl\1.2\jstl-1.2.jar;C:\Users\xywenjie\.m2\repository\org\glassfish\web\jstl-impl\1.2\jstl-impl-1.2.jar;C:\Users\xywenjie\.m2\repository\javax\servlet\servlet-api\2.5\servlet-api-2.5.jar;C:\Users\xywenjie\.m2\repository\javax\servlet\jsp\jsp-api\2.1\jsp-api-2.1.jar;C:\Users\xywenjie\.m2\repository\javax\servlet\jsp\jstl\jstl-api\1.2\jstl-api-1.2.jar;C:\Users\xywenjie\.m2\repository\org\apache\commons\commons-dbcp2\2.1.1\commons-dbcp2-2.1.1.jar;C:\Users\xywenjie\.m2\repository\org\apache\commons\commons-pool2\2.4.2\commons-pool2-2.4.2.jar;C:\Users\xywenjie\.m2\repository\commons-codec\commons-codec\1.11\commons-codec-1.11.jar;C:\Users\xywenjie\.m2\repository\commons-io\commons-io\2.6\commons-io-2.6.jar;C:\Users\xywenjie\.m2\repository\commons-fileupload\commons-fileupload\1.3.3\commons-fileupload-1.3.3.jar;C:\Users\xywenjie\.m2\repository\com\fasterxml\jackson\core\jackson-core\2.9.5\jackson-core-2.9.5.jar;C:\Users\xywenjie\.m2\repository\com\fasterxml\jackson\core\jackson-databind\2.9.5\jackson-databind-2.9.5.jar;C:\Users\xywenjie\.m2\repository\com\fasterxml\jackson\core\jackson-annotations\2.9.5\jackson-annotations-2.9.5.jar;C:\Users\xywenjie\.m2\repository\mysql\mysql-connector-java\5.1.41\mysql-connector-java-5.1.41.jar;, java.specification.name=Java Platform API Specification, java.class.version=52.0, sun.management.compiler=HotSpot 64-Bit Tiered Compilers, os.version=10.0, user.home=C:\Users\xywenjie, user.timezone=Asia/Shanghai, java.awt.printerjob=sun.awt.windows.WPrinterJob, file.encoding=GBK, java.specification.version=1.8, java.class.path=C:\Users\xywenjie\git\erp\erp-loan\target\test-classes;C:\Users\xywenjie\git\erp\erp-loan\target\classes;C:\Users\xywenjie\git\erp\erp-web-basic\target\erp.jar;C:\Users\xywenjie\.m2\repository\org\wicketstuff\wicketstuff-shiro\8.2.0\wicketstuff-shiro-8.2.0.jar;C:\Users\xywenjie\.m2\repository\org\apache\shiro\shiro-core\1.4.0\shiro-core-1.4.0.jar;C:\Users\xywenjie\.m2\repository\org\apache\shiro\shiro-lang\1.4.0\shiro-lang-1.4.0.jar;C:\Users\xywenjie\.m2\repository\org\apache\shiro\shiro-cache\1.4.0\shiro-cache-1.4.0.jar;C:\Users\xywenjie\.m2\repository\org\apache\shiro\shiro-crypto-hash\1.4.0\shiro-crypto-hash-1.4.0.jar;C:\Users\xywenjie\.m2\repository\org\apache\shiro\shiro-crypto-core\1.4.0\shiro-crypto-core-1.4.0.jar;C:\Users\xywenjie\.m2\repository\org\apache\shiro\shiro-crypto-cipher\1.4.0\shiro-crypto-cipher-1.4.0.jar;C:\Users\xywenjie\.m2\repository\org\apache\shiro\shiro-config-core\1.4.0\shiro-config-core-1.4.0.jar;C:\Users\xywenjie\.m2\repository\org\apache\shiro\shiro-config-ogdl\1.4.0\shiro-config-ogdl-1.4.0.jar;C:\Users\xywenjie\.m2\repository\commons-beanutils\commons-beanutils\1.9.3\commons-beanutils-1.9.3.jar;C:\Users\xywenjie\.m2\repository\commons-collections\commons-collections\3.2.2\commons-collections-3.2.2.jar;C:\Users\xywenjie\.m2\repository\org\apache\shiro\shiro-event\1.4.0\shiro-event-1.4.0.jar;C:\Users\xywenjie\.m2\repository\org\apache\shiro\shiro-web\1.4.0\shiro-web-1.4.0.jar;C:\Users\xywenjie\.m2\repository\org\wicketstuff\wicketstuff-annotation\8.2.0\wicketstuff-annotation-8.2.0.jar;C:\Users\xywenjie\.m2\repository\org\apache\shiro\shiro-spring\1.4.0\shiro-spring-1.4.0.jar;C:\Users\xywenjie\.m2\repository\org\webjars\npm\icheck\1.0.2\icheck-1.0.2.jar;C:\Users\xywenjie\.m2\repository\org\webjars\ionicons\2.0.1\ionicons-2.0.1.jar;C:\Users\xywenjie\.m2\repository\org\webjars\bower\bootstrap-fileinput\4.5.2\bootstrap-fileinput-4.5.2.jar;C:\Users\xywenjie\.m2\repository\org\webjars\jquery-ui\1.12.1\jquery-ui-1.12.1.jar;C:\Users\xywenjie\.m2\repository\org\apache\wicket\wicket-core\8.2.0\wicket-core-8.2.0.jar;C:\Users\xywenjie\.m2\repository\com\github\openjson\openjson\1.0.8\openjson-1.0.8.jar;C:\Users\xywenjie\.m2\repository\org\apache\wicket\wicket-request\8.2.0\wicket-request-8.2.0.jar;C:\Users\xywenjie\.m2\repository\org\apache\wicket\wicket-util\8.2.0\wicket-util-8.2.0.jar;C:\Users\xywenjie\.m2\repository\org\apache\commons\commons-collections4\4.1\commons-collections4-4.1.jar;C:\Users\xywenjie\.m2\repository\org\danekja\jdk-serializable-functional\1.8.3\jdk-serializable-functional-1.8.3.jar;C:\Users\xywenjie\.m2\repository\org\slf4j\slf4j-api\1.7.25\slf4j-api-1.7.25.jar;C:\Users\xywenjie\.m2\repository\org\apache\wicket\wicket-bean-validation\8.2.0\wicket-bean-validation-8.2.0.jar;C:\Users\xywenjie\.m2\repository\org\apache\wicket\wicket-auth-roles\8.2.0\wicket-auth-roles-8.2.0.jar;C:\Users\xywenjie\.m2\repository\org\apache\wicket\wicket-devutils\8.2.0\wicket-devutils-8.2.0.jar;C:\Users\xywenjie\.m2\repository\org\apache\wicket\wicket-spring\8.2.0\wicket-spring-8.2.0.jar;C:\Users\xywenjie\.m2\repository\org\apache\wicket\wicket-ioc\8.2.0\wicket-ioc-8.2.0.jar;C:\Users\xywenjie\.m2\repository\cglib\cglib\3.2.6\cglib-3.2.6.jar;C:\Users\xywenjie\.m2\repository\org\apache\ant\ant\1.9.6\ant-1.9.6.jar;C:\Users\xywenjie\.m2\repository\org\apache\ant\ant-launcher\1.9.6\ant-launcher-1.9.6.jar;C:\Users\xywenjie\.m2\repository\org\ow2\asm\asm-util\6.2\asm-util-6.2.jar;C:\Users\xywenjie\.m2\repository\org\ow2\asm\asm\6.2\asm-6.2.jar;C:\Users\xywenjie\.m2\repository\org\ow2\asm\asm-tree\6.2\asm-tree-6.2.jar;C:\Users\xywenjie\.m2\repository\org\ow2\asm\asm-analysis\6.2\asm-analysis-6.2.jar;C:\Users\xywenjie\.m2\repository\org\apache\wicket\wicket-extensions\8.2.0\wicket-extensions-8.2.0.jar;C:\Users\xywenjie\.m2\repository\de\agilecoders\wicket\webjars\wicket-webjars\2.0.8\wicket-webjars-2.0.8.jar;C:\Users\xywenjie\.m2\repository\org\webjars\jquery\1.11.0\jquery-1.11.0.jar;C:\Users\xywenjie\.m2\repository\org\webjars\bootstrap\3.3.7-1\bootstrap-3.3.7-1.jar;C:\Users\xywenjie\.m2\repository\org\webjars\font-awesome\4.7.0\font-awesome-4.7.0.jar;C:\Users\xywenjie\.m2\repository\org\webjars\bower\jquery-icheck\1.0.2\jquery-icheck-1.0.2.jar;C:\Users\xywenjie\.m2\repository\org\webjars\bower\jquery\3.4.0\jquery-3.4.0.jar;C:\Users\xywenjie\.m2\repository\org\liquibase\liquibase-core\3.6.2\liquibase-core-3.6.2.jar;C:\Users\xywenjie\.m2\repository\org\yaml\snakeyaml\1.18\snakeyaml-1.18.jar;C:\Users\xywenjie\.m2\repository\ch\qos\logback\logback-classic\1.2.3\logback-classic-1.2.3.jar;C:\Users\xywenjie\.m2\repository\ch\qos\logback\logback-core\1.2.3\logback-core-1.2.3.jar;C:\Users\xywenjie\.m2\repository\com\querydsl\querydsl-jpa\4.2.1\querydsl-jpa-4.2.1.jar;C:\Users\xywenjie\.m2\repository\com\querydsl\querydsl-core\4.2.1\querydsl-core-4.2.1.jar;C:\Users\xywenjie\.m2\repository\com\google\code\findbugs\jsr305\1.3.9\jsr305-1.3.9.jar;C:\Users\xywenjie\.m2\repository\com\mysema\commons\mysema-commons-lang\0.2.4\mysema-commons-lang-0.2.4.jar;C:\Users\xywenjie\.m2\repository\com\infradna\tool\bridge-method-annotation\1.13\bridge-method-annotation-1.13.jar;C:\Users\xywenjie\.m2\repository\javax\inject\javax.inject\1\javax.inject-1.jar;C:\Users\xywenjie\.m2\repository\org\seleniumhq\selenium\selenium-firefox-driver\3.14.0\selenium-firefox-driver-3.14.0.jar;C:\Users\xywenjie\.m2\repository\org\seleniumhq\selenium\selenium-api\3.14.0\selenium-api-3.14.0.jar;C:\Users\xywenjie\.m2\repository\org\seleniumhq\selenium\selenium-remote-driver\3.14.0\selenium-remote-driver-3.14.0.jar;C:\Users\xywenjie\.m2\repository\net\bytebuddy\byte-buddy\1.8.15\byte-buddy-1.8.15.jar;C:\Users\xywenjie\.m2\repository\org\apache\commons\commons-exec\1.3\commons-exec-1.3.jar;C:\Users\xywenjie\.m2\repository\commons-logging\commons-logging\1.2\commons-logging-1.2.jar;C:\Users\xywenjie\.m2\repository\com\google\guava\guava\25.0-jre\guava-25.0-jre.jar;C:\Users\xywenjie\.m2\repository\org\checkerframework\checker-compat-qual\2.0.0\checker-compat-qual-2.0.0.jar;C:\Users\xywenjie\.m2\repository\com\google\errorprone\error_prone_annotations\2.1.3\error_prone_annotations-2.1.3.jar;C:\Users\xywenjie\.m2\repository\com\google\j2objc\j2objc-annotations\1.1\j2objc-annotations-1.1.jar;C:\Users\xywenjie\.m2\repository\org\codehaus\mojo\animal-sniffer-annotations\1.14\animal-sniffer-annotations-1.14.jar;C:\Users\xywenjie\.m2\repository\org\apache\httpcomponents\httpcore\4.4.9\httpcore-4.4.9.jar;C:\Users\xywenjie\.m2\repository\com\squareup\okhttp3\okhttp\3.10.0\okhttp-3.10.0.jar;C:\Users\xywenjie\.m2\repository\com\squareup\okio\okio\1.14.1\okio-1.14.1.jar;C:\Users\xywenjie\.m2\repository\org\seleniumhq\selenium\selenium-htmlunit-driver\2.32.0\selenium-htmlunit-driver-2.32.0.jar;C:\Users\xywenjie\.m2\repository\net\sourceforge\htmlunit\htmlunit\2.32\htmlunit-2.32.jar;C:\Users\xywenjie\.m2\repository\xalan\xalan\2.7.2\xalan-2.7.2.jar;C:\Users\xywenjie\.m2\repository\xalan\serializer\2.7.2\serializer-2.7.2.jar;C:\Users\xywenjie\.m2\repository\org\apache\commons\commons-lang3\3.7\commons-lang3-3.7.jar;C:\Users\xywenjie\.m2\repository\org\apache\commons\commons-text\1.4\commons-text-1.4.jar;C:\Users\xywenjie\.m2\repository\org\apache\httpcomponents\httpmime\4.5.6\httpmime-4.5.6.jar;C:\Users\xywenjie\.m2\repository\net\sourceforge\htmlunit\htmlunit-core-js\2.32\htmlunit-core-js-2.32.jar;C:\Users\xywenjie\.m2\repository\net\sourceforge\htmlunit\neko-htmlunit\2.32\neko-htmlunit-2.32.jar;C:\Users\xywenjie\.m2\repository\xerces\xercesImpl\2.11.0\xercesImpl-2.11.0.jar;C:\Users\xywenjie\.m2\repository\net\sourceforge\htmlunit\htmlunit-cssparser\1.1.0\htmlunit-cssparser-1.1.0.jar;C:\Users\xywenjie\.m2\repository\commons-net\commons-net\3.6\commons-net-3.6.jar;C:\Users\xywenjie\.m2\repository\org\eclipse\jetty\websocket\websocket-client\9.4.11.v20180605\websocket-client-9.4.11.v20180605.jar;C:\Users\xywenjie\.m2\repository\org\eclipse\jetty\jetty-client\9.4.11.v20180605\jetty-client-9.4.11.v20180605.jar;C:\Users\xywenjie\.m2\repository\org\eclipse\jetty\jetty-http\9.4.11.v20180605\jetty-http-9.4.11.v20180605.jar;C:\Users\xywenjie\.m2\repository\org\eclipse\jetty\jetty-xml\9.4.11.v20180605\jetty-xml-9.4.11.v20180605.jar;C:\Users\xywenjie\.m2\repository\org\eclipse\jetty\jetty-util\9.4.11.v20180605\jetty-util-9.4.11.v20180605.jar;C:\Users\xywenjie\.m2\repository\org\eclipse\jetty\jetty-io\9.4.11.v20180605\jetty-io-9.4.11.v20180605.jar;C:\Users\xywenjie\.m2\repository\org\eclipse\jetty\websocket\websocket-common\9.4.11.v20180605\websocket-common-9.4.11.v20180605.jar;C:\Users\xywenjie\.m2\repository\org\eclipse\jetty\websocket\websocket-api\9.4.11.v20180605\websocket-api-9.4.11.v20180605.jar;C:\Users\xywenjie\.m2\repository\xml-apis\xml-apis\1.4.01\xml-apis-1.4.01.jar;C:\Users\xywenjie\.m2\repository\org\springframework\security\spring-security-test\4.2.7.RELEASE\spring-security-test-4.2.7.RELEASE.jar;C:\Users\xywenjie\.m2\repository\org\springframework\spring-core\4.3.18.RELEASE\spring-core-4.3.18.RELEASE.jar;C:\Users\xywenjie\.m2\repository\org\springframework\hateoas\spring-hateoas\0.25.0.RELEASE\spring-hateoas-0.25.0.RELEASE.jar;C:\Users\xywenjie\.m2\repository\org\springframework\spring-aop\4.3.18.RELEASE\spring-aop-4.3.18.RELEASE.jar;C:\Users\xywenjie\.m2\repository\org\springframework\spring-beans\4.3.18.RELEASE\spring-beans-4.3.18.RELEASE.jar;C:\Users\xywenjie\.m2\repository\org\springframework\spring-context\4.3.18.RELEASE\spring-context-4.3.18.RELEASE.jar;C:\Users\xywenjie\.m2\repository\org\springframework\spring-web\4.3.18.RELEASE\spring-web-4.3.18.RELEASE.jar;C:\Users\xywenjie\.m2\repository\org\apache\tomcat\tomcat-catalina\8.0.48\tomcat-catalina-8.0.48.jar;C:\Users\xywenjie\.m2\repository\org\apache\tomcat\tomcat-servlet-api\8.0.48\tomcat-servlet-api-8.0.48.jar;C:\Users\xywenjie\.m2\repository\org\apache\tomcat\tomcat-jsp-api\8.0.48\tomcat-jsp-api-8.0.48.jar;C:\Users\xywenjie\.m2\repository\org\apache\tomcat\tomcat-el-api\8.0.48\tomcat-el-api-8.0.48.jar;C:\Users\xywenjie\.m2\repository\org\apache\tomcat\tomcat-juli\8.0.48\tomcat-juli-8.0.48.jar;C:\Users\xywenjie\.m2\repository\org\apache\tomcat\tomcat-annotations-api\8.0.48\tomcat-annotations-api-8.0.48.jar;C:\Users\xywenjie\.m2\repository\org\apache\tomcat\tomcat-api\8.0.48\tomcat-api-8.0.48.jar;C:\Users\xywenjie\.m2\repository\org\apache\tomcat\tomcat-jni\8.0.48\tomcat-jni-8.0.48.jar;C:\Users\xywenjie\.m2\repository\org\apache\tomcat\tomcat-coyote\8.0.48\tomcat-coyote-8.0.48.jar;C:\Users\xywenjie\.m2\repository\org\apache\tomcat\tomcat-util\8.0.48\tomcat-util-8.0.48.jar;C:\Users\xywenjie\.m2\repository\org\apache\tomcat\tomcat-util-scan\8.0.48\tomcat-util-scan-8.0.48.jar;C:\Users\xywenjie\.m2\repository\org\thymeleaf\thymeleaf-spring4\3.0.9.RELEASE\thymeleaf-spring4-3.0.9.RELEASE.jar;C:\Users\xywenjie\.m2\repository\org\thymeleaf\thymeleaf\3.0.9.RELEASE\thymeleaf-3.0.9.RELEASE.jar;C:\Users\xywenjie\.m2\repository\org\attoparser\attoparser\2.0.4.RELEASE\attoparser-2.0.4.RELEASE.jar;C:\Users\xywenjie\.m2\repository\org\unbescape\unbescape\1.1.5.RELEASE\unbescape-1.1.5.RELEASE.jar;C:\Users\xywenjie\.m2\repository\org\apache\httpcomponents\httpclient\4.5.6\httpclient-4.5.6.jar;C:\Users\xywenjie\.m2\repository\junit\junit\4.12\junit-4.12.jar;C:\Users\xywenjie\.m2\repository\org\hamcrest\hamcrest-core\1.3\hamcrest-core-1.3.jar;C:\Users\xywenjie\.m2\repository\org\springframework\spring-webmvc\4.3.18.RELEASE\spring-webmvc-4.3.18.RELEASE.jar;C:\Users\xywenjie\.m2\repository\org\springframework\spring-expression\4.3.18.RELEASE\spring-expression-4.3.18.RELEASE.jar;C:\Users\xywenjie\.m2\repository\org\springframework\spring-test\4.3.18.RELEASE\spring-test-4.3.18.RELEASE.jar;C:\Users\xywenjie\.m2\repository\org\springframework\spring-tx\4.3.18.RELEASE\spring-tx-4.3.18.RELEASE.jar;C:\Users\xywenjie\.m2\repository\org\springframework\security\spring-security-core\4.2.7.RELEASE\spring-security-core-4.2.7.RELEASE.jar;C:\Users\xywenjie\.m2\repository\aopalliance\aopalliance\1.0\aopalliance-1.0.jar;C:\Users\xywenjie\.m2\repository\org\springframework\security\spring-security-web\4.2.7.RELEASE\spring-security-web-4.2.7.RELEASE.jar;C:\Users\xywenjie\.m2\repository\org\springframework\security\spring-security-config\4.2.7.RELEASE\spring-security-config-4.2.7.RELEASE.jar;C:\Users\xywenjie\.m2\repository\org\springframework\webflow\spring-webflow\2.5.0.RELEASE\spring-webflow-2.5.0.RELEASE.jar;C:\Users\xywenjie\.m2\repository\org\springframework\webflow\spring-binding\2.5.0.RELEASE\spring-binding-2.5.0.RELEASE.jar;C:\Users\xywenjie\.m2\repository\org\apache\tiles\tiles-jsp\3.0.8\tiles-jsp-3.0.8.jar;C:\Users\xywenjie\.m2\repository\org\apache\tiles\tiles-servlet\3.0.8\tiles-servlet-3.0.8.jar;C:\Users\xywenjie\.m2\repository\org\apache\tiles\tiles-core\3.0.8\tiles-core-3.0.8.jar;C:\Users\xywenjie\.m2\repository\commons-digester\commons-digester\2.0\commons-digester-2.0.jar;C:\Users\xywenjie\.m2\repository\org\apache\tiles\tiles-request-servlet\1.0.7\tiles-request-servlet-1.0.7.jar;C:\Users\xywenjie\.m2\repository\org\apache\tiles\tiles-template\3.0.8\tiles-template-3.0.8.jar;C:\Users\xywenjie\.m2\repository\org\apache\tiles\tiles-api\3.0.8\tiles-api-3.0.8.jar;C:\Users\xywenjie\.m2\repository\org\apache\tiles\tiles-autotag-core-runtime\1.2\tiles-autotag-core-runtime-1.2.jar;C:\Users\xywenjie\.m2\repository\org\apache\tiles\tiles-request-jsp\1.0.7\tiles-request-jsp-1.0.7.jar;C:\Users\xywenjie\.m2\repository\org\apache\tiles\tiles-request-api\1.0.7\tiles-request-api-1.0.7.jar;C:\Users\xywenjie\.m2\repository\org\activiti\activiti-engine\5.22.0\activiti-engine-5.22.0.jar;C:\Users\xywenjie\.m2\repository\org\activiti\activiti-bpmn-converter\5.22.0\activiti-bpmn-converter-5.22.0.jar;C:\Users\xywenjie\.m2\repository\org\activiti\activiti-bpmn-model\5.22.0\activiti-bpmn-model-5.22.0.jar;C:\Users\xywenjie\.m2\repository\org\activiti\activiti-process-validation\5.22.0\activiti-process-validation-5.22.0.jar;C:\Users\xywenjie\.m2\repository\org\activiti\activiti-image-generator\5.22.0\activiti-image-generator-5.22.0.jar;C:\Users\xywenjie\.m2\repository\org\apache\commons\commons-email\1.4\commons-email-1.4.jar;C:\Users\xywenjie\.m2\repository\com\sun\mail\javax.mail\1.5.2\javax.mail-1.5.2.jar;C:\Users\xywenjie\.m2\repository\javax\activation\activation\1.1.1\activation-1.1.1.jar;C:\Users\xywenjie\.m2\repository\org\mybatis\mybatis\3.3.0\mybatis-3.3.0.jar;C:\Users\xywenjie\.m2\repository\joda-time\joda-time\2.6\joda-time-2.6.jar;C:\Users\xywenjie\.m2\repository\org\slf4j\jcl-over-slf4j\1.7.6\jcl-over-slf4j-1.7.6.jar;C:\Users\xywenjie\.m2\repository\org\activiti\activiti-spring\5.22.0\activiti-spring-5.22.0.jar;C:\Users\xywenjie\.m2\repository\org\springframework\spring-jdbc\4.1.5.RELEASE\spring-jdbc-4.1.5.RELEASE.jar;C:\Users\xywenjie\.m2\repository\org\springframework\spring-orm\4.1.5.RELEASE\spring-orm-4.1.5.RELEASE.jar;C:\Users\xywenjie\.m2\repository\commons-dbcp\commons-dbcp\1.4\commons-dbcp-1.4.jar;C:\Users\xywenjie\.m2\repository\commons-pool\commons-pool\1.5.4\commons-pool-1.5.4.jar;C:\Users\xywenjie\.m2\repository\org\hibernate\hibernate-entitymanager\4.3.11.Final\hibernate-entitymanager-4.3.11.Final.jar;C:\Users\xywenjie\.m2\repository\org\jboss\logging\jboss-logging-annotations\1.2.0.Beta1\jboss-logging-annotations-1.2.0.Beta1.jar;C:\Users\xywenjie\.m2\repository\org\hibernate\hibernate-core\4.3.11.Final\hibernate-core-4.3.11.Final.jar;C:\Users\xywenjie\.m2\repository\antlr\antlr\2.7.7\antlr-2.7.7.jar;C:\Users\xywenjie\.m2\repository\org\jboss\jandex\1.1.0.Final\jandex-1.1.0.Final.jar;C:\Users\xywenjie\.m2\repository\dom4j\dom4j\1.6.1\dom4j-1.6.1.jar;C:\Users\xywenjie\.m2\repository\org\hibernate\common\hibernate-commons-annotations\4.0.5.Final\hibernate-commons-annotations-4.0.5.Final.jar;C:\Users\xywenjie\.m2\repository\org\hibernate\javax\persistence\hibernate-jpa-2.1-api\1.0.0.Final\hibernate-jpa-2.1-api-1.0.0.Final.jar;C:\Users\xywenjie\.m2\repository\org\jboss\spec\javax\transaction\jboss-transaction-api_1.2_spec\1.0.0.Final\jboss-transaction-api_1.2_spec-1.0.0.Final.jar;C:\Users\xywenjie\.m2\repository\org\javassist\javassist\3.18.1-GA\javassist-3.18.1-GA.jar;C:\Users\xywenjie\.m2\repository\org\hibernate\validator\hibernate-validator\6.0.13.Final\hibernate-validator-6.0.13.Final.jar;C:\Users\xywenjie\.m2\repository\javax\validation\validation-api\2.0.1.Final\validation-api-2.0.1.Final.jar;C:\Users\xywenjie\.m2\repository\com\fasterxml\classmate\1.3.4\classmate-1.3.4.jar;C:\Users\xywenjie\.m2\repository\org\jboss\logging\jboss-logging\3.3.2.Final\jboss-logging-3.3.2.Final.jar;C:\Users\xywenjie\.m2\repository\org\springframework\data\spring-data-jpa\1.11.6.RELEASE\spring-data-jpa-1.11.6.RELEASE.jar;C:\Users\xywenjie\.m2\repository\org\springframework\data\spring-data-commons\1.13.6.RELEASE\spring-data-commons-1.13.6.RELEASE.jar;C:\Users\xywenjie\.m2\repository\org\aspectj\aspectjrt\1.8.10\aspectjrt-1.8.10.jar;C:\Users\xywenjie\.m2\repository\org\apache\logging\log4j\log4j-core\2.11.0\log4j-core-2.11.0.jar;C:\Users\xywenjie\.m2\repository\org\apache\logging\log4j\log4j-api\2.11.0\log4j-api-2.11.0.jar;C:\Users\xywenjie\.m2\repository\org\apache\logging\log4j\log4j-slf4j-impl\2.11.0\log4j-slf4j-impl-2.11.0.jar;C:\Users\xywenjie\.m2\repository\javax\servlet\jstl\1.2\jstl-1.2.jar;C:\Users\xywenjie\.m2\repository\org\glassfish\web\jstl-impl\1.2\jstl-impl-1.2.jar;C:\Users\xywenjie\.m2\repository\javax\servlet\servlet-api\2.5\servlet-api-2.5.jar;C:\Users\xywenjie\.m2\repository\javax\servlet\jsp\jsp-api\2.1\jsp-api-2.1.jar;C:\Users\xywenjie\.m2\repository\javax\servlet\jsp\jstl\jstl-api\1.2\jstl-api-1.2.jar;C:\Users\xywenjie\.m2\repository\org\apache\commons\commons-dbcp2\2.1.1\commons-dbcp2-2.1.1.jar;C:\Users\xywenjie\.m2\repository\org\apache\commons\commons-pool2\2.4.2\commons-pool2-2.4.2.jar;C:\Users\xywenjie\.m2\repository\commons-codec\commons-codec\1.11\commons-codec-1.11.jar;C:\Users\xywenjie\.m2\repository\commons-io\commons-io\2.6\commons-io-2.6.jar;C:\Users\xywenjie\.m2\repository\commons-fileupload\commons-fileupload\1.3.3\commons-fileupload-1.3.3.jar;C:\Users\xywenjie\.m2\repository\com\fasterxml\jackson\core\jackson-core\2.9.5\jackson-core-2.9.5.jar;C:\Users\xywenjie\.m2\repository\com\fasterxml\jackson\core\jackson-databind\2.9.5\jackson-databind-2.9.5.jar;C:\Users\xywenjie\.m2\repository\com\fasterxml\jackson\core\jackson-annotations\2.9.5\jackson-annotations-2.9.5.jar;C:\Users\xywenjie\.m2\repository\mysql\mysql-connector-java\5.1.41\mysql-connector-java-5.1.41.jar;, user.name=xywenjie, java.vm.specification.version=1.8, sun.java.command=C:\Users\xywenjie\git\erp\erp-loan\target\surefire\surefirebooter4361474128316300708.jar C:\Users\xywenjie\git\erp\erp-loan\target\surefire\surefire4909760760641731558tmp C:\Users\xywenjie\git\erp\erp-loan\target\surefire\surefire_06432162705976264568tmp, java.home=C:\Program Files\Java\jdk1.8.0_181\jre, sun.arch.data.model=64, user.language=en, java.specification.vendor=Oracle Corporation, awt.toolkit=sun.awt.windows.WToolkit, java.vm.info=mixed mode, java.version=1.8.0_181, java.ext.dirs=C:\Program Files\Java\jdk1.8.0_181\jre\lib\ext;C:\WINDOWS\Sun\Java\lib\ext, sun.boot.class.path=C:\Program Files\Java\jdk1.8.0_181\jre\lib\resources.jar;C:\Program Files\Java\jdk1.8.0_181\jre\lib\rt.jar;C:\Program Files\Java\jdk1.8.0_181\jre\lib\sunrsasign.jar;C:\Program Files\Java\jdk1.8.0_181\jre\lib\jsse.jar;C:\Program Files\Java\jdk1.8.0_181\jre\lib\jce.jar;C:\Program Files\Java\jdk1.8.0_181\jre\lib\charsets.jar;C:\Program Files\Java\jdk1.8.0_181\jre\lib\jfr.jar;C:\Program Files\Java\jdk1.8.0_181\jre\classes, java.vendor=Oracle Corporation, localRepository=C:\Users\xywenjie\.m2\repository, file.separator=\, java.vendor.url.bug=http://bugreport.sun.com/bugreport/, sun.io.unicode.encoding=UnicodeLittle, sun.cpu.endian=little, sun.desktop=windows, sun.cpu.isalist=amd64}}, SystemEnvironmentPropertySource@752001567 {name=&apos;systemEnvironment&apos;, properties={PATH=C:\Program Files (x86)\NetSarang\Xftp 6\;C:\Program Files (x86)\Common Files\Oracle\Java\javapath;C:\WINDOWS\system32;C:\WINDOWS;C:\WINDOWS\System32\Wbem;C:\WINDOWS\System32\WindowsPowerShell\v1.0\;C:\WINDOWS\System32\OpenSSH\;D:\Program Files\Apache\maven\bin\;C:\Program Files\Git\cmd;C:\Users\xywenjie\AppData\Local\Microsoft\WindowsApps;C:\Users\xywenjie\AppData\Local\atom\bin, USERDOMAIN_ROAMINGPROFILE=DESKTOP-T8LGBLS, PROCESSOR_LEVEL=23, SYSTEMDRIVE=C:, ALLUSERSPROFILE=C:\ProgramData, PROCESSOR_ARCHITECTURE=AMD64, AMDRMSDKPATH=C:\Program Files\AMD\RyzenMasterSDK\, DRIVERDATA=C:\Windows\System32\Drivers\DriverData, MAVEN_HOME=D:\Program Files\Apache\maven\bin\.., PROGRAMFILES=C:\Program Files, MOZ_PLUGIN_PATH=C:\Program Files (x86)\Foxit Software\Foxit Reader\plugins\, PSMODULEPATH=C:\Users\xywenjie\Documents\WindowsPowerShell\Modules;C:\Program Files\WindowsPowerShell\Modules;C:\WINDOWS\system32\WindowsPowerShell\v1.0\Modules, PROGRAMDATA=C:\ProgramData, USERNAME=xywenjie, WDIR=C:\, ONEDRIVE=C:\Users\xywenjie\OneDrive, PATHEXT=.COM;.EXE;.BAT;.CMD;.VBS;.VBE;.JS;.JSE;.WSF;.WSH;.MSC;.CPL, ONEDRIVECONSUMER=C:\Users\xywenjie\OneDrive, CLASSWORLDS_JAR=&quot;D:\Program Files\Apache\maven\bin\..\boot\plexus-classworlds-2.5.2.jar&quot;, WINDIR=C:\WINDOWS, HOMEPATH=\Users\xywenjie, PROCESSOR_IDENTIFIER=AMD64 Family 23 Model 1 Stepping 1, AuthenticAMD, PUBLIC=C:\Users\Public, =::=::\, LOCALAPPDATA=C:\Users\xywenjie\AppData\Local, COMMONPROGRAMFILES(X86)=C:\Program Files (x86)\Common Files, USERDOMAIN=DESKTOP-T8LGBLS, LOGONSERVER=\\DESKTOP-T8LGBLS, JAVA_HOME=C:\Program Files\Java\jdk1.8.0_181, PROMPT=$P$G, PROGRAMFILES(X86)=C:\Program Files (x86), ERROR_CODE=0, EXEC_DIR=C:\Users\xywenjie\git\erp, =C:=C:\Users\xywenjie\git\erp\erp-loan, APPDATA=C:\Users\xywenjie\AppData\Roaming, PROGRAMW6432=C:\Program Files, SYSTEMROOT=C:\WINDOWS, MAVEN_CMD_LINE_ARGS=install, VBOX_MSI_INSTALL_PATH=C:\Program Files\Oracle\VirtualBox\, OS=Windows_NT, COMMONPROGRAMW6432=C:\Program Files\Common Files, COMPUTERNAME=DESKTOP-T8LGBLS, COMMONPROGRAMFILES=C:\Program Files\Common Files, COMSPEC=C:\WINDOWS\system32\cmd.exe, AMDRMPATH=C:\Program Files\AMD\RyzenMaster\, JAVACMD=C:\Program Files\Java\jdk1.8.0_181\bin\java.exe, MAVEN_PROJECTBASEDIR=C:\Users\xywenjie\git\erp, PROCESSOR_REVISION=0101, CLASSWORLDS_LAUNCHER=org.codehaus.plexus.classworlds.launcher.Launcher, TEMP=C:\Users\xywenjie\AppData\Local\Temp, HOMEDRIVE=C:, USERPROFILE=C:\Users\xywenjie, TMP=C:\Users\xywenjie\AppData\Local\Temp, NUMBER_OF_PROCESSORS=16, JVMCONFIG=\.mvn\jvm.config}}]
19:37:04.117 [main] DEBUG org.springframework.test.context.support.AnnotationConfigContextLoader - Registering annotated classes: {class com.benjamin.erp.config.SpringApplicationContext}
19:37:04.186 [main] INFO org.springframework.context.support.GenericApplicationContext - Refreshing org.springframework.context.support.GenericApplicationContext@6ff29830: startup date [Fri Apr 26 19:37:04 CST 2019]; root of context hierarchy
19:37:04.187 [main] DEBUG org.springframework.context.support.GenericApplicationContext - Bean factory for org.springframework.context.support.GenericApplicationContext@6ff29830: org.springframework.beans.factory.support.DefaultListableBeanFactory@21e360a: defining beans [org.springframework.context.annotation.internalConfigurationAnnotationProcessor,org.springframework.context.annotation.internalAutowiredAnnotationProcessor,org.springframework.context.annotation.internalRequiredAnnotationProcessor,org.springframework.context.annotation.internalCommonAnnotationProcessor,org.springframework.context.annotation.internalPersistenceAnnotationProcessor,org.springframework.context.event.internalEventListenerProcessor,org.springframework.context.event.internalEventListenerFactory,springApplicationContext]; root of factory hierarchy
19:37:04.207 [main] DEBUG org.springframework.beans.factory.support.DefaultListableBeanFactory - Creating shared instance of singleton bean &apos;org.springframework.context.annotation.internalConfigurationAnnotationProcessor&apos;
19:37:04.207 [main] DEBUG org.springframework.beans.factory.support.DefaultListableBeanFactory - Creating instance of bean &apos;org.springframework.context.annotation.internalConfigurationAnnotationProcessor&apos;
19:37:04.231 [main] DEBUG org.springframework.beans.factory.support.DefaultListableBeanFactory - Eagerly caching bean &apos;org.springframework.context.annotation.internalConfigurationAnnotationProcessor&apos; to allow for resolving potential circular references
19:37:04.233 [main] DEBUG org.springframework.beans.factory.support.DefaultListableBeanFactory - Finished creating instance of bean &apos;org.springframework.context.annotation.internalConfigurationAnnotationProcessor&apos;
19:37:04.322 [main] DEBUG org.springframework.context.annotation.ConfigurationClassBeanDefinitionReader - Registering bean definition for @Bean method com.benjamin.erp.config.SpringApplicationContext.dataSource()
19:37:04.323 [main] DEBUG org.springframework.context.annotation.ConfigurationClassBeanDefinitionReader - Registering bean definition for @Bean method com.benjamin.erp.config.SpringApplicationContext.shiroFilter()
19:37:04.323 [main] DEBUG org.springframework.context.annotation.ConfigurationClassBeanDefinitionReader - Registering bean definition for @Bean method com.benjamin.erp.config.SpringApplicationContext.securityManager()
19:37:04.324 [main] DEBUG org.springframework.context.annotation.ConfigurationClassBeanDefinitionReader - Registering bean definition for @Bean method com.benjamin.erp.config.SpringApplicationContext.simpleRealm()
19:37:04.324 [main] DEBUG org.springframework.context.annotation.ConfigurationClassBeanDefinitionReader - Registering bean definition for @Bean method com.benjamin.erp.config.SpringApplicationContext.entityManagerFactory()
19:37:04.325 [main] DEBUG org.springframework.context.annotation.ConfigurationClassBeanDefinitionReader - Registering bean definition for @Bean method com.benjamin.erp.config.SpringApplicationContext.jpaVendorAdapter()
19:37:04.325 [main] DEBUG org.springframework.context.annotation.ConfigurationClassBeanDefinitionReader - Registering bean definition for @Bean method com.benjamin.erp.config.SpringApplicationContext.transactionManager()
19:37:04.325 [main] DEBUG org.springframework.context.annotation.ConfigurationClassBeanDefinitionReader - Registering bean definition for @Bean method com.benjamin.erp.config.SpringApplicationContext.erpWebApplication()
19:37:04.326 [main] DEBUG org.springframework.context.annotation.ConfigurationClassBeanDefinitionReader - Registering bean definition for @Bean method com.benjamin.erp.config.SpringApplicationContext.processEngineConfiguration()
19:37:04.326 [main] DEBUG org.springframework.context.annotation.ConfigurationClassBeanDefinitionReader - Registering bean definition for @Bean method com.benjamin.erp.config.SpringApplicationContext.processEngine()
19:37:04.326 [main] DEBUG org.springframework.context.annotation.ConfigurationClassBeanDefinitionReader - Registering bean definition for @Bean method com.benjamin.erp.config.SpringApplicationContext.runtimeService()
19:37:04.327 [main] DEBUG org.springframework.context.annotation.ConfigurationClassBeanDefinitionReader - Registering bean definition for @Bean method com.benjamin.erp.config.SpringApplicationContext.taskService()
19:37:04.327 [main] DEBUG org.springframework.context.annotation.ConfigurationClassBeanDefinitionReader - Registering bean definition for @Bean method com.benjamin.erp.config.SpringApplicationContext.repositoryService()
19:37:04.344 [main] DEBUG org.springframework.core.env.StandardEnvironment - Adding PropertySource &apos;systemProperties&apos; with lowest search precedence
19:37:04.344 [main] DEBUG org.springframework.core.env.StandardEnvironment - Adding PropertySource &apos;systemEnvironment&apos; with lowest search precedence
19:37:04.344 [main] DEBUG org.springframework.core.env.StandardEnvironment - Initialized StandardEnvironment with PropertySources [MapPropertySource@221111433 {name=&apos;systemProperties&apos;, properties={java.runtime.name=Java(TM) SE Runtime Environment, sun.boot.library.path=C:\Program Files\Java\jdk1.8.0_181\jre\bin, java.vm.version=25.181-b13, java.vm.vendor=Oracle Corporation, java.vendor.url=http://java.oracle.com/, path.separator=;, java.vm.name=Java HotSpot(TM) 64-Bit Server VM, file.encoding.pkg=sun.io, user.country=US, user.script=, sun.java.launcher=SUN_STANDARD, sun.os.patch.level=, java.vm.specification.name=Java Virtual Machine Specification, user.dir=C:\Users\xywenjie\git\erp\erp-loan, java.runtime.version=1.8.0_181-b13, basedir=C:\Users\xywenjie\git\erp\erp-loan, java.awt.graphicsenv=sun.awt.Win32GraphicsEnvironment, java.endorsed.dirs=C:\Program Files\Java\jdk1.8.0_181\jre\lib\endorsed, os.arch=amd64, surefire.real.class.path=C:\Users\xywenjie\git\erp\erp-loan\target\surefire\surefirebooter4361474128316300708.jar, java.io.tmpdir=C:\Users\xywenjie\AppData\Local\Temp\, line.separator=
, java.vm.specification.vendor=Oracle Corporation, user.variant=, os.name=Windows 10, sun.jnu.encoding=GBK, java.library.path=C:\Program Files\Java\jdk1.8.0_181\jre\bin;C:\WINDOWS\Sun\Java\bin;C:\WINDOWS\system32;C:\WINDOWS;C:\Program Files (x86)\NetSarang\Xftp 6\;C:\Program Files (x86)\Common Files\Oracle\Java\javapath;C:\WINDOWS\system32;C:\WINDOWS;C:\WINDOWS\System32\Wbem;C:\WINDOWS\System32\WindowsPowerShell\v1.0\;C:\WINDOWS\System32\OpenSSH\;D:\Program Files\Apache\maven\bin\;C:\Program Files\Git\cmd;C:\Users\xywenjie\AppData\Local\Microsoft\WindowsApps;C:\Users\xywenjie\AppData\Local\atom\bin;., surefire.test.class.path=C:\Users\xywenjie\git\erp\erp-loan\target\test-classes;C:\Users\xywenjie\git\erp\erp-loan\target\classes;C:\Users\xywenjie\git\erp\erp-web-basic\target\erp.jar;C:\Users\xywenjie\.m2\repository\org\wicketstuff\wicketstuff-shiro\8.2.0\wicketstuff-shiro-8.2.0.jar;C:\Users\xywenjie\.m2\repository\org\apache\shiro\shiro-core\1.4.0\shiro-core-1.4.0.jar;C:\Users\xywenjie\.m2\repository\org\apache\shiro\shiro-lang\1.4.0\shiro-lang-1.4.0.jar;C:\Users\xywenjie\.m2\repository\org\apache\shiro\shiro-cache\1.4.0\shiro-cache-1.4.0.jar;C:\Users\xywenjie\.m2\repository\org\apache\shiro\shiro-crypto-hash\1.4.0\shiro-crypto-hash-1.4.0.jar;C:\Users\xywenjie\.m2\repository\org\apache\shiro\shiro-crypto-core\1.4.0\shiro-crypto-core-1.4.0.jar;C:\Users\xywenjie\.m2\repository\org\apache\shiro\shiro-crypto-cipher\1.4.0\shiro-crypto-cipher-1.4.0.jar;C:\Users\xywenjie\.m2\repository\org\apache\shiro\shiro-config-core\1.4.0\shiro-config-core-1.4.0.jar;C:\Users\xywenjie\.m2\repository\org\apache\shiro\shiro-config-ogdl\1.4.0\shiro-config-ogdl-1.4.0.jar;C:\Users\xywenjie\.m2\repository\commons-beanutils\commons-beanutils\1.9.3\commons-beanutils-1.9.3.jar;C:\Users\xywenjie\.m2\repository\commons-collections\commons-collections\3.2.2\commons-collections-3.2.2.jar;C:\Users\xywenjie\.m2\repository\org\apache\shiro\shiro-event\1.4.0\shiro-event-1.4.0.jar;C:\Users\xywenjie\.m2\repository\org\apache\shiro\shiro-web\1.4.0\shiro-web-1.4.0.jar;C:\Users\xywenjie\.m2\repository\org\wicketstuff\wicketstuff-annotation\8.2.0\wicketstuff-annotation-8.2.0.jar;C:\Users\xywenjie\.m2\repository\org\apache\shiro\shiro-spring\1.4.0\shiro-spring-1.4.0.jar;C:\Users\xywenjie\.m2\repository\org\webjars\npm\icheck\1.0.2\icheck-1.0.2.jar;C:\Users\xywenjie\.m2\repository\org\webjars\ionicons\2.0.1\ionicons-2.0.1.jar;C:\Users\xywenjie\.m2\repository\org\webjars\bower\bootstrap-fileinput\4.5.2\bootstrap-fileinput-4.5.2.jar;C:\Users\xywenjie\.m2\repository\org\webjars\jquery-ui\1.12.1\jquery-ui-1.12.1.jar;C:\Users\xywenjie\.m2\repository\org\apache\wicket\wicket-core\8.2.0\wicket-core-8.2.0.jar;C:\Users\xywenjie\.m2\repository\com\github\openjson\openjson\1.0.8\openjson-1.0.8.jar;C:\Users\xywenjie\.m2\repository\org\apache\wicket\wicket-request\8.2.0\wicket-request-8.2.0.jar;C:\Users\xywenjie\.m2\repository\org\apache\wicket\wicket-util\8.2.0\wicket-util-8.2.0.jar;C:\Users\xywenjie\.m2\repository\org\apache\commons\commons-collections4\4.1\commons-collections4-4.1.jar;C:\Users\xywenjie\.m2\repository\org\danekja\jdk-serializable-functional\1.8.3\jdk-serializable-functional-1.8.3.jar;C:\Users\xywenjie\.m2\repository\org\slf4j\slf4j-api\1.7.25\slf4j-api-1.7.25.jar;C:\Users\xywenjie\.m2\repository\org\apache\wicket\wicket-bean-validation\8.2.0\wicket-bean-validation-8.2.0.jar;C:\Users\xywenjie\.m2\repository\org\apache\wicket\wicket-auth-roles\8.2.0\wicket-auth-roles-8.2.0.jar;C:\Users\xywenjie\.m2\repository\org\apache\wicket\wicket-devutils\8.2.0\wicket-devutils-8.2.0.jar;C:\Users\xywenjie\.m2\repository\org\apache\wicket\wicket-spring\8.2.0\wicket-spring-8.2.0.jar;C:\Users\xywenjie\.m2\repository\org\apache\wicket\wicket-ioc\8.2.0\wicket-ioc-8.2.0.jar;C:\Users\xywenjie\.m2\repository\cglib\cglib\3.2.6\cglib-3.2.6.jar;C:\Users\xywenjie\.m2\repository\org\apache\ant\ant\1.9.6\ant-1.9.6.jar;C:\Users\xywenjie\.m2\repository\org\apache\ant\ant-launcher\1.9.6\ant-launcher-1.9.6.jar;C:\Users\xywenjie\.m2\repository\org\ow2\asm\asm-util\6.2\asm-util-6.2.jar;C:\Users\xywenjie\.m2\repository\org\ow2\asm\asm\6.2\asm-6.2.jar;C:\Users\xywenjie\.m2\repository\org\ow2\asm\asm-tree\6.2\asm-tree-6.2.jar;C:\Users\xywenjie\.m2\repository\org\ow2\asm\asm-analysis\6.2\asm-analysis-6.2.jar;C:\Users\xywenjie\.m2\repository\org\apache\wicket\wicket-extensions\8.2.0\wicket-extensions-8.2.0.jar;C:\Users\xywenjie\.m2\repository\de\agilecoders\wicket\webjars\wicket-webjars\2.0.8\wicket-webjars-2.0.8.jar;C:\Users\xywenjie\.m2\repository\org\webjars\jquery\1.11.0\jquery-1.11.0.jar;C:\Users\xywenjie\.m2\repository\org\webjars\bootstrap\3.3.7-1\bootstrap-3.3.7-1.jar;C:\Users\xywenjie\.m2\repository\org\webjars\font-awesome\4.7.0\font-awesome-4.7.0.jar;C:\Users\xywenjie\.m2\repository\org\webjars\bower\jquery-icheck\1.0.2\jquery-icheck-1.0.2.jar;C:\Users\xywenjie\.m2\repository\org\webjars\bower\jquery\3.4.0\jquery-3.4.0.jar;C:\Users\xywenjie\.m2\repository\org\liquibase\liquibase-core\3.6.2\liquibase-core-3.6.2.jar;C:\Users\xywenjie\.m2\repository\org\yaml\snakeyaml\1.18\snakeyaml-1.18.jar;C:\Users\xywenjie\.m2\repository\ch\qos\logback\logback-classic\1.2.3\logback-classic-1.2.3.jar;C:\Users\xywenjie\.m2\repository\ch\qos\logback\logback-core\1.2.3\logback-core-1.2.3.jar;C:\Users\xywenjie\.m2\repository\com\querydsl\querydsl-jpa\4.2.1\querydsl-jpa-4.2.1.jar;C:\Users\xywenjie\.m2\repository\com\querydsl\querydsl-core\4.2.1\querydsl-core-4.2.1.jar;C:\Users\xywenjie\.m2\repository\com\google\code\findbugs\jsr305\1.3.9\jsr305-1.3.9.jar;C:\Users\xywenjie\.m2\repository\com\mysema\commons\mysema-commons-lang\0.2.4\mysema-commons-lang-0.2.4.jar;C:\Users\xywenjie\.m2\repository\com\infradna\tool\bridge-method-annotation\1.13\bridge-method-annotation-1.13.jar;C:\Users\xywenjie\.m2\repository\javax\inject\javax.inject\1\javax.inject-1.jar;C:\Users\xywenjie\.m2\repository\org\seleniumhq\selenium\selenium-firefox-driver\3.14.0\selenium-firefox-driver-3.14.0.jar;C:\Users\xywenjie\.m2\repository\org\seleniumhq\selenium\selenium-api\3.14.0\selenium-api-3.14.0.jar;C:\Users\xywenjie\.m2\repository\org\seleniumhq\selenium\selenium-remote-driver\3.14.0\selenium-remote-driver-3.14.0.jar;C:\Users\xywenjie\.m2\repository\net\bytebuddy\byte-buddy\1.8.15\byte-buddy-1.8.15.jar;C:\Users\xywenjie\.m2\repository\org\apache\commons\commons-exec\1.3\commons-exec-1.3.jar;C:\Users\xywenjie\.m2\repository\commons-logging\commons-logging\1.2\commons-logging-1.2.jar;C:\Users\xywenjie\.m2\repository\com\google\guava\guava\25.0-jre\guava-25.0-jre.jar;C:\Users\xywenjie\.m2\repository\org\checkerframework\checker-compat-qual\2.0.0\checker-compat-qual-2.0.0.jar;C:\Users\xywenjie\.m2\repository\com\google\errorprone\error_prone_annotations\2.1.3\error_prone_annotations-2.1.3.jar;C:\Users\xywenjie\.m2\repository\com\google\j2objc\j2objc-annotations\1.1\j2objc-annotations-1.1.jar;C:\Users\xywenjie\.m2\repository\org\codehaus\mojo\animal-sniffer-annotations\1.14\animal-sniffer-annotations-1.14.jar;C:\Users\xywenjie\.m2\repository\org\apache\httpcomponents\httpcore\4.4.9\httpcore-4.4.9.jar;C:\Users\xywenjie\.m2\repository\com\squareup\okhttp3\okhttp\3.10.0\okhttp-3.10.0.jar;C:\Users\xywenjie\.m2\repository\com\squareup\okio\okio\1.14.1\okio-1.14.1.jar;C:\Users\xywenjie\.m2\repository\org\seleniumhq\selenium\selenium-htmlunit-driver\2.32.0\selenium-htmlunit-driver-2.32.0.jar;C:\Users\xywenjie\.m2\repository\net\sourceforge\htmlunit\htmlunit\2.32\htmlunit-2.32.jar;C:\Users\xywenjie\.m2\repository\xalan\xalan\2.7.2\xalan-2.7.2.jar;C:\Users\xywenjie\.m2\repository\xalan\serializer\2.7.2\serializer-2.7.2.jar;C:\Users\xywenjie\.m2\repository\org\apache\commons\commons-lang3\3.7\commons-lang3-3.7.jar;C:\Users\xywenjie\.m2\repository\org\apache\commons\commons-text\1.4\commons-text-1.4.jar;C:\Users\xywenjie\.m2\repository\org\apache\httpcomponents\httpmime\4.5.6\httpmime-4.5.6.jar;C:\Users\xywenjie\.m2\repository\net\sourceforge\htmlunit\htmlunit-core-js\2.32\htmlunit-core-js-2.32.jar;C:\Users\xywenjie\.m2\repository\net\sourceforge\htmlunit\neko-htmlunit\2.32\neko-htmlunit-2.32.jar;C:\Users\xywenjie\.m2\repository\xerces\xercesImpl\2.11.0\xercesImpl-2.11.0.jar;C:\Users\xywenjie\.m2\repository\net\sourceforge\htmlunit\htmlunit-cssparser\1.1.0\htmlunit-cssparser-1.1.0.jar;C:\Users\xywenjie\.m2\repository\commons-net\commons-net\3.6\commons-net-3.6.jar;C:\Users\xywenjie\.m2\repository\org\eclipse\jetty\websocket\websocket-client\9.4.11.v20180605\websocket-client-9.4.11.v20180605.jar;C:\Users\xywenjie\.m2\repository\org\eclipse\jetty\jetty-client\9.4.11.v20180605\jetty-client-9.4.11.v20180605.jar;C:\Users\xywenjie\.m2\repository\org\eclipse\jetty\jetty-http\9.4.11.v20180605\jetty-http-9.4.11.v20180605.jar;C:\Users\xywenjie\.m2\repository\org\eclipse\jetty\jetty-xml\9.4.11.v20180605\jetty-xml-9.4.11.v20180605.jar;C:\Users\xywenjie\.m2\repository\org\eclipse\jetty\jetty-util\9.4.11.v20180605\jetty-util-9.4.11.v20180605.jar;C:\Users\xywenjie\.m2\repository\org\eclipse\jetty\jetty-io\9.4.11.v20180605\jetty-io-9.4.11.v20180605.jar;C:\Users\xywenjie\.m2\repository\org\eclipse\jetty\websocket\websocket-common\9.4.11.v20180605\websocket-common-9.4.11.v20180605.jar;C:\Users\xywenjie\.m2\repository\org\eclipse\jetty\websocket\websocket-api\9.4.11.v20180605\websocket-api-9.4.11.v20180605.jar;C:\Users\xywenjie\.m2\repository\xml-apis\xml-apis\1.4.01\xml-apis-1.4.01.jar;C:\Users\xywenjie\.m2\repository\org\springframework\security\spring-security-test\4.2.7.RELEASE\spring-security-test-4.2.7.RELEASE.jar;C:\Users\xywenjie\.m2\repository\org\springframework\spring-core\4.3.18.RELEASE\spring-core-4.3.18.RELEASE.jar;C:\Users\xywenjie\.m2\repository\org\springframework\hateoas\spring-hateoas\0.25.0.RELEASE\spring-hateoas-0.25.0.RELEASE.jar;C:\Users\xywenjie\.m2\repository\org\springframework\spring-aop\4.3.18.RELEASE\spring-aop-4.3.18.RELEASE.jar;C:\Users\xywenjie\.m2\repository\org\springframework\spring-beans\4.3.18.RELEASE\spring-beans-4.3.18.RELEASE.jar;C:\Users\xywenjie\.m2\repository\org\springframework\spring-context\4.3.18.RELEASE\spring-context-4.3.18.RELEASE.jar;C:\Users\xywenjie\.m2\repository\org\springframework\spring-web\4.3.18.RELEASE\spring-web-4.3.18.RELEASE.jar;C:\Users\xywenjie\.m2\repository\org\apache\tomcat\tomcat-catalina\8.0.48\tomcat-catalina-8.0.48.jar;C:\Users\xywenjie\.m2\repository\org\apache\tomcat\tomcat-servlet-api\8.0.48\tomcat-servlet-api-8.0.48.jar;C:\Users\xywenjie\.m2\repository\org\apache\tomcat\tomcat-jsp-api\8.0.48\tomcat-jsp-api-8.0.48.jar;C:\Users\xywenjie\.m2\repository\org\apache\tomcat\tomcat-el-api\8.0.48\tomcat-el-api-8.0.48.jar;C:\Users\xywenjie\.m2\repository\org\apache\tomcat\tomcat-juli\8.0.48\tomcat-juli-8.0.48.jar;C:\Users\xywenjie\.m2\repository\org\apache\tomcat\tomcat-annotations-api\8.0.48\tomcat-annotations-api-8.0.48.jar;C:\Users\xywenjie\.m2\repository\org\apache\tomcat\tomcat-api\8.0.48\tomcat-api-8.0.48.jar;C:\Users\xywenjie\.m2\repository\org\apache\tomcat\tomcat-jni\8.0.48\tomcat-jni-8.0.48.jar;C:\Users\xywenjie\.m2\repository\org\apache\tomcat\tomcat-coyote\8.0.48\tomcat-coyote-8.0.48.jar;C:\Users\xywenjie\.m2\repository\org\apache\tomcat\tomcat-util\8.0.48\tomcat-util-8.0.48.jar;C:\Users\xywenjie\.m2\repository\org\apache\tomcat\tomcat-util-scan\8.0.48\tomcat-util-scan-8.0.48.jar;C:\Users\xywenjie\.m2\repository\org\thymeleaf\thymeleaf-spring4\3.0.9.RELEASE\thymeleaf-spring4-3.0.9.RELEASE.jar;C:\Users\xywenjie\.m2\repository\org\thymeleaf\thymeleaf\3.0.9.RELEASE\thymeleaf-3.0.9.RELEASE.jar;C:\Users\xywenjie\.m2\repository\org\attoparser\attoparser\2.0.4.RELEASE\attoparser-2.0.4.RELEASE.jar;C:\Users\xywenjie\.m2\repository\org\unbescape\unbescape\1.1.5.RELEASE\unbescape-1.1.5.RELEASE.jar;C:\Users\xywenjie\.m2\repository\org\apache\httpcomponents\httpclient\4.5.6\httpclient-4.5.6.jar;C:\Users\xywenjie\.m2\repository\junit\junit\4.12\junit-4.12.jar;C:\Users\xywenjie\.m2\repository\org\hamcrest\hamcrest-core\1.3\hamcrest-core-1.3.jar;C:\Users\xywenjie\.m2\repository\org\springframework\spring-webmvc\4.3.18.RELEASE\spring-webmvc-4.3.18.RELEASE.jar;C:\Users\xywenjie\.m2\repository\org\springframework\spring-expression\4.3.18.RELEASE\spring-expression-4.3.18.RELEASE.jar;C:\Users\xywenjie\.m2\repository\org\springframework\spring-test\4.3.18.RELEASE\spring-test-4.3.18.RELEASE.jar;C:\Users\xywenjie\.m2\repository\org\springframework\spring-tx\4.3.18.RELEASE\spring-tx-4.3.18.RELEASE.jar;C:\Users\xywenjie\.m2\repository\org\springframework\security\spring-security-core\4.2.7.RELEASE\spring-security-core-4.2.7.RELEASE.jar;C:\Users\xywenjie\.m2\repository\aopalliance\aopalliance\1.0\aopalliance-1.0.jar;C:\Users\xywenjie\.m2\repository\org\springframework\security\spring-security-web\4.2.7.RELEASE\spring-security-web-4.2.7.RELEASE.jar;C:\Users\xywenjie\.m2\repository\org\springframework\security\spring-security-config\4.2.7.RELEASE\spring-security-config-4.2.7.RELEASE.jar;C:\Users\xywenjie\.m2\repository\org\springframework\webflow\spring-webflow\2.5.0.RELEASE\spring-webflow-2.5.0.RELEASE.jar;C:\Users\xywenjie\.m2\repository\org\springframework\webflow\spring-binding\2.5.0.RELEASE\spring-binding-2.5.0.RELEASE.jar;C:\Users\xywenjie\.m2\repository\org\apache\tiles\tiles-jsp\3.0.8\tiles-jsp-3.0.8.jar;C:\Users\xywenjie\.m2\repository\org\apache\tiles\tiles-servlet\3.0.8\tiles-servlet-3.0.8.jar;C:\Users\xywenjie\.m2\repository\org\apache\tiles\tiles-core\3.0.8\tiles-core-3.0.8.jar;C:\Users\xywenjie\.m2\repository\commons-digester\commons-digester\2.0\commons-digester-2.0.jar;C:\Users\xywenjie\.m2\repository\org\apache\tiles\tiles-request-servlet\1.0.7\tiles-request-servlet-1.0.7.jar;C:\Users\xywenjie\.m2\repository\org\apache\tiles\tiles-template\3.0.8\tiles-template-3.0.8.jar;C:\Users\xywenjie\.m2\repository\org\apache\tiles\tiles-api\3.0.8\tiles-api-3.0.8.jar;C:\Users\xywenjie\.m2\repository\org\apache\tiles\tiles-autotag-core-runtime\1.2\tiles-autotag-core-runtime-1.2.jar;C:\Users\xywenjie\.m2\repository\org\apache\tiles\tiles-request-jsp\1.0.7\tiles-request-jsp-1.0.7.jar;C:\Users\xywenjie\.m2\repository\org\apache\tiles\tiles-request-api\1.0.7\tiles-request-api-1.0.7.jar;C:\Users\xywenjie\.m2\repository\org\activiti\activiti-engine\5.22.0\activiti-engine-5.22.0.jar;C:\Users\xywenjie\.m2\repository\org\activiti\activiti-bpmn-converter\5.22.0\activiti-bpmn-converter-5.22.0.jar;C:\Users\xywenjie\.m2\repository\org\activiti\activiti-bpmn-model\5.22.0\activiti-bpmn-model-5.22.0.jar;C:\Users\xywenjie\.m2\repository\org\activiti\activiti-process-validation\5.22.0\activiti-process-validation-5.22.0.jar;C:\Users\xywenjie\.m2\repository\org\activiti\activiti-image-generator\5.22.0\activiti-image-generator-5.22.0.jar;C:\Users\xywenjie\.m2\repository\org\apache\commons\commons-email\1.4\commons-email-1.4.jar;C:\Users\xywenjie\.m2\repository\com\sun\mail\javax.mail\1.5.2\javax.mail-1.5.2.jar;C:\Users\xywenjie\.m2\repository\javax\activation\activation\1.1.1\activation-1.1.1.jar;C:\Users\xywenjie\.m2\repository\org\mybatis\mybatis\3.3.0\mybatis-3.3.0.jar;C:\Users\xywenjie\.m2\repository\joda-time\joda-time\2.6\joda-time-2.6.jar;C:\Users\xywenjie\.m2\repository\org\slf4j\jcl-over-slf4j\1.7.6\jcl-over-slf4j-1.7.6.jar;C:\Users\xywenjie\.m2\repository\org\activiti\activiti-spring\5.22.0\activiti-spring-5.22.0.jar;C:\Users\xywenjie\.m2\repository\org\springframework\spring-jdbc\4.1.5.RELEASE\spring-jdbc-4.1.5.RELEASE.jar;C:\Users\xywenjie\.m2\repository\org\springframework\spring-orm\4.1.5.RELEASE\spring-orm-4.1.5.RELEASE.jar;C:\Users\xywenjie\.m2\repository\commons-dbcp\commons-dbcp\1.4\commons-dbcp-1.4.jar;C:\Users\xywenjie\.m2\repository\commons-pool\commons-pool\1.5.4\commons-pool-1.5.4.jar;C:\Users\xywenjie\.m2\repository\org\hibernate\hibernate-entitymanager\4.3.11.Final\hibernate-entitymanager-4.3.11.Final.jar;C:\Users\xywenjie\.m2\repository\org\jboss\logging\jboss-logging-annotations\1.2.0.Beta1\jboss-logging-annotations-1.2.0.Beta1.jar;C:\Users\xywenjie\.m2\repository\org\hibernate\hibernate-core\4.3.11.Final\hibernate-core-4.3.11.Final.jar;C:\Users\xywenjie\.m2\repository\antlr\antlr\2.7.7\antlr-2.7.7.jar;C:\Users\xywenjie\.m2\repository\org\jboss\jandex\1.1.0.Final\jandex-1.1.0.Final.jar;C:\Users\xywenjie\.m2\repository\dom4j\dom4j\1.6.1\dom4j-1.6.1.jar;C:\Users\xywenjie\.m2\repository\org\hibernate\common\hibernate-commons-annotations\4.0.5.Final\hibernate-commons-annotations-4.0.5.Final.jar;C:\Users\xywenjie\.m2\repository\org\hibernate\javax\persistence\hibernate-jpa-2.1-api\1.0.0.Final\hibernate-jpa-2.1-api-1.0.0.Final.jar;C:\Users\xywenjie\.m2\repository\org\jboss\spec\javax\transaction\jboss-transaction-api_1.2_spec\1.0.0.Final\jboss-transaction-api_1.2_spec-1.0.0.Final.jar;C:\Users\xywenjie\.m2\repository\org\javassist\javassist\3.18.1-GA\javassist-3.18.1-GA.jar;C:\Users\xywenjie\.m2\repository\org\hibernate\validator\hibernate-validator\6.0.13.Final\hibernate-validator-6.0.13.Final.jar;C:\Users\xywenjie\.m2\repository\javax\validation\validation-api\2.0.1.Final\validation-api-2.0.1.Final.jar;C:\Users\xywenjie\.m2\repository\com\fasterxml\classmate\1.3.4\classmate-1.3.4.jar;C:\Users\xywenjie\.m2\repository\org\jboss\logging\jboss-logging\3.3.2.Final\jboss-logging-3.3.2.Final.jar;C:\Users\xywenjie\.m2\repository\org\springframework\data\spring-data-jpa\1.11.6.RELEASE\spring-data-jpa-1.11.6.RELEASE.jar;C:\Users\xywenjie\.m2\repository\org\springframework\data\spring-data-commons\1.13.6.RELEASE\spring-data-commons-1.13.6.RELEASE.jar;C:\Users\xywenjie\.m2\repository\org\aspectj\aspectjrt\1.8.10\aspectjrt-1.8.10.jar;C:\Users\xywenjie\.m2\repository\org\apache\logging\log4j\log4j-core\2.11.0\log4j-core-2.11.0.jar;C:\Users\xywenjie\.m2\repository\org\apache\logging\log4j\log4j-api\2.11.0\log4j-api-2.11.0.jar;C:\Users\xywenjie\.m2\repository\org\apache\logging\log4j\log4j-slf4j-impl\2.11.0\log4j-slf4j-impl-2.11.0.jar;C:\Users\xywenjie\.m2\repository\javax\servlet\jstl\1.2\jstl-1.2.jar;C:\Users\xywenjie\.m2\repository\org\glassfish\web\jstl-impl\1.2\jstl-impl-1.2.jar;C:\Users\xywenjie\.m2\repository\javax\servlet\servlet-api\2.5\servlet-api-2.5.jar;C:\Users\xywenjie\.m2\repository\javax\servlet\jsp\jsp-api\2.1\jsp-api-2.1.jar;C:\Users\xywenjie\.m2\repository\javax\servlet\jsp\jstl\jstl-api\1.2\jstl-api-1.2.jar;C:\Users\xywenjie\.m2\repository\org\apache\commons\commons-dbcp2\2.1.1\commons-dbcp2-2.1.1.jar;C:\Users\xywenjie\.m2\repository\org\apache\commons\commons-pool2\2.4.2\commons-pool2-2.4.2.jar;C:\Users\xywenjie\.m2\repository\commons-codec\commons-codec\1.11\commons-codec-1.11.jar;C:\Users\xywenjie\.m2\repository\commons-io\commons-io\2.6\commons-io-2.6.jar;C:\Users\xywenjie\.m2\repository\commons-fileupload\commons-fileupload\1.3.3\commons-fileupload-1.3.3.jar;C:\Users\xywenjie\.m2\repository\com\fasterxml\jackson\core\jackson-core\2.9.5\jackson-core-2.9.5.jar;C:\Users\xywenjie\.m2\repository\com\fasterxml\jackson\core\jackson-databind\2.9.5\jackson-databind-2.9.5.jar;C:\Users\xywenjie\.m2\repository\com\fasterxml\jackson\core\jackson-annotations\2.9.5\jackson-annotations-2.9.5.jar;C:\Users\xywenjie\.m2\repository\mysql\mysql-connector-java\5.1.41\mysql-connector-java-5.1.41.jar;, java.specification.name=Java Platform API Specification, java.class.version=52.0, sun.management.compiler=HotSpot 64-Bit Tiered Compilers, os.version=10.0, user.home=C:\Users\xywenjie, user.timezone=Asia/Shanghai, java.awt.printerjob=sun.awt.windows.WPrinterJob, file.encoding=GBK, java.specification.version=1.8, java.class.path=C:\Users\xywenjie\git\erp\erp-loan\target\test-classes;C:\Users\xywenjie\git\erp\erp-loan\target\classes;C:\Users\xywenjie\git\erp\erp-web-basic\target\erp.jar;C:\Users\xywenjie\.m2\repository\org\wicketstuff\wicketstuff-shiro\8.2.0\wicketstuff-shiro-8.2.0.jar;C:\Users\xywenjie\.m2\repository\org\apache\shiro\shiro-core\1.4.0\shiro-core-1.4.0.jar;C:\Users\xywenjie\.m2\repository\org\apache\shiro\shiro-lang\1.4.0\shiro-lang-1.4.0.jar;C:\Users\xywenjie\.m2\repository\org\apache\shiro\shiro-cache\1.4.0\shiro-cache-1.4.0.jar;C:\Users\xywenjie\.m2\repository\org\apache\shiro\shiro-crypto-hash\1.4.0\shiro-crypto-hash-1.4.0.jar;C:\Users\xywenjie\.m2\repository\org\apache\shiro\shiro-crypto-core\1.4.0\shiro-crypto-core-1.4.0.jar;C:\Users\xywenjie\.m2\repository\org\apache\shiro\shiro-crypto-cipher\1.4.0\shiro-crypto-cipher-1.4.0.jar;C:\Users\xywenjie\.m2\repository\org\apache\shiro\shiro-config-core\1.4.0\shiro-config-core-1.4.0.jar;C:\Users\xywenjie\.m2\repository\org\apache\shiro\shiro-config-ogdl\1.4.0\shiro-config-ogdl-1.4.0.jar;C:\Users\xywenjie\.m2\repository\commons-beanutils\commons-beanutils\1.9.3\commons-beanutils-1.9.3.jar;C:\Users\xywenjie\.m2\repository\commons-collections\commons-collections\3.2.2\commons-collections-3.2.2.jar;C:\Users\xywenjie\.m2\repository\org\apache\shiro\shiro-event\1.4.0\shiro-event-1.4.0.jar;C:\Users\xywenjie\.m2\repository\org\apache\shiro\shiro-web\1.4.0\shiro-web-1.4.0.jar;C:\Users\xywenjie\.m2\repository\org\wicketstuff\wicketstuff-annotation\8.2.0\wicketstuff-annotation-8.2.0.jar;C:\Users\xywenjie\.m2\repository\org\apache\shiro\shiro-spring\1.4.0\shiro-spring-1.4.0.jar;C:\Users\xywenjie\.m2\repository\org\webjars\npm\icheck\1.0.2\icheck-1.0.2.jar;C:\Users\xywenjie\.m2\repository\org\webjars\ionicons\2.0.1\ionicons-2.0.1.jar;C:\Users\xywenjie\.m2\repository\org\webjars\bower\bootstrap-fileinput\4.5.2\bootstrap-fileinput-4.5.2.jar;C:\Users\xywenjie\.m2\repository\org\webjars\jquery-ui\1.12.1\jquery-ui-1.12.1.jar;C:\Users\xywenjie\.m2\repository\org\apache\wicket\wicket-core\8.2.0\wicket-core-8.2.0.jar;C:\Users\xywenjie\.m2\repository\com\github\openjson\openjson\1.0.8\openjson-1.0.8.jar;C:\Users\xywenjie\.m2\repository\org\apache\wicket\wicket-request\8.2.0\wicket-request-8.2.0.jar;C:\Users\xywenjie\.m2\repository\org\apache\wicket\wicket-util\8.2.0\wicket-util-8.2.0.jar;C:\Users\xywenjie\.m2\repository\org\apache\commons\commons-collections4\4.1\commons-collections4-4.1.jar;C:\Users\xywenjie\.m2\repository\org\danekja\jdk-serializable-functional\1.8.3\jdk-serializable-functional-1.8.3.jar;C:\Users\xywenjie\.m2\repository\org\slf4j\slf4j-api\1.7.25\slf4j-api-1.7.25.jar;C:\Users\xywenjie\.m2\repository\org\apache\wicket\wicket-bean-validation\8.2.0\wicket-bean-validation-8.2.0.jar;C:\Users\xywenjie\.m2\repository\org\apache\wicket\wicket-auth-roles\8.2.0\wicket-auth-roles-8.2.0.jar;C:\Users\xywenjie\.m2\repository\org\apache\wicket\wicket-devutils\8.2.0\wicket-devutils-8.2.0.jar;C:\Users\xywenjie\.m2\repository\org\apache\wicket\wicket-spring\8.2.0\wicket-spring-8.2.0.jar;C:\Users\xywenjie\.m2\repository\org\apache\wicket\wicket-ioc\8.2.0\wicket-ioc-8.2.0.jar;C:\Users\xywenjie\.m2\repository\cglib\cglib\3.2.6\cglib-3.2.6.jar;C:\Users\xywenjie\.m2\repository\org\apache\ant\ant\1.9.6\ant-1.9.6.jar;C:\Users\xywenjie\.m2\repository\org\apache\ant\ant-launcher\1.9.6\ant-launcher-1.9.6.jar;C:\Users\xywenjie\.m2\repository\org\ow2\asm\asm-util\6.2\asm-util-6.2.jar;C:\Users\xywenjie\.m2\repository\org\ow2\asm\asm\6.2\asm-6.2.jar;C:\Users\xywenjie\.m2\repository\org\ow2\asm\asm-tree\6.2\asm-tree-6.2.jar;C:\Users\xywenjie\.m2\repository\org\ow2\asm\asm-analysis\6.2\asm-analysis-6.2.jar;C:\Users\xywenjie\.m2\repository\org\apache\wicket\wicket-extensions\8.2.0\wicket-extensions-8.2.0.jar;C:\Users\xywenjie\.m2\repository\de\agilecoders\wicket\webjars\wicket-webjars\2.0.8\wicket-webjars-2.0.8.jar;C:\Users\xywenjie\.m2\repository\org\webjars\jquery\1.11.0\jquery-1.11.0.jar;C:\Users\xywenjie\.m2\repository\org\webjars\bootstrap\3.3.7-1\bootstrap-3.3.7-1.jar;C:\Users\xywenjie\.m2\repository\org\webjars\font-awesome\4.7.0\font-awesome-4.7.0.jar;C:\Users\xywenjie\.m2\repository\org\webjars\bower\jquery-icheck\1.0.2\jquery-icheck-1.0.2.jar;C:\Users\xywenjie\.m2\repository\org\webjars\bower\jquery\3.4.0\jquery-3.4.0.jar;C:\Users\xywenjie\.m2\repository\org\liquibase\liquibase-core\3.6.2\liquibase-core-3.6.2.jar;C:\Users\xywenjie\.m2\repository\org\yaml\snakeyaml\1.18\snakeyaml-1.18.jar;C:\Users\xywenjie\.m2\repository\ch\qos\logback\logback-classic\1.2.3\logback-classic-1.2.3.jar;C:\Users\xywenjie\.m2\repository\ch\qos\logback\logback-core\1.2.3\logback-core-1.2.3.jar;C:\Users\xywenjie\.m2\repository\com\querydsl\querydsl-jpa\4.2.1\querydsl-jpa-4.2.1.jar;C:\Users\xywenjie\.m2\repository\com\querydsl\querydsl-core\4.2.1\querydsl-core-4.2.1.jar;C:\Users\xywenjie\.m2\repository\com\google\code\findbugs\jsr305\1.3.9\jsr305-1.3.9.jar;C:\Users\xywenjie\.m2\repository\com\mysema\commons\mysema-commons-lang\0.2.4\mysema-commons-lang-0.2.4.jar;C:\Users\xywenjie\.m2\repository\com\infradna\tool\bridge-method-annotation\1.13\bridge-method-annotation-1.13.jar;C:\Users\xywenjie\.m2\repository\javax\inject\javax.inject\1\javax.inject-1.jar;C:\Users\xywenjie\.m2\repository\org\seleniumhq\selenium\selenium-firefox-driver\3.14.0\selenium-firefox-driver-3.14.0.jar;C:\Users\xywenjie\.m2\repository\org\seleniumhq\selenium\selenium-api\3.14.0\selenium-api-3.14.0.jar;C:\Users\xywenjie\.m2\repository\org\seleniumhq\selenium\selenium-remote-driver\3.14.0\selenium-remote-driver-3.14.0.jar;C:\Users\xywenjie\.m2\repository\net\bytebuddy\byte-buddy\1.8.15\byte-buddy-1.8.15.jar;C:\Users\xywenjie\.m2\repository\org\apache\commons\commons-exec\1.3\commons-exec-1.3.jar;C:\Users\xywenjie\.m2\repository\commons-logging\commons-logging\1.2\commons-logging-1.2.jar;C:\Users\xywenjie\.m2\repository\com\google\guava\guava\25.0-jre\guava-25.0-jre.jar;C:\Users\xywenjie\.m2\repository\org\checkerframework\checker-compat-qual\2.0.0\checker-compat-qual-2.0.0.jar;C:\Users\xywenjie\.m2\repository\com\google\errorprone\error_prone_annotations\2.1.3\error_prone_annotations-2.1.3.jar;C:\Users\xywenjie\.m2\repository\com\google\j2objc\j2objc-annotations\1.1\j2objc-annotations-1.1.jar;C:\Users\xywenjie\.m2\repository\org\codehaus\mojo\animal-sniffer-annotations\1.14\animal-sniffer-annotations-1.14.jar;C:\Users\xywenjie\.m2\repository\org\apache\httpcomponents\httpcore\4.4.9\httpcore-4.4.9.jar;C:\Users\xywenjie\.m2\repository\com\squareup\okhttp3\okhttp\3.10.0\okhttp-3.10.0.jar;C:\Users\xywenjie\.m2\repository\com\squareup\okio\okio\1.14.1\okio-1.14.1.jar;C:\Users\xywenjie\.m2\repository\org\seleniumhq\selenium\selenium-htmlunit-driver\2.32.0\selenium-htmlunit-driver-2.32.0.jar;C:\Users\xywenjie\.m2\repository\net\sourceforge\htmlunit\htmlunit\2.32\htmlunit-2.32.jar;C:\Users\xywenjie\.m2\repository\xalan\xalan\2.7.2\xalan-2.7.2.jar;C:\Users\xywenjie\.m2\repository\xalan\serializer\2.7.2\serializer-2.7.2.jar;C:\Users\xywenjie\.m2\repository\org\apache\commons\commons-lang3\3.7\commons-lang3-3.7.jar;C:\Users\xywenjie\.m2\repository\org\apache\commons\commons-text\1.4\commons-text-1.4.jar;C:\Users\xywenjie\.m2\repository\org\apache\httpcomponents\httpmime\4.5.6\httpmime-4.5.6.jar;C:\Users\xywenjie\.m2\repository\net\sourceforge\htmlunit\htmlunit-core-js\2.32\htmlunit-core-js-2.32.jar;C:\Users\xywenjie\.m2\repository\net\sourceforge\htmlunit\neko-htmlunit\2.32\neko-htmlunit-2.32.jar;C:\Users\xywenjie\.m2\repository\xerces\xercesImpl\2.11.0\xercesImpl-2.11.0.jar;C:\Users\xywenjie\.m2\repository\net\sourceforge\htmlunit\htmlunit-cssparser\1.1.0\htmlunit-cssparser-1.1.0.jar;C:\Users\xywenjie\.m2\repository\commons-net\commons-net\3.6\commons-net-3.6.jar;C:\Users\xywenjie\.m2\repository\org\eclipse\jetty\websocket\websocket-client\9.4.11.v20180605\websocket-client-9.4.11.v20180605.jar;C:\Users\xywenjie\.m2\repository\org\eclipse\jetty\jetty-client\9.4.11.v20180605\jetty-client-9.4.11.v20180605.jar;C:\Users\xywenjie\.m2\repository\org\eclipse\jetty\jetty-http\9.4.11.v20180605\jetty-http-9.4.11.v20180605.jar;C:\Users\xywenjie\.m2\repository\org\eclipse\jetty\jetty-xml\9.4.11.v20180605\jetty-xml-9.4.11.v20180605.jar;C:\Users\xywenjie\.m2\repository\org\eclipse\jetty\jetty-util\9.4.11.v20180605\jetty-util-9.4.11.v20180605.jar;C:\Users\xywenjie\.m2\repository\org\eclipse\jetty\jetty-io\9.4.11.v20180605\jetty-io-9.4.11.v20180605.jar;C:\Users\xywenjie\.m2\repository\org\eclipse\jetty\websocket\websocket-common\9.4.11.v20180605\websocket-common-9.4.11.v20180605.jar;C:\Users\xywenjie\.m2\repository\org\eclipse\jetty\websocket\websocket-api\9.4.11.v20180605\websocket-api-9.4.11.v20180605.jar;C:\Users\xywenjie\.m2\repository\xml-apis\xml-apis\1.4.01\xml-apis-1.4.01.jar;C:\Users\xywenjie\.m2\repository\org\springframework\security\spring-security-test\4.2.7.RELEASE\spring-security-test-4.2.7.RELEASE.jar;C:\Users\xywenjie\.m2\repository\org\springframework\spring-core\4.3.18.RELEASE\spring-core-4.3.18.RELEASE.jar;C:\Users\xywenjie\.m2\repository\org\springframework\hateoas\spring-hateoas\0.25.0.RELEASE\spring-hateoas-0.25.0.RELEASE.jar;C:\Users\xywenjie\.m2\repository\org\springframework\spring-aop\4.3.18.RELEASE\spring-aop-4.3.18.RELEASE.jar;C:\Users\xywenjie\.m2\repository\org\springframework\spring-beans\4.3.18.RELEASE\spring-beans-4.3.18.RELEASE.jar;C:\Users\xywenjie\.m2\repository\org\springframework\spring-context\4.3.18.RELEASE\spring-context-4.3.18.RELEASE.jar;C:\Users\xywenjie\.m2\repository\org\springframework\spring-web\4.3.18.RELEASE\spring-web-4.3.18.RELEASE.jar;C:\Users\xywenjie\.m2\repository\org\apache\tomcat\tomcat-catalina\8.0.48\tomcat-catalina-8.0.48.jar;C:\Users\xywenjie\.m2\repository\org\apache\tomcat\tomcat-servlet-api\8.0.48\tomcat-servlet-api-8.0.48.jar;C:\Users\xywenjie\.m2\repository\org\apache\tomcat\tomcat-jsp-api\8.0.48\tomcat-jsp-api-8.0.48.jar;C:\Users\xywenjie\.m2\repository\org\apache\tomcat\tomcat-el-api\8.0.48\tomcat-el-api-8.0.48.jar;C:\Users\xywenjie\.m2\repository\org\apache\tomcat\tomcat-juli\8.0.48\tomcat-juli-8.0.48.jar;C:\Users\xywenjie\.m2\repository\org\apache\tomcat\tomcat-annotations-api\8.0.48\tomcat-annotations-api-8.0.48.jar;C:\Users\xywenjie\.m2\repository\org\apache\tomcat\tomcat-api\8.0.48\tomcat-api-8.0.48.jar;C:\Users\xywenjie\.m2\repository\org\apache\tomcat\tomcat-jni\8.0.48\tomcat-jni-8.0.48.jar;C:\Users\xywenjie\.m2\repository\org\apache\tomcat\tomcat-coyote\8.0.48\tomcat-coyote-8.0.48.jar;C:\Users\xywenjie\.m2\repository\org\apache\tomcat\tomcat-util\8.0.48\tomcat-util-8.0.48.jar;C:\Users\xywenjie\.m2\repository\org\apache\tomcat\tomcat-util-scan\8.0.48\tomcat-util-scan-8.0.48.jar;C:\Users\xywenjie\.m2\repository\org\thymeleaf\thymeleaf-spring4\3.0.9.RELEASE\thymeleaf-spring4-3.0.9.RELEASE.jar;C:\Users\xywenjie\.m2\repository\org\thymeleaf\thymeleaf\3.0.9.RELEASE\thymeleaf-3.0.9.RELEASE.jar;C:\Users\xywenjie\.m2\repository\org\attoparser\attoparser\2.0.4.RELEASE\attoparser-2.0.4.RELEASE.jar;C:\Users\xywenjie\.m2\repository\org\unbescape\unbescape\1.1.5.RELEASE\unbescape-1.1.5.RELEASE.jar;C:\Users\xywenjie\.m2\repository\org\apache\httpcomponents\httpclient\4.5.6\httpclient-4.5.6.jar;C:\Users\xywenjie\.m2\repository\junit\junit\4.12\junit-4.12.jar;C:\Users\xywenjie\.m2\repository\org\hamcrest\hamcrest-core\1.3\hamcrest-core-1.3.jar;C:\Users\xywenjie\.m2\repository\org\springframework\spring-webmvc\4.3.18.RELEASE\spring-webmvc-4.3.18.RELEASE.jar;C:\Users\xywenjie\.m2\repository\org\springframework\spring-expression\4.3.18.RELEASE\spring-expression-4.3.18.RELEASE.jar;C:\Users\xywenjie\.m2\repository\org\springframework\spring-test\4.3.18.RELEASE\spring-test-4.3.18.RELEASE.jar;C:\Users\xywenjie\.m2\repository\org\springframework\spring-tx\4.3.18.RELEASE\spring-tx-4.3.18.RELEASE.jar;C:\Users\xywenjie\.m2\repository\org\springframework\security\spring-security-core\4.2.7.RELEASE\spring-security-core-4.2.7.RELEASE.jar;C:\Users\xywenjie\.m2\repository\aopalliance\aopalliance\1.0\aopalliance-1.0.jar;C:\Users\xywenjie\.m2\repository\org\springframework\security\spring-security-web\4.2.7.RELEASE\spring-security-web-4.2.7.RELEASE.jar;C:\Users\xywenjie\.m2\repository\org\springframework\security\spring-security-config\4.2.7.RELEASE\spring-security-config-4.2.7.RELEASE.jar;C:\Users\xywenjie\.m2\repository\org\springframework\webflow\spring-webflow\2.5.0.RELEASE\spring-webflow-2.5.0.RELEASE.jar;C:\Users\xywenjie\.m2\repository\org\springframework\webflow\spring-binding\2.5.0.RELEASE\spring-binding-2.5.0.RELEASE.jar;C:\Users\xywenjie\.m2\repository\org\apache\tiles\tiles-jsp\3.0.8\tiles-jsp-3.0.8.jar;C:\Users\xywenjie\.m2\repository\org\apache\tiles\tiles-servlet\3.0.8\tiles-servlet-3.0.8.jar;C:\Users\xywenjie\.m2\repository\org\apache\tiles\tiles-core\3.0.8\tiles-core-3.0.8.jar;C:\Users\xywenjie\.m2\repository\commons-digester\commons-digester\2.0\commons-digester-2.0.jar;C:\Users\xywenjie\.m2\repository\org\apache\tiles\tiles-request-servlet\1.0.7\tiles-request-servlet-1.0.7.jar;C:\Users\xywenjie\.m2\repository\org\apache\tiles\tiles-template\3.0.8\tiles-template-3.0.8.jar;C:\Users\xywenjie\.m2\repository\org\apache\tiles\tiles-api\3.0.8\tiles-api-3.0.8.jar;C:\Users\xywenjie\.m2\repository\org\apache\tiles\tiles-autotag-core-runtime\1.2\tiles-autotag-core-runtime-1.2.jar;C:\Users\xywenjie\.m2\repository\org\apache\tiles\tiles-request-jsp\1.0.7\tiles-request-jsp-1.0.7.jar;C:\Users\xywenjie\.m2\repository\org\apache\tiles\tiles-request-api\1.0.7\tiles-request-api-1.0.7.jar;C:\Users\xywenjie\.m2\repository\org\activiti\activiti-engine\5.22.0\activiti-engine-5.22.0.jar;C:\Users\xywenjie\.m2\repository\org\activiti\activiti-bpmn-converter\5.22.0\activiti-bpmn-converter-5.22.0.jar;C:\Users\xywenjie\.m2\repository\org\activiti\activiti-bpmn-model\5.22.0\activiti-bpmn-model-5.22.0.jar;C:\Users\xywenjie\.m2\repository\org\activiti\activiti-process-validation\5.22.0\activiti-process-validation-5.22.0.jar;C:\Users\xywenjie\.m2\repository\org\activiti\activiti-image-generator\5.22.0\activiti-image-generator-5.22.0.jar;C:\Users\xywenjie\.m2\repository\org\apache\commons\commons-email\1.4\commons-email-1.4.jar;C:\Users\xywenjie\.m2\repository\com\sun\mail\javax.mail\1.5.2\javax.mail-1.5.2.jar;C:\Users\xywenjie\.m2\repository\javax\activation\activation\1.1.1\activation-1.1.1.jar;C:\Users\xywenjie\.m2\repository\org\mybatis\mybatis\3.3.0\mybatis-3.3.0.jar;C:\Users\xywenjie\.m2\repository\joda-time\joda-time\2.6\joda-time-2.6.jar;C:\Users\xywenjie\.m2\repository\org\slf4j\jcl-over-slf4j\1.7.6\jcl-over-slf4j-1.7.6.jar;C:\Users\xywenjie\.m2\repository\org\activiti\activiti-spring\5.22.0\activiti-spring-5.22.0.jar;C:\Users\xywenjie\.m2\repository\org\springframework\spring-jdbc\4.1.5.RELEASE\spring-jdbc-4.1.5.RELEASE.jar;C:\Users\xywenjie\.m2\repository\org\springframework\spring-orm\4.1.5.RELEASE\spring-orm-4.1.5.RELEASE.jar;C:\Users\xywenjie\.m2\repository\commons-dbcp\commons-dbcp\1.4\commons-dbcp-1.4.jar;C:\Users\xywenjie\.m2\repository\commons-pool\commons-pool\1.5.4\commons-pool-1.5.4.jar;C:\Users\xywenjie\.m2\repository\org\hibernate\hibernate-entitymanager\4.3.11.Final\hibernate-entitymanager-4.3.11.Final.jar;C:\Users\xywenjie\.m2\repository\org\jboss\logging\jboss-logging-annotations\1.2.0.Beta1\jboss-logging-annotations-1.2.0.Beta1.jar;C:\Users\xywenjie\.m2\repository\org\hibernate\hibernate-core\4.3.11.Final\hibernate-core-4.3.11.Final.jar;C:\Users\xywenjie\.m2\repository\antlr\antlr\2.7.7\antlr-2.7.7.jar;C:\Users\xywenjie\.m2\repository\org\jboss\jandex\1.1.0.Final\jandex-1.1.0.Final.jar;C:\Users\xywenjie\.m2\repository\dom4j\dom4j\1.6.1\dom4j-1.6.1.jar;C:\Users\xywenjie\.m2\repository\org\hibernate\common\hibernate-commons-annotations\4.0.5.Final\hibernate-commons-annotations-4.0.5.Final.jar;C:\Users\xywenjie\.m2\repository\org\hibernate\javax\persistence\hibernate-jpa-2.1-api\1.0.0.Final\hibernate-jpa-2.1-api-1.0.0.Final.jar;C:\Users\xywenjie\.m2\repository\org\jboss\spec\javax\transaction\jboss-transaction-api_1.2_spec\1.0.0.Final\jboss-transaction-api_1.2_spec-1.0.0.Final.jar;C:\Users\xywenjie\.m2\repository\org\javassist\javassist\3.18.1-GA\javassist-3.18.1-GA.jar;C:\Users\xywenjie\.m2\repository\org\hibernate\validator\hibernate-validator\6.0.13.Final\hibernate-validator-6.0.13.Final.jar;C:\Users\xywenjie\.m2\repository\javax\validation\validation-api\2.0.1.Final\validation-api-2.0.1.Final.jar;C:\Users\xywenjie\.m2\repository\com\fasterxml\classmate\1.3.4\classmate-1.3.4.jar;C:\Users\xywenjie\.m2\repository\org\jboss\logging\jboss-logging\3.3.2.Final\jboss-logging-3.3.2.Final.jar;C:\Users\xywenjie\.m2\repository\org\springframework\data\spring-data-jpa\1.11.6.RELEASE\spring-data-jpa-1.11.6.RELEASE.jar;C:\Users\xywenjie\.m2\repository\org\springframework\data\spring-data-commons\1.13.6.RELEASE\spring-data-commons-1.13.6.RELEASE.jar;C:\Users\xywenjie\.m2\repository\org\aspectj\aspectjrt\1.8.10\aspectjrt-1.8.10.jar;C:\Users\xywenjie\.m2\repository\org\apache\logging\log4j\log4j-core\2.11.0\log4j-core-2.11.0.jar;C:\Users\xywenjie\.m2\repository\org\apache\logging\log4j\log4j-api\2.11.0\log4j-api-2.11.0.jar;C:\Users\xywenjie\.m2\repository\org\apache\logging\log4j\log4j-slf4j-impl\2.11.0\log4j-slf4j-impl-2.11.0.jar;C:\Users\xywenjie\.m2\repository\javax\servlet\jstl\1.2\jstl-1.2.jar;C:\Users\xywenjie\.m2\repository\org\glassfish\web\jstl-impl\1.2\jstl-impl-1.2.jar;C:\Users\xywenjie\.m2\repository\javax\servlet\servlet-api\2.5\servlet-api-2.5.jar;C:\Users\xywenjie\.m2\repository\javax\servlet\jsp\jsp-api\2.1\jsp-api-2.1.jar;C:\Users\xywenjie\.m2\repository\javax\servlet\jsp\jstl\jstl-api\1.2\jstl-api-1.2.jar;C:\Users\xywenjie\.m2\repository\org\apache\commons\commons-dbcp2\2.1.1\commons-dbcp2-2.1.1.jar;C:\Users\xywenjie\.m2\repository\org\apache\commons\commons-pool2\2.4.2\commons-pool2-2.4.2.jar;C:\Users\xywenjie\.m2\repository\commons-codec\commons-codec\1.11\commons-codec-1.11.jar;C:\Users\xywenjie\.m2\repository\commons-io\commons-io\2.6\commons-io-2.6.jar;C:\Users\xywenjie\.m2\repository\commons-fileupload\commons-fileupload\1.3.3\commons-fileupload-1.3.3.jar;C:\Users\xywenjie\.m2\repository\com\fasterxml\jackson\core\jackson-core\2.9.5\jackson-core-2.9.5.jar;C:\Users\xywenjie\.m2\repository\com\fasterxml\jackson\core\jackson-databind\2.9.5\jackson-databind-2.9.5.jar;C:\Users\xywenjie\.m2\repository\com\fasterxml\jackson\core\jackson-annotations\2.9.5\jackson-annotations-2.9.5.jar;C:\Users\xywenjie\.m2\repository\mysql\mysql-connector-java\5.1.41\mysql-connector-java-5.1.41.jar;, user.name=xywenjie, java.vm.specification.version=1.8, sun.java.command=C:\Users\xywenjie\git\erp\erp-loan\target\surefire\surefirebooter4361474128316300708.jar C:\Users\xywenjie\git\erp\erp-loan\target\surefire\surefire4909760760641731558tmp C:\Users\xywenjie\git\erp\erp-loan\target\surefire\surefire_06432162705976264568tmp, java.home=C:\Program Files\Java\jdk1.8.0_181\jre, sun.arch.data.model=64, user.language=en, java.specification.vendor=Oracle Corporation, awt.toolkit=sun.awt.windows.WToolkit, java.vm.info=mixed mode, java.version=1.8.0_181, java.ext.dirs=C:\Program Files\Java\jdk1.8.0_181\jre\lib\ext;C:\WINDOWS\Sun\Java\lib\ext, sun.boot.class.path=C:\Program Files\Java\jdk1.8.0_181\jre\lib\resources.jar;C:\Program Files\Java\jdk1.8.0_181\jre\lib\rt.jar;C:\Program Files\Java\jdk1.8.0_181\jre\lib\sunrsasign.jar;C:\Program Files\Java\jdk1.8.0_181\jre\lib\jsse.jar;C:\Program Files\Java\jdk1.8.0_181\jre\lib\jce.jar;C:\Program Files\Java\jdk1.8.0_181\jre\lib\charsets.jar;C:\Program Files\Java\jdk1.8.0_181\jre\lib\jfr.jar;C:\Program Files\Java\jdk1.8.0_181\jre\classes, java.vendor=Oracle Corporation, localRepository=C:\Users\xywenjie\.m2\repository, file.separator=\, java.vendor.url.bug=http://bugreport.sun.com/bugreport/, sun.io.unicode.encoding=UnicodeLittle, sun.cpu.endian=little, sun.desktop=windows, sun.cpu.isalist=amd64}}, SystemEnvironmentPropertySource@347978868 {name=&apos;systemEnvironment&apos;, properties={PATH=C:\Program Files (x86)\NetSarang\Xftp 6\;C:\Program Files (x86)\Common Files\Oracle\Java\javapath;C:\WINDOWS\system32;C:\WINDOWS;C:\WINDOWS\System32\Wbem;C:\WINDOWS\System32\WindowsPowerShell\v1.0\;C:\WINDOWS\System32\OpenSSH\;D:\Program Files\Apache\maven\bin\;C:\Program Files\Git\cmd;C:\Users\xywenjie\AppData\Local\Microsoft\WindowsApps;C:\Users\xywenjie\AppData\Local\atom\bin, USERDOMAIN_ROAMINGPROFILE=DESKTOP-T8LGBLS, PROCESSOR_LEVEL=23, SYSTEMDRIVE=C:, ALLUSERSPROFILE=C:\ProgramData, PROCESSOR_ARCHITECTURE=AMD64, AMDRMSDKPATH=C:\Program Files\AMD\RyzenMasterSDK\, DRIVERDATA=C:\Windows\System32\Drivers\DriverData, MAVEN_HOME=D:\Program Files\Apache\maven\bin\.., PROGRAMFILES=C:\Program Files, MOZ_PLUGIN_PATH=C:\Program Files (x86)\Foxit Software\Foxit Reader\plugins\, PSMODULEPATH=C:\Users\xywenjie\Documents\WindowsPowerShell\Modules;C:\Program Files\WindowsPowerShell\Modules;C:\WINDOWS\system32\WindowsPowerShell\v1.0\Modules, PROGRAMDATA=C:\ProgramData, USERNAME=xywenjie, WDIR=C:\, ONEDRIVE=C:\Users\xywenjie\OneDrive, PATHEXT=.COM;.EXE;.BAT;.CMD;.VBS;.VBE;.JS;.JSE;.WSF;.WSH;.MSC;.CPL, ONEDRIVECONSUMER=C:\Users\xywenjie\OneDrive, CLASSWORLDS_JAR=&quot;D:\Program Files\Apache\maven\bin\..\boot\plexus-classworlds-2.5.2.jar&quot;, WINDIR=C:\WINDOWS, HOMEPATH=\Users\xywenjie, PROCESSOR_IDENTIFIER=AMD64 Family 23 Model 1 Stepping 1, AuthenticAMD, PUBLIC=C:\Users\Public, =::=::\, LOCALAPPDATA=C:\Users\xywenjie\AppData\Local, COMMONPROGRAMFILES(X86)=C:\Program Files (x86)\Common Files, USERDOMAIN=DESKTOP-T8LGBLS, LOGONSERVER=\\DESKTOP-T8LGBLS, JAVA_HOME=C:\Program Files\Java\jdk1.8.0_181, PROMPT=$P$G, PROGRAMFILES(X86)=C:\Program Files (x86), ERROR_CODE=0, EXEC_DIR=C:\Users\xywenjie\git\erp, =C:=C:\Users\xywenjie\git\erp\erp-loan, APPDATA=C:\Users\xywenjie\AppData\Roaming, PROGRAMW6432=C:\Program Files, SYSTEMROOT=C:\WINDOWS, MAVEN_CMD_LINE_ARGS=install, VBOX_MSI_INSTALL_PATH=C:\Program Files\Oracle\VirtualBox\, OS=Windows_NT, COMMONPROGRAMW6432=C:\Program Files\Common Files, COMPUTERNAME=DESKTOP-T8LGBLS, COMMONPROGRAMFILES=C:\Program Files\Common Files, COMSPEC=C:\WINDOWS\system32\cmd.exe, AMDRMPATH=C:\Program Files\AMD\RyzenMaster\, JAVACMD=C:\Program Files\Java\jdk1.8.0_181\bin\java.exe, MAVEN_PROJECTBASEDIR=C:\Users\xywenjie\git\erp, PROCESSOR_REVISION=0101, CLASSWORLDS_LAUNCHER=org.codehaus.plexus.classworlds.launcher.Launcher, TEMP=C:\Users\xywenjie\AppData\Local\Temp, HOMEDRIVE=C:, USERPROFILE=C:\Users\xywenjie, TMP=C:\Users\xywenjie\AppData\Local\Temp, NUMBER_OF_PROCESSORS=16, JVMCONFIG=\.mvn\jvm.config}}]
19:37:04.355 [main] DEBUG org.springframework.core.io.support.PathMatchingResourcePatternResolver - Resolved classpath location [com/benjamin/erp/repository/] to resources [URL [jar:file:/C:/Users/xywenjie/git/erp/erp-web-basic/target/erp.jar!/com/benjamin/erp/repository/]]
19:37:04.356 [main] DEBUG org.springframework.core.io.support.PathMatchingResourcePatternResolver - Looking for matching resources in jar file [file:/C:/Users/xywenjie/git/erp/erp-web-basic/target/erp.jar]
19:37:04.357 [main] DEBUG org.springframework.core.io.support.PathMatchingResourcePatternResolver - Resolved location pattern [classpath*:com/benjamin/erp/repository/**/*.class] to resources [URL [jar:file:/C:/Users/xywenjie/git/erp/erp-web-basic/target/erp.jar!/com/benjamin/erp/repository/LoginInfoRepository.class], URL [jar:file:/C:/Users/xywenjie/git/erp/erp-web-basic/target/erp.jar!/com/benjamin/erp/repository/SectionRepository.class]]
19:37:04.363 [main] DEBUG org.springframework.data.repository.config.RepositoryComponentProvider - Identified candidate component class: URL [jar:file:/C:/Users/xywenjie/git/erp/erp-web-basic/target/erp.jar!/com/benjamin/erp/repository/LoginInfoRepository.class]
19:37:04.363 [main] DEBUG org.springframework.data.repository.config.RepositoryComponentProvider - Identified candidate component class: URL [jar:file:/C:/Users/xywenjie/git/erp/erp-web-basic/target/erp.jar!/com/benjamin/erp/repository/SectionRepository.class]
19:37:04.370 [main] DEBUG org.springframework.core.env.StandardEnvironment - Adding PropertySource &apos;systemProperties&apos; with lowest search precedence
19:37:04.370 [main] DEBUG org.springframework.core.env.StandardEnvironment - Adding PropertySource &apos;systemEnvironment&apos; with lowest search precedence
19:37:04.370 [main] DEBUG org.springframework.core.env.StandardEnvironment - Initialized StandardEnvironment with PropertySources [MapPropertySource@1930240356 {name=&apos;systemProperties&apos;, properties={java.runtime.name=Java(TM) SE Runtime Environment, sun.boot.library.path=C:\Program Files\Java\jdk1.8.0_181\jre\bin, java.vm.version=25.181-b13, java.vm.vendor=Oracle Corporation, java.vendor.url=http://java.oracle.com/, path.separator=;, java.vm.name=Java HotSpot(TM) 64-Bit Server VM, file.encoding.pkg=sun.io, user.country=US, user.script=, sun.java.launcher=SUN_STANDARD, sun.os.patch.level=, java.vm.specification.name=Java Virtual Machine Specification, user.dir=C:\Users\xywenjie\git\erp\erp-loan, java.runtime.version=1.8.0_181-b13, basedir=C:\Users\xywenjie\git\erp\erp-loan, java.awt.graphicsenv=sun.awt.Win32GraphicsEnvironment, java.endorsed.dirs=C:\Program Files\Java\jdk1.8.0_181\jre\lib\endorsed, os.arch=amd64, surefire.real.class.path=C:\Users\xywenjie\git\erp\erp-loan\target\surefire\surefirebooter4361474128316300708.jar, java.io.tmpdir=C:\Users\xywenjie\AppData\Local\Temp\, line.separator=
, java.vm.specification.vendor=Oracle Corporation, user.variant=, os.name=Windows 10, sun.jnu.encoding=GBK, java.library.path=C:\Program Files\Java\jdk1.8.0_181\jre\bin;C:\WINDOWS\Sun\Java\bin;C:\WINDOWS\system32;C:\WINDOWS;C:\Program Files (x86)\NetSarang\Xftp 6\;C:\Program Files (x86)\Common Files\Oracle\Java\javapath;C:\WINDOWS\system32;C:\WINDOWS;C:\WINDOWS\System32\Wbem;C:\WINDOWS\System32\WindowsPowerShell\v1.0\;C:\WINDOWS\System32\OpenSSH\;D:\Program Files\Apache\maven\bin\;C:\Program Files\Git\cmd;C:\Users\xywenjie\AppData\Local\Microsoft\WindowsApps;C:\Users\xywenjie\AppData\Local\atom\bin;., surefire.test.class.path=C:\Users\xywenjie\git\erp\erp-loan\target\test-classes;C:\Users\xywenjie\git\erp\erp-loan\target\classes;C:\Users\xywenjie\git\erp\erp-web-basic\target\erp.jar;C:\Users\xywenjie\.m2\repository\org\wicketstuff\wicketstuff-shiro\8.2.0\wicketstuff-shiro-8.2.0.jar;C:\Users\xywenjie\.m2\repository\org\apache\shiro\shiro-core\1.4.0\shiro-core-1.4.0.jar;C:\Users\xywenjie\.m2\repository\org\apache\shiro\shiro-lang\1.4.0\shiro-lang-1.4.0.jar;C:\Users\xywenjie\.m2\repository\org\apache\shiro\shiro-cache\1.4.0\shiro-cache-1.4.0.jar;C:\Users\xywenjie\.m2\repository\org\apache\shiro\shiro-crypto-hash\1.4.0\shiro-crypto-hash-1.4.0.jar;C:\Users\xywenjie\.m2\repository\org\apache\shiro\shiro-crypto-core\1.4.0\shiro-crypto-core-1.4.0.jar;C:\Users\xywenjie\.m2\repository\org\apache\shiro\shiro-crypto-cipher\1.4.0\shiro-crypto-cipher-1.4.0.jar;C:\Users\xywenjie\.m2\repository\org\apache\shiro\shiro-config-core\1.4.0\shiro-config-core-1.4.0.jar;C:\Users\xywenjie\.m2\repository\org\apache\shiro\shiro-config-ogdl\1.4.0\shiro-config-ogdl-1.4.0.jar;C:\Users\xywenjie\.m2\repository\commons-beanutils\commons-beanutils\1.9.3\commons-beanutils-1.9.3.jar;C:\Users\xywenjie\.m2\repository\commons-collections\commons-collections\3.2.2\commons-collections-3.2.2.jar;C:\Users\xywenjie\.m2\repository\org\apache\shiro\shiro-event\1.4.0\shiro-event-1.4.0.jar;C:\Users\xywenjie\.m2\repository\org\apache\shiro\shiro-web\1.4.0\shiro-web-1.4.0.jar;C:\Users\xywenjie\.m2\repository\org\wicketstuff\wicketstuff-annotation\8.2.0\wicketstuff-annotation-8.2.0.jar;C:\Users\xywenjie\.m2\repository\org\apache\shiro\shiro-spring\1.4.0\shiro-spring-1.4.0.jar;C:\Users\xywenjie\.m2\repository\org\webjars\npm\icheck\1.0.2\icheck-1.0.2.jar;C:\Users\xywenjie\.m2\repository\org\webjars\ionicons\2.0.1\ionicons-2.0.1.jar;C:\Users\xywenjie\.m2\repository\org\webjars\bower\bootstrap-fileinput\4.5.2\bootstrap-fileinput-4.5.2.jar;C:\Users\xywenjie\.m2\repository\org\webjars\jquery-ui\1.12.1\jquery-ui-1.12.1.jar;C:\Users\xywenjie\.m2\repository\org\apache\wicket\wicket-core\8.2.0\wicket-core-8.2.0.jar;C:\Users\xywenjie\.m2\repository\com\github\openjson\openjson\1.0.8\openjson-1.0.8.jar;C:\Users\xywenjie\.m2\repository\org\apache\wicket\wicket-request\8.2.0\wicket-request-8.2.0.jar;C:\Users\xywenjie\.m2\repository\org\apache\wicket\wicket-util\8.2.0\wicket-util-8.2.0.jar;C:\Users\xywenjie\.m2\repository\org\apache\commons\commons-collections4\4.1\commons-collections4-4.1.jar;C:\Users\xywenjie\.m2\repository\org\danekja\jdk-serializable-functional\1.8.3\jdk-serializable-functional-1.8.3.jar;C:\Users\xywenjie\.m2\repository\org\slf4j\slf4j-api\1.7.25\slf4j-api-1.7.25.jar;C:\Users\xywenjie\.m2\repository\org\apache\wicket\wicket-bean-validation\8.2.0\wicket-bean-validation-8.2.0.jar;C:\Users\xywenjie\.m2\repository\org\apache\wicket\wicket-auth-roles\8.2.0\wicket-auth-roles-8.2.0.jar;C:\Users\xywenjie\.m2\repository\org\apache\wicket\wicket-devutils\8.2.0\wicket-devutils-8.2.0.jar;C:\Users\xywenjie\.m2\repository\org\apache\wicket\wicket-spring\8.2.0\wicket-spring-8.2.0.jar;C:\Users\xywenjie\.m2\repository\org\apache\wicket\wicket-ioc\8.2.0\wicket-ioc-8.2.0.jar;C:\Users\xywenjie\.m2\repository\cglib\cglib\3.2.6\cglib-3.2.6.jar;C:\Users\xywenjie\.m2\repository\org\apache\ant\ant\1.9.6\ant-1.9.6.jar;C:\Users\xywenjie\.m2\repository\org\apache\ant\ant-launcher\1.9.6\ant-launcher-1.9.6.jar;C:\Users\xywenjie\.m2\repository\org\ow2\asm\asm-util\6.2\asm-util-6.2.jar;C:\Users\xywenjie\.m2\repository\org\ow2\asm\asm\6.2\asm-6.2.jar;C:\Users\xywenjie\.m2\repository\org\ow2\asm\asm-tree\6.2\asm-tree-6.2.jar;C:\Users\xywenjie\.m2\repository\org\ow2\asm\asm-analysis\6.2\asm-analysis-6.2.jar;C:\Users\xywenjie\.m2\repository\org\apache\wicket\wicket-extensions\8.2.0\wicket-extensions-8.2.0.jar;C:\Users\xywenjie\.m2\repository\de\agilecoders\wicket\webjars\wicket-webjars\2.0.8\wicket-webjars-2.0.8.jar;C:\Users\xywenjie\.m2\repository\org\webjars\jquery\1.11.0\jquery-1.11.0.jar;C:\Users\xywenjie\.m2\repository\org\webjars\bootstrap\3.3.7-1\bootstrap-3.3.7-1.jar;C:\Users\xywenjie\.m2\repository\org\webjars\font-awesome\4.7.0\font-awesome-4.7.0.jar;C:\Users\xywenjie\.m2\repository\org\webjars\bower\jquery-icheck\1.0.2\jquery-icheck-1.0.2.jar;C:\Users\xywenjie\.m2\repository\org\webjars\bower\jquery\3.4.0\jquery-3.4.0.jar;C:\Users\xywenjie\.m2\repository\org\liquibase\liquibase-core\3.6.2\liquibase-core-3.6.2.jar;C:\Users\xywenjie\.m2\repository\org\yaml\snakeyaml\1.18\snakeyaml-1.18.jar;C:\Users\xywenjie\.m2\repository\ch\qos\logback\logback-classic\1.2.3\logback-classic-1.2.3.jar;C:\Users\xywenjie\.m2\repository\ch\qos\logback\logback-core\1.2.3\logback-core-1.2.3.jar;C:\Users\xywenjie\.m2\repository\com\querydsl\querydsl-jpa\4.2.1\querydsl-jpa-4.2.1.jar;C:\Users\xywenjie\.m2\repository\com\querydsl\querydsl-core\4.2.1\querydsl-core-4.2.1.jar;C:\Users\xywenjie\.m2\repository\com\google\code\findbugs\jsr305\1.3.9\jsr305-1.3.9.jar;C:\Users\xywenjie\.m2\repository\com\mysema\commons\mysema-commons-lang\0.2.4\mysema-commons-lang-0.2.4.jar;C:\Users\xywenjie\.m2\repository\com\infradna\tool\bridge-method-annotation\1.13\bridge-method-annotation-1.13.jar;C:\Users\xywenjie\.m2\repository\javax\inject\javax.inject\1\javax.inject-1.jar;C:\Users\xywenjie\.m2\repository\org\seleniumhq\selenium\selenium-firefox-driver\3.14.0\selenium-firefox-driver-3.14.0.jar;C:\Users\xywenjie\.m2\repository\org\seleniumhq\selenium\selenium-api\3.14.0\selenium-api-3.14.0.jar;C:\Users\xywenjie\.m2\repository\org\seleniumhq\selenium\selenium-remote-driver\3.14.0\selenium-remote-driver-3.14.0.jar;C:\Users\xywenjie\.m2\repository\net\bytebuddy\byte-buddy\1.8.15\byte-buddy-1.8.15.jar;C:\Users\xywenjie\.m2\repository\org\apache\commons\commons-exec\1.3\commons-exec-1.3.jar;C:\Users\xywenjie\.m2\repository\commons-logging\commons-logging\1.2\commons-logging-1.2.jar;C:\Users\xywenjie\.m2\repository\com\google\guava\guava\25.0-jre\guava-25.0-jre.jar;C:\Users\xywenjie\.m2\repository\org\checkerframework\checker-compat-qual\2.0.0\checker-compat-qual-2.0.0.jar;C:\Users\xywenjie\.m2\repository\com\google\errorprone\error_prone_annotations\2.1.3\error_prone_annotations-2.1.3.jar;C:\Users\xywenjie\.m2\repository\com\google\j2objc\j2objc-annotations\1.1\j2objc-annotations-1.1.jar;C:\Users\xywenjie\.m2\repository\org\codehaus\mojo\animal-sniffer-annotations\1.14\animal-sniffer-annotations-1.14.jar;C:\Users\xywenjie\.m2\repository\org\apache\httpcomponents\httpcore\4.4.9\httpcore-4.4.9.jar;C:\Users\xywenjie\.m2\repository\com\squareup\okhttp3\okhttp\3.10.0\okhttp-3.10.0.jar;C:\Users\xywenjie\.m2\repository\com\squareup\okio\okio\1.14.1\okio-1.14.1.jar;C:\Users\xywenjie\.m2\repository\org\seleniumhq\selenium\selenium-htmlunit-driver\2.32.0\selenium-htmlunit-driver-2.32.0.jar;C:\Users\xywenjie\.m2\repository\net\sourceforge\htmlunit\htmlunit\2.32\htmlunit-2.32.jar;C:\Users\xywenjie\.m2\repository\xalan\xalan\2.7.2\xalan-2.7.2.jar;C:\Users\xywenjie\.m2\repository\xalan\serializer\2.7.2\serializer-2.7.2.jar;C:\Users\xywenjie\.m2\repository\org\apache\commons\commons-lang3\3.7\commons-lang3-3.7.jar;C:\Users\xywenjie\.m2\repository\org\apache\commons\commons-text\1.4\commons-text-1.4.jar;C:\Users\xywenjie\.m2\repository\org\apache\httpcomponents\httpmime\4.5.6\httpmime-4.5.6.jar;C:\Users\xywenjie\.m2\repository\net\sourceforge\htmlunit\htmlunit-core-js\2.32\htmlunit-core-js-2.32.jar;C:\Users\xywenjie\.m2\repository\net\sourceforge\htmlunit\neko-htmlunit\2.32\neko-htmlunit-2.32.jar;C:\Users\xywenjie\.m2\repository\xerces\xercesImpl\2.11.0\xercesImpl-2.11.0.jar;C:\Users\xywenjie\.m2\repository\net\sourceforge\htmlunit\htmlunit-cssparser\1.1.0\htmlunit-cssparser-1.1.0.jar;C:\Users\xywenjie\.m2\repository\commons-net\commons-net\3.6\commons-net-3.6.jar;C:\Users\xywenjie\.m2\repository\org\eclipse\jetty\websocket\websocket-client\9.4.11.v20180605\websocket-client-9.4.11.v20180605.jar;C:\Users\xywenjie\.m2\repository\org\eclipse\jetty\jetty-client\9.4.11.v20180605\jetty-client-9.4.11.v20180605.jar;C:\Users\xywenjie\.m2\repository\org\eclipse\jetty\jetty-http\9.4.11.v20180605\jetty-http-9.4.11.v20180605.jar;C:\Users\xywenjie\.m2\repository\org\eclipse\jetty\jetty-xml\9.4.11.v20180605\jetty-xml-9.4.11.v20180605.jar;C:\Users\xywenjie\.m2\repository\org\eclipse\jetty\jetty-util\9.4.11.v20180605\jetty-util-9.4.11.v20180605.jar;C:\Users\xywenjie\.m2\repository\org\eclipse\jetty\jetty-io\9.4.11.v20180605\jetty-io-9.4.11.v20180605.jar;C:\Users\xywenjie\.m2\repository\org\eclipse\jetty\websocket\websocket-common\9.4.11.v20180605\websocket-common-9.4.11.v20180605.jar;C:\Users\xywenjie\.m2\repository\org\eclipse\jetty\websocket\websocket-api\9.4.11.v20180605\websocket-api-9.4.11.v20180605.jar;C:\Users\xywenjie\.m2\repository\xml-apis\xml-apis\1.4.01\xml-apis-1.4.01.jar;C:\Users\xywenjie\.m2\repository\org\springframework\security\spring-security-test\4.2.7.RELEASE\spring-security-test-4.2.7.RELEASE.jar;C:\Users\xywenjie\.m2\repository\org\springframework\spring-core\4.3.18.RELEASE\spring-core-4.3.18.RELEASE.jar;C:\Users\xywenjie\.m2\repository\org\springframework\hateoas\spring-hateoas\0.25.0.RELEASE\spring-hateoas-0.25.0.RELEASE.jar;C:\Users\xywenjie\.m2\repository\org\springframework\spring-aop\4.3.18.RELEASE\spring-aop-4.3.18.RELEASE.jar;C:\Users\xywenjie\.m2\repository\org\springframework\spring-beans\4.3.18.RELEASE\spring-beans-4.3.18.RELEASE.jar;C:\Users\xywenjie\.m2\repository\org\springframework\spring-context\4.3.18.RELEASE\spring-context-4.3.18.RELEASE.jar;C:\Users\xywenjie\.m2\repository\org\springframework\spring-web\4.3.18.RELEASE\spring-web-4.3.18.RELEASE.jar;C:\Users\xywenjie\.m2\repository\org\apache\tomcat\tomcat-catalina\8.0.48\tomcat-catalina-8.0.48.jar;C:\Users\xywenjie\.m2\repository\org\apache\tomcat\tomcat-servlet-api\8.0.48\tomcat-servlet-api-8.0.48.jar;C:\Users\xywenjie\.m2\repository\org\apache\tomcat\tomcat-jsp-api\8.0.48\tomcat-jsp-api-8.0.48.jar;C:\Users\xywenjie\.m2\repository\org\apache\tomcat\tomcat-el-api\8.0.48\tomcat-el-api-8.0.48.jar;C:\Users\xywenjie\.m2\repository\org\apache\tomcat\tomcat-juli\8.0.48\tomcat-juli-8.0.48.jar;C:\Users\xywenjie\.m2\repository\org\apache\tomcat\tomcat-annotations-api\8.0.48\tomcat-annotations-api-8.0.48.jar;C:\Users\xywenjie\.m2\repository\org\apache\tomcat\tomcat-api\8.0.48\tomcat-api-8.0.48.jar;C:\Users\xywenjie\.m2\repository\org\apache\tomcat\tomcat-jni\8.0.48\tomcat-jni-8.0.48.jar;C:\Users\xywenjie\.m2\repository\org\apache\tomcat\tomcat-coyote\8.0.48\tomcat-coyote-8.0.48.jar;C:\Users\xywenjie\.m2\repository\org\apache\tomcat\tomcat-util\8.0.48\tomcat-util-8.0.48.jar;C:\Users\xywenjie\.m2\repository\org\apache\tomcat\tomcat-util-scan\8.0.48\tomcat-util-scan-8.0.48.jar;C:\Users\xywenjie\.m2\repository\org\thymeleaf\thymeleaf-spring4\3.0.9.RELEASE\thymeleaf-spring4-3.0.9.RELEASE.jar;C:\Users\xywenjie\.m2\repository\org\thymeleaf\thymeleaf\3.0.9.RELEASE\thymeleaf-3.0.9.RELEASE.jar;C:\Users\xywenjie\.m2\repository\org\attoparser\attoparser\2.0.4.RELEASE\attoparser-2.0.4.RELEASE.jar;C:\Users\xywenjie\.m2\repository\org\unbescape\unbescape\1.1.5.RELEASE\unbescape-1.1.5.RELEASE.jar;C:\Users\xywenjie\.m2\repository\org\apache\httpcomponents\httpclient\4.5.6\httpclient-4.5.6.jar;C:\Users\xywenjie\.m2\repository\junit\junit\4.12\junit-4.12.jar;C:\Users\xywenjie\.m2\repository\org\hamcrest\hamcrest-core\1.3\hamcrest-core-1.3.jar;C:\Users\xywenjie\.m2\repository\org\springframework\spring-webmvc\4.3.18.RELEASE\spring-webmvc-4.3.18.RELEASE.jar;C:\Users\xywenjie\.m2\repository\org\springframework\spring-expression\4.3.18.RELEASE\spring-expression-4.3.18.RELEASE.jar;C:\Users\xywenjie\.m2\repository\org\springframework\spring-test\4.3.18.RELEASE\spring-test-4.3.18.RELEASE.jar;C:\Users\xywenjie\.m2\repository\org\springframework\spring-tx\4.3.18.RELEASE\spring-tx-4.3.18.RELEASE.jar;C:\Users\xywenjie\.m2\repository\org\springframework\security\spring-security-core\4.2.7.RELEASE\spring-security-core-4.2.7.RELEASE.jar;C:\Users\xywenjie\.m2\repository\aopalliance\aopalliance\1.0\aopalliance-1.0.jar;C:\Users\xywenjie\.m2\repository\org\springframework\security\spring-security-web\4.2.7.RELEASE\spring-security-web-4.2.7.RELEASE.jar;C:\Users\xywenjie\.m2\repository\org\springframework\security\spring-security-config\4.2.7.RELEASE\spring-security-config-4.2.7.RELEASE.jar;C:\Users\xywenjie\.m2\repository\org\springframework\webflow\spring-webflow\2.5.0.RELEASE\spring-webflow-2.5.0.RELEASE.jar;C:\Users\xywenjie\.m2\repository\org\springframework\webflow\spring-binding\2.5.0.RELEASE\spring-binding-2.5.0.RELEASE.jar;C:\Users\xywenjie\.m2\repository\org\apache\tiles\tiles-jsp\3.0.8\tiles-jsp-3.0.8.jar;C:\Users\xywenjie\.m2\repository\org\apache\tiles\tiles-servlet\3.0.8\tiles-servlet-3.0.8.jar;C:\Users\xywenjie\.m2\repository\org\apache\tiles\tiles-core\3.0.8\tiles-core-3.0.8.jar;C:\Users\xywenjie\.m2\repository\commons-digester\commons-digester\2.0\commons-digester-2.0.jar;C:\Users\xywenjie\.m2\repository\org\apache\tiles\tiles-request-servlet\1.0.7\tiles-request-servlet-1.0.7.jar;C:\Users\xywenjie\.m2\repository\org\apache\tiles\tiles-template\3.0.8\tiles-template-3.0.8.jar;C:\Users\xywenjie\.m2\repository\org\apache\tiles\tiles-api\3.0.8\tiles-api-3.0.8.jar;C:\Users\xywenjie\.m2\repository\org\apache\tiles\tiles-autotag-core-runtime\1.2\tiles-autotag-core-runtime-1.2.jar;C:\Users\xywenjie\.m2\repository\org\apache\tiles\tiles-request-jsp\1.0.7\tiles-request-jsp-1.0.7.jar;C:\Users\xywenjie\.m2\repository\org\apache\tiles\tiles-request-api\1.0.7\tiles-request-api-1.0.7.jar;C:\Users\xywenjie\.m2\repository\org\activiti\activiti-engine\5.22.0\activiti-engine-5.22.0.jar;C:\Users\xywenjie\.m2\repository\org\activiti\activiti-bpmn-converter\5.22.0\activiti-bpmn-converter-5.22.0.jar;C:\Users\xywenjie\.m2\repository\org\activiti\activiti-bpmn-model\5.22.0\activiti-bpmn-model-5.22.0.jar;C:\Users\xywenjie\.m2\repository\org\activiti\activiti-process-validation\5.22.0\activiti-process-validation-5.22.0.jar;C:\Users\xywenjie\.m2\repository\org\activiti\activiti-image-generator\5.22.0\activiti-image-generator-5.22.0.jar;C:\Users\xywenjie\.m2\repository\org\apache\commons\commons-email\1.4\commons-email-1.4.jar;C:\Users\xywenjie\.m2\repository\com\sun\mail\javax.mail\1.5.2\javax.mail-1.5.2.jar;C:\Users\xywenjie\.m2\repository\javax\activation\activation\1.1.1\activation-1.1.1.jar;C:\Users\xywenjie\.m2\repository\org\mybatis\mybatis\3.3.0\mybatis-3.3.0.jar;C:\Users\xywenjie\.m2\repository\joda-time\joda-time\2.6\joda-time-2.6.jar;C:\Users\xywenjie\.m2\repository\org\slf4j\jcl-over-slf4j\1.7.6\jcl-over-slf4j-1.7.6.jar;C:\Users\xywenjie\.m2\repository\org\activiti\activiti-spring\5.22.0\activiti-spring-5.22.0.jar;C:\Users\xywenjie\.m2\repository\org\springframework\spring-jdbc\4.1.5.RELEASE\spring-jdbc-4.1.5.RELEASE.jar;C:\Users\xywenjie\.m2\repository\org\springframework\spring-orm\4.1.5.RELEASE\spring-orm-4.1.5.RELEASE.jar;C:\Users\xywenjie\.m2\repository\commons-dbcp\commons-dbcp\1.4\commons-dbcp-1.4.jar;C:\Users\xywenjie\.m2\repository\commons-pool\commons-pool\1.5.4\commons-pool-1.5.4.jar;C:\Users\xywenjie\.m2\repository\org\hibernate\hibernate-entitymanager\4.3.11.Final\hibernate-entitymanager-4.3.11.Final.jar;C:\Users\xywenjie\.m2\repository\org\jboss\logging\jboss-logging-annotations\1.2.0.Beta1\jboss-logging-annotations-1.2.0.Beta1.jar;C:\Users\xywenjie\.m2\repository\org\hibernate\hibernate-core\4.3.11.Final\hibernate-core-4.3.11.Final.jar;C:\Users\xywenjie\.m2\repository\antlr\antlr\2.7.7\antlr-2.7.7.jar;C:\Users\xywenjie\.m2\repository\org\jboss\jandex\1.1.0.Final\jandex-1.1.0.Final.jar;C:\Users\xywenjie\.m2\repository\dom4j\dom4j\1.6.1\dom4j-1.6.1.jar;C:\Users\xywenjie\.m2\repository\org\hibernate\common\hibernate-commons-annotations\4.0.5.Final\hibernate-commons-annotations-4.0.5.Final.jar;C:\Users\xywenjie\.m2\repository\org\hibernate\javax\persistence\hibernate-jpa-2.1-api\1.0.0.Final\hibernate-jpa-2.1-api-1.0.0.Final.jar;C:\Users\xywenjie\.m2\repository\org\jboss\spec\javax\transaction\jboss-transaction-api_1.2_spec\1.0.0.Final\jboss-transaction-api_1.2_spec-1.0.0.Final.jar;C:\Users\xywenjie\.m2\repository\org\javassist\javassist\3.18.1-GA\javassist-3.18.1-GA.jar;C:\Users\xywenjie\.m2\repository\org\hibernate\validator\hibernate-validator\6.0.13.Final\hibernate-validator-6.0.13.Final.jar;C:\Users\xywenjie\.m2\repository\javax\validation\validation-api\2.0.1.Final\validation-api-2.0.1.Final.jar;C:\Users\xywenjie\.m2\repository\com\fasterxml\classmate\1.3.4\classmate-1.3.4.jar;C:\Users\xywenjie\.m2\repository\org\jboss\logging\jboss-logging\3.3.2.Final\jboss-logging-3.3.2.Final.jar;C:\Users\xywenjie\.m2\repository\org\springframework\data\spring-data-jpa\1.11.6.RELEASE\spring-data-jpa-1.11.6.RELEASE.jar;C:\Users\xywenjie\.m2\repository\org\springframework\data\spring-data-commons\1.13.6.RELEASE\spring-data-commons-1.13.6.RELEASE.jar;C:\Users\xywenjie\.m2\repository\org\aspectj\aspectjrt\1.8.10\aspectjrt-1.8.10.jar;C:\Users\xywenjie\.m2\repository\org\apache\logging\log4j\log4j-core\2.11.0\log4j-core-2.11.0.jar;C:\Users\xywenjie\.m2\repository\org\apache\logging\log4j\log4j-api\2.11.0\log4j-api-2.11.0.jar;C:\Users\xywenjie\.m2\repository\org\apache\logging\log4j\log4j-slf4j-impl\2.11.0\log4j-slf4j-impl-2.11.0.jar;C:\Users\xywenjie\.m2\repository\javax\servlet\jstl\1.2\jstl-1.2.jar;C:\Users\xywenjie\.m2\repository\org\glassfish\web\jstl-impl\1.2\jstl-impl-1.2.jar;C:\Users\xywenjie\.m2\repository\javax\servlet\servlet-api\2.5\servlet-api-2.5.jar;C:\Users\xywenjie\.m2\repository\javax\servlet\jsp\jsp-api\2.1\jsp-api-2.1.jar;C:\Users\xywenjie\.m2\repository\javax\servlet\jsp\jstl\jstl-api\1.2\jstl-api-1.2.jar;C:\Users\xywenjie\.m2\repository\org\apache\commons\commons-dbcp2\2.1.1\commons-dbcp2-2.1.1.jar;C:\Users\xywenjie\.m2\repository\org\apache\commons\commons-pool2\2.4.2\commons-pool2-2.4.2.jar;C:\Users\xywenjie\.m2\repository\commons-codec\commons-codec\1.11\commons-codec-1.11.jar;C:\Users\xywenjie\.m2\repository\commons-io\commons-io\2.6\commons-io-2.6.jar;C:\Users\xywenjie\.m2\repository\commons-fileupload\commons-fileupload\1.3.3\commons-fileupload-1.3.3.jar;C:\Users\xywenjie\.m2\repository\com\fasterxml\jackson\core\jackson-core\2.9.5\jackson-core-2.9.5.jar;C:\Users\xywenjie\.m2\repository\com\fasterxml\jackson\core\jackson-databind\2.9.5\jackson-databind-2.9.5.jar;C:\Users\xywenjie\.m2\repository\com\fasterxml\jackson\core\jackson-annotations\2.9.5\jackson-annotations-2.9.5.jar;C:\Users\xywenjie\.m2\repository\mysql\mysql-connector-java\5.1.41\mysql-connector-java-5.1.41.jar;, java.specification.name=Java Platform API Specification, java.class.version=52.0, sun.management.compiler=HotSpot 64-Bit Tiered Compilers, os.version=10.0, user.home=C:\Users\xywenjie, user.timezone=Asia/Shanghai, java.awt.printerjob=sun.awt.windows.WPrinterJob, file.encoding=GBK, java.specification.version=1.8, java.class.path=C:\Users\xywenjie\git\erp\erp-loan\target\test-classes;C:\Users\xywenjie\git\erp\erp-loan\target\classes;C:\Users\xywenjie\git\erp\erp-web-basic\target\erp.jar;C:\Users\xywenjie\.m2\repository\org\wicketstuff\wicketstuff-shiro\8.2.0\wicketstuff-shiro-8.2.0.jar;C:\Users\xywenjie\.m2\repository\org\apache\shiro\shiro-core\1.4.0\shiro-core-1.4.0.jar;C:\Users\xywenjie\.m2\repository\org\apache\shiro\shiro-lang\1.4.0\shiro-lang-1.4.0.jar;C:\Users\xywenjie\.m2\repository\org\apache\shiro\shiro-cache\1.4.0\shiro-cache-1.4.0.jar;C:\Users\xywenjie\.m2\repository\org\apache\shiro\shiro-crypto-hash\1.4.0\shiro-crypto-hash-1.4.0.jar;C:\Users\xywenjie\.m2\repository\org\apache\shiro\shiro-crypto-core\1.4.0\shiro-crypto-core-1.4.0.jar;C:\Users\xywenjie\.m2\repository\org\apache\shiro\shiro-crypto-cipher\1.4.0\shiro-crypto-cipher-1.4.0.jar;C:\Users\xywenjie\.m2\repository\org\apache\shiro\shiro-config-core\1.4.0\shiro-config-core-1.4.0.jar;C:\Users\xywenjie\.m2\repository\org\apache\shiro\shiro-config-ogdl\1.4.0\shiro-config-ogdl-1.4.0.jar;C:\Users\xywenjie\.m2\repository\commons-beanutils\commons-beanutils\1.9.3\commons-beanutils-1.9.3.jar;C:\Users\xywenjie\.m2\repository\commons-collections\commons-collections\3.2.2\commons-collections-3.2.2.jar;C:\Users\xywenjie\.m2\repository\org\apache\shiro\shiro-event\1.4.0\shiro-event-1.4.0.jar;C:\Users\xywenjie\.m2\repository\org\apache\shiro\shiro-web\1.4.0\shiro-web-1.4.0.jar;C:\Users\xywenjie\.m2\repository\org\wicketstuff\wicketstuff-annotation\8.2.0\wicketstuff-annotation-8.2.0.jar;C:\Users\xywenjie\.m2\repository\org\apache\shiro\shiro-spring\1.4.0\shiro-spring-1.4.0.jar;C:\Users\xywenjie\.m2\repository\org\webjars\npm\icheck\1.0.2\icheck-1.0.2.jar;C:\Users\xywenjie\.m2\repository\org\webjars\ionicons\2.0.1\ionicons-2.0.1.jar;C:\Users\xywenjie\.m2\repository\org\webjars\bower\bootstrap-fileinput\4.5.2\bootstrap-fileinput-4.5.2.jar;C:\Users\xywenjie\.m2\repository\org\webjars\jquery-ui\1.12.1\jquery-ui-1.12.1.jar;C:\Users\xywenjie\.m2\repository\org\apache\wicket\wicket-core\8.2.0\wicket-core-8.2.0.jar;C:\Users\xywenjie\.m2\repository\com\github\openjson\openjson\1.0.8\openjson-1.0.8.jar;C:\Users\xywenjie\.m2\repository\org\apache\wicket\wicket-request\8.2.0\wicket-request-8.2.0.jar;C:\Users\xywenjie\.m2\repository\org\apache\wicket\wicket-util\8.2.0\wicket-util-8.2.0.jar;C:\Users\xywenjie\.m2\repository\org\apache\commons\commons-collections4\4.1\commons-collections4-4.1.jar;C:\Users\xywenjie\.m2\repository\org\danekja\jdk-serializable-functional\1.8.3\jdk-serializable-functional-1.8.3.jar;C:\Users\xywenjie\.m2\repository\org\slf4j\slf4j-api\1.7.25\slf4j-api-1.7.25.jar;C:\Users\xywenjie\.m2\repository\org\apache\wicket\wicket-bean-validation\8.2.0\wicket-bean-validation-8.2.0.jar;C:\Users\xywenjie\.m2\repository\org\apache\wicket\wicket-auth-roles\8.2.0\wicket-auth-roles-8.2.0.jar;C:\Users\xywenjie\.m2\repository\org\apache\wicket\wicket-devutils\8.2.0\wicket-devutils-8.2.0.jar;C:\Users\xywenjie\.m2\repository\org\apache\wicket\wicket-spring\8.2.0\wicket-spring-8.2.0.jar;C:\Users\xywenjie\.m2\repository\org\apache\wicket\wicket-ioc\8.2.0\wicket-ioc-8.2.0.jar;C:\Users\xywenjie\.m2\repository\cglib\cglib\3.2.6\cglib-3.2.6.jar;C:\Users\xywenjie\.m2\repository\org\apache\ant\ant\1.9.6\ant-1.9.6.jar;C:\Users\xywenjie\.m2\repository\org\apache\ant\ant-launcher\1.9.6\ant-launcher-1.9.6.jar;C:\Users\xywenjie\.m2\repository\org\ow2\asm\asm-util\6.2\asm-util-6.2.jar;C:\Users\xywenjie\.m2\repository\org\ow2\asm\asm\6.2\asm-6.2.jar;C:\Users\xywenjie\.m2\repository\org\ow2\asm\asm-tree\6.2\asm-tree-6.2.jar;C:\Users\xywenjie\.m2\repository\org\ow2\asm\asm-analysis\6.2\asm-analysis-6.2.jar;C:\Users\xywenjie\.m2\repository\org\apache\wicket\wicket-extensions\8.2.0\wicket-extensions-8.2.0.jar;C:\Users\xywenjie\.m2\repository\de\agilecoders\wicket\webjars\wicket-webjars\2.0.8\wicket-webjars-2.0.8.jar;C:\Users\xywenjie\.m2\repository\org\webjars\jquery\1.11.0\jquery-1.11.0.jar;C:\Users\xywenjie\.m2\repository\org\webjars\bootstrap\3.3.7-1\bootstrap-3.3.7-1.jar;C:\Users\xywenjie\.m2\repository\org\webjars\font-awesome\4.7.0\font-awesome-4.7.0.jar;C:\Users\xywenjie\.m2\repository\org\webjars\bower\jquery-icheck\1.0.2\jquery-icheck-1.0.2.jar;C:\Users\xywenjie\.m2\repository\org\webjars\bower\jquery\3.4.0\jquery-3.4.0.jar;C:\Users\xywenjie\.m2\repository\org\liquibase\liquibase-core\3.6.2\liquibase-core-3.6.2.jar;C:\Users\xywenjie\.m2\repository\org\yaml\snakeyaml\1.18\snakeyaml-1.18.jar;C:\Users\xywenjie\.m2\repository\ch\qos\logback\logback-classic\1.2.3\logback-classic-1.2.3.jar;C:\Users\xywenjie\.m2\repository\ch\qos\logback\logback-core\1.2.3\logback-core-1.2.3.jar;C:\Users\xywenjie\.m2\repository\com\querydsl\querydsl-jpa\4.2.1\querydsl-jpa-4.2.1.jar;C:\Users\xywenjie\.m2\repository\com\querydsl\querydsl-core\4.2.1\querydsl-core-4.2.1.jar;C:\Users\xywenjie\.m2\repository\com\google\code\findbugs\jsr305\1.3.9\jsr305-1.3.9.jar;C:\Users\xywenjie\.m2\repository\com\mysema\commons\mysema-commons-lang\0.2.4\mysema-commons-lang-0.2.4.jar;C:\Users\xywenjie\.m2\repository\com\infradna\tool\bridge-method-annotation\1.13\bridge-method-annotation-1.13.jar;C:\Users\xywenjie\.m2\repository\javax\inject\javax.inject\1\javax.inject-1.jar;C:\Users\xywenjie\.m2\repository\org\seleniumhq\selenium\selenium-firefox-driver\3.14.0\selenium-firefox-driver-3.14.0.jar;C:\Users\xywenjie\.m2\repository\org\seleniumhq\selenium\selenium-api\3.14.0\selenium-api-3.14.0.jar;C:\Users\xywenjie\.m2\repository\org\seleniumhq\selenium\selenium-remote-driver\3.14.0\selenium-remote-driver-3.14.0.jar;C:\Users\xywenjie\.m2\repository\net\bytebuddy\byte-buddy\1.8.15\byte-buddy-1.8.15.jar;C:\Users\xywenjie\.m2\repository\org\apache\commons\commons-exec\1.3\commons-exec-1.3.jar;C:\Users\xywenjie\.m2\repository\commons-logging\commons-logging\1.2\commons-logging-1.2.jar;C:\Users\xywenjie\.m2\repository\com\google\guava\guava\25.0-jre\guava-25.0-jre.jar;C:\Users\xywenjie\.m2\repository\org\checkerframework\checker-compat-qual\2.0.0\checker-compat-qual-2.0.0.jar;C:\Users\xywenjie\.m2\repository\com\google\errorprone\error_prone_annotations\2.1.3\error_prone_annotations-2.1.3.jar;C:\Users\xywenjie\.m2\repository\com\google\j2objc\j2objc-annotations\1.1\j2objc-annotations-1.1.jar;C:\Users\xywenjie\.m2\repository\org\codehaus\mojo\animal-sniffer-annotations\1.14\animal-sniffer-annotations-1.14.jar;C:\Users\xywenjie\.m2\repository\org\apache\httpcomponents\httpcore\4.4.9\httpcore-4.4.9.jar;C:\Users\xywenjie\.m2\repository\com\squareup\okhttp3\okhttp\3.10.0\okhttp-3.10.0.jar;C:\Users\xywenjie\.m2\repository\com\squareup\okio\okio\1.14.1\okio-1.14.1.jar;C:\Users\xywenjie\.m2\repository\org\seleniumhq\selenium\selenium-htmlunit-driver\2.32.0\selenium-htmlunit-driver-2.32.0.jar;C:\Users\xywenjie\.m2\repository\net\sourceforge\htmlunit\htmlunit\2.32\htmlunit-2.32.jar;C:\Users\xywenjie\.m2\repository\xalan\xalan\2.7.2\xalan-2.7.2.jar;C:\Users\xywenjie\.m2\repository\xalan\serializer\2.7.2\serializer-2.7.2.jar;C:\Users\xywenjie\.m2\repository\org\apache\commons\commons-lang3\3.7\commons-lang3-3.7.jar;C:\Users\xywenjie\.m2\repository\org\apache\commons\commons-text\1.4\commons-text-1.4.jar;C:\Users\xywenjie\.m2\repository\org\apache\httpcomponents\httpmime\4.5.6\httpmime-4.5.6.jar;C:\Users\xywenjie\.m2\repository\net\sourceforge\htmlunit\htmlunit-core-js\2.32\htmlunit-core-js-2.32.jar;C:\Users\xywenjie\.m2\repository\net\sourceforge\htmlunit\neko-htmlunit\2.32\neko-htmlunit-2.32.jar;C:\Users\xywenjie\.m2\repository\xerces\xercesImpl\2.11.0\xercesImpl-2.11.0.jar;C:\Users\xywenjie\.m2\repository\net\sourceforge\htmlunit\htmlunit-cssparser\1.1.0\htmlunit-cssparser-1.1.0.jar;C:\Users\xywenjie\.m2\repository\commons-net\commons-net\3.6\commons-net-3.6.jar;C:\Users\xywenjie\.m2\repository\org\eclipse\jetty\websocket\websocket-client\9.4.11.v20180605\websocket-client-9.4.11.v20180605.jar;C:\Users\xywenjie\.m2\repository\org\eclipse\jetty\jetty-client\9.4.11.v20180605\jetty-client-9.4.11.v20180605.jar;C:\Users\xywenjie\.m2\repository\org\eclipse\jetty\jetty-http\9.4.11.v20180605\jetty-http-9.4.11.v20180605.jar;C:\Users\xywenjie\.m2\repository\org\eclipse\jetty\jetty-xml\9.4.11.v20180605\jetty-xml-9.4.11.v20180605.jar;C:\Users\xywenjie\.m2\repository\org\eclipse\jetty\jetty-util\9.4.11.v20180605\jetty-util-9.4.11.v20180605.jar;C:\Users\xywenjie\.m2\repository\org\eclipse\jetty\jetty-io\9.4.11.v20180605\jetty-io-9.4.11.v20180605.jar;C:\Users\xywenjie\.m2\repository\org\eclipse\jetty\websocket\websocket-common\9.4.11.v20180605\websocket-common-9.4.11.v20180605.jar;C:\Users\xywenjie\.m2\repository\org\eclipse\jetty\websocket\websocket-api\9.4.11.v20180605\websocket-api-9.4.11.v20180605.jar;C:\Users\xywenjie\.m2\repository\xml-apis\xml-apis\1.4.01\xml-apis-1.4.01.jar;C:\Users\xywenjie\.m2\repository\org\springframework\security\spring-security-test\4.2.7.RELEASE\spring-security-test-4.2.7.RELEASE.jar;C:\Users\xywenjie\.m2\repository\org\springframework\spring-core\4.3.18.RELEASE\spring-core-4.3.18.RELEASE.jar;C:\Users\xywenjie\.m2\repository\org\springframework\hateoas\spring-hateoas\0.25.0.RELEASE\spring-hateoas-0.25.0.RELEASE.jar;C:\Users\xywenjie\.m2\repository\org\springframework\spring-aop\4.3.18.RELEASE\spring-aop-4.3.18.RELEASE.jar;C:\Users\xywenjie\.m2\repository\org\springframework\spring-beans\4.3.18.RELEASE\spring-beans-4.3.18.RELEASE.jar;C:\Users\xywenjie\.m2\repository\org\springframework\spring-context\4.3.18.RELEASE\spring-context-4.3.18.RELEASE.jar;C:\Users\xywenjie\.m2\repository\org\springframework\spring-web\4.3.18.RELEASE\spring-web-4.3.18.RELEASE.jar;C:\Users\xywenjie\.m2\repository\org\apache\tomcat\tomcat-catalina\8.0.48\tomcat-catalina-8.0.48.jar;C:\Users\xywenjie\.m2\repository\org\apache\tomcat\tomcat-servlet-api\8.0.48\tomcat-servlet-api-8.0.48.jar;C:\Users\xywenjie\.m2\repository\org\apache\tomcat\tomcat-jsp-api\8.0.48\tomcat-jsp-api-8.0.48.jar;C:\Users\xywenjie\.m2\repository\org\apache\tomcat\tomcat-el-api\8.0.48\tomcat-el-api-8.0.48.jar;C:\Users\xywenjie\.m2\repository\org\apache\tomcat\tomcat-juli\8.0.48\tomcat-juli-8.0.48.jar;C:\Users\xywenjie\.m2\repository\org\apache\tomcat\tomcat-annotations-api\8.0.48\tomcat-annotations-api-8.0.48.jar;C:\Users\xywenjie\.m2\repository\org\apache\tomcat\tomcat-api\8.0.48\tomcat-api-8.0.48.jar;C:\Users\xywenjie\.m2\repository\org\apache\tomcat\tomcat-jni\8.0.48\tomcat-jni-8.0.48.jar;C:\Users\xywenjie\.m2\repository\org\apache\tomcat\tomcat-coyote\8.0.48\tomcat-coyote-8.0.48.jar;C:\Users\xywenjie\.m2\repository\org\apache\tomcat\tomcat-util\8.0.48\tomcat-util-8.0.48.jar;C:\Users\xywenjie\.m2\repository\org\apache\tomcat\tomcat-util-scan\8.0.48\tomcat-util-scan-8.0.48.jar;C:\Users\xywenjie\.m2\repository\org\thymeleaf\thymeleaf-spring4\3.0.9.RELEASE\thymeleaf-spring4-3.0.9.RELEASE.jar;C:\Users\xywenjie\.m2\repository\org\thymeleaf\thymeleaf\3.0.9.RELEASE\thymeleaf-3.0.9.RELEASE.jar;C:\Users\xywenjie\.m2\repository\org\attoparser\attoparser\2.0.4.RELEASE\attoparser-2.0.4.RELEASE.jar;C:\Users\xywenjie\.m2\repository\org\unbescape\unbescape\1.1.5.RELEASE\unbescape-1.1.5.RELEASE.jar;C:\Users\xywenjie\.m2\repository\org\apache\httpcomponents\httpclient\4.5.6\httpclient-4.5.6.jar;C:\Users\xywenjie\.m2\repository\junit\junit\4.12\junit-4.12.jar;C:\Users\xywenjie\.m2\repository\org\hamcrest\hamcrest-core\1.3\hamcrest-core-1.3.jar;C:\Users\xywenjie\.m2\repository\org\springframework\spring-webmvc\4.3.18.RELEASE\spring-webmvc-4.3.18.RELEASE.jar;C:\Users\xywenjie\.m2\repository\org\springframework\spring-expression\4.3.18.RELEASE\spring-expression-4.3.18.RELEASE.jar;C:\Users\xywenjie\.m2\repository\org\springframework\spring-test\4.3.18.RELEASE\spring-test-4.3.18.RELEASE.jar;C:\Users\xywenjie\.m2\repository\org\springframework\spring-tx\4.3.18.RELEASE\spring-tx-4.3.18.RELEASE.jar;C:\Users\xywenjie\.m2\repository\org\springframework\security\spring-security-core\4.2.7.RELEASE\spring-security-core-4.2.7.RELEASE.jar;C:\Users\xywenjie\.m2\repository\aopalliance\aopalliance\1.0\aopalliance-1.0.jar;C:\Users\xywenjie\.m2\repository\org\springframework\security\spring-security-web\4.2.7.RELEASE\spring-security-web-4.2.7.RELEASE.jar;C:\Users\xywenjie\.m2\repository\org\springframework\security\spring-security-config\4.2.7.RELEASE\spring-security-config-4.2.7.RELEASE.jar;C:\Users\xywenjie\.m2\repository\org\springframework\webflow\spring-webflow\2.5.0.RELEASE\spring-webflow-2.5.0.RELEASE.jar;C:\Users\xywenjie\.m2\repository\org\springframework\webflow\spring-binding\2.5.0.RELEASE\spring-binding-2.5.0.RELEASE.jar;C:\Users\xywenjie\.m2\repository\org\apache\tiles\tiles-jsp\3.0.8\tiles-jsp-3.0.8.jar;C:\Users\xywenjie\.m2\repository\org\apache\tiles\tiles-servlet\3.0.8\tiles-servlet-3.0.8.jar;C:\Users\xywenjie\.m2\repository\org\apache\tiles\tiles-core\3.0.8\tiles-core-3.0.8.jar;C:\Users\xywenjie\.m2\repository\commons-digester\commons-digester\2.0\commons-digester-2.0.jar;C:\Users\xywenjie\.m2\repository\org\apache\tiles\tiles-request-servlet\1.0.7\tiles-request-servlet-1.0.7.jar;C:\Users\xywenjie\.m2\repository\org\apache\tiles\tiles-template\3.0.8\tiles-template-3.0.8.jar;C:\Users\xywenjie\.m2\repository\org\apache\tiles\tiles-api\3.0.8\tiles-api-3.0.8.jar;C:\Users\xywenjie\.m2\repository\org\apache\tiles\tiles-autotag-core-runtime\1.2\tiles-autotag-core-runtime-1.2.jar;C:\Users\xywenjie\.m2\repository\org\apache\tiles\tiles-request-jsp\1.0.7\tiles-request-jsp-1.0.7.jar;C:\Users\xywenjie\.m2\repository\org\apache\tiles\tiles-request-api\1.0.7\tiles-request-api-1.0.7.jar;C:\Users\xywenjie\.m2\repository\org\activiti\activiti-engine\5.22.0\activiti-engine-5.22.0.jar;C:\Users\xywenjie\.m2\repository\org\activiti\activiti-bpmn-converter\5.22.0\activiti-bpmn-converter-5.22.0.jar;C:\Users\xywenjie\.m2\repository\org\activiti\activiti-bpmn-model\5.22.0\activiti-bpmn-model-5.22.0.jar;C:\Users\xywenjie\.m2\repository\org\activiti\activiti-process-validation\5.22.0\activiti-process-validation-5.22.0.jar;C:\Users\xywenjie\.m2\repository\org\activiti\activiti-image-generator\5.22.0\activiti-image-generator-5.22.0.jar;C:\Users\xywenjie\.m2\repository\org\apache\commons\commons-email\1.4\commons-email-1.4.jar;C:\Users\xywenjie\.m2\repository\com\sun\mail\javax.mail\1.5.2\javax.mail-1.5.2.jar;C:\Users\xywenjie\.m2\repository\javax\activation\activation\1.1.1\activation-1.1.1.jar;C:\Users\xywenjie\.m2\repository\org\mybatis\mybatis\3.3.0\mybatis-3.3.0.jar;C:\Users\xywenjie\.m2\repository\joda-time\joda-time\2.6\joda-time-2.6.jar;C:\Users\xywenjie\.m2\repository\org\slf4j\jcl-over-slf4j\1.7.6\jcl-over-slf4j-1.7.6.jar;C:\Users\xywenjie\.m2\repository\org\activiti\activiti-spring\5.22.0\activiti-spring-5.22.0.jar;C:\Users\xywenjie\.m2\repository\org\springframework\spring-jdbc\4.1.5.RELEASE\spring-jdbc-4.1.5.RELEASE.jar;C:\Users\xywenjie\.m2\repository\org\springframework\spring-orm\4.1.5.RELEASE\spring-orm-4.1.5.RELEASE.jar;C:\Users\xywenjie\.m2\repository\commons-dbcp\commons-dbcp\1.4\commons-dbcp-1.4.jar;C:\Users\xywenjie\.m2\repository\commons-pool\commons-pool\1.5.4\commons-pool-1.5.4.jar;C:\Users\xywenjie\.m2\repository\org\hibernate\hibernate-entitymanager\4.3.11.Final\hibernate-entitymanager-4.3.11.Final.jar;C:\Users\xywenjie\.m2\repository\org\jboss\logging\jboss-logging-annotations\1.2.0.Beta1\jboss-logging-annotations-1.2.0.Beta1.jar;C:\Users\xywenjie\.m2\repository\org\hibernate\hibernate-core\4.3.11.Final\hibernate-core-4.3.11.Final.jar;C:\Users\xywenjie\.m2\repository\antlr\antlr\2.7.7\antlr-2.7.7.jar;C:\Users\xywenjie\.m2\repository\org\jboss\jandex\1.1.0.Final\jandex-1.1.0.Final.jar;C:\Users\xywenjie\.m2\repository\dom4j\dom4j\1.6.1\dom4j-1.6.1.jar;C:\Users\xywenjie\.m2\repository\org\hibernate\common\hibernate-commons-annotations\4.0.5.Final\hibernate-commons-annotations-4.0.5.Final.jar;C:\Users\xywenjie\.m2\repository\org\hibernate\javax\persistence\hibernate-jpa-2.1-api\1.0.0.Final\hibernate-jpa-2.1-api-1.0.0.Final.jar;C:\Users\xywenjie\.m2\repository\org\jboss\spec\javax\transaction\jboss-transaction-api_1.2_spec\1.0.0.Final\jboss-transaction-api_1.2_spec-1.0.0.Final.jar;C:\Users\xywenjie\.m2\repository\org\javassist\javassist\3.18.1-GA\javassist-3.18.1-GA.jar;C:\Users\xywenjie\.m2\repository\org\hibernate\validator\hibernate-validator\6.0.13.Final\hibernate-validator-6.0.13.Final.jar;C:\Users\xywenjie\.m2\repository\javax\validation\validation-api\2.0.1.Final\validation-api-2.0.1.Final.jar;C:\Users\xywenjie\.m2\repository\com\fasterxml\classmate\1.3.4\classmate-1.3.4.jar;C:\Users\xywenjie\.m2\repository\org\jboss\logging\jboss-logging\3.3.2.Final\jboss-logging-3.3.2.Final.jar;C:\Users\xywenjie\.m2\repository\org\springframework\data\spring-data-jpa\1.11.6.RELEASE\spring-data-jpa-1.11.6.RELEASE.jar;C:\Users\xywenjie\.m2\repository\org\springframework\data\spring-data-commons\1.13.6.RELEASE\spring-data-commons-1.13.6.RELEASE.jar;C:\Users\xywenjie\.m2\repository\org\aspectj\aspectjrt\1.8.10\aspectjrt-1.8.10.jar;C:\Users\xywenjie\.m2\repository\org\apache\logging\log4j\log4j-core\2.11.0\log4j-core-2.11.0.jar;C:\Users\xywenjie\.m2\repository\org\apache\logging\log4j\log4j-api\2.11.0\log4j-api-2.11.0.jar;C:\Users\xywenjie\.m2\repository\org\apache\logging\log4j\log4j-slf4j-impl\2.11.0\log4j-slf4j-impl-2.11.0.jar;C:\Users\xywenjie\.m2\repository\javax\servlet\jstl\1.2\jstl-1.2.jar;C:\Users\xywenjie\.m2\repository\org\glassfish\web\jstl-impl\1.2\jstl-impl-1.2.jar;C:\Users\xywenjie\.m2\repository\javax\servlet\servlet-api\2.5\servlet-api-2.5.jar;C:\Users\xywenjie\.m2\repository\javax\servlet\jsp\jsp-api\2.1\jsp-api-2.1.jar;C:\Users\xywenjie\.m2\repository\javax\servlet\jsp\jstl\jstl-api\1.2\jstl-api-1.2.jar;C:\Users\xywenjie\.m2\repository\org\apache\commons\commons-dbcp2\2.1.1\commons-dbcp2-2.1.1.jar;C:\Users\xywenjie\.m2\repository\org\apache\commons\commons-pool2\2.4.2\commons-pool2-2.4.2.jar;C:\Users\xywenjie\.m2\repository\commons-codec\commons-codec\1.11\commons-codec-1.11.jar;C:\Users\xywenjie\.m2\repository\commons-io\commons-io\2.6\commons-io-2.6.jar;C:\Users\xywenjie\.m2\repository\commons-fileupload\commons-fileupload\1.3.3\commons-fileupload-1.3.3.jar;C:\Users\xywenjie\.m2\repository\com\fasterxml\jackson\core\jackson-core\2.9.5\jackson-core-2.9.5.jar;C:\Users\xywenjie\.m2\repository\com\fasterxml\jackson\core\jackson-databind\2.9.5\jackson-databind-2.9.5.jar;C:\Users\xywenjie\.m2\repository\com\fasterxml\jackson\core\jackson-annotations\2.9.5\jackson-annotations-2.9.5.jar;C:\Users\xywenjie\.m2\repository\mysql\mysql-connector-java\5.1.41\mysql-connector-java-5.1.41.jar;, user.name=xywenjie, java.vm.specification.version=1.8, sun.java.command=C:\Users\xywenjie\git\erp\erp-loan\target\surefire\surefirebooter4361474128316300708.jar C:\Users\xywenjie\git\erp\erp-loan\target\surefire\surefire4909760760641731558tmp C:\Users\xywenjie\git\erp\erp-loan\target\surefire\surefire_06432162705976264568tmp, java.home=C:\Program Files\Java\jdk1.8.0_181\jre, sun.arch.data.model=64, user.language=en, java.specification.vendor=Oracle Corporation, awt.toolkit=sun.awt.windows.WToolkit, java.vm.info=mixed mode, java.version=1.8.0_181, java.ext.dirs=C:\Program Files\Java\jdk1.8.0_181\jre\lib\ext;C:\WINDOWS\Sun\Java\lib\ext, sun.boot.class.path=C:\Program Files\Java\jdk1.8.0_181\jre\lib\resources.jar;C:\Program Files\Java\jdk1.8.0_181\jre\lib\rt.jar;C:\Program Files\Java\jdk1.8.0_181\jre\lib\sunrsasign.jar;C:\Program Files\Java\jdk1.8.0_181\jre\lib\jsse.jar;C:\Program Files\Java\jdk1.8.0_181\jre\lib\jce.jar;C:\Program Files\Java\jdk1.8.0_181\jre\lib\charsets.jar;C:\Program Files\Java\jdk1.8.0_181\jre\lib\jfr.jar;C:\Program Files\Java\jdk1.8.0_181\jre\classes, java.vendor=Oracle Corporation, localRepository=C:\Users\xywenjie\.m2\repository, file.separator=\, java.vendor.url.bug=http://bugreport.sun.com/bugreport/, sun.io.unicode.encoding=UnicodeLittle, sun.cpu.endian=little, sun.desktop=windows, sun.cpu.isalist=amd64}}, SystemEnvironmentPropertySource@613784740 {name=&apos;systemEnvironment&apos;, properties={PATH=C:\Program Files (x86)\NetSarang\Xftp 6\;C:\Program Files (x86)\Common Files\Oracle\Java\javapath;C:\WINDOWS\system32;C:\WINDOWS;C:\WINDOWS\System32\Wbem;C:\WINDOWS\System32\WindowsPowerShell\v1.0\;C:\WINDOWS\System32\OpenSSH\;D:\Program Files\Apache\maven\bin\;C:\Program Files\Git\cmd;C:\Users\xywenjie\AppData\Local\Microsoft\WindowsApps;C:\Users\xywenjie\AppData\Local\atom\bin, USERDOMAIN_ROAMINGPROFILE=DESKTOP-T8LGBLS, PROCESSOR_LEVEL=23, SYSTEMDRIVE=C:, ALLUSERSPROFILE=C:\ProgramData, PROCESSOR_ARCHITECTURE=AMD64, AMDRMSDKPATH=C:\Program Files\AMD\RyzenMasterSDK\, DRIVERDATA=C:\Windows\System32\Drivers\DriverData, MAVEN_HOME=D:\Program Files\Apache\maven\bin\.., PROGRAMFILES=C:\Program Files, MOZ_PLUGIN_PATH=C:\Program Files (x86)\Foxit Software\Foxit Reader\plugins\, PSMODULEPATH=C:\Users\xywenjie\Documents\WindowsPowerShell\Modules;C:\Program Files\WindowsPowerShell\Modules;C:\WINDOWS\system32\WindowsPowerShell\v1.0\Modules, PROGRAMDATA=C:\ProgramData, USERNAME=xywenjie, WDIR=C:\, ONEDRIVE=C:\Users\xywenjie\OneDrive, PATHEXT=.COM;.EXE;.BAT;.CMD;.VBS;.VBE;.JS;.JSE;.WSF;.WSH;.MSC;.CPL, ONEDRIVECONSUMER=C:\Users\xywenjie\OneDrive, CLASSWORLDS_JAR=&quot;D:\Program Files\Apache\maven\bin\..\boot\plexus-classworlds-2.5.2.jar&quot;, WINDIR=C:\WINDOWS, HOMEPATH=\Users\xywenjie, PROCESSOR_IDENTIFIER=AMD64 Family 23 Model 1 Stepping 1, AuthenticAMD, PUBLIC=C:\Users\Public, =::=::\, LOCALAPPDATA=C:\Users\xywenjie\AppData\Local, COMMONPROGRAMFILES(X86)=C:\Program Files (x86)\Common Files, USERDOMAIN=DESKTOP-T8LGBLS, LOGONSERVER=\\DESKTOP-T8LGBLS, JAVA_HOME=C:\Program Files\Java\jdk1.8.0_181, PROMPT=$P$G, PROGRAMFILES(X86)=C:\Program Files (x86), ERROR_CODE=0, EXEC_DIR=C:\Users\xywenjie\git\erp, =C:=C:\Users\xywenjie\git\erp\erp-loan, APPDATA=C:\Users\xywenjie\AppData\Roaming, PROGRAMW6432=C:\Program Files, SYSTEMROOT=C:\WINDOWS, MAVEN_CMD_LINE_ARGS=install, VBOX_MSI_INSTALL_PATH=C:\Program Files\Oracle\VirtualBox\, OS=Windows_NT, COMMONPROGRAMW6432=C:\Program Files\Common Files, COMPUTERNAME=DESKTOP-T8LGBLS, COMMONPROGRAMFILES=C:\Program Files\Common Files, COMSPEC=C:\WINDOWS\system32\cmd.exe, AMDRMPATH=C:\Program Files\AMD\RyzenMaster\, JAVACMD=C:\Program Files\Java\jdk1.8.0_181\bin\java.exe, MAVEN_PROJECTBASEDIR=C:\Users\xywenjie\git\erp, PROCESSOR_REVISION=0101, CLASSWORLDS_LAUNCHER=org.codehaus.plexus.classworlds.launcher.Launcher, TEMP=C:\Users\xywenjie\AppData\Local\Temp, HOMEDRIVE=C:, USERPROFILE=C:\Users\xywenjie, TMP=C:\Users\xywenjie\AppData\Local\Temp, NUMBER_OF_PROCESSORS=16, JVMCONFIG=\.mvn\jvm.config}}]
19:37:04.373 [main] DEBUG org.springframework.core.io.support.PathMatchingResourcePatternResolver - Resolved classpath location [com/benjamin/erp/repository/] to resources [URL [jar:file:/C:/Users/xywenjie/git/erp/erp-web-basic/target/erp.jar!/com/benjamin/erp/repository/]]
19:37:04.373 [main] DEBUG org.springframework.core.io.support.PathMatchingResourcePatternResolver - Looking for matching resources in jar file [file:/C:/Users/xywenjie/git/erp/erp-web-basic/target/erp.jar]
19:37:04.374 [main] DEBUG org.springframework.core.io.support.PathMatchingResourcePatternResolver - Resolved location pattern [classpath*:com/benjamin/erp/repository/**/*SectionRepositoryImpl.class] to resources []
19:37:04.378 [main] DEBUG org.springframework.data.repository.config.RepositoryConfigurationDelegate - Spring Data JPA - Registering repository: sectionRepository - Interface: com.benjamin.erp.repository.SectionRepository - Factory: org.springframework.data.jpa.repository.support.JpaRepositoryFactoryBean
19:37:04.381 [main] DEBUG org.springframework.core.env.StandardEnvironment - Adding PropertySource &apos;systemProperties&apos; with lowest search precedence
19:37:04.382 [main] DEBUG org.springframework.core.env.StandardEnvironment - Adding PropertySource &apos;systemEnvironment&apos; with lowest search precedence
19:37:04.382 [main] DEBUG org.springframework.core.env.StandardEnvironment - Initialized StandardEnvironment with PropertySources [MapPropertySource@102174918 {name=&apos;systemProperties&apos;, properties={java.runtime.name=Java(TM) SE Runtime Environment, sun.boot.library.path=C:\Program Files\Java\jdk1.8.0_181\jre\bin, java.vm.version=25.181-b13, java.vm.vendor=Oracle Corporation, java.vendor.url=http://java.oracle.com/, path.separator=;, java.vm.name=Java HotSpot(TM) 64-Bit Server VM, file.encoding.pkg=sun.io, user.country=US, user.script=, sun.java.launcher=SUN_STANDARD, sun.os.patch.level=, java.vm.specification.name=Java Virtual Machine Specification, user.dir=C:\Users\xywenjie\git\erp\erp-loan, java.runtime.version=1.8.0_181-b13, basedir=C:\Users\xywenjie\git\erp\erp-loan, java.awt.graphicsenv=sun.awt.Win32GraphicsEnvironment, java.endorsed.dirs=C:\Program Files\Java\jdk1.8.0_181\jre\lib\endorsed, os.arch=amd64, surefire.real.class.path=C:\Users\xywenjie\git\erp\erp-loan\target\surefire\surefirebooter4361474128316300708.jar, java.io.tmpdir=C:\Users\xywenjie\AppData\Local\Temp\, line.separator=
, java.vm.specification.vendor=Oracle Corporation, user.variant=, os.name=Windows 10, sun.jnu.encoding=GBK, java.library.path=C:\Program Files\Java\jdk1.8.0_181\jre\bin;C:\WINDOWS\Sun\Java\bin;C:\WINDOWS\system32;C:\WINDOWS;C:\Program Files (x86)\NetSarang\Xftp 6\;C:\Program Files (x86)\Common Files\Oracle\Java\javapath;C:\WINDOWS\system32;C:\WINDOWS;C:\WINDOWS\System32\Wbem;C:\WINDOWS\System32\WindowsPowerShell\v1.0\;C:\WINDOWS\System32\OpenSSH\;D:\Program Files\Apache\maven\bin\;C:\Program Files\Git\cmd;C:\Users\xywenjie\AppData\Local\Microsoft\WindowsApps;C:\Users\xywenjie\AppData\Local\atom\bin;., surefire.test.class.path=C:\Users\xywenjie\git\erp\erp-loan\target\test-classes;C:\Users\xywenjie\git\erp\erp-loan\target\classes;C:\Users\xywenjie\git\erp\erp-web-basic\target\erp.jar;C:\Users\xywenjie\.m2\repository\org\wicketstuff\wicketstuff-shiro\8.2.0\wicketstuff-shiro-8.2.0.jar;C:\Users\xywenjie\.m2\repository\org\apache\shiro\shiro-core\1.4.0\shiro-core-1.4.0.jar;C:\Users\xywenjie\.m2\repository\org\apache\shiro\shiro-lang\1.4.0\shiro-lang-1.4.0.jar;C:\Users\xywenjie\.m2\repository\org\apache\shiro\shiro-cache\1.4.0\shiro-cache-1.4.0.jar;C:\Users\xywenjie\.m2\repository\org\apache\shiro\shiro-crypto-hash\1.4.0\shiro-crypto-hash-1.4.0.jar;C:\Users\xywenjie\.m2\repository\org\apache\shiro\shiro-crypto-core\1.4.0\shiro-crypto-core-1.4.0.jar;C:\Users\xywenjie\.m2\repository\org\apache\shiro\shiro-crypto-cipher\1.4.0\shiro-crypto-cipher-1.4.0.jar;C:\Users\xywenjie\.m2\repository\org\apache\shiro\shiro-config-core\1.4.0\shiro-config-core-1.4.0.jar;C:\Users\xywenjie\.m2\repository\org\apache\shiro\shiro-config-ogdl\1.4.0\shiro-config-ogdl-1.4.0.jar;C:\Users\xywenjie\.m2\repository\commons-beanutils\commons-beanutils\1.9.3\commons-beanutils-1.9.3.jar;C:\Users\xywenjie\.m2\repository\commons-collections\commons-collections\3.2.2\commons-collections-3.2.2.jar;C:\Users\xywenjie\.m2\repository\org\apache\shiro\shiro-event\1.4.0\shiro-event-1.4.0.jar;C:\Users\xywenjie\.m2\repository\org\apache\shiro\shiro-web\1.4.0\shiro-web-1.4.0.jar;C:\Users\xywenjie\.m2\repository\org\wicketstuff\wicketstuff-annotation\8.2.0\wicketstuff-annotation-8.2.0.jar;C:\Users\xywenjie\.m2\repository\org\apache\shiro\shiro-spring\1.4.0\shiro-spring-1.4.0.jar;C:\Users\xywenjie\.m2\repository\org\webjars\npm\icheck\1.0.2\icheck-1.0.2.jar;C:\Users\xywenjie\.m2\repository\org\webjars\ionicons\2.0.1\ionicons-2.0.1.jar;C:\Users\xywenjie\.m2\repository\org\webjars\bower\bootstrap-fileinput\4.5.2\bootstrap-fileinput-4.5.2.jar;C:\Users\xywenjie\.m2\repository\org\webjars\jquery-ui\1.12.1\jquery-ui-1.12.1.jar;C:\Users\xywenjie\.m2\repository\org\apache\wicket\wicket-core\8.2.0\wicket-core-8.2.0.jar;C:\Users\xywenjie\.m2\repository\com\github\openjson\openjson\1.0.8\openjson-1.0.8.jar;C:\Users\xywenjie\.m2\repository\org\apache\wicket\wicket-request\8.2.0\wicket-request-8.2.0.jar;C:\Users\xywenjie\.m2\repository\org\apache\wicket\wicket-util\8.2.0\wicket-util-8.2.0.jar;C:\Users\xywenjie\.m2\repository\org\apache\commons\commons-collections4\4.1\commons-collections4-4.1.jar;C:\Users\xywenjie\.m2\repository\org\danekja\jdk-serializable-functional\1.8.3\jdk-serializable-functional-1.8.3.jar;C:\Users\xywenjie\.m2\repository\org\slf4j\slf4j-api\1.7.25\slf4j-api-1.7.25.jar;C:\Users\xywenjie\.m2\repository\org\apache\wicket\wicket-bean-validation\8.2.0\wicket-bean-validation-8.2.0.jar;C:\Users\xywenjie\.m2\repository\org\apache\wicket\wicket-auth-roles\8.2.0\wicket-auth-roles-8.2.0.jar;C:\Users\xywenjie\.m2\repository\org\apache\wicket\wicket-devutils\8.2.0\wicket-devutils-8.2.0.jar;C:\Users\xywenjie\.m2\repository\org\apache\wicket\wicket-spring\8.2.0\wicket-spring-8.2.0.jar;C:\Users\xywenjie\.m2\repository\org\apache\wicket\wicket-ioc\8.2.0\wicket-ioc-8.2.0.jar;C:\Users\xywenjie\.m2\repository\cglib\cglib\3.2.6\cglib-3.2.6.jar;C:\Users\xywenjie\.m2\repository\org\apache\ant\ant\1.9.6\ant-1.9.6.jar;C:\Users\xywenjie\.m2\repository\org\apache\ant\ant-launcher\1.9.6\ant-launcher-1.9.6.jar;C:\Users\xywenjie\.m2\repository\org\ow2\asm\asm-util\6.2\asm-util-6.2.jar;C:\Users\xywenjie\.m2\repository\org\ow2\asm\asm\6.2\asm-6.2.jar;C:\Users\xywenjie\.m2\repository\org\ow2\asm\asm-tree\6.2\asm-tree-6.2.jar;C:\Users\xywenjie\.m2\repository\org\ow2\asm\asm-analysis\6.2\asm-analysis-6.2.jar;C:\Users\xywenjie\.m2\repository\org\apache\wicket\wicket-extensions\8.2.0\wicket-extensions-8.2.0.jar;C:\Users\xywenjie\.m2\repository\de\agilecoders\wicket\webjars\wicket-webjars\2.0.8\wicket-webjars-2.0.8.jar;C:\Users\xywenjie\.m2\repository\org\webjars\jquery\1.11.0\jquery-1.11.0.jar;C:\Users\xywenjie\.m2\repository\org\webjars\bootstrap\3.3.7-1\bootstrap-3.3.7-1.jar;C:\Users\xywenjie\.m2\repository\org\webjars\font-awesome\4.7.0\font-awesome-4.7.0.jar;C:\Users\xywenjie\.m2\repository\org\webjars\bower\jquery-icheck\1.0.2\jquery-icheck-1.0.2.jar;C:\Users\xywenjie\.m2\repository\org\webjars\bower\jquery\3.4.0\jquery-3.4.0.jar;C:\Users\xywenjie\.m2\repository\org\liquibase\liquibase-core\3.6.2\liquibase-core-3.6.2.jar;C:\Users\xywenjie\.m2\repository\org\yaml\snakeyaml\1.18\snakeyaml-1.18.jar;C:\Users\xywenjie\.m2\repository\ch\qos\logback\logback-classic\1.2.3\logback-classic-1.2.3.jar;C:\Users\xywenjie\.m2\repository\ch\qos\logback\logback-core\1.2.3\logback-core-1.2.3.jar;C:\Users\xywenjie\.m2\repository\com\querydsl\querydsl-jpa\4.2.1\querydsl-jpa-4.2.1.jar;C:\Users\xywenjie\.m2\repository\com\querydsl\querydsl-core\4.2.1\querydsl-core-4.2.1.jar;C:\Users\xywenjie\.m2\repository\com\google\code\findbugs\jsr305\1.3.9\jsr305-1.3.9.jar;C:\Users\xywenjie\.m2\repository\com\mysema\commons\mysema-commons-lang\0.2.4\mysema-commons-lang-0.2.4.jar;C:\Users\xywenjie\.m2\repository\com\infradna\tool\bridge-method-annotation\1.13\bridge-method-annotation-1.13.jar;C:\Users\xywenjie\.m2\repository\javax\inject\javax.inject\1\javax.inject-1.jar;C:\Users\xywenjie\.m2\repository\org\seleniumhq\selenium\selenium-firefox-driver\3.14.0\selenium-firefox-driver-3.14.0.jar;C:\Users\xywenjie\.m2\repository\org\seleniumhq\selenium\selenium-api\3.14.0\selenium-api-3.14.0.jar;C:\Users\xywenjie\.m2\repository\org\seleniumhq\selenium\selenium-remote-driver\3.14.0\selenium-remote-driver-3.14.0.jar;C:\Users\xywenjie\.m2\repository\net\bytebuddy\byte-buddy\1.8.15\byte-buddy-1.8.15.jar;C:\Users\xywenjie\.m2\repository\org\apache\commons\commons-exec\1.3\commons-exec-1.3.jar;C:\Users\xywenjie\.m2\repository\commons-logging\commons-logging\1.2\commons-logging-1.2.jar;C:\Users\xywenjie\.m2\repository\com\google\guava\guava\25.0-jre\guava-25.0-jre.jar;C:\Users\xywenjie\.m2\repository\org\checkerframework\checker-compat-qual\2.0.0\checker-compat-qual-2.0.0.jar;C:\Users\xywenjie\.m2\repository\com\google\errorprone\error_prone_annotations\2.1.3\error_prone_annotations-2.1.3.jar;C:\Users\xywenjie\.m2\repository\com\google\j2objc\j2objc-annotations\1.1\j2objc-annotations-1.1.jar;C:\Users\xywenjie\.m2\repository\org\codehaus\mojo\animal-sniffer-annotations\1.14\animal-sniffer-annotations-1.14.jar;C:\Users\xywenjie\.m2\repository\org\apache\httpcomponents\httpcore\4.4.9\httpcore-4.4.9.jar;C:\Users\xywenjie\.m2\repository\com\squareup\okhttp3\okhttp\3.10.0\okhttp-3.10.0.jar;C:\Users\xywenjie\.m2\repository\com\squareup\okio\okio\1.14.1\okio-1.14.1.jar;C:\Users\xywenjie\.m2\repository\org\seleniumhq\selenium\selenium-htmlunit-driver\2.32.0\selenium-htmlunit-driver-2.32.0.jar;C:\Users\xywenjie\.m2\repository\net\sourceforge\htmlunit\htmlunit\2.32\htmlunit-2.32.jar;C:\Users\xywenjie\.m2\repository\xalan\xalan\2.7.2\xalan-2.7.2.jar;C:\Users\xywenjie\.m2\repository\xalan\serializer\2.7.2\serializer-2.7.2.jar;C:\Users\xywenjie\.m2\repository\org\apache\commons\commons-lang3\3.7\commons-lang3-3.7.jar;C:\Users\xywenjie\.m2\repository\org\apache\commons\commons-text\1.4\commons-text-1.4.jar;C:\Users\xywenjie\.m2\repository\org\apache\httpcomponents\httpmime\4.5.6\httpmime-4.5.6.jar;C:\Users\xywenjie\.m2\repository\net\sourceforge\htmlunit\htmlunit-core-js\2.32\htmlunit-core-js-2.32.jar;C:\Users\xywenjie\.m2\repository\net\sourceforge\htmlunit\neko-htmlunit\2.32\neko-htmlunit-2.32.jar;C:\Users\xywenjie\.m2\repository\xerces\xercesImpl\2.11.0\xercesImpl-2.11.0.jar;C:\Users\xywenjie\.m2\repository\net\sourceforge\htmlunit\htmlunit-cssparser\1.1.0\htmlunit-cssparser-1.1.0.jar;C:\Users\xywenjie\.m2\repository\commons-net\commons-net\3.6\commons-net-3.6.jar;C:\Users\xywenjie\.m2\repository\org\eclipse\jetty\websocket\websocket-client\9.4.11.v20180605\websocket-client-9.4.11.v20180605.jar;C:\Users\xywenjie\.m2\repository\org\eclipse\jetty\jetty-client\9.4.11.v20180605\jetty-client-9.4.11.v20180605.jar;C:\Users\xywenjie\.m2\repository\org\eclipse\jetty\jetty-http\9.4.11.v20180605\jetty-http-9.4.11.v20180605.jar;C:\Users\xywenjie\.m2\repository\org\eclipse\jetty\jetty-xml\9.4.11.v20180605\jetty-xml-9.4.11.v20180605.jar;C:\Users\xywenjie\.m2\repository\org\eclipse\jetty\jetty-util\9.4.11.v20180605\jetty-util-9.4.11.v20180605.jar;C:\Users\xywenjie\.m2\repository\org\eclipse\jetty\jetty-io\9.4.11.v20180605\jetty-io-9.4.11.v20180605.jar;C:\Users\xywenjie\.m2\repository\org\eclipse\jetty\websocket\websocket-common\9.4.11.v20180605\websocket-common-9.4.11.v20180605.jar;C:\Users\xywenjie\.m2\repository\org\eclipse\jetty\websocket\websocket-api\9.4.11.v20180605\websocket-api-9.4.11.v20180605.jar;C:\Users\xywenjie\.m2\repository\xml-apis\xml-apis\1.4.01\xml-apis-1.4.01.jar;C:\Users\xywenjie\.m2\repository\org\springframework\security\spring-security-test\4.2.7.RELEASE\spring-security-test-4.2.7.RELEASE.jar;C:\Users\xywenjie\.m2\repository\org\springframework\spring-core\4.3.18.RELEASE\spring-core-4.3.18.RELEASE.jar;C:\Users\xywenjie\.m2\repository\org\springframework\hateoas\spring-hateoas\0.25.0.RELEASE\spring-hateoas-0.25.0.RELEASE.jar;C:\Users\xywenjie\.m2\repository\org\springframework\spring-aop\4.3.18.RELEASE\spring-aop-4.3.18.RELEASE.jar;C:\Users\xywenjie\.m2\repository\org\springframework\spring-beans\4.3.18.RELEASE\spring-beans-4.3.18.RELEASE.jar;C:\Users\xywenjie\.m2\repository\org\springframework\spring-context\4.3.18.RELEASE\spring-context-4.3.18.RELEASE.jar;C:\Users\xywenjie\.m2\repository\org\springframework\spring-web\4.3.18.RELEASE\spring-web-4.3.18.RELEASE.jar;C:\Users\xywenjie\.m2\repository\org\apache\tomcat\tomcat-catalina\8.0.48\tomcat-catalina-8.0.48.jar;C:\Users\xywenjie\.m2\repository\org\apache\tomcat\tomcat-servlet-api\8.0.48\tomcat-servlet-api-8.0.48.jar;C:\Users\xywenjie\.m2\repository\org\apache\tomcat\tomcat-jsp-api\8.0.48\tomcat-jsp-api-8.0.48.jar;C:\Users\xywenjie\.m2\repository\org\apache\tomcat\tomcat-el-api\8.0.48\tomcat-el-api-8.0.48.jar;C:\Users\xywenjie\.m2\repository\org\apache\tomcat\tomcat-juli\8.0.48\tomcat-juli-8.0.48.jar;C:\Users\xywenjie\.m2\repository\org\apache\tomcat\tomcat-annotations-api\8.0.48\tomcat-annotations-api-8.0.48.jar;C:\Users\xywenjie\.m2\repository\org\apache\tomcat\tomcat-api\8.0.48\tomcat-api-8.0.48.jar;C:\Users\xywenjie\.m2\repository\org\apache\tomcat\tomcat-jni\8.0.48\tomcat-jni-8.0.48.jar;C:\Users\xywenjie\.m2\repository\org\apache\tomcat\tomcat-coyote\8.0.48\tomcat-coyote-8.0.48.jar;C:\Users\xywenjie\.m2\repository\org\apache\tomcat\tomcat-util\8.0.48\tomcat-util-8.0.48.jar;C:\Users\xywenjie\.m2\repository\org\apache\tomcat\tomcat-util-scan\8.0.48\tomcat-util-scan-8.0.48.jar;C:\Users\xywenjie\.m2\repository\org\thymeleaf\thymeleaf-spring4\3.0.9.RELEASE\thymeleaf-spring4-3.0.9.RELEASE.jar;C:\Users\xywenjie\.m2\repository\org\thymeleaf\thymeleaf\3.0.9.RELEASE\thymeleaf-3.0.9.RELEASE.jar;C:\Users\xywenjie\.m2\repository\org\attoparser\attoparser\2.0.4.RELEASE\attoparser-2.0.4.RELEASE.jar;C:\Users\xywenjie\.m2\repository\org\unbescape\unbescape\1.1.5.RELEASE\unbescape-1.1.5.RELEASE.jar;C:\Users\xywenjie\.m2\repository\org\apache\httpcomponents\httpclient\4.5.6\httpclient-4.5.6.jar;C:\Users\xywenjie\.m2\repository\junit\junit\4.12\junit-4.12.jar;C:\Users\xywenjie\.m2\repository\org\hamcrest\hamcrest-core\1.3\hamcrest-core-1.3.jar;C:\Users\xywenjie\.m2\repository\org\springframework\spring-webmvc\4.3.18.RELEASE\spring-webmvc-4.3.18.RELEASE.jar;C:\Users\xywenjie\.m2\repository\org\springframework\spring-expression\4.3.18.RELEASE\spring-expression-4.3.18.RELEASE.jar;C:\Users\xywenjie\.m2\repository\org\springframework\spring-test\4.3.18.RELEASE\spring-test-4.3.18.RELEASE.jar;C:\Users\xywenjie\.m2\repository\org\springframework\spring-tx\4.3.18.RELEASE\spring-tx-4.3.18.RELEASE.jar;C:\Users\xywenjie\.m2\repository\org\springframework\security\spring-security-core\4.2.7.RELEASE\spring-security-core-4.2.7.RELEASE.jar;C:\Users\xywenjie\.m2\repository\aopalliance\aopalliance\1.0\aopalliance-1.0.jar;C:\Users\xywenjie\.m2\repository\org\springframework\security\spring-security-web\4.2.7.RELEASE\spring-security-web-4.2.7.RELEASE.jar;C:\Users\xywenjie\.m2\repository\org\springframework\security\spring-security-config\4.2.7.RELEASE\spring-security-config-4.2.7.RELEASE.jar;C:\Users\xywenjie\.m2\repository\org\springframework\webflow\spring-webflow\2.5.0.RELEASE\spring-webflow-2.5.0.RELEASE.jar;C:\Users\xywenjie\.m2\repository\org\springframework\webflow\spring-binding\2.5.0.RELEASE\spring-binding-2.5.0.RELEASE.jar;C:\Users\xywenjie\.m2\repository\org\apache\tiles\tiles-jsp\3.0.8\tiles-jsp-3.0.8.jar;C:\Users\xywenjie\.m2\repository\org\apache\tiles\tiles-servlet\3.0.8\tiles-servlet-3.0.8.jar;C:\Users\xywenjie\.m2\repository\org\apache\tiles\tiles-core\3.0.8\tiles-core-3.0.8.jar;C:\Users\xywenjie\.m2\repository\commons-digester\commons-digester\2.0\commons-digester-2.0.jar;C:\Users\xywenjie\.m2\repository\org\apache\tiles\tiles-request-servlet\1.0.7\tiles-request-servlet-1.0.7.jar;C:\Users\xywenjie\.m2\repository\org\apache\tiles\tiles-template\3.0.8\tiles-template-3.0.8.jar;C:\Users\xywenjie\.m2\repository\org\apache\tiles\tiles-api\3.0.8\tiles-api-3.0.8.jar;C:\Users\xywenjie\.m2\repository\org\apache\tiles\tiles-autotag-core-runtime\1.2\tiles-autotag-core-runtime-1.2.jar;C:\Users\xywenjie\.m2\repository\org\apache\tiles\tiles-request-jsp\1.0.7\tiles-request-jsp-1.0.7.jar;C:\Users\xywenjie\.m2\repository\org\apache\tiles\tiles-request-api\1.0.7\tiles-request-api-1.0.7.jar;C:\Users\xywenjie\.m2\repository\org\activiti\activiti-engine\5.22.0\activiti-engine-5.22.0.jar;C:\Users\xywenjie\.m2\repository\org\activiti\activiti-bpmn-converter\5.22.0\activiti-bpmn-converter-5.22.0.jar;C:\Users\xywenjie\.m2\repository\org\activiti\activiti-bpmn-model\5.22.0\activiti-bpmn-model-5.22.0.jar;C:\Users\xywenjie\.m2\repository\org\activiti\activiti-process-validation\5.22.0\activiti-process-validation-5.22.0.jar;C:\Users\xywenjie\.m2\repository\org\activiti\activiti-image-generator\5.22.0\activiti-image-generator-5.22.0.jar;C:\Users\xywenjie\.m2\repository\org\apache\commons\commons-email\1.4\commons-email-1.4.jar;C:\Users\xywenjie\.m2\repository\com\sun\mail\javax.mail\1.5.2\javax.mail-1.5.2.jar;C:\Users\xywenjie\.m2\repository\javax\activation\activation\1.1.1\activation-1.1.1.jar;C:\Users\xywenjie\.m2\repository\org\mybatis\mybatis\3.3.0\mybatis-3.3.0.jar;C:\Users\xywenjie\.m2\repository\joda-time\joda-time\2.6\joda-time-2.6.jar;C:\Users\xywenjie\.m2\repository\org\slf4j\jcl-over-slf4j\1.7.6\jcl-over-slf4j-1.7.6.jar;C:\Users\xywenjie\.m2\repository\org\activiti\activiti-spring\5.22.0\activiti-spring-5.22.0.jar;C:\Users\xywenjie\.m2\repository\org\springframework\spring-jdbc\4.1.5.RELEASE\spring-jdbc-4.1.5.RELEASE.jar;C:\Users\xywenjie\.m2\repository\org\springframework\spring-orm\4.1.5.RELEASE\spring-orm-4.1.5.RELEASE.jar;C:\Users\xywenjie\.m2\repository\commons-dbcp\commons-dbcp\1.4\commons-dbcp-1.4.jar;C:\Users\xywenjie\.m2\repository\commons-pool\commons-pool\1.5.4\commons-pool-1.5.4.jar;C:\Users\xywenjie\.m2\repository\org\hibernate\hibernate-entitymanager\4.3.11.Final\hibernate-entitymanager-4.3.11.Final.jar;C:\Users\xywenjie\.m2\repository\org\jboss\logging\jboss-logging-annotations\1.2.0.Beta1\jboss-logging-annotations-1.2.0.Beta1.jar;C:\Users\xywenjie\.m2\repository\org\hibernate\hibernate-core\4.3.11.Final\hibernate-core-4.3.11.Final.jar;C:\Users\xywenjie\.m2\repository\antlr\antlr\2.7.7\antlr-2.7.7.jar;C:\Users\xywenjie\.m2\repository\org\jboss\jandex\1.1.0.Final\jandex-1.1.0.Final.jar;C:\Users\xywenjie\.m2\repository\dom4j\dom4j\1.6.1\dom4j-1.6.1.jar;C:\Users\xywenjie\.m2\repository\org\hibernate\common\hibernate-commons-annotations\4.0.5.Final\hibernate-commons-annotations-4.0.5.Final.jar;C:\Users\xywenjie\.m2\repository\org\hibernate\javax\persistence\hibernate-jpa-2.1-api\1.0.0.Final\hibernate-jpa-2.1-api-1.0.0.Final.jar;C:\Users\xywenjie\.m2\repository\org\jboss\spec\javax\transaction\jboss-transaction-api_1.2_spec\1.0.0.Final\jboss-transaction-api_1.2_spec-1.0.0.Final.jar;C:\Users\xywenjie\.m2\repository\org\javassist\javassist\3.18.1-GA\javassist-3.18.1-GA.jar;C:\Users\xywenjie\.m2\repository\org\hibernate\validator\hibernate-validator\6.0.13.Final\hibernate-validator-6.0.13.Final.jar;C:\Users\xywenjie\.m2\repository\javax\validation\validation-api\2.0.1.Final\validation-api-2.0.1.Final.jar;C:\Users\xywenjie\.m2\repository\com\fasterxml\classmate\1.3.4\classmate-1.3.4.jar;C:\Users\xywenjie\.m2\repository\org\jboss\logging\jboss-logging\3.3.2.Final\jboss-logging-3.3.2.Final.jar;C:\Users\xywenjie\.m2\repository\org\springframework\data\spring-data-jpa\1.11.6.RELEASE\spring-data-jpa-1.11.6.RELEASE.jar;C:\Users\xywenjie\.m2\repository\org\springframework\data\spring-data-commons\1.13.6.RELEASE\spring-data-commons-1.13.6.RELEASE.jar;C:\Users\xywenjie\.m2\repository\org\aspectj\aspectjrt\1.8.10\aspectjrt-1.8.10.jar;C:\Users\xywenjie\.m2\repository\org\apache\logging\log4j\log4j-core\2.11.0\log4j-core-2.11.0.jar;C:\Users\xywenjie\.m2\repository\org\apache\logging\log4j\log4j-api\2.11.0\log4j-api-2.11.0.jar;C:\Users\xywenjie\.m2\repository\org\apache\logging\log4j\log4j-slf4j-impl\2.11.0\log4j-slf4j-impl-2.11.0.jar;C:\Users\xywenjie\.m2\repository\javax\servlet\jstl\1.2\jstl-1.2.jar;C:\Users\xywenjie\.m2\repository\org\glassfish\web\jstl-impl\1.2\jstl-impl-1.2.jar;C:\Users\xywenjie\.m2\repository\javax\servlet\servlet-api\2.5\servlet-api-2.5.jar;C:\Users\xywenjie\.m2\repository\javax\servlet\jsp\jsp-api\2.1\jsp-api-2.1.jar;C:\Users\xywenjie\.m2\repository\javax\servlet\jsp\jstl\jstl-api\1.2\jstl-api-1.2.jar;C:\Users\xywenjie\.m2\repository\org\apache\commons\commons-dbcp2\2.1.1\commons-dbcp2-2.1.1.jar;C:\Users\xywenjie\.m2\repository\org\apache\commons\commons-pool2\2.4.2\commons-pool2-2.4.2.jar;C:\Users\xywenjie\.m2\repository\commons-codec\commons-codec\1.11\commons-codec-1.11.jar;C:\Users\xywenjie\.m2\repository\commons-io\commons-io\2.6\commons-io-2.6.jar;C:\Users\xywenjie\.m2\repository\commons-fileupload\commons-fileupload\1.3.3\commons-fileupload-1.3.3.jar;C:\Users\xywenjie\.m2\repository\com\fasterxml\jackson\core\jackson-core\2.9.5\jackson-core-2.9.5.jar;C:\Users\xywenjie\.m2\repository\com\fasterxml\jackson\core\jackson-databind\2.9.5\jackson-databind-2.9.5.jar;C:\Users\xywenjie\.m2\repository\com\fasterxml\jackson\core\jackson-annotations\2.9.5\jackson-annotations-2.9.5.jar;C:\Users\xywenjie\.m2\repository\mysql\mysql-connector-java\5.1.41\mysql-connector-java-5.1.41.jar;, java.specification.name=Java Platform API Specification, java.class.version=52.0, sun.management.compiler=HotSpot 64-Bit Tiered Compilers, os.version=10.0, user.home=C:\Users\xywenjie, user.timezone=Asia/Shanghai, java.awt.printerjob=sun.awt.windows.WPrinterJob, file.encoding=GBK, java.specification.version=1.8, java.class.path=C:\Users\xywenjie\git\erp\erp-loan\target\test-classes;C:\Users\xywenjie\git\erp\erp-loan\target\classes;C:\Users\xywenjie\git\erp\erp-web-basic\target\erp.jar;C:\Users\xywenjie\.m2\repository\org\wicketstuff\wicketstuff-shiro\8.2.0\wicketstuff-shiro-8.2.0.jar;C:\Users\xywenjie\.m2\repository\org\apache\shiro\shiro-core\1.4.0\shiro-core-1.4.0.jar;C:\Users\xywenjie\.m2\repository\org\apache\shiro\shiro-lang\1.4.0\shiro-lang-1.4.0.jar;C:\Users\xywenjie\.m2\repository\org\apache\shiro\shiro-cache\1.4.0\shiro-cache-1.4.0.jar;C:\Users\xywenjie\.m2\repository\org\apache\shiro\shiro-crypto-hash\1.4.0\shiro-crypto-hash-1.4.0.jar;C:\Users\xywenjie\.m2\repository\org\apache\shiro\shiro-crypto-core\1.4.0\shiro-crypto-core-1.4.0.jar;C:\Users\xywenjie\.m2\repository\org\apache\shiro\shiro-crypto-cipher\1.4.0\shiro-crypto-cipher-1.4.0.jar;C:\Users\xywenjie\.m2\repository\org\apache\shiro\shiro-config-core\1.4.0\shiro-config-core-1.4.0.jar;C:\Users\xywenjie\.m2\repository\org\apache\shiro\shiro-config-ogdl\1.4.0\shiro-config-ogdl-1.4.0.jar;C:\Users\xywenjie\.m2\repository\commons-beanutils\commons-beanutils\1.9.3\commons-beanutils-1.9.3.jar;C:\Users\xywenjie\.m2\repository\commons-collections\commons-collections\3.2.2\commons-collections-3.2.2.jar;C:\Users\xywenjie\.m2\repository\org\apache\shiro\shiro-event\1.4.0\shiro-event-1.4.0.jar;C:\Users\xywenjie\.m2\repository\org\apache\shiro\shiro-web\1.4.0\shiro-web-1.4.0.jar;C:\Users\xywenjie\.m2\repository\org\wicketstuff\wicketstuff-annotation\8.2.0\wicketstuff-annotation-8.2.0.jar;C:\Users\xywenjie\.m2\repository\org\apache\shiro\shiro-spring\1.4.0\shiro-spring-1.4.0.jar;C:\Users\xywenjie\.m2\repository\org\webjars\npm\icheck\1.0.2\icheck-1.0.2.jar;C:\Users\xywenjie\.m2\repository\org\webjars\ionicons\2.0.1\ionicons-2.0.1.jar;C:\Users\xywenjie\.m2\repository\org\webjars\bower\bootstrap-fileinput\4.5.2\bootstrap-fileinput-4.5.2.jar;C:\Users\xywenjie\.m2\repository\org\webjars\jquery-ui\1.12.1\jquery-ui-1.12.1.jar;C:\Users\xywenjie\.m2\repository\org\apache\wicket\wicket-core\8.2.0\wicket-core-8.2.0.jar;C:\Users\xywenjie\.m2\repository\com\github\openjson\openjson\1.0.8\openjson-1.0.8.jar;C:\Users\xywenjie\.m2\repository\org\apache\wicket\wicket-request\8.2.0\wicket-request-8.2.0.jar;C:\Users\xywenjie\.m2\repository\org\apache\wicket\wicket-util\8.2.0\wicket-util-8.2.0.jar;C:\Users\xywenjie\.m2\repository\org\apache\commons\commons-collections4\4.1\commons-collections4-4.1.jar;C:\Users\xywenjie\.m2\repository\org\danekja\jdk-serializable-functional\1.8.3\jdk-serializable-functional-1.8.3.jar;C:\Users\xywenjie\.m2\repository\org\slf4j\slf4j-api\1.7.25\slf4j-api-1.7.25.jar;C:\Users\xywenjie\.m2\repository\org\apache\wicket\wicket-bean-validation\8.2.0\wicket-bean-validation-8.2.0.jar;C:\Users\xywenjie\.m2\repository\org\apache\wicket\wicket-auth-roles\8.2.0\wicket-auth-roles-8.2.0.jar;C:\Users\xywenjie\.m2\repository\org\apache\wicket\wicket-devutils\8.2.0\wicket-devutils-8.2.0.jar;C:\Users\xywenjie\.m2\repository\org\apache\wicket\wicket-spring\8.2.0\wicket-spring-8.2.0.jar;C:\Users\xywenjie\.m2\repository\org\apache\wicket\wicket-ioc\8.2.0\wicket-ioc-8.2.0.jar;C:\Users\xywenjie\.m2\repository\cglib\cglib\3.2.6\cglib-3.2.6.jar;C:\Users\xywenjie\.m2\repository\org\apache\ant\ant\1.9.6\ant-1.9.6.jar;C:\Users\xywenjie\.m2\repository\org\apache\ant\ant-launcher\1.9.6\ant-launcher-1.9.6.jar;C:\Users\xywenjie\.m2\repository\org\ow2\asm\asm-util\6.2\asm-util-6.2.jar;C:\Users\xywenjie\.m2\repository\org\ow2\asm\asm\6.2\asm-6.2.jar;C:\Users\xywenjie\.m2\repository\org\ow2\asm\asm-tree\6.2\asm-tree-6.2.jar;C:\Users\xywenjie\.m2\repository\org\ow2\asm\asm-analysis\6.2\asm-analysis-6.2.jar;C:\Users\xywenjie\.m2\repository\org\apache\wicket\wicket-extensions\8.2.0\wicket-extensions-8.2.0.jar;C:\Users\xywenjie\.m2\repository\de\agilecoders\wicket\webjars\wicket-webjars\2.0.8\wicket-webjars-2.0.8.jar;C:\Users\xywenjie\.m2\repository\org\webjars\jquery\1.11.0\jquery-1.11.0.jar;C:\Users\xywenjie\.m2\repository\org\webjars\bootstrap\3.3.7-1\bootstrap-3.3.7-1.jar;C:\Users\xywenjie\.m2\repository\org\webjars\font-awesome\4.7.0\font-awesome-4.7.0.jar;C:\Users\xywenjie\.m2\repository\org\webjars\bower\jquery-icheck\1.0.2\jquery-icheck-1.0.2.jar;C:\Users\xywenjie\.m2\repository\org\webjars\bower\jquery\3.4.0\jquery-3.4.0.jar;C:\Users\xywenjie\.m2\repository\org\liquibase\liquibase-core\3.6.2\liquibase-core-3.6.2.jar;C:\Users\xywenjie\.m2\repository\org\yaml\snakeyaml\1.18\snakeyaml-1.18.jar;C:\Users\xywenjie\.m2\repository\ch\qos\logback\logback-classic\1.2.3\logback-classic-1.2.3.jar;C:\Users\xywenjie\.m2\repository\ch\qos\logback\logback-core\1.2.3\logback-core-1.2.3.jar;C:\Users\xywenjie\.m2\repository\com\querydsl\querydsl-jpa\4.2.1\querydsl-jpa-4.2.1.jar;C:\Users\xywenjie\.m2\repository\com\querydsl\querydsl-core\4.2.1\querydsl-core-4.2.1.jar;C:\Users\xywenjie\.m2\repository\com\google\code\findbugs\jsr305\1.3.9\jsr305-1.3.9.jar;C:\Users\xywenjie\.m2\repository\com\mysema\commons\mysema-commons-lang\0.2.4\mysema-commons-lang-0.2.4.jar;C:\Users\xywenjie\.m2\repository\com\infradna\tool\bridge-method-annotation\1.13\bridge-method-annotation-1.13.jar;C:\Users\xywenjie\.m2\repository\javax\inject\javax.inject\1\javax.inject-1.jar;C:\Users\xywenjie\.m2\repository\org\seleniumhq\selenium\selenium-firefox-driver\3.14.0\selenium-firefox-driver-3.14.0.jar;C:\Users\xywenjie\.m2\repository\org\seleniumhq\selenium\selenium-api\3.14.0\selenium-api-3.14.0.jar;C:\Users\xywenjie\.m2\repository\org\seleniumhq\selenium\selenium-remote-driver\3.14.0\selenium-remote-driver-3.14.0.jar;C:\Users\xywenjie\.m2\repository\net\bytebuddy\byte-buddy\1.8.15\byte-buddy-1.8.15.jar;C:\Users\xywenjie\.m2\repository\org\apache\commons\commons-exec\1.3\commons-exec-1.3.jar;C:\Users\xywenjie\.m2\repository\commons-logging\commons-logging\1.2\commons-logging-1.2.jar;C:\Users\xywenjie\.m2\repository\com\google\guava\guava\25.0-jre\guava-25.0-jre.jar;C:\Users\xywenjie\.m2\repository\org\checkerframework\checker-compat-qual\2.0.0\checker-compat-qual-2.0.0.jar;C:\Users\xywenjie\.m2\repository\com\google\errorprone\error_prone_annotations\2.1.3\error_prone_annotations-2.1.3.jar;C:\Users\xywenjie\.m2\repository\com\google\j2objc\j2objc-annotations\1.1\j2objc-annotations-1.1.jar;C:\Users\xywenjie\.m2\repository\org\codehaus\mojo\animal-sniffer-annotations\1.14\animal-sniffer-annotations-1.14.jar;C:\Users\xywenjie\.m2\repository\org\apache\httpcomponents\httpcore\4.4.9\httpcore-4.4.9.jar;C:\Users\xywenjie\.m2\repository\com\squareup\okhttp3\okhttp\3.10.0\okhttp-3.10.0.jar;C:\Users\xywenjie\.m2\repository\com\squareup\okio\okio\1.14.1\okio-1.14.1.jar;C:\Users\xywenjie\.m2\repository\org\seleniumhq\selenium\selenium-htmlunit-driver\2.32.0\selenium-htmlunit-driver-2.32.0.jar;C:\Users\xywenjie\.m2\repository\net\sourceforge\htmlunit\htmlunit\2.32\htmlunit-2.32.jar;C:\Users\xywenjie\.m2\repository\xalan\xalan\2.7.2\xalan-2.7.2.jar;C:\Users\xywenjie\.m2\repository\xalan\serializer\2.7.2\serializer-2.7.2.jar;C:\Users\xywenjie\.m2\repository\org\apache\commons\commons-lang3\3.7\commons-lang3-3.7.jar;C:\Users\xywenjie\.m2\repository\org\apache\commons\commons-text\1.4\commons-text-1.4.jar;C:\Users\xywenjie\.m2\repository\org\apache\httpcomponents\httpmime\4.5.6\httpmime-4.5.6.jar;C:\Users\xywenjie\.m2\repository\net\sourceforge\htmlunit\htmlunit-core-js\2.32\htmlunit-core-js-2.32.jar;C:\Users\xywenjie\.m2\repository\net\sourceforge\htmlunit\neko-htmlunit\2.32\neko-htmlunit-2.32.jar;C:\Users\xywenjie\.m2\repository\xerces\xercesImpl\2.11.0\xercesImpl-2.11.0.jar;C:\Users\xywenjie\.m2\repository\net\sourceforge\htmlunit\htmlunit-cssparser\1.1.0\htmlunit-cssparser-1.1.0.jar;C:\Users\xywenjie\.m2\repository\commons-net\commons-net\3.6\commons-net-3.6.jar;C:\Users\xywenjie\.m2\repository\org\eclipse\jetty\websocket\websocket-client\9.4.11.v20180605\websocket-client-9.4.11.v20180605.jar;C:\Users\xywenjie\.m2\repository\org\eclipse\jetty\jetty-client\9.4.11.v20180605\jetty-client-9.4.11.v20180605.jar;C:\Users\xywenjie\.m2\repository\org\eclipse\jetty\jetty-http\9.4.11.v20180605\jetty-http-9.4.11.v20180605.jar;C:\Users\xywenjie\.m2\repository\org\eclipse\jetty\jetty-xml\9.4.11.v20180605\jetty-xml-9.4.11.v20180605.jar;C:\Users\xywenjie\.m2\repository\org\eclipse\jetty\jetty-util\9.4.11.v20180605\jetty-util-9.4.11.v20180605.jar;C:\Users\xywenjie\.m2\repository\org\eclipse\jetty\jetty-io\9.4.11.v20180605\jetty-io-9.4.11.v20180605.jar;C:\Users\xywenjie\.m2\repository\org\eclipse\jetty\websocket\websocket-common\9.4.11.v20180605\websocket-common-9.4.11.v20180605.jar;C:\Users\xywenjie\.m2\repository\org\eclipse\jetty\websocket\websocket-api\9.4.11.v20180605\websocket-api-9.4.11.v20180605.jar;C:\Users\xywenjie\.m2\repository\xml-apis\xml-apis\1.4.01\xml-apis-1.4.01.jar;C:\Users\xywenjie\.m2\repository\org\springframework\security\spring-security-test\4.2.7.RELEASE\spring-security-test-4.2.7.RELEASE.jar;C:\Users\xywenjie\.m2\repository\org\springframework\spring-core\4.3.18.RELEASE\spring-core-4.3.18.RELEASE.jar;C:\Users\xywenjie\.m2\repository\org\springframework\hateoas\spring-hateoas\0.25.0.RELEASE\spring-hateoas-0.25.0.RELEASE.jar;C:\Users\xywenjie\.m2\repository\org\springframework\spring-aop\4.3.18.RELEASE\spring-aop-4.3.18.RELEASE.jar;C:\Users\xywenjie\.m2\repository\org\springframework\spring-beans\4.3.18.RELEASE\spring-beans-4.3.18.RELEASE.jar;C:\Users\xywenjie\.m2\repository\org\springframework\spring-context\4.3.18.RELEASE\spring-context-4.3.18.RELEASE.jar;C:\Users\xywenjie\.m2\repository\org\springframework\spring-web\4.3.18.RELEASE\spring-web-4.3.18.RELEASE.jar;C:\Users\xywenjie\.m2\repository\org\apache\tomcat\tomcat-catalina\8.0.48\tomcat-catalina-8.0.48.jar;C:\Users\xywenjie\.m2\repository\org\apache\tomcat\tomcat-servlet-api\8.0.48\tomcat-servlet-api-8.0.48.jar;C:\Users\xywenjie\.m2\repository\org\apache\tomcat\tomcat-jsp-api\8.0.48\tomcat-jsp-api-8.0.48.jar;C:\Users\xywenjie\.m2\repository\org\apache\tomcat\tomcat-el-api\8.0.48\tomcat-el-api-8.0.48.jar;C:\Users\xywenjie\.m2\repository\org\apache\tomcat\tomcat-juli\8.0.48\tomcat-juli-8.0.48.jar;C:\Users\xywenjie\.m2\repository\org\apache\tomcat\tomcat-annotations-api\8.0.48\tomcat-annotations-api-8.0.48.jar;C:\Users\xywenjie\.m2\repository\org\apache\tomcat\tomcat-api\8.0.48\tomcat-api-8.0.48.jar;C:\Users\xywenjie\.m2\repository\org\apache\tomcat\tomcat-jni\8.0.48\tomcat-jni-8.0.48.jar;C:\Users\xywenjie\.m2\repository\org\apache\tomcat\tomcat-coyote\8.0.48\tomcat-coyote-8.0.48.jar;C:\Users\xywenjie\.m2\repository\org\apache\tomcat\tomcat-util\8.0.48\tomcat-util-8.0.48.jar;C:\Users\xywenjie\.m2\repository\org\apache\tomcat\tomcat-util-scan\8.0.48\tomcat-util-scan-8.0.48.jar;C:\Users\xywenjie\.m2\repository\org\thymeleaf\thymeleaf-spring4\3.0.9.RELEASE\thymeleaf-spring4-3.0.9.RELEASE.jar;C:\Users\xywenjie\.m2\repository\org\thymeleaf\thymeleaf\3.0.9.RELEASE\thymeleaf-3.0.9.RELEASE.jar;C:\Users\xywenjie\.m2\repository\org\attoparser\attoparser\2.0.4.RELEASE\attoparser-2.0.4.RELEASE.jar;C:\Users\xywenjie\.m2\repository\org\unbescape\unbescape\1.1.5.RELEASE\unbescape-1.1.5.RELEASE.jar;C:\Users\xywenjie\.m2\repository\org\apache\httpcomponents\httpclient\4.5.6\httpclient-4.5.6.jar;C:\Users\xywenjie\.m2\repository\junit\junit\4.12\junit-4.12.jar;C:\Users\xywenjie\.m2\repository\org\hamcrest\hamcrest-core\1.3\hamcrest-core-1.3.jar;C:\Users\xywenjie\.m2\repository\org\springframework\spring-webmvc\4.3.18.RELEASE\spring-webmvc-4.3.18.RELEASE.jar;C:\Users\xywenjie\.m2\repository\org\springframework\spring-expression\4.3.18.RELEASE\spring-expression-4.3.18.RELEASE.jar;C:\Users\xywenjie\.m2\repository\org\springframework\spring-test\4.3.18.RELEASE\spring-test-4.3.18.RELEASE.jar;C:\Users\xywenjie\.m2\repository\org\springframework\spring-tx\4.3.18.RELEASE\spring-tx-4.3.18.RELEASE.jar;C:\Users\xywenjie\.m2\repository\org\springframework\security\spring-security-core\4.2.7.RELEASE\spring-security-core-4.2.7.RELEASE.jar;C:\Users\xywenjie\.m2\repository\aopalliance\aopalliance\1.0\aopalliance-1.0.jar;C:\Users\xywenjie\.m2\repository\org\springframework\security\spring-security-web\4.2.7.RELEASE\spring-security-web-4.2.7.RELEASE.jar;C:\Users\xywenjie\.m2\repository\org\springframework\security\spring-security-config\4.2.7.RELEASE\spring-security-config-4.2.7.RELEASE.jar;C:\Users\xywenjie\.m2\repository\org\springframework\webflow\spring-webflow\2.5.0.RELEASE\spring-webflow-2.5.0.RELEASE.jar;C:\Users\xywenjie\.m2\repository\org\springframework\webflow\spring-binding\2.5.0.RELEASE\spring-binding-2.5.0.RELEASE.jar;C:\Users\xywenjie\.m2\repository\org\apache\tiles\tiles-jsp\3.0.8\tiles-jsp-3.0.8.jar;C:\Users\xywenjie\.m2\repository\org\apache\tiles\tiles-servlet\3.0.8\tiles-servlet-3.0.8.jar;C:\Users\xywenjie\.m2\repository\org\apache\tiles\tiles-core\3.0.8\tiles-core-3.0.8.jar;C:\Users\xywenjie\.m2\repository\commons-digester\commons-digester\2.0\commons-digester-2.0.jar;C:\Users\xywenjie\.m2\repository\org\apache\tiles\tiles-request-servlet\1.0.7\tiles-request-servlet-1.0.7.jar;C:\Users\xywenjie\.m2\repository\org\apache\tiles\tiles-template\3.0.8\tiles-template-3.0.8.jar;C:\Users\xywenjie\.m2\repository\org\apache\tiles\tiles-api\3.0.8\tiles-api-3.0.8.jar;C:\Users\xywenjie\.m2\repository\org\apache\tiles\tiles-autotag-core-runtime\1.2\tiles-autotag-core-runtime-1.2.jar;C:\Users\xywenjie\.m2\repository\org\apache\tiles\tiles-request-jsp\1.0.7\tiles-request-jsp-1.0.7.jar;C:\Users\xywenjie\.m2\repository\org\apache\tiles\tiles-request-api\1.0.7\tiles-request-api-1.0.7.jar;C:\Users\xywenjie\.m2\repository\org\activiti\activiti-engine\5.22.0\activiti-engine-5.22.0.jar;C:\Users\xywenjie\.m2\repository\org\activiti\activiti-bpmn-converter\5.22.0\activiti-bpmn-converter-5.22.0.jar;C:\Users\xywenjie\.m2\repository\org\activiti\activiti-bpmn-model\5.22.0\activiti-bpmn-model-5.22.0.jar;C:\Users\xywenjie\.m2\repository\org\activiti\activiti-process-validation\5.22.0\activiti-process-validation-5.22.0.jar;C:\Users\xywenjie\.m2\repository\org\activiti\activiti-image-generator\5.22.0\activiti-image-generator-5.22.0.jar;C:\Users\xywenjie\.m2\repository\org\apache\commons\commons-email\1.4\commons-email-1.4.jar;C:\Users\xywenjie\.m2\repository\com\sun\mail\javax.mail\1.5.2\javax.mail-1.5.2.jar;C:\Users\xywenjie\.m2\repository\javax\activation\activation\1.1.1\activation-1.1.1.jar;C:\Users\xywenjie\.m2\repository\org\mybatis\mybatis\3.3.0\mybatis-3.3.0.jar;C:\Users\xywenjie\.m2\repository\joda-time\joda-time\2.6\joda-time-2.6.jar;C:\Users\xywenjie\.m2\repository\org\slf4j\jcl-over-slf4j\1.7.6\jcl-over-slf4j-1.7.6.jar;C:\Users\xywenjie\.m2\repository\org\activiti\activiti-spring\5.22.0\activiti-spring-5.22.0.jar;C:\Users\xywenjie\.m2\repository\org\springframework\spring-jdbc\4.1.5.RELEASE\spring-jdbc-4.1.5.RELEASE.jar;C:\Users\xywenjie\.m2\repository\org\springframework\spring-orm\4.1.5.RELEASE\spring-orm-4.1.5.RELEASE.jar;C:\Users\xywenjie\.m2\repository\commons-dbcp\commons-dbcp\1.4\commons-dbcp-1.4.jar;C:\Users\xywenjie\.m2\repository\commons-pool\commons-pool\1.5.4\commons-pool-1.5.4.jar;C:\Users\xywenjie\.m2\repository\org\hibernate\hibernate-entitymanager\4.3.11.Final\hibernate-entitymanager-4.3.11.Final.jar;C:\Users\xywenjie\.m2\repository\org\jboss\logging\jboss-logging-annotations\1.2.0.Beta1\jboss-logging-annotations-1.2.0.Beta1.jar;C:\Users\xywenjie\.m2\repository\org\hibernate\hibernate-core\4.3.11.Final\hibernate-core-4.3.11.Final.jar;C:\Users\xywenjie\.m2\repository\antlr\antlr\2.7.7\antlr-2.7.7.jar;C:\Users\xywenjie\.m2\repository\org\jboss\jandex\1.1.0.Final\jandex-1.1.0.Final.jar;C:\Users\xywenjie\.m2\repository\dom4j\dom4j\1.6.1\dom4j-1.6.1.jar;C:\Users\xywenjie\.m2\repository\org\hibernate\common\hibernate-commons-annotations\4.0.5.Final\hibernate-commons-annotations-4.0.5.Final.jar;C:\Users\xywenjie\.m2\repository\org\hibernate\javax\persistence\hibernate-jpa-2.1-api\1.0.0.Final\hibernate-jpa-2.1-api-1.0.0.Final.jar;C:\Users\xywenjie\.m2\repository\org\jboss\spec\javax\transaction\jboss-transaction-api_1.2_spec\1.0.0.Final\jboss-transaction-api_1.2_spec-1.0.0.Final.jar;C:\Users\xywenjie\.m2\repository\org\javassist\javassist\3.18.1-GA\javassist-3.18.1-GA.jar;C:\Users\xywenjie\.m2\repository\org\hibernate\validator\hibernate-validator\6.0.13.Final\hibernate-validator-6.0.13.Final.jar;C:\Users\xywenjie\.m2\repository\javax\validation\validation-api\2.0.1.Final\validation-api-2.0.1.Final.jar;C:\Users\xywenjie\.m2\repository\com\fasterxml\classmate\1.3.4\classmate-1.3.4.jar;C:\Users\xywenjie\.m2\repository\org\jboss\logging\jboss-logging\3.3.2.Final\jboss-logging-3.3.2.Final.jar;C:\Users\xywenjie\.m2\repository\org\springframework\data\spring-data-jpa\1.11.6.RELEASE\spring-data-jpa-1.11.6.RELEASE.jar;C:\Users\xywenjie\.m2\repository\org\springframework\data\spring-data-commons\1.13.6.RELEASE\spring-data-commons-1.13.6.RELEASE.jar;C:\Users\xywenjie\.m2\repository\org\aspectj\aspectjrt\1.8.10\aspectjrt-1.8.10.jar;C:\Users\xywenjie\.m2\repository\org\apache\logging\log4j\log4j-core\2.11.0\log4j-core-2.11.0.jar;C:\Users\xywenjie\.m2\repository\org\apache\logging\log4j\log4j-api\2.11.0\log4j-api-2.11.0.jar;C:\Users\xywenjie\.m2\repository\org\apache\logging\log4j\log4j-slf4j-impl\2.11.0\log4j-slf4j-impl-2.11.0.jar;C:\Users\xywenjie\.m2\repository\javax\servlet\jstl\1.2\jstl-1.2.jar;C:\Users\xywenjie\.m2\repository\org\glassfish\web\jstl-impl\1.2\jstl-impl-1.2.jar;C:\Users\xywenjie\.m2\repository\javax\servlet\servlet-api\2.5\servlet-api-2.5.jar;C:\Users\xywenjie\.m2\repository\javax\servlet\jsp\jsp-api\2.1\jsp-api-2.1.jar;C:\Users\xywenjie\.m2\repository\javax\servlet\jsp\jstl\jstl-api\1.2\jstl-api-1.2.jar;C:\Users\xywenjie\.m2\repository\org\apache\commons\commons-dbcp2\2.1.1\commons-dbcp2-2.1.1.jar;C:\Users\xywenjie\.m2\repository\org\apache\commons\commons-pool2\2.4.2\commons-pool2-2.4.2.jar;C:\Users\xywenjie\.m2\repository\commons-codec\commons-codec\1.11\commons-codec-1.11.jar;C:\Users\xywenjie\.m2\repository\commons-io\commons-io\2.6\commons-io-2.6.jar;C:\Users\xywenjie\.m2\repository\commons-fileupload\commons-fileupload\1.3.3\commons-fileupload-1.3.3.jar;C:\Users\xywenjie\.m2\repository\com\fasterxml\jackson\core\jackson-core\2.9.5\jackson-core-2.9.5.jar;C:\Users\xywenjie\.m2\repository\com\fasterxml\jackson\core\jackson-databind\2.9.5\jackson-databind-2.9.5.jar;C:\Users\xywenjie\.m2\repository\com\fasterxml\jackson\core\jackson-annotations\2.9.5\jackson-annotations-2.9.5.jar;C:\Users\xywenjie\.m2\repository\mysql\mysql-connector-java\5.1.41\mysql-connector-java-5.1.41.jar;, user.name=xywenjie, java.vm.specification.version=1.8, sun.java.command=C:\Users\xywenjie\git\erp\erp-loan\target\surefire\surefirebooter4361474128316300708.jar C:\Users\xywenjie\git\erp\erp-loan\target\surefire\surefire4909760760641731558tmp C:\Users\xywenjie\git\erp\erp-loan\target\surefire\surefire_06432162705976264568tmp, java.home=C:\Program Files\Java\jdk1.8.0_181\jre, sun.arch.data.model=64, user.language=en, java.specification.vendor=Oracle Corporation, awt.toolkit=sun.awt.windows.WToolkit, java.vm.info=mixed mode, java.version=1.8.0_181, java.ext.dirs=C:\Program Files\Java\jdk1.8.0_181\jre\lib\ext;C:\WINDOWS\Sun\Java\lib\ext, sun.boot.class.path=C:\Program Files\Java\jdk1.8.0_181\jre\lib\resources.jar;C:\Program Files\Java\jdk1.8.0_181\jre\lib\rt.jar;C:\Program Files\Java\jdk1.8.0_181\jre\lib\sunrsasign.jar;C:\Program Files\Java\jdk1.8.0_181\jre\lib\jsse.jar;C:\Program Files\Java\jdk1.8.0_181\jre\lib\jce.jar;C:\Program Files\Java\jdk1.8.0_181\jre\lib\charsets.jar;C:\Program Files\Java\jdk1.8.0_181\jre\lib\jfr.jar;C:\Program Files\Java\jdk1.8.0_181\jre\classes, java.vendor=Oracle Corporation, localRepository=C:\Users\xywenjie\.m2\repository, file.separator=\, java.vendor.url.bug=http://bugreport.sun.com/bugreport/, sun.io.unicode.encoding=UnicodeLittle, sun.cpu.endian=little, sun.desktop=windows, sun.cpu.isalist=amd64}}, SystemEnvironmentPropertySource@52514534 {name=&apos;systemEnvironment&apos;, properties={PATH=C:\Program Files (x86)\NetSarang\Xftp 6\;C:\Program Files (x86)\Common Files\Oracle\Java\javapath;C:\WINDOWS\system32;C:\WINDOWS;C:\WINDOWS\System32\Wbem;C:\WINDOWS\System32\WindowsPowerShell\v1.0\;C:\WINDOWS\System32\OpenSSH\;D:\Program Files\Apache\maven\bin\;C:\Program Files\Git\cmd;C:\Users\xywenjie\AppData\Local\Microsoft\WindowsApps;C:\Users\xywenjie\AppData\Local\atom\bin, USERDOMAIN_ROAMINGPROFILE=DESKTOP-T8LGBLS, PROCESSOR_LEVEL=23, SYSTEMDRIVE=C:, ALLUSERSPROFILE=C:\ProgramData, PROCESSOR_ARCHITECTURE=AMD64, AMDRMSDKPATH=C:\Program Files\AMD\RyzenMasterSDK\, DRIVERDATA=C:\Windows\System32\Drivers\DriverData, MAVEN_HOME=D:\Program Files\Apache\maven\bin\.., PROGRAMFILES=C:\Program Files, MOZ_PLUGIN_PATH=C:\Program Files (x86)\Foxit Software\Foxit Reader\plugins\, PSMODULEPATH=C:\Users\xywenjie\Documents\WindowsPowerShell\Modules;C:\Program Files\WindowsPowerShell\Modules;C:\WINDOWS\system32\WindowsPowerShell\v1.0\Modules, PROGRAMDATA=C:\ProgramData, USERNAME=xywenjie, WDIR=C:\, ONEDRIVE=C:\Users\xywenjie\OneDrive, PATHEXT=.COM;.EXE;.BAT;.CMD;.VBS;.VBE;.JS;.JSE;.WSF;.WSH;.MSC;.CPL, ONEDRIVECONSUMER=C:\Users\xywenjie\OneDrive, CLASSWORLDS_JAR=&quot;D:\Program Files\Apache\maven\bin\..\boot\plexus-classworlds-2.5.2.jar&quot;, WINDIR=C:\WINDOWS, HOMEPATH=\Users\xywenjie, PROCESSOR_IDENTIFIER=AMD64 Family 23 Model 1 Stepping 1, AuthenticAMD, PUBLIC=C:\Users\Public, =::=::\, LOCALAPPDATA=C:\Users\xywenjie\AppData\Local, COMMONPROGRAMFILES(X86)=C:\Program Files (x86)\Common Files, USERDOMAIN=DESKTOP-T8LGBLS, LOGONSERVER=\\DESKTOP-T8LGBLS, JAVA_HOME=C:\Program Files\Java\jdk1.8.0_181, PROMPT=$P$G, PROGRAMFILES(X86)=C:\Program Files (x86), ERROR_CODE=0, EXEC_DIR=C:\Users\xywenjie\git\erp, =C:=C:\Users\xywenjie\git\erp\erp-loan, APPDATA=C:\Users\xywenjie\AppData\Roaming, PROGRAMW6432=C:\Program Files, SYSTEMROOT=C:\WINDOWS, MAVEN_CMD_LINE_ARGS=install, VBOX_MSI_INSTALL_PATH=C:\Program Files\Oracle\VirtualBox\, OS=Windows_NT, COMMONPROGRAMW6432=C:\Program Files\Common Files, COMPUTERNAME=DESKTOP-T8LGBLS, COMMONPROGRAMFILES=C:\Program Files\Common Files, COMSPEC=C:\WINDOWS\system32\cmd.exe, AMDRMPATH=C:\Program Files\AMD\RyzenMaster\, JAVACMD=C:\Program Files\Java\jdk1.8.0_181\bin\java.exe, MAVEN_PROJECTBASEDIR=C:\Users\xywenjie\git\erp, PROCESSOR_REVISION=0101, CLASSWORLDS_LAUNCHER=org.codehaus.plexus.classworlds.launcher.Launcher, TEMP=C:\Users\xywenjie\AppData\Local\Temp, HOMEDRIVE=C:, USERPROFILE=C:\Users\xywenjie, TMP=C:\Users\xywenjie\AppData\Local\Temp, NUMBER_OF_PROCESSORS=16, JVMCONFIG=\.mvn\jvm.config}}]
19:37:04.385 [main] DEBUG org.springframework.core.io.support.PathMatchingResourcePatternResolver - Resolved classpath location [com/benjamin/erp/repository/] to resources [URL [jar:file:/C:/Users/xywenjie/git/erp/erp-web-basic/target/erp.jar!/com/benjamin/erp/repository/]]
19:37:04.385 [main] DEBUG org.springframework.core.io.support.PathMatchingResourcePatternResolver - Looking for matching resources in jar file [file:/C:/Users/xywenjie/git/erp/erp-web-basic/target/erp.jar]
19:37:04.386 [main] DEBUG org.springframework.core.io.support.PathMatchingResourcePatternResolver - Resolved location pattern [classpath*:com/benjamin/erp/repository/**/*LoginInfoRepositoryImpl.class] to resources []
19:37:04.386 [main] DEBUG org.springframework.data.repository.config.RepositoryConfigurationDelegate - Spring Data JPA - Registering repository: loginInfoRepository - Interface: com.benjamin.erp.repository.LoginInfoRepository - Factory: org.springframework.data.jpa.repository.support.JpaRepositoryFactoryBean
19:37:04.500 [main] DEBUG org.springframework.context.annotation.ConfigurationClassEnhancer - Successfully enhanced com.benjamin.erp.config.SpringApplicationContext; enhanced class name is: com.benjamin.erp.config.SpringApplicationContext$$EnhancerBySpringCGLIB$$fadbee0d
19:37:04.500 [main] DEBUG org.springframework.context.annotation.ConfigurationClassPostProcessor - Replacing bean definition &apos;springApplicationContext&apos; existing class &apos;com.benjamin.erp.config.SpringApplicationContext&apos; with enhanced class &apos;com.benjamin.erp.config.SpringApplicationContext$$EnhancerBySpringCGLIB$$fadbee0d&apos;
19:37:04.501 [main] DEBUG org.springframework.beans.factory.support.DefaultListableBeanFactory - Creating shared instance of singleton bean &apos;emBeanDefinitionRegistrarPostProcessor&apos;
19:37:04.502 [main] DEBUG org.springframework.beans.factory.support.DefaultListableBeanFactory - Creating instance of bean &apos;emBeanDefinitionRegistrarPostProcessor&apos;
19:37:04.502 [main] DEBUG org.springframework.beans.factory.support.DefaultListableBeanFactory - Eagerly caching bean &apos;emBeanDefinitionRegistrarPostProcessor&apos; to allow for resolving potential circular references
19:37:04.529 [main] DEBUG org.springframework.beans.factory.support.DefaultListableBeanFactory - Finished creating instance of bean &apos;emBeanDefinitionRegistrarPostProcessor&apos;
19:37:04.539 [main] DEBUG org.springframework.beans.factory.support.DefaultListableBeanFactory - Creating shared instance of singleton bean &apos;org.springframework.context.annotation.internalAutowiredAnnotationProcessor&apos;
19:37:04.539 [main] DEBUG org.springframework.beans.factory.support.DefaultListableBeanFactory - Creating instance of bean &apos;org.springframework.context.annotation.internalAutowiredAnnotationProcessor&apos;
19:37:04.540 [main] INFO org.springframework.beans.factory.annotation.AutowiredAnnotationBeanPostProcessor - JSR-330 &apos;javax.inject.Inject&apos; annotation found and supported for autowiring
19:37:04.541 [main] DEBUG org.springframework.beans.factory.support.DefaultListableBeanFactory - Eagerly caching bean &apos;org.springframework.context.annotation.internalAutowiredAnnotationProcessor&apos; to allow for resolving potential circular references
19:37:04.550 [main] DEBUG org.springframework.beans.factory.support.DefaultListableBeanFactory - Finished creating instance of bean &apos;org.springframework.context.annotation.internalAutowiredAnnotationProcessor&apos;
19:37:04.550 [main] DEBUG org.springframework.beans.factory.support.DefaultListableBeanFactory - Creating shared instance of singleton bean &apos;org.springframework.context.annotation.internalRequiredAnnotationProcessor&apos;
19:37:04.550 [main] DEBUG org.springframework.beans.factory.support.DefaultListableBeanFactory - Creating instance of bean &apos;org.springframework.context.annotation.internalRequiredAnnotationProcessor&apos;
19:37:04.551 [main] DEBUG org.springframework.beans.factory.support.DefaultListableBeanFactory - Eagerly caching bean &apos;org.springframework.context.annotation.internalRequiredAnnotationProcessor&apos; to allow for resolving potential circular references
19:37:04.556 [main] DEBUG org.springframework.beans.factory.support.DefaultListableBeanFactory - Finished creating instance of bean &apos;org.springframework.context.annotation.internalRequiredAnnotationProcessor&apos;
19:37:04.557 [main] DEBUG org.springframework.beans.factory.support.DefaultListableBeanFactory - Creating shared instance of singleton bean &apos;org.springframework.context.annotation.internalCommonAnnotationProcessor&apos;
19:37:04.557 [main] DEBUG org.springframework.beans.factory.support.DefaultListableBeanFactory - Creating instance of bean &apos;org.springframework.context.annotation.internalCommonAnnotationProcessor&apos;
19:37:04.563 [main] DEBUG org.springframework.beans.factory.support.DefaultListableBeanFactory - Eagerly caching bean &apos;org.springframework.context.annotation.internalCommonAnnotationProcessor&apos; to allow for resolving potential circular references
19:37:04.573 [main] DEBUG org.springframework.beans.factory.support.DefaultListableBeanFactory - Finished creating instance of bean &apos;org.springframework.context.annotation.internalCommonAnnotationProcessor&apos;
19:37:04.573 [main] DEBUG org.springframework.beans.factory.support.DefaultListableBeanFactory - Creating shared instance of singleton bean &apos;org.springframework.context.annotation.internalPersistenceAnnotationProcessor&apos;
19:37:04.573 [main] DEBUG org.springframework.beans.factory.support.DefaultListableBeanFactory - Creating instance of bean &apos;org.springframework.context.annotation.internalPersistenceAnnotationProcessor&apos;
19:37:04.573 [main] DEBUG org.springframework.beans.factory.support.DefaultListableBeanFactory - Eagerly caching bean &apos;org.springframework.context.annotation.internalPersistenceAnnotationProcessor&apos; to allow for resolving potential circular references
19:37:04.581 [main] DEBUG org.springframework.beans.factory.support.DefaultListableBeanFactory - Finished creating instance of bean &apos;org.springframework.context.annotation.internalPersistenceAnnotationProcessor&apos;
19:37:04.581 [main] DEBUG org.springframework.beans.factory.support.DefaultListableBeanFactory - Creating shared instance of singleton bean &apos;shiroFilter&apos;
19:37:04.581 [main] DEBUG org.springframework.beans.factory.support.DefaultListableBeanFactory - Creating instance of bean &apos;shiroFilter&apos;
19:37:04.583 [main] DEBUG org.springframework.beans.factory.support.DefaultListableBeanFactory - Creating shared instance of singleton bean &apos;springApplicationContext&apos;
19:37:04.583 [main] DEBUG org.springframework.beans.factory.support.DefaultListableBeanFactory - Creating instance of bean &apos;springApplicationContext&apos;
19:37:04.591 [main] DEBUG org.springframework.beans.factory.support.DefaultListableBeanFactory - Eagerly caching bean &apos;springApplicationContext&apos; to allow for resolving potential circular references
19:37:04.597 [main] INFO org.springframework.context.support.PostProcessorRegistrationDelegate$BeanPostProcessorChecker - Bean &apos;springApplicationContext&apos; of type [com.benjamin.erp.config.SpringApplicationContext$$EnhancerBySpringCGLIB$$fadbee0d] is not eligible for getting processed by all BeanPostProcessors (for example: not eligible for auto-proxying)
19:37:04.597 [main] DEBUG org.springframework.beans.factory.support.DefaultListableBeanFactory - Finished creating instance of bean &apos;springApplicationContext&apos;
19:37:04.617 [main] INFO com.benjamin.erp.config.SpringApplicationContext$$EnhancerBySpringCGLIB$$fadbee0d - 加载ShiroFilter拦截器功能
19:37:04.621 [main] DEBUG org.springframework.beans.factory.support.DefaultListableBeanFactory - Creating shared instance of singleton bean &apos;securityManager&apos;
19:37:04.621 [main] DEBUG org.springframework.beans.factory.support.DefaultListableBeanFactory - Creating instance of bean &apos;securityManager&apos;
19:37:04.621 [main] DEBUG org.springframework.beans.factory.support.DefaultListableBeanFactory - Returning cached instance of singleton bean &apos;springApplicationContext&apos;
19:37:05.799 [main] DEBUG org.springframework.beans.factory.support.DefaultListableBeanFactory - Creating shared instance of singleton bean &apos;simpleRealm&apos;
19:37:05.799 [main] DEBUG org.springframework.beans.factory.support.DefaultListableBeanFactory - Creating instance of bean &apos;simpleRealm&apos;
19:37:05.799 [main] DEBUG org.springframework.beans.factory.support.DefaultListableBeanFactory - Returning cached instance of singleton bean &apos;springApplicationContext&apos;
19:37:05.810 [main] DEBUG org.springframework.beans.factory.annotation.InjectionMetadata - Registered injected element on class [com.benjamin.erp.Realm]: AutowiredFieldElement for private com.benjamin.erp.repository.LoginInfoRepository com.benjamin.erp.Realm.loginInfoRepository
19:37:05.810 [main] DEBUG org.springframework.beans.factory.support.DefaultListableBeanFactory - Eagerly caching bean &apos;simpleRealm&apos; to allow for resolving potential circular references
19:37:05.828 [main] DEBUG org.springframework.beans.factory.annotation.InjectionMetadata - Processing injected element of bean &apos;simpleRealm&apos;: AutowiredFieldElement for private com.benjamin.erp.repository.LoginInfoRepository com.benjamin.erp.Realm.loginInfoRepository
19:37:05.851 [main] DEBUG org.springframework.beans.factory.support.DefaultListableBeanFactory - Creating shared instance of singleton bean &apos;loginInfoRepository&apos;
19:37:05.851 [main] DEBUG org.springframework.beans.factory.support.DefaultListableBeanFactory - Creating instance of bean &apos;loginInfoRepository&apos;
19:37:05.867 [main] DEBUG org.springframework.beans.factory.annotation.InjectionMetadata - Registered injected element on class [org.springframework.data.jpa.repository.support.JpaRepositoryFactoryBean]: PersistenceElement for public void org.springframework.data.jpa.repository.support.JpaRepositoryFactoryBean.setEntityManager(javax.persistence.EntityManager)
19:37:05.868 [main] DEBUG org.springframework.beans.factory.support.DefaultListableBeanFactory - Eagerly caching bean &apos;loginInfoRepository&apos; to allow for resolving potential circular references
19:37:05.868 [main] DEBUG org.springframework.beans.factory.annotation.InjectionMetadata - Processing injected element of bean &apos;loginInfoRepository&apos;: PersistenceElement for public void org.springframework.data.jpa.repository.support.JpaRepositoryFactoryBean.setEntityManager(javax.persistence.EntityManager)
19:37:05.871 [main] DEBUG org.springframework.beans.factory.support.DefaultListableBeanFactory - Creating instance of bean &apos;(inner bean)#52d239ba&apos;
19:37:05.871 [main] DEBUG org.springframework.beans.factory.support.DefaultListableBeanFactory - Creating instance of bean &apos;(inner bean)#68fa0ba8&apos;
19:37:05.879 [main] DEBUG org.springframework.core.io.support.PathMatchingResourcePatternResolver - Resolved classpath location [META-INF/jpa-named-queries.properties] to resources []
19:37:05.880 [main] DEBUG org.springframework.beans.factory.support.DefaultListableBeanFactory - Invoking afterPropertiesSet() on bean with name &apos;(inner bean)#68fa0ba8&apos;
19:37:05.880 [main] INFO org.springframework.context.support.PostProcessorRegistrationDelegate$BeanPostProcessorChecker - Bean &apos;(inner bean)#68fa0ba8&apos; of type [org.springframework.beans.factory.config.PropertiesFactoryBean] is not eligible for getting processed by all BeanPostProcessors (for example: not eligible for auto-proxying)
19:37:05.880 [main] DEBUG org.springframework.beans.factory.support.DefaultListableBeanFactory - Finished creating instance of bean &apos;(inner bean)#68fa0ba8&apos;
19:37:05.880 [main] INFO org.springframework.context.support.PostProcessorRegistrationDelegate$BeanPostProcessorChecker - Bean &apos;(inner bean)#68fa0ba8&apos; of type [java.util.Properties] is not eligible for getting processed by all BeanPostProcessors (for example: not eligible for auto-proxying)
19:37:05.886 [main] INFO org.springframework.context.support.PostProcessorRegistrationDelegate$BeanPostProcessorChecker - Bean &apos;(inner bean)#52d239ba&apos; of type [org.springframework.data.repository.core.support.PropertiesBasedNamedQueries] is not eligible for getting processed by all BeanPostProcessors (for example: not eligible for auto-proxying)
19:37:05.887 [main] DEBUG org.springframework.beans.factory.support.DefaultListableBeanFactory - Finished creating instance of bean &apos;(inner bean)#52d239ba&apos;
19:37:05.887 [main] DEBUG org.springframework.beans.factory.support.DefaultListableBeanFactory - Creating instance of bean &apos;(inner bean)#47a5b70d&apos;
19:37:05.893 [main] INFO org.springframework.context.support.PostProcessorRegistrationDelegate$BeanPostProcessorChecker - Bean &apos;(inner bean)#47a5b70d&apos; of type [org.springframework.data.repository.query.ExtensionAwareEvaluationContextProvider] is not eligible for getting processed by all BeanPostProcessors (for example: not eligible for auto-proxying)
19:37:05.893 [main] DEBUG org.springframework.beans.factory.support.DefaultListableBeanFactory - Finished creating instance of bean &apos;(inner bean)#47a5b70d&apos;
19:37:05.894 [main] DEBUG org.springframework.beans.factory.support.DefaultListableBeanFactory - Creating instance of bean &apos;(inner bean)#48a12036&apos;
19:37:05.894 [main] DEBUG org.springframework.beans.factory.support.DefaultListableBeanFactory - Creating shared instance of singleton bean &apos;entityManagerFactory&apos;
19:37:05.894 [main] DEBUG org.springframework.beans.factory.support.DefaultListableBeanFactory - Creating instance of bean &apos;entityManagerFactory&apos;
19:37:05.894 [main] DEBUG org.springframework.beans.factory.support.DefaultListableBeanFactory - Returning cached instance of singleton bean &apos;springApplicationContext&apos;
19:37:05.905 [main] DEBUG org.springframework.beans.factory.support.DefaultListableBeanFactory - Creating shared instance of singleton bean &apos;dataSource&apos;
19:37:05.905 [main] DEBUG org.springframework.beans.factory.support.DefaultListableBeanFactory - Creating instance of bean &apos;dataSource&apos;
19:37:05.905 [main] DEBUG org.springframework.beans.factory.support.DefaultListableBeanFactory - Returning cached instance of singleton bean &apos;springApplicationContext&apos;
19:37:05.919 [main] INFO org.springframework.jdbc.datasource.DriverManagerDataSource - Loaded JDBC driver: com.mysql.jdbc.Driver
19:37:05.919 [main] DEBUG org.springframework.beans.factory.support.DefaultListableBeanFactory - Eagerly caching bean &apos;dataSource&apos; to allow for resolving potential circular references
19:37:05.927 [main] INFO org.springframework.context.support.PostProcessorRegistrationDelegate$BeanPostProcessorChecker - Bean &apos;dataSource&apos; of type [org.springframework.jdbc.datasource.DriverManagerDataSource] is not eligible for getting processed by all BeanPostProcessors (for example: not eligible for auto-proxying)
19:37:05.927 [main] DEBUG org.springframework.beans.factory.support.DefaultListableBeanFactory - Finished creating instance of bean &apos;dataSource&apos;
19:37:05.928 [main] DEBUG org.springframework.beans.factory.support.DefaultListableBeanFactory - Creating shared instance of singleton bean &apos;jpaVendorAdapter&apos;
19:37:05.928 [main] DEBUG org.springframework.beans.factory.support.DefaultListableBeanFactory - Creating instance of bean &apos;jpaVendorAdapter&apos;
19:37:05.929 [main] DEBUG org.springframework.beans.factory.support.DefaultListableBeanFactory - Returning cached instance of singleton bean &apos;springApplicationContext&apos;
19:37:05.975 [main] DEBUG org.springframework.beans.factory.support.DefaultListableBeanFactory - Eagerly caching bean &apos;jpaVendorAdapter&apos; to allow for resolving potential circular references
19:37:05.980 [main] INFO org.springframework.context.support.PostProcessorRegistrationDelegate$BeanPostProcessorChecker - Bean &apos;jpaVendorAdapter&apos; of type [org.springframework.orm.jpa.vendor.HibernateJpaVendorAdapter] is not eligible for getting processed by all BeanPostProcessors (for example: not eligible for auto-proxying)
19:37:05.981 [main] DEBUG org.springframework.beans.factory.support.DefaultListableBeanFactory - Finished creating instance of bean &apos;jpaVendorAdapter&apos;
19:37:05.983 [main] DEBUG org.springframework.beans.factory.support.DefaultListableBeanFactory - Eagerly caching bean &apos;entityManagerFactory&apos; to allow for resolving potential circular references
19:37:05.997 [main] DEBUG org.springframework.beans.factory.support.DefaultListableBeanFactory - Invoking afterPropertiesSet() on bean with name &apos;entityManagerFactory&apos;
19:37:06.003 [main] DEBUG org.springframework.core.io.support.PathMatchingResourcePatternResolver - Resolved classpath location [META-INF/persistence.xml] to resources []
19:37:06.004 [main] DEBUG org.springframework.core.io.support.PathMatchingResourcePatternResolver - Resolved classpath location [com/benjamin/erp/domain/] to resources [URL [file:/C:/Users/xywenjie/git/erp/erp-loan/target/classes/com/benjamin/erp/domain/], URL [jar:file:/C:/Users/xywenjie/git/erp/erp-web-basic/target/erp.jar!/com/benjamin/erp/domain/]]
19:37:06.004 [main] DEBUG org.springframework.core.io.support.PathMatchingResourcePatternResolver - Looking for matching resources in directory tree [C:\Users\xywenjie\git\erp\erp-loan\target\classes\com\benjamin\erp\domain]
19:37:06.004 [main] DEBUG org.springframework.core.io.support.PathMatchingResourcePatternResolver - Searching directory [C:\Users\xywenjie\git\erp\erp-loan\target\classes\com\benjamin\erp\domain] for files matching pattern [C:/Users/xywenjie/git/erp/erp-loan/target/classes/com/benjamin/erp/domain/**/*.class]
19:37:06.007 [main] DEBUG org.springframework.core.io.support.PathMatchingResourcePatternResolver - Looking for matching resources in jar file [file:/C:/Users/xywenjie/git/erp/erp-web-basic/target/erp.jar]
19:37:06.007 [main] DEBUG org.springframework.core.io.support.PathMatchingResourcePatternResolver - Resolved location pattern [classpath*:com/benjamin/erp/domain/**/*.class] to resources [file [C:\Users\xywenjie\git\erp\erp-loan\target\classes\com\benjamin\erp\domain\BorrowerInfo.class], URL [jar:file:/C:/Users/xywenjie/git/erp/erp-web-basic/target/erp.jar!/com/benjamin/erp/domain/EmployeeInfo$Gender.class], URL [jar:file:/C:/Users/xywenjie/git/erp/erp-web-basic/target/erp.jar!/com/benjamin/erp/domain/EmployeeInfo$InServiceStatus.class], URL [jar:file:/C:/Users/xywenjie/git/erp/erp-web-basic/target/erp.jar!/com/benjamin/erp/domain/EmployeeInfo.class], URL [jar:file:/C:/Users/xywenjie/git/erp/erp-web-basic/target/erp.jar!/com/benjamin/erp/domain/LoginInfo.class], URL [jar:file:/C:/Users/xywenjie/git/erp/erp-web-basic/target/erp.jar!/com/benjamin/erp/domain/ResourceInfo.class], URL [jar:file:/C:/Users/xywenjie/git/erp/erp-web-basic/target/erp.jar!/com/benjamin/erp/domain/RoleInfo.class], URL [jar:file:/C:/Users/xywenjie/git/erp/erp-web-basic/target/erp.jar!/com/benjamin/erp/domain/Section.class]]
19:37:06.014 [main] INFO org.springframework.orm.jpa.LocalContainerEntityManagerFactoryBean - Building JPA container EntityManagerFactory for persistence unit &apos;default&apos;
19:37:06.497 [main] DEBUG org.springframework.jdbc.datasource.DriverManagerDataSource - Creating new JDBC DriverManager Connection to [jdbc:mysql://localhost:3306/erp]
19:37:07.654 [main] DEBUG org.springframework.jdbc.datasource.DriverManagerDataSource - Creating new JDBC DriverManager Connection to [jdbc:mysql://localhost:3306/erp]
19:37:07.778 [main] INFO org.springframework.context.support.PostProcessorRegistrationDelegate$BeanPostProcessorChecker - Bean &apos;entityManagerFactory&apos; of type [org.springframework.orm.jpa.LocalContainerEntityManagerFactoryBean] is not eligible for getting processed by all BeanPostProcessors (for example: not eligible for auto-proxying)
19:37:07.778 [main] DEBUG org.springframework.beans.factory.support.DefaultListableBeanFactory - Finished creating instance of bean &apos;entityManagerFactory&apos;
19:37:07.778 [main] INFO org.springframework.context.support.PostProcessorRegistrationDelegate$BeanPostProcessorChecker - Bean &apos;entityManagerFactory&apos; of type [com.sun.proxy.$Proxy42] is not eligible for getting processed by all BeanPostProcessors (for example: not eligible for auto-proxying)
19:37:07.795 [main] INFO org.springframework.context.support.PostProcessorRegistrationDelegate$BeanPostProcessorChecker - Bean &apos;(inner bean)#48a12036&apos; of type [com.sun.proxy.$Proxy43] is not eligible for getting processed by all BeanPostProcessors (for example: not eligible for auto-proxying)
19:37:07.795 [main] DEBUG org.springframework.beans.factory.support.DefaultListableBeanFactory - Finished creating instance of bean &apos;(inner bean)#48a12036&apos;
19:37:07.796 [main] DEBUG org.springframework.beans.factory.support.DefaultListableBeanFactory - Creating shared instance of singleton bean &apos;jpaMappingContext&apos;
19:37:07.796 [main] DEBUG org.springframework.beans.factory.support.DefaultListableBeanFactory - Creating instance of bean &apos;jpaMappingContext&apos;
19:37:07.796 [main] DEBUG org.springframework.beans.factory.support.DefaultListableBeanFactory - Eagerly caching bean &apos;jpaMappingContext&apos; to allow for resolving potential circular references
19:37:07.805 [main] DEBUG org.springframework.beans.factory.support.DefaultListableBeanFactory - Invoking afterPropertiesSet() on bean with name &apos;jpaMappingContext&apos;
19:37:07.806 [main] DEBUG org.springframework.beans.factory.support.DefaultListableBeanFactory - Returning cached instance of singleton bean &apos;entityManagerFactory&apos;
19:37:07.863 [main] INFO org.springframework.context.support.PostProcessorRegistrationDelegate$BeanPostProcessorChecker - Bean &apos;jpaMappingContext&apos; of type [org.springframework.data.jpa.repository.config.JpaMetamodelMappingContextFactoryBean] is not eligible for getting processed by all BeanPostProcessors (for example: not eligible for auto-proxying)
19:37:07.864 [main] DEBUG org.springframework.beans.factory.support.DefaultListableBeanFactory - Finished creating instance of bean &apos;jpaMappingContext&apos;
19:37:07.864 [main] INFO org.springframework.context.support.PostProcessorRegistrationDelegate$BeanPostProcessorChecker - Bean &apos;jpaMappingContext&apos; of type [org.springframework.data.jpa.mapping.JpaMetamodelMappingContext] is not eligible for getting processed by all BeanPostProcessors (for example: not eligible for auto-proxying)
19:37:07.867 [main] DEBUG org.springframework.beans.factory.support.DefaultListableBeanFactory - Invoking afterPropertiesSet() on bean with name &apos;loginInfoRepository&apos;
19:37:07.875 [main] DEBUG org.springframework.orm.jpa.SharedEntityManagerCreator$SharedEntityManagerInvocationHandler - Creating new EntityManager for shared EntityManager invocation
19:37:07.939 [main] DEBUG org.springframework.orm.jpa.EntityManagerFactoryUtils - Closing JPA EntityManager
19:37:07.941 [main] DEBUG org.springframework.orm.jpa.SharedEntityManagerCreator$SharedEntityManagerInvocationHandler - Creating new EntityManager for shared EntityManager invocation
19:37:07.941 [main] DEBUG org.springframework.orm.jpa.EntityManagerFactoryUtils - Closing JPA EntityManager
19:37:07.941 [main] DEBUG org.springframework.orm.jpa.SharedEntityManagerCreator$SharedEntityManagerInvocationHandler - Creating new EntityManager for shared EntityManager invocation
19:37:07.941 [main] DEBUG org.springframework.orm.jpa.EntityManagerFactoryUtils - Closing JPA EntityManager
19:37:07.968 [main] DEBUG org.springframework.orm.jpa.SharedEntityManagerCreator$SharedEntityManagerInvocationHandler - Creating new EntityManager for shared EntityManager invocation
19:37:07.968 [main] DEBUG org.springframework.orm.jpa.EntityManagerFactoryUtils - Closing JPA EntityManager
19:37:07.978 [main] DEBUG org.springframework.aop.framework.JdkDynamicAopProxy - Creating JDK dynamic proxy: target source is org.springframework.data.jpa.repository.support.CrudMethodMetadataPostProcessor$ThreadBoundTargetSource@8d8f754
19:37:08.050 [main] DEBUG org.springframework.orm.jpa.SharedEntityManagerCreator$SharedEntityManagerInvocationHandler - Creating new EntityManager for shared EntityManager invocation
19:37:08.050 [main] DEBUG org.springframework.orm.jpa.EntityManagerFactoryUtils - Closing JPA EntityManager
19:37:08.077 [main] DEBUG org.springframework.data.jpa.repository.query.JpaQueryFactory - Looking up query for method findByUsername
19:37:08.083 [main] DEBUG org.springframework.data.jpa.repository.query.NamedQuery - Looking up named query LoginInfo.findByUsername
19:37:08.084 [main] DEBUG org.springframework.data.jpa.repository.query.NamedQuery - Did not find named query LoginInfo.findByUsername
19:37:08.128 [main] DEBUG org.springframework.aop.framework.JdkDynamicAopProxy - Creating JDK dynamic proxy: target source is SingletonTargetSource for target object [org.springframework.data.jpa.repository.support.SimpleJpaRepository@7a45d714]
19:37:08.132 [main] INFO org.springframework.context.support.PostProcessorRegistrationDelegate$BeanPostProcessorChecker - Bean &apos;loginInfoRepository&apos; of type [org.springframework.data.jpa.repository.support.JpaRepositoryFactoryBean] is not eligible for getting processed by all BeanPostProcessors (for example: not eligible for auto-proxying)
19:37:08.132 [main] DEBUG org.springframework.beans.factory.support.DefaultListableBeanFactory - Finished creating instance of bean &apos;loginInfoRepository&apos;
19:37:08.132 [main] INFO org.springframework.context.support.PostProcessorRegistrationDelegate$BeanPostProcessorChecker - Bean &apos;loginInfoRepository&apos; of type [com.sun.proxy.$Proxy46] is not eligible for getting processed by all BeanPostProcessors (for example: not eligible for auto-proxying)
19:37:08.132 [main] DEBUG org.springframework.beans.factory.annotation.AutowiredAnnotationBeanPostProcessor - Autowiring by type from bean name &apos;simpleRealm&apos; to bean named &apos;loginInfoRepository&apos;
19:37:08.133 [main] INFO org.springframework.context.support.PostProcessorRegistrationDelegate$BeanPostProcessorChecker - Bean &apos;simpleRealm&apos; of type [com.benjamin.erp.Realm] is not eligible for getting processed by all BeanPostProcessors (for example: not eligible for auto-proxying)
19:37:08.133 [main] DEBUG org.springframework.beans.factory.support.DefaultListableBeanFactory - Finished creating instance of bean &apos;simpleRealm&apos;
19:37:08.135 [main] DEBUG org.springframework.beans.factory.support.DefaultListableBeanFactory - Eagerly caching bean &apos;securityManager&apos; to allow for resolving potential circular references
19:37:08.151 [main] INFO org.springframework.context.support.PostProcessorRegistrationDelegate$BeanPostProcessorChecker - Bean &apos;securityManager&apos; of type [org.apache.shiro.web.mgt.DefaultWebSecurityManager] is not eligible for getting processed by all BeanPostProcessors (for example: not eligible for auto-proxying)
19:37:08.151 [main] DEBUG org.springframework.beans.factory.support.DefaultListableBeanFactory - Finished creating instance of bean &apos;securityManager&apos;
19:37:08.152 [main] DEBUG org.springframework.beans.factory.support.DefaultListableBeanFactory - Eagerly caching bean &apos;shiroFilter&apos; to allow for resolving potential circular references
19:37:08.156 [main] DEBUG org.springframework.beans.factory.support.DefaultListableBeanFactory - Finished creating instance of bean &apos;shiroFilter&apos;
19:37:08.159 [main] DEBUG org.springframework.context.support.GenericApplicationContext - Unable to locate MessageSource with name &apos;messageSource&apos;: using default [org.springframework.context.support.DelegatingMessageSource@4d3c6593]
19:37:08.161 [main] DEBUG org.springframework.context.support.GenericApplicationContext - Unable to locate ApplicationEventMulticaster with name &apos;applicationEventMulticaster&apos;: using default [org.springframework.context.event.SimpleApplicationEventMulticaster@58fa5769]
19:37:08.162 [main] DEBUG org.springframework.beans.factory.support.DefaultListableBeanFactory - Returning cached instance of singleton bean &apos;entityManagerFactory&apos;
19:37:08.163 [main] DEBUG org.springframework.beans.factory.support.DefaultListableBeanFactory - Pre-instantiating singletons in org.springframework.beans.factory.support.DefaultListableBeanFactory@21e360a: defining beans [org.springframework.context.annotation.internalConfigurationAnnotationProcessor,org.springframework.context.annotation.internalAutowiredAnnotationProcessor,org.springframework.context.annotation.internalRequiredAnnotationProcessor,org.springframework.context.annotation.internalCommonAnnotationProcessor,org.springframework.context.annotation.internalPersistenceAnnotationProcessor,org.springframework.context.event.internalEventListenerProcessor,org.springframework.context.event.internalEventListenerFactory,springApplicationContext,dataSource,shiroFilter,securityManager,simpleRealm,entityManagerFactory,jpaVendorAdapter,transactionManager,erpWebApplication,processEngineConfiguration,processEngine,runtimeService,taskService,repositoryService,org.springframework.data.jpa.repository.config.JpaRepositoryConfigExtension#0,emBeanDefinitionRegistrarPostProcessor,jpaMappingContext,jpaContext,sectionRepository,loginInfoRepository,org.springframework.orm.jpa.SharedEntityManagerCreator#0]; root of factory hierarchy
19:37:08.163 [main] DEBUG org.springframework.beans.factory.support.DefaultListableBeanFactory - Returning cached instance of singleton bean &apos;org.springframework.context.annotation.internalConfigurationAnnotationProcessor&apos;
19:37:08.163 [main] DEBUG org.springframework.beans.factory.support.DefaultListableBeanFactory - Returning cached instance of singleton bean &apos;org.springframework.context.annotation.internalAutowiredAnnotationProcessor&apos;
19:37:08.163 [main] DEBUG org.springframework.beans.factory.support.DefaultListableBeanFactory - Returning cached instance of singleton bean &apos;org.springframework.context.annotation.internalRequiredAnnotationProcessor&apos;
19:37:08.163 [main] DEBUG org.springframework.beans.factory.support.DefaultListableBeanFactory - Returning cached instance of singleton bean &apos;org.springframework.context.annotation.internalCommonAnnotationProcessor&apos;
19:37:08.163 [main] DEBUG org.springframework.beans.factory.support.DefaultListableBeanFactory - Returning cached instance of singleton bean &apos;org.springframework.context.annotation.internalPersistenceAnnotationProcessor&apos;
19:37:08.163 [main] DEBUG org.springframework.beans.factory.support.DefaultListableBeanFactory - Creating shared instance of singleton bean &apos;org.springframework.context.event.internalEventListenerProcessor&apos;
19:37:08.163 [main] DEBUG org.springframework.beans.factory.support.DefaultListableBeanFactory - Creating instance of bean &apos;org.springframework.context.event.internalEventListenerProcessor&apos;
19:37:08.164 [main] DEBUG org.springframework.beans.factory.support.DefaultListableBeanFactory - Eagerly caching bean &apos;org.springframework.context.event.internalEventListenerProcessor&apos; to allow for resolving potential circular references
19:37:08.168 [main] DEBUG org.springframework.beans.factory.support.DefaultListableBeanFactory - Finished creating instance of bean &apos;org.springframework.context.event.internalEventListenerProcessor&apos;
19:37:08.169 [main] DEBUG org.springframework.beans.factory.support.DefaultListableBeanFactory - Creating shared instance of singleton bean &apos;org.springframework.context.event.internalEventListenerFactory&apos;
19:37:08.169 [main] DEBUG org.springframework.beans.factory.support.DefaultListableBeanFactory - Creating instance of bean &apos;org.springframework.context.event.internalEventListenerFactory&apos;
19:37:08.169 [main] DEBUG org.springframework.beans.factory.support.DefaultListableBeanFactory - Eagerly caching bean &apos;org.springframework.context.event.internalEventListenerFactory&apos; to allow for resolving potential circular references
19:37:08.173 [main] DEBUG org.springframework.beans.factory.support.DefaultListableBeanFactory - Finished creating instance of bean &apos;org.springframework.context.event.internalEventListenerFactory&apos;
19:37:08.173 [main] DEBUG org.springframework.beans.factory.support.DefaultListableBeanFactory - Returning cached instance of singleton bean &apos;springApplicationContext&apos;
19:37:08.173 [main] DEBUG org.springframework.beans.factory.support.DefaultListableBeanFactory - Returning cached instance of singleton bean &apos;dataSource&apos;
19:37:08.173 [main] DEBUG org.springframework.beans.factory.support.DefaultListableBeanFactory - Returning cached instance of singleton bean &apos;shiroFilter&apos;
19:37:08.174 [main] DEBUG org.springframework.beans.factory.support.DefaultListableBeanFactory - Returning cached instance of singleton bean &apos;securityManager&apos;
19:37:08.174 [main] DEBUG org.springframework.beans.factory.support.DefaultListableBeanFactory - Returning cached instance of singleton bean &apos;simpleRealm&apos;
19:37:08.174 [main] DEBUG org.springframework.beans.factory.support.DefaultListableBeanFactory - Returning cached instance of singleton bean &apos;entityManagerFactory&apos;
19:37:08.174 [main] DEBUG org.springframework.beans.factory.support.DefaultListableBeanFactory - Returning cached instance of singleton bean &apos;jpaVendorAdapter&apos;
19:37:08.174 [main] DEBUG org.springframework.beans.factory.support.DefaultListableBeanFactory - Creating shared instance of singleton bean &apos;transactionManager&apos;
19:37:08.174 [main] DEBUG org.springframework.beans.factory.support.DefaultListableBeanFactory - Creating instance of bean &apos;transactionManager&apos;
19:37:08.174 [main] DEBUG org.springframework.beans.factory.support.DefaultListableBeanFactory - Returning cached instance of singleton bean &apos;springApplicationContext&apos;
19:37:08.183 [main] DEBUG org.springframework.beans.factory.support.DefaultListableBeanFactory - Returning cached instance of singleton bean &apos;dataSource&apos;
19:37:08.188 [main] DEBUG org.springframework.beans.factory.support.DefaultListableBeanFactory - Eagerly caching bean &apos;transactionManager&apos; to allow for resolving potential circular references
19:37:08.197 [main] DEBUG org.springframework.beans.factory.support.DefaultListableBeanFactory - Returning cached instance of singleton bean &apos;entityManagerFactory&apos;
19:37:08.197 [main] DEBUG org.springframework.beans.factory.support.DefaultListableBeanFactory - Invoking afterPropertiesSet() on bean with name &apos;transactionManager&apos;
19:37:08.197 [main] DEBUG org.springframework.beans.factory.support.DefaultListableBeanFactory - Finished creating instance of bean &apos;transactionManager&apos;
19:37:08.198 [main] DEBUG org.springframework.beans.factory.support.DefaultListableBeanFactory - Creating shared instance of singleton bean &apos;erpWebApplication&apos;
19:37:08.198 [main] DEBUG org.springframework.beans.factory.support.DefaultListableBeanFactory - Creating instance of bean &apos;erpWebApplication&apos;
19:37:08.198 [main] DEBUG org.springframework.beans.factory.support.DefaultListableBeanFactory - Returning cached instance of singleton bean &apos;springApplicationContext&apos;
19:37:08.313 [main] DEBUG org.springframework.beans.factory.support.DefaultListableBeanFactory - Eagerly caching bean &apos;erpWebApplication&apos; to allow for resolving potential circular references
19:37:08.327 [main] DEBUG org.springframework.beans.factory.support.DefaultListableBeanFactory - Finished creating instance of bean &apos;erpWebApplication&apos;
19:37:08.327 [main] DEBUG org.springframework.beans.factory.support.DefaultListableBeanFactory - Creating shared instance of singleton bean &apos;processEngineConfiguration&apos;
19:37:08.327 [main] DEBUG org.springframework.beans.factory.support.DefaultListableBeanFactory - Creating instance of bean &apos;processEngineConfiguration&apos;
19:37:08.327 [main] DEBUG org.springframework.beans.factory.support.DefaultListableBeanFactory - Returning cached instance of singleton bean &apos;springApplicationContext&apos;
19:37:08.589 [main] DEBUG org.springframework.beans.factory.support.DefaultListableBeanFactory - Returning cached instance of singleton bean &apos;dataSource&apos;
19:37:08.589 [main] DEBUG org.springframework.beans.factory.support.DefaultListableBeanFactory - Returning cached instance of singleton bean &apos;transactionManager&apos;
19:37:08.607 [main] DEBUG org.springframework.beans.factory.support.DefaultListableBeanFactory - Eagerly caching bean &apos;processEngineConfiguration&apos; to allow for resolving potential circular references
19:37:08.636 [main] DEBUG org.springframework.beans.factory.support.DefaultListableBeanFactory - Finished creating instance of bean &apos;processEngineConfiguration&apos;
19:37:08.637 [main] DEBUG org.springframework.beans.factory.support.DefaultListableBeanFactory - Creating shared instance of singleton bean &apos;processEngine&apos;
19:37:08.637 [main] DEBUG org.springframework.beans.factory.support.DefaultListableBeanFactory - Creating instance of bean &apos;processEngine&apos;
19:37:08.637 [main] DEBUG org.springframework.beans.factory.support.DefaultListableBeanFactory - Returning cached instance of singleton bean &apos;springApplicationContext&apos;
19:37:08.637 [main] DEBUG org.springframework.beans.factory.support.DefaultListableBeanFactory - Returning cached instance of singleton bean &apos;processEngineConfiguration&apos;
19:37:08.696 [main] DEBUG org.springframework.jdbc.datasource.DataSourceUtils - Fetching JDBC Connection from DataSource
19:37:08.697 [main] DEBUG org.springframework.jdbc.datasource.DriverManagerDataSource - Creating new JDBC DriverManager Connection to [jdbc:mysql://localhost:3306/erp]
19:37:08.702 [main] DEBUG org.activiti.engine.impl.cfg.ProcessEngineConfigurationImpl - database product name: &apos;MySQL&apos;
19:37:08.702 [main] DEBUG org.activiti.engine.impl.cfg.ProcessEngineConfigurationImpl - using database type: mysql
19:37:08.702 [main] DEBUG org.springframework.jdbc.datasource.DataSourceUtils - Returning JDBC Connection to DataSource
19:37:08.982 [main] DEBUG org.apache.ibatis.logging.LogFactory - Logging initialized using &apos;class org.apache.ibatis.logging.slf4j.Slf4jImpl&apos; adapter.
19:37:10.006 [main] DEBUG org.activiti.engine.impl.interceptor.LogInterceptor - 

19:37:10.006 [main] DEBUG org.activiti.engine.impl.interceptor.LogInterceptor - --- starting SchemaOperationsProcessEngineBuild --------------------------------------------------------
19:37:10.007 [main] DEBUG org.activiti.spring.SpringTransactionInterceptor - Running command with propagation NOT_SUPPORTED
19:37:10.019 [main] DEBUG org.apache.ibatis.transaction.managed.ManagedTransaction - Opening JDBC Connection
19:37:10.019 [main] DEBUG org.springframework.jdbc.datasource.DataSourceUtils - Fetching JDBC Connection from DataSource
19:37:10.019 [main] DEBUG org.springframework.jdbc.datasource.DriverManagerDataSource - Creating new JDBC DriverManager Connection to [jdbc:mysql://localhost:3306/erp]
19:37:10.023 [main] DEBUG org.springframework.jdbc.datasource.DataSourceUtils - Registering transaction synchronization for JDBC Connection
19:37:10.039 [main] DEBUG org.activiti.engine.impl.persistence.entity.PropertyEntity.selectProperty - ==&gt;  Preparing: select * from ACT_GE_PROPERTY where NAME_ = ? 
19:37:10.057 [main] DEBUG org.activiti.engine.impl.persistence.entity.PropertyEntity.selectProperty - ==&gt; Parameters: schema.version(String)
19:37:10.068 [main] DEBUG org.activiti.engine.impl.persistence.entity.PropertyEntity.selectProperty - &lt;==      Total: 1
19:37:10.072 [main] DEBUG org.activiti.engine.impl.db.DbSqlSession - flush summary: 0 insert, 0 update, 0 delete.
19:37:10.072 [main] DEBUG org.activiti.engine.impl.db.DbSqlSession - now executing flush...
19:37:10.073 [main] DEBUG org.apache.ibatis.transaction.managed.ManagedTransaction - Closing JDBC Connection [Transaction-aware proxy for target Connection [com.mysql.jdbc.JDBC4Connection@4e50ae56]]
19:37:10.073 [main] DEBUG org.springframework.jdbc.datasource.DataSourceUtils - Returning JDBC Connection to DataSource
19:37:10.073 [main] DEBUG org.activiti.engine.impl.interceptor.LogInterceptor - --- SchemaOperationsProcessEngineBuild finished --------------------------------------------------------
19:37:10.073 [main] DEBUG org.activiti.engine.impl.interceptor.LogInterceptor - 

19:37:10.074 [main] INFO org.activiti.engine.impl.ProcessEngineImpl - ProcessEngine default created
19:37:10.085 [main] DEBUG org.springframework.beans.factory.support.DefaultListableBeanFactory - Eagerly caching bean &apos;processEngine&apos; to allow for resolving potential circular references
19:37:10.086 [main] DEBUG org.springframework.beans.factory.support.DefaultListableBeanFactory - Finished creating instance of bean &apos;processEngine&apos;
19:37:10.088 [main] DEBUG org.springframework.beans.factory.support.DefaultListableBeanFactory - Creating shared instance of singleton bean &apos;runtimeService&apos;
19:37:10.088 [main] DEBUG org.springframework.beans.factory.support.DefaultListableBeanFactory - Creating instance of bean &apos;runtimeService&apos;
19:37:10.088 [main] DEBUG org.springframework.beans.factory.support.DefaultListableBeanFactory - Returning cached instance of singleton bean &apos;springApplicationContext&apos;
19:37:10.088 [main] DEBUG org.springframework.beans.factory.support.DefaultListableBeanFactory - Returning cached instance of singleton bean &apos;processEngine&apos;
19:37:10.089 [main] DEBUG org.springframework.beans.factory.support.DefaultListableBeanFactory - Eagerly caching bean &apos;runtimeService&apos; to allow for resolving potential circular references
19:37:10.094 [main] DEBUG org.springframework.beans.factory.support.DefaultListableBeanFactory - Finished creating instance of bean &apos;runtimeService&apos;
19:37:10.095 [main] DEBUG org.springframework.beans.factory.support.DefaultListableBeanFactory - Creating shared instance of singleton bean &apos;taskService&apos;
19:37:10.095 [main] DEBUG org.springframework.beans.factory.support.DefaultListableBeanFactory - Creating instance of bean &apos;taskService&apos;
19:37:10.095 [main] DEBUG org.springframework.beans.factory.support.DefaultListableBeanFactory - Returning cached instance of singleton bean &apos;springApplicationContext&apos;
19:37:10.095 [main] DEBUG org.springframework.beans.factory.support.DefaultListableBeanFactory - Returning cached instance of singleton bean &apos;processEngine&apos;
19:37:10.096 [main] DEBUG org.springframework.beans.factory.support.DefaultListableBeanFactory - Eagerly caching bean &apos;taskService&apos; to allow for resolving potential circular references
19:37:10.100 [main] DEBUG org.springframework.beans.factory.support.DefaultListableBeanFactory - Finished creating instance of bean &apos;taskService&apos;
19:37:10.100 [main] DEBUG org.springframework.beans.factory.support.DefaultListableBeanFactory - Creating shared instance of singleton bean &apos;repositoryService&apos;
19:37:10.100 [main] DEBUG org.springframework.beans.factory.support.DefaultListableBeanFactory - Creating instance of bean &apos;repositoryService&apos;
19:37:10.100 [main] DEBUG org.springframework.beans.factory.support.DefaultListableBeanFactory - Returning cached instance of singleton bean &apos;springApplicationContext&apos;
19:37:10.101 [main] DEBUG org.springframework.beans.factory.support.DefaultListableBeanFactory - Returning cached instance of singleton bean &apos;processEngine&apos;
19:37:10.104 [main] DEBUG org.springframework.beans.factory.support.DefaultListableBeanFactory - Eagerly caching bean &apos;repositoryService&apos; to allow for resolving potential circular references
19:37:10.107 [main] DEBUG org.springframework.beans.factory.support.DefaultListableBeanFactory - Finished creating instance of bean &apos;repositoryService&apos;
19:37:10.107 [main] DEBUG org.springframework.beans.factory.support.DefaultListableBeanFactory - Returning cached instance of singleton bean &apos;emBeanDefinitionRegistrarPostProcessor&apos;
19:37:10.107 [main] DEBUG org.springframework.beans.factory.support.DefaultListableBeanFactory - Returning cached instance of singleton bean &apos;jpaMappingContext&apos;
19:37:10.107 [main] DEBUG org.springframework.beans.factory.support.DefaultListableBeanFactory - Creating shared instance of singleton bean &apos;jpaContext&apos;
19:37:10.107 [main] DEBUG org.springframework.beans.factory.support.DefaultListableBeanFactory - Creating instance of bean &apos;jpaContext&apos;
19:37:10.109 [main] DEBUG org.springframework.beans.factory.support.DefaultListableBeanFactory - Creating shared instance of singleton bean &apos;org.springframework.orm.jpa.SharedEntityManagerCreator#0&apos;
19:37:10.109 [main] DEBUG org.springframework.beans.factory.support.DefaultListableBeanFactory - Creating instance of bean &apos;org.springframework.orm.jpa.SharedEntityManagerCreator#0&apos;
19:37:10.109 [main] DEBUG org.springframework.beans.factory.support.DefaultListableBeanFactory - Returning cached instance of singleton bean &apos;entityManagerFactory&apos;
19:37:10.110 [main] DEBUG org.springframework.beans.factory.support.DefaultListableBeanFactory - Eagerly caching bean &apos;org.springframework.orm.jpa.SharedEntityManagerCreator#0&apos; to allow for resolving potential circular references
19:37:10.110 [main] DEBUG org.springframework.beans.factory.support.DefaultListableBeanFactory - Finished creating instance of bean &apos;org.springframework.orm.jpa.SharedEntityManagerCreator#0&apos;
19:37:10.119 [main] DEBUG org.springframework.beans.factory.support.DefaultListableBeanFactory - Autowiring by type from bean name &apos;jpaContext&apos; via constructor to bean named &apos;org.springframework.orm.jpa.SharedEntityManagerCreator#0&apos;
19:37:10.119 [main] DEBUG org.springframework.beans.factory.support.DefaultListableBeanFactory - Eagerly caching bean &apos;jpaContext&apos; to allow for resolving potential circular references
19:37:10.122 [main] DEBUG org.springframework.beans.factory.support.DefaultListableBeanFactory - Finished creating instance of bean &apos;jpaContext&apos;
19:37:10.122 [main] DEBUG org.springframework.beans.factory.support.DefaultListableBeanFactory - Creating shared instance of singleton bean &apos;sectionRepository&apos;
19:37:10.122 [main] DEBUG org.springframework.beans.factory.support.DefaultListableBeanFactory - Creating instance of bean &apos;sectionRepository&apos;
19:37:10.122 [main] DEBUG org.springframework.beans.factory.annotation.InjectionMetadata - Registered injected element on class [org.springframework.data.jpa.repository.support.JpaRepositoryFactoryBean]: PersistenceElement for public void org.springframework.data.jpa.repository.support.JpaRepositoryFactoryBean.setEntityManager(javax.persistence.EntityManager)
19:37:10.123 [main] DEBUG org.springframework.beans.factory.support.DefaultListableBeanFactory - Eagerly caching bean &apos;sectionRepository&apos; to allow for resolving potential circular references
19:37:10.123 [main] DEBUG org.springframework.beans.factory.annotation.InjectionMetadata - Processing injected element of bean &apos;sectionRepository&apos;: PersistenceElement for public void org.springframework.data.jpa.repository.support.JpaRepositoryFactoryBean.setEntityManager(javax.persistence.EntityManager)
19:37:10.123 [main] DEBUG org.springframework.beans.factory.support.DefaultListableBeanFactory - Creating instance of bean &apos;(inner bean)#59a09be&apos;
19:37:10.123 [main] DEBUG org.springframework.beans.factory.support.DefaultListableBeanFactory - Creating instance of bean &apos;(inner bean)#790ac3e0&apos;
19:37:10.124 [main] DEBUG org.springframework.core.io.support.PathMatchingResourcePatternResolver - Resolved classpath location [META-INF/jpa-named-queries.properties] to resources []
19:37:10.124 [main] DEBUG org.springframework.beans.factory.support.DefaultListableBeanFactory - Invoking afterPropertiesSet() on bean with name &apos;(inner bean)#790ac3e0&apos;
19:37:10.124 [main] DEBUG org.springframework.beans.factory.support.DefaultListableBeanFactory - Finished creating instance of bean &apos;(inner bean)#790ac3e0&apos;
19:37:10.125 [main] DEBUG org.springframework.beans.factory.support.DefaultListableBeanFactory - Finished creating instance of bean &apos;(inner bean)#59a09be&apos;
19:37:10.125 [main] DEBUG org.springframework.beans.factory.support.DefaultListableBeanFactory - Creating instance of bean &apos;(inner bean)#2cee5365&apos;
19:37:10.125 [main] DEBUG org.springframework.beans.factory.support.DefaultListableBeanFactory - Finished creating instance of bean &apos;(inner bean)#2cee5365&apos;
19:37:10.125 [main] DEBUG org.springframework.beans.factory.support.DefaultListableBeanFactory - Creating instance of bean &apos;(inner bean)#796c68bf&apos;
19:37:10.125 [main] DEBUG org.springframework.beans.factory.support.DefaultListableBeanFactory - Returning cached instance of singleton bean &apos;entityManagerFactory&apos;
19:37:10.126 [main] DEBUG org.springframework.beans.factory.support.DefaultListableBeanFactory - Finished creating instance of bean &apos;(inner bean)#796c68bf&apos;
19:37:10.126 [main] DEBUG org.springframework.beans.factory.support.DefaultListableBeanFactory - Returning cached instance of singleton bean &apos;jpaMappingContext&apos;
19:37:10.126 [main] DEBUG org.springframework.beans.factory.support.DefaultListableBeanFactory - Invoking afterPropertiesSet() on bean with name &apos;sectionRepository&apos;
19:37:10.126 [main] DEBUG org.springframework.orm.jpa.SharedEntityManagerCreator$SharedEntityManagerInvocationHandler - Creating new EntityManager for shared EntityManager invocation
19:37:10.126 [main] DEBUG org.springframework.orm.jpa.EntityManagerFactoryUtils - Closing JPA EntityManager
19:37:10.128 [main] DEBUG org.springframework.orm.jpa.SharedEntityManagerCreator$SharedEntityManagerInvocationHandler - Creating new EntityManager for shared EntityManager invocation
19:37:10.128 [main] DEBUG org.springframework.orm.jpa.EntityManagerFactoryUtils - Closing JPA EntityManager
19:37:10.129 [main] DEBUG org.springframework.aop.framework.JdkDynamicAopProxy - Creating JDK dynamic proxy: target source is org.springframework.data.jpa.repository.support.CrudMethodMetadataPostProcessor$ThreadBoundTargetSource@1a7163e3
19:37:10.129 [main] DEBUG org.springframework.orm.jpa.SharedEntityManagerCreator$SharedEntityManagerInvocationHandler - Creating new EntityManager for shared EntityManager invocation
19:37:10.129 [main] DEBUG org.springframework.orm.jpa.EntityManagerFactoryUtils - Closing JPA EntityManager
19:37:10.130 [main] DEBUG org.springframework.aop.framework.JdkDynamicAopProxy - Creating JDK dynamic proxy: target source is SingletonTargetSource for target object [org.springframework.data.jpa.repository.support.SimpleJpaRepository@5e69cf07]
19:37:10.133 [main] DEBUG org.springframework.beans.factory.support.DefaultListableBeanFactory - Finished creating instance of bean &apos;sectionRepository&apos;
19:37:10.133 [main] DEBUG org.springframework.beans.factory.support.DefaultListableBeanFactory - Returning cached instance of singleton bean &apos;loginInfoRepository&apos;
19:37:10.133 [main] DEBUG org.springframework.beans.factory.support.DefaultListableBeanFactory - Returning cached instance of singleton bean &apos;org.springframework.orm.jpa.SharedEntityManagerCreator#0&apos;
19:37:10.134 [main] DEBUG org.springframework.beans.factory.support.DefaultListableBeanFactory - Returning cached instance of singleton bean &apos;org.springframework.context.event.internalEventListenerFactory&apos;
19:37:10.166 [main] DEBUG org.springframework.context.support.GenericApplicationContext - Unable to locate LifecycleProcessor with name &apos;lifecycleProcessor&apos;: using default [org.springframework.context.support.DefaultLifecycleProcessor@26bb92e2]
19:37:10.166 [main] DEBUG org.springframework.beans.factory.support.DefaultListableBeanFactory - Returning cached instance of singleton bean &apos;lifecycleProcessor&apos;
19:37:10.169 [main] DEBUG org.springframework.core.env.PropertySourcesPropertyResolver - Could not find key &apos;spring.liveBeansView.mbeanDomain&apos; in any property source
19:37:10.171 [main] DEBUG org.springframework.test.context.cache.DefaultCacheAwareContextLoaderDelegate - Storing ApplicationContext in cache under key [[MergedContextConfiguration@7e9a5fbe testClass = BorrowerTest, locations = &apos;{}&apos;, classes = &apos;{class com.benjamin.erp.config.SpringApplicationContext}&apos;, contextInitializerClasses = &apos;[]&apos;, activeProfiles = &apos;{}&apos;, propertySourceLocations = &apos;{}&apos;, propertySourceProperties = &apos;{}&apos;, contextCustomizers = set[[empty]], contextLoader = &apos;org.springframework.test.context.support.DelegatingSmartContextLoader&apos;, parent = [null]]]
19:37:10.171 [main] DEBUG org.springframework.test.context.cache - Spring test ApplicationContext cache statistics: [DefaultContextCache@2fba0dac size = 1, maxSize = 32, parentContextCount = 0, hitCount = 0, missCount = 1]
19:37:10.176 [main] DEBUG org.springframework.beans.factory.annotation.InjectionMetadata - Processing injected element of bean &apos;org.benjamin.erp.test.BorrowerTest&apos;: AutowiredFieldElement for private com.benjamin.erp.application.ErpWebApplication org.benjamin.erp.test.BorrowerTest.erpWebApplication
19:37:10.176 [main] DEBUG org.springframework.beans.factory.support.DefaultListableBeanFactory - Returning cached instance of singleton bean &apos;erpWebApplication&apos;
19:37:10.176 [main] DEBUG org.springframework.beans.factory.annotation.AutowiredAnnotationBeanPostProcessor - Autowiring by type from bean name &apos;org.benjamin.erp.test.BorrowerTest&apos; to bean named &apos;erpWebApplication&apos;
19:37:10.180 [main] DEBUG org.springframework.test.context.support.AbstractDirtiesContextTestExecutionListener - Before test method: context [DefaultTestContext@16022d9d testClass = BorrowerTest, testInstance = org.benjamin.erp.test.BorrowerTest@399c4be1, testMethod = tenderBorrower@BorrowerTest, testException = [null], mergedContextConfiguration = [MergedContextConfiguration@7e9a5fbe testClass = BorrowerTest, locations = &apos;{}&apos;, classes = &apos;{class com.benjamin.erp.config.SpringApplicationContext}&apos;, contextInitializerClasses = &apos;[]&apos;, activeProfiles = &apos;{}&apos;, propertySourceLocations = &apos;{}&apos;, propertySourceProperties = &apos;{}&apos;, contextCustomizers = set[[empty]], contextLoader = &apos;org.springframework.test.context.support.DelegatingSmartContextLoader&apos;, parent = [null]]], class annotated with @DirtiesContext [false] with mode [null], method annotated with @DirtiesContext [false] with mode [null].
19:37:10.322 [main] INFO org.apache.wicket.Application - [WicketTesterApplication-7c24bda0-4b37-4902-8d93-1adc831f61a0] init: com.benjamin.erp.LoanInitializer@6f3b13d0
19:37:10.322 [main] DEBUG org.springframework.beans.factory.support.DefaultListableBeanFactory - Returning cached instance of singleton bean &apos;repositoryService&apos;
19:37:10.325 [main] DEBUG org.activiti.engine.impl.interceptor.LogInterceptor - 

19:37:10.325 [main] DEBUG org.activiti.engine.impl.interceptor.LogInterceptor - --- starting DeployCmd --------------------------------------------------------
19:37:10.325 [main] DEBUG org.activiti.spring.SpringTransactionInterceptor - Running command with propagation REQUIRED
19:37:10.326 [main] DEBUG org.springframework.orm.jpa.JpaTransactionManager - Creating new transaction with name [null]: PROPAGATION_REQUIRED,ISOLATION_DEFAULT
19:37:10.326 [main] DEBUG org.springframework.orm.jpa.JpaTransactionManager - Opened new EntityManager [org.hibernate.jpa.internal.EntityManagerImpl@59b447a4] for JPA transaction
19:37:10.328 [main] DEBUG org.springframework.jdbc.datasource.DriverManagerDataSource - Creating new JDBC DriverManager Connection to [jdbc:mysql://localhost:3306/erp]
19:37:10.335 [main] DEBUG org.springframework.orm.jpa.JpaTransactionManager - Exposing JPA transaction as JDBC transaction [org.springframework.orm.jpa.vendor.HibernateJpaDialect$HibernateConnectionHandle@721fc2e3]
19:37:10.336 [main] DEBUG org.activiti.engine.impl.interceptor.LogInterceptor - 

19:37:10.336 [main] DEBUG org.activiti.engine.impl.interceptor.LogInterceptor - --- starting GetNextIdBlockCmd --------------------------------------------------------
19:37:10.336 [main] DEBUG org.activiti.spring.SpringTransactionInterceptor - Running command with propagation REQUIRES_NEW
19:37:10.336 [main] DEBUG org.springframework.orm.jpa.JpaTransactionManager - Found thread-bound EntityManager [org.hibernate.jpa.internal.EntityManagerImpl@59b447a4] for JPA transaction
19:37:10.336 [main] DEBUG org.springframework.orm.jpa.JpaTransactionManager - Suspending current transaction, creating new transaction with name [null]
19:37:10.337 [main] DEBUG org.springframework.orm.jpa.JpaTransactionManager - Opened new EntityManager [org.hibernate.jpa.internal.EntityManagerImpl@44864536] for JPA transaction
19:37:10.337 [main] DEBUG org.springframework.jdbc.datasource.DriverManagerDataSource - Creating new JDBC DriverManager Connection to [jdbc:mysql://localhost:3306/erp]
19:37:10.341 [main] DEBUG org.springframework.orm.jpa.JpaTransactionManager - Exposing JPA transaction as JDBC transaction [org.springframework.orm.jpa.vendor.HibernateJpaDialect$HibernateConnectionHandle@fcf9525]
19:37:10.341 [main] DEBUG org.apache.ibatis.transaction.managed.ManagedTransaction - Opening JDBC Connection
19:37:10.341 [main] DEBUG org.activiti.engine.impl.persistence.entity.PropertyEntity.selectProperty - ==&gt;  Preparing: select * from ACT_GE_PROPERTY where NAME_ = ? 
19:37:10.347 [main] DEBUG org.activiti.engine.impl.persistence.entity.PropertyEntity.selectProperty - ==&gt; Parameters: next.dbid(String)
19:37:10.349 [main] DEBUG org.activiti.engine.impl.persistence.entity.PropertyEntity.selectProperty - &lt;==      Total: 1
19:37:10.350 [main] DEBUG org.activiti.engine.impl.db.DbSqlSession -   update PropertyEntity[name=next.dbid, value=60001]
19:37:10.350 [main] DEBUG org.activiti.engine.impl.db.DbSqlSession - flush summary: 0 insert, 1 update, 0 delete.
19:37:10.350 [main] DEBUG org.activiti.engine.impl.db.DbSqlSession - now executing flush...
19:37:10.350 [main] DEBUG org.activiti.engine.impl.db.DbSqlSession - updating: PropertyEntity[name=next.dbid, value=60001]
19:37:10.350 [main] DEBUG org.activiti.engine.impl.persistence.entity.PropertyEntity.updateProperty - ==&gt;  Preparing: update ACT_GE_PROPERTY SET REV_ = ?, VALUE_ = ? where NAME_ = ? and REV_ = ? 
19:37:10.350 [main] DEBUG org.activiti.engine.impl.persistence.entity.PropertyEntity.updateProperty - ==&gt; Parameters: 25(Integer), 60001(String), next.dbid(String), 24(Integer)
19:37:10.352 [main] DEBUG org.activiti.engine.impl.persistence.entity.PropertyEntity.updateProperty - &lt;==    Updates: 1
19:37:10.352 [main] DEBUG org.apache.ibatis.transaction.managed.ManagedTransaction - Closing JDBC Connection [Transaction-aware proxy for target Connection [com.mysql.jdbc.JDBC4Connection@e154848]]
19:37:10.352 [main] DEBUG org.springframework.orm.jpa.JpaTransactionManager - Initiating transaction commit
19:37:10.352 [main] DEBUG org.springframework.orm.jpa.JpaTransactionManager - Committing JPA transaction on EntityManager [org.hibernate.jpa.internal.EntityManagerImpl@44864536]
19:37:10.356 [main] DEBUG org.springframework.orm.jpa.JpaTransactionManager - Closing JPA EntityManager [org.hibernate.jpa.internal.EntityManagerImpl@44864536] after transaction
19:37:10.356 [main] DEBUG org.springframework.orm.jpa.EntityManagerFactoryUtils - Closing JPA EntityManager
19:37:10.357 [main] DEBUG org.springframework.orm.jpa.JpaTransactionManager - Resuming suspended transaction after completion of inner transaction
19:37:10.357 [main] DEBUG org.activiti.engine.impl.interceptor.LogInterceptor - --- GetNextIdBlockCmd finished --------------------------------------------------------
19:37:10.357 [main] DEBUG org.activiti.engine.impl.interceptor.LogInterceptor - 

19:37:10.357 [main] DEBUG org.activiti.engine.impl.bpmn.deployer.BpmnDeployer - Processing deployment null
19:37:10.357 [main] INFO org.activiti.engine.impl.bpmn.deployer.BpmnDeployer - Processing resource flow/auditLoan.bpmn
19:37:10.677 [main] WARN org.activiti.engine.impl.bpmn.parser.BpmnParse - Following warnings encountered during process validation: [Validation set: &apos;activiti-executable-process&apos; | Problem: &apos;activiti-exclusive-gateway-seq-flow-without-conditions&apos;] : Exclusive gateway has at least one outgoing sequence flow without a condition (which isn&apos;t the default one) - [Extra info : processDefinitionId = auditLoan | processDefinitionName = My process |  | id = exclusivegateway1 |  | activityName = Exclusive Gateway | ] ( line: 7, column: 71)

19:37:10.678 [main] DEBUG org.activiti.engine.impl.bpmn.parser.handler.ProcessParseHandler - Parsing process auditLoan
19:37:10.678 [main] DEBUG org.activiti.engine.impl.bpmn.parser.handler.AbstractBpmnParseHandler - Parsing activity usertask1
19:37:10.701 [main] DEBUG org.activiti.engine.impl.bpmn.parser.handler.AbstractBpmnParseHandler - Parsing activity exclusivegateway1
19:37:10.702 [main] DEBUG org.activiti.engine.impl.bpmn.parser.handler.AbstractBpmnParseHandler - Parsing activity usertask2
19:37:10.702 [main] DEBUG org.activiti.engine.impl.bpmn.parser.handler.AbstractBpmnParseHandler - Parsing activity servicetask1
19:37:10.705 [main] DEBUG org.activiti.engine.impl.bpmn.parser.handler.AbstractBpmnParseHandler - Parsing activity startevent1
19:37:10.707 [main] DEBUG org.activiti.engine.impl.bpmn.parser.handler.AbstractBpmnParseHandler - Parsing activity endevent1
19:37:11.211 [main] DEBUG org.apache.ibatis.transaction.managed.ManagedTransaction - Opening JDBC Connection
19:37:11.211 [main] DEBUG org.activiti.engine.impl.persistence.entity.ProcessDefinitionEntity.selectLatestProcessDefinitionByKey - ==&gt;  Preparing: select * from ACT_RE_PROCDEF where KEY_ = ? and (TENANT_ID_ = &apos;&apos; or TENANT_ID_ is null) and VERSION_ = (select max(VERSION_) from ACT_RE_PROCDEF where KEY_ = ? and (TENANT_ID_ = &apos;&apos; or TENANT_ID_ is null)) 
19:37:11.211 [main] DEBUG org.activiti.engine.impl.persistence.entity.ProcessDefinitionEntity.selectLatestProcessDefinitionByKey - ==&gt; Parameters: auditLoan(String), auditLoan(String)
19:37:11.218 [main] DEBUG org.activiti.engine.impl.persistence.entity.ProcessDefinitionEntity.selectLatestProcessDefinitionByKey - &lt;==      Total: 1
19:37:11.223 [main] DEBUG org.activiti.engine.impl.persistence.entity.JobEntity.selectJobByTypeAndProcessDefinitionKeyNoTenantId - ==&gt;  Preparing: select J.* from ACT_RU_JOB J inner join ACT_RE_PROCDEF P on J.PROC_DEF_ID_ = P.ID_ where J.HANDLER_TYPE_ = ? and P.KEY_ = ? and (P.TENANT_ID_ = &apos;&apos; or P.TENANT_ID_ is null) 
19:37:11.223 [main] DEBUG org.activiti.engine.impl.persistence.entity.JobEntity.selectJobByTypeAndProcessDefinitionKeyNoTenantId - ==&gt; Parameters: timer-start-event(String), auditLoan(String)
19:37:11.227 [main] DEBUG org.activiti.engine.impl.persistence.entity.JobEntity.selectJobByTypeAndProcessDefinitionKeyNoTenantId - &lt;==      Total: 0
19:37:11.264 [main] DEBUG org.activiti.engine.impl.persistence.entity.EventSubscriptionEntity.selectEventSubscriptionsByTypeAndProcessDefinitionId - ==&gt;  Preparing: select * from ACT_RU_EVENT_SUBSCR WHERE (EVENT_TYPE_ = ?) and PROC_DEF_ID_ = ? and EXECUTION_ID_ is null and PROC_INST_ID_ is null and (TENANT_ID_ = &apos;&apos; or TENANT_ID_ is null) 
19:37:11.264 [main] DEBUG org.activiti.engine.impl.persistence.entity.EventSubscriptionEntity.selectEventSubscriptionsByTypeAndProcessDefinitionId - ==&gt; Parameters: message(String), auditLoan:5:55004(String)
19:37:11.267 [main] DEBUG org.activiti.engine.impl.persistence.entity.EventSubscriptionEntity.selectEventSubscriptionsByTypeAndProcessDefinitionId - &lt;==      Total: 0
19:37:11.268 [main] DEBUG org.activiti.engine.impl.persistence.entity.EventSubscriptionEntity.selectEventSubscriptionsByTypeAndProcessDefinitionId - ==&gt;  Preparing: select * from ACT_RU_EVENT_SUBSCR WHERE (EVENT_TYPE_ = ?) and PROC_DEF_ID_ = ? and EXECUTION_ID_ is null and PROC_INST_ID_ is null and (TENANT_ID_ = &apos;&apos; or TENANT_ID_ is null) 
19:37:11.268 [main] DEBUG org.activiti.engine.impl.persistence.entity.EventSubscriptionEntity.selectEventSubscriptionsByTypeAndProcessDefinitionId - ==&gt; Parameters: signal(String), auditLoan:5:55004(String)
19:37:11.269 [main] DEBUG org.activiti.engine.impl.persistence.entity.EventSubscriptionEntity.selectEventSubscriptionsByTypeAndProcessDefinitionId - &lt;==      Total: 0
19:37:11.271 [main] DEBUG org.activiti.engine.impl.interceptor.LogInterceptor - 

19:37:11.271 [main] DEBUG org.activiti.engine.impl.interceptor.LogInterceptor - --- starting GetProcessDefinitionInfoCmd --------------------------------------------------------
19:37:11.271 [main] DEBUG org.activiti.spring.SpringTransactionInterceptor - Running command with propagation REQUIRED
19:37:11.271 [main] DEBUG org.springframework.orm.jpa.JpaTransactionManager - Found thread-bound EntityManager [org.hibernate.jpa.internal.EntityManagerImpl@59b447a4] for JPA transaction
19:37:11.271 [main] DEBUG org.springframework.orm.jpa.JpaTransactionManager - Participating in existing transaction
19:37:11.271 [main] DEBUG org.activiti.engine.impl.interceptor.CommandContextInterceptor - Valid context found. Reusing it for the current command &apos;org.activiti.engine.impl.cmd.GetProcessDefinitionInfoCmd&apos;
19:37:11.271 [main] DEBUG org.activiti.engine.impl.interceptor.LogInterceptor - --- GetProcessDefinitionInfoCmd finished --------------------------------------------------------
19:37:11.271 [main] DEBUG org.activiti.engine.impl.interceptor.LogInterceptor - 

19:37:11.271 [main] DEBUG org.activiti.engine.impl.db.DbSqlSession -   insert ProcessDefinitionEntity[auditLoan:6:57504]
19:37:11.271 [main] DEBUG org.activiti.engine.impl.db.DbSqlSession -   insert ResourceEntity[id=57502, name=flow/auditLoan.bpmn]
19:37:11.271 [main] DEBUG org.activiti.engine.impl.db.DbSqlSession -   insert ResourceEntity[id=57503, name=flow/auditLoan.auditLoan.png]
19:37:11.271 [main] DEBUG org.activiti.engine.impl.db.DbSqlSession -   insert DeploymentEntity[id=57501, name=null]
19:37:11.271 [main] DEBUG org.activiti.engine.impl.db.DbSqlSession - flush summary: 4 insert, 0 update, 0 delete.
19:37:11.271 [main] DEBUG org.activiti.engine.impl.db.DbSqlSession - now executing flush...
19:37:11.271 [main] DEBUG org.activiti.engine.impl.db.DbSqlSession - inserting: ProcessDefinitionEntity[auditLoan:6:57504]
19:37:11.272 [main] DEBUG org.activiti.engine.impl.persistence.entity.ProcessDefinitionEntity.insertProcessDefinition - ==&gt;  Preparing: insert into ACT_RE_PROCDEF(ID_, REV_, CATEGORY_, NAME_, KEY_, VERSION_, DEPLOYMENT_ID_, RESOURCE_NAME_, DGRM_RESOURCE_NAME_, DESCRIPTION_, HAS_START_FORM_KEY_, HAS_GRAPHICAL_NOTATION_ , SUSPENSION_STATE_, TENANT_ID_) values (?, 1, ?, ?, ?, ?, ?, ?, ?, ?, ?, ?, ?, ?) 
19:37:11.274 [main] DEBUG org.activiti.engine.impl.persistence.entity.ProcessDefinitionEntity.insertProcessDefinition - ==&gt; Parameters: auditLoan:6:57504(String), http://www.activiti.org/test(String), My process(String), auditLoan(String), 6(Integer), 57501(String), flow/auditLoan.bpmn(String), flow/auditLoan.auditLoan.png(String), null, false(Boolean), true(Boolean), 1(Integer), (String)
19:37:11.275 [main] DEBUG org.activiti.engine.impl.persistence.entity.ProcessDefinitionEntity.insertProcessDefinition - &lt;==    Updates: 1
19:37:11.275 [main] DEBUG org.activiti.engine.impl.db.DbSqlSession - inserting: DeploymentEntity[id=57501, name=null]
19:37:11.275 [main] DEBUG org.activiti.engine.impl.persistence.entity.DeploymentEntity.insertDeployment - ==&gt;  Preparing: insert into ACT_RE_DEPLOYMENT(ID_, NAME_, CATEGORY_, TENANT_ID_, DEPLOY_TIME_) values(?, ?, ?, ?, ?) 
19:37:11.276 [main] DEBUG org.activiti.engine.impl.persistence.entity.DeploymentEntity.insertDeployment - ==&gt; Parameters: 57501(String), null, null, (String), 2019-04-26 19:37:10.335(Timestamp)
19:37:11.279 [main] DEBUG org.activiti.engine.impl.persistence.entity.DeploymentEntity.insertDeployment - &lt;==    Updates: 1
19:37:11.282 [main] DEBUG org.activiti.engine.impl.persistence.entity.ResourceEntity.bulkInsertResource - ==&gt;  Preparing: INSERT INTO ACT_GE_BYTEARRAY(ID_, REV_, NAME_, BYTES_, DEPLOYMENT_ID_, GENERATED_) VALUES (?, 1, ?, ?, ?, ?) , (?, 1, ?, ?, ?, ?) 
19:37:11.282 [main] DEBUG org.activiti.engine.impl.persistence.entity.ResourceEntity.bulkInsertResource - ==&gt; Parameters: 57502(String), flow/auditLoan.bpmn(String), java.io.ByteArrayInputStream@16391278(ByteArrayInputStream), 57501(String), false(Boolean), 57503(String), flow/auditLoan.auditLoan.png(String), java.io.ByteArrayInputStream@621dc63d(ByteArrayInputStream), 57501(String), true(Boolean)
19:37:11.287 [main] DEBUG org.activiti.engine.impl.persistence.entity.ResourceEntity.bulkInsertResource - &lt;==    Updates: 2
19:37:11.287 [main] DEBUG org.apache.ibatis.transaction.managed.ManagedTransaction - Closing JDBC Connection [Transaction-aware proxy for target Connection [com.mysql.jdbc.JDBC4Connection@34cf0e80]]
19:37:11.287 [main] DEBUG org.springframework.orm.jpa.JpaTransactionManager - Initiating transaction commit
19:37:11.287 [main] DEBUG org.springframework.orm.jpa.JpaTransactionManager - Committing JPA transaction on EntityManager [org.hibernate.jpa.internal.EntityManagerImpl@59b447a4]
19:37:11.289 [main] DEBUG org.springframework.orm.jpa.JpaTransactionManager - Closing JPA EntityManager [org.hibernate.jpa.internal.EntityManagerImpl@59b447a4] after transaction
19:37:11.289 [main] DEBUG org.springframework.orm.jpa.EntityManagerFactoryUtils - Closing JPA EntityManager
19:37:11.289 [main] DEBUG org.activiti.engine.impl.interceptor.LogInterceptor - --- DeployCmd finished --------------------------------------------------------
19:37:11.289 [main] DEBUG org.activiti.engine.impl.interceptor.LogInterceptor - 

19:37:11.296 [main] INFO org.apache.wicket.Application - [WicketTesterApplication-7c24bda0-4b37-4902-8d93-1adc831f61a0] init: com.benjamin.erp.BasicInitializer@1ed9d173
19:37:11.298 [main] INFO org.apache.wicket.Application - [WicketTesterApplication-7c24bda0-4b37-4902-8d93-1adc831f61a0] init: Wicket core library initializer
19:37:11.304 [main] INFO org.apache.wicket.Application - [WicketTesterApplication-7c24bda0-4b37-4902-8d93-1adc831f61a0] init: DevUtils DebugBar Initializer
19:37:11.322 [main] INFO org.apache.wicket.Application - [WicketTesterApplication-7c24bda0-4b37-4902-8d93-1adc831f61a0] init: Wicket extensions initializer
19:37:11.353 [main] INFO wicket-webjars - initialize wicket webjars with given settings: WebjarsSettings{readFromCacheTimeout=3 seconds, resourceStreamProvider=de.agilecoders.wicket.webjars.settings.ResourceStreamProvider$1@750e2d33, recentVersionPlaceHolder=&apos;current&apos;, assetPathCollectors=[de.agilecoders.wicket.webjars.collectors.ClasspathAssetPathCollector@359e27d2, de.agilecoders.wicket.webjars.collectors.VfsAssetPathCollector@277bc3a5, de.agilecoders.wicket.webjars.collectors.FileAssetPathCollector@214fba74], webjarsPackage=&apos;META-INF.resources.webjars&apos;, webjarsPath=&apos;META-INF/resources/webjars&apos;, resourcePattern=META-INF/resources/webjars/.*, webjarsPathPattern=/webjars/([^\/]*)\/([^\/]*)\/(.*), useCdnResources=false, cdnUrl=&apos;//cdn.jsdelivr.net:80/webjars/org.webjars&apos;}
19:37:11.358 [main] DEBUG org.springframework.core.io.support.PathMatchingResourcePatternResolver - Resolved classpath location [com/benjamin/erp/page/] to resources [URL [file:/C:/Users/xywenjie/git/erp/erp-loan/target/classes/com/benjamin/erp/page/], URL [jar:file:/C:/Users/xywenjie/git/erp/erp-web-basic/target/erp.jar!/com/benjamin/erp/page/]]
19:37:11.358 [main] DEBUG org.springframework.core.io.support.PathMatchingResourcePatternResolver - Looking for matching resources in directory tree [C:\Users\xywenjie\git\erp\erp-loan\target\classes\com\benjamin\erp\page]
19:37:11.358 [main] DEBUG org.springframework.core.io.support.PathMatchingResourcePatternResolver - Searching directory [C:\Users\xywenjie\git\erp\erp-loan\target\classes\com\benjamin\erp\page] for files matching pattern [C:/Users/xywenjie/git/erp/erp-loan/target/classes/com/benjamin/erp/page/**/*.class]
19:37:11.361 [main] DEBUG org.springframework.core.io.support.PathMatchingResourcePatternResolver - Looking for matching resources in jar file [file:/C:/Users/xywenjie/git/erp/erp-web-basic/target/erp.jar]
19:37:11.362 [main] DEBUG org.springframework.core.io.support.PathMatchingResourcePatternResolver - Resolved location pattern [classpath*:com/benjamin/erp/page/**/*.class] to resources [file [C:\Users\xywenjie\git\erp\erp-loan\target\classes\com\benjamin\erp\page\AuditLoanPage$1.class], file [C:\Users\xywenjie\git\erp\erp-loan\target\classes\com\benjamin\erp\page\AuditLoanPage$AuditDataProvider.class], file [C:\Users\xywenjie\git\erp\erp-loan\target\classes\com\benjamin\erp\page\AuditLoanPage.class], file [C:\Users\xywenjie\git\erp\erp-loan\target\classes\com\benjamin\erp\page\ReleaseBorrowerPage$ReleaseBorrowerForm.class], file [C:\Users\xywenjie\git\erp\erp-loan\target\classes\com\benjamin\erp\page\ReleaseBorrowerPage.class], URL [jar:file:/C:/Users/xywenjie/git/erp/erp-web-basic/target/erp.jar!/com/benjamin/erp/page/LoginPage$SignInForm.class], URL [jar:file:/C:/Users/xywenjie/git/erp/erp-web-basic/target/erp.jar!/com/benjamin/erp/page/LoginPage.class], URL [jar:file:/C:/Users/xywenjie/git/erp/erp-web-basic/target/erp.jar!/com/benjamin/erp/page/RolePage.class], URL [jar:file:/C:/Users/xywenjie/git/erp/erp-web-basic/target/erp.jar!/com/benjamin/erp/page/SuccessPage.class], URL [jar:file:/C:/Users/xywenjie/git/erp/erp-web-basic/target/erp.jar!/com/benjamin/erp/page/task/TaskTablePage.class], URL [jar:file:/C:/Users/xywenjie/git/erp/erp-web-basic/target/erp.jar!/com/benjamin/erp/page/UnauthorizedPage.class], URL [jar:file:/C:/Users/xywenjie/git/erp/erp-web-basic/target/erp.jar!/com/benjamin/erp/page/user/AddSectionPanel$SectionForm.class], URL [jar:file:/C:/Users/xywenjie/git/erp/erp-web-basic/target/erp.jar!/com/benjamin/erp/page/user/AddSectionPanel.class], URL [jar:file:/C:/Users/xywenjie/git/erp/erp-web-basic/target/erp.jar!/com/benjamin/erp/page/user/AddUserPanel$SectionChoiceRenderer.class], URL [jar:file:/C:/Users/xywenjie/git/erp/erp-web-basic/target/erp.jar!/com/benjamin/erp/page/user/AddUserPanel$UserInfoForm.class], URL [jar:file:/C:/Users/xywenjie/git/erp/erp-web-basic/target/erp.jar!/com/benjamin/erp/page/user/AddUserPanel.class], URL [jar:file:/C:/Users/xywenjie/git/erp/erp-web-basic/target/erp.jar!/com/benjamin/erp/page/user/IndexDataPanel.class], URL [jar:file:/C:/Users/xywenjie/git/erp/erp-web-basic/target/erp.jar!/com/benjamin/erp/page/user/SectionPage.class], URL [jar:file:/C:/Users/xywenjie/git/erp/erp-web-basic/target/erp.jar!/com/benjamin/erp/page/user/SectionPanel.class], URL [jar:file:/C:/Users/xywenjie/git/erp/erp-web-basic/target/erp.jar!/com/benjamin/erp/page/UserInfoPage.class]]
19:37:11.362 [main] DEBUG org.wicketstuff.config.MatchingResources - Found 20 resource(s) for: classpath*:com/benjamin/erp/page/**/*.class
19:37:11.410 [main] DEBUG org.apache.wicket.protocol.http.servlet.ServletWebRequest - Calculating context relative path from: context path &apos;/context&apos;, filterPrefix &apos;servlet/&apos;, uri &apos;/context/servlet/&apos;
19:37:11.426 [main] DEBUG org.apache.wicket.protocol.http.servlet.ServletWebRequest - Calculating context relative path from: context path &apos;/context&apos;, filterPrefix &apos;servlet/&apos;, uri &apos;/context/servlet/wicket/bookmarkable/com.benjamin.erp.page.ReleaseBorrowerPage&apos;
19:37:11.428 [main] DEBUG org.apache.wicket.protocol.http.servlet.ServletWebRequest - Calculating context relative path from: context path &apos;/context&apos;, filterPrefix &apos;servlet/&apos;, uri &apos;/context/servlet/wicket/bookmarkable/com.benjamin.erp.page.ReleaseBorrowerPage&apos;
19:37:11.430 [main] DEBUG org.apache.wicket.protocol.http.servlet.ServletWebRequest - Calculating context relative path from: context path &apos;/context&apos;, filterPrefix &apos;servlet/&apos;, uri &apos;/context/servlet/wicket/bookmarkable/com.benjamin.erp.page.ReleaseBorrowerPage&apos;
19:37:11.430 [main] DEBUG org.apache.wicket.protocol.http.servlet.ServletWebRequest - Calculating context relative path from: context path &apos;/context&apos;, filterPrefix &apos;servlet/&apos;, uri &apos;/context/servlet/wicket/bookmarkable/com.benjamin.erp.page.ReleaseBorrowerPage&apos;
19:37:11.431 [main] DEBUG org.apache.wicket.request.mapper.CompoundRequestMapper - One compatible mapper found for URL &apos;wicket/bookmarkable/com.benjamin.erp.page.ReleaseBorrowerPage&apos; -&gt; &apos;Mapper: org.apache.wicket.core.request.mapper.BookmarkableMapper; Score: 2147483647&apos;
19:37:11.431 [main] DEBUG org.apache.wicket.protocol.http.servlet.ServletWebRequest - Calculating context relative path from: context path &apos;/context&apos;, filterPrefix &apos;servlet/&apos;, uri &apos;/context/servlet/wicket/bookmarkable/com.benjamin.erp.page.ReleaseBorrowerPage&apos;
19:37:11.446 [main] DEBUG org.springframework.beans.factory.support.DefaultListableBeanFactory - Returning cached instance of singleton bean &apos;runtimeService&apos;
19:37:11.465 [main] DEBUG org.apache.wicket.MarkupContainer - Add crumbs to [BreadCrumbBar [Component id = breadCrumbBar]]
19:37:11.472 [main] DEBUG org.apache.wicket.markup.MarkupCache - Load markup: cacheKey=com.benjamin.erp.page.ReleaseBorrowerPage_en_US.html
19:37:11.478 [main] DEBUG org.apache.wicket.core.util.resource.locator.ResourceStreamLocator - Attempting to locate resource &apos;com/benjamin/erp/page/ReleaseBorrowerPage_en_US.html&apos; using finder&apos;[classpath]&apos;
19:37:11.479 [main] DEBUG org.apache.wicket.core.util.resource.locator.ResourceStreamLocator - Attempting to locate resource &apos;com/benjamin/erp/page/ReleaseBorrowerPage_en_US.html&apos; using finder&apos;[webapppath: /]&apos;
19:37:11.479 [main] DEBUG org.apache.wicket.core.util.resource.locator.ResourceStreamLocator - Attempting to locate resource &apos;com/benjamin/erp/page/ReleaseBorrowerPage_en_US.html&apos; using finder&apos;[classpath: META-INF/resources/]&apos;
19:37:11.480 [main] DEBUG org.apache.wicket.core.util.resource.locator.ResourceStreamLocator - Attempting to locate resource &apos;com/benjamin/erp/page/ReleaseBorrowerPage_en_US.html&apos; using finder&apos;de.agilecoders.wicket.webjars.util.file.WebjarsResourceFinder@fec3418e&apos;
19:37:11.480 [main] DEBUG org.apache.wicket.core.util.resource.locator.ResourceStreamLocator - Attempting to locate resource &apos;com/benjamin/erp/page/ReleaseBorrowerPage_en_US.html&apos; using finder&apos;[webapppath: /WEB-INF/]&apos;
19:37:11.480 [main] DEBUG org.apache.wicket.core.util.resource.locator.ResourceStreamLocator - Attempting to locate resource &apos;com/benjamin/erp/page/ReleaseBorrowerPage_en.html&apos; using finder&apos;[classpath]&apos;
19:37:11.481 [main] DEBUG org.apache.wicket.core.util.resource.locator.ResourceStreamLocator - Attempting to locate resource &apos;com/benjamin/erp/page/ReleaseBorrowerPage_en.html&apos; using finder&apos;[webapppath: /]&apos;
19:37:11.481 [main] DEBUG org.apache.wicket.core.util.resource.locator.ResourceStreamLocator - Attempting to locate resource &apos;com/benjamin/erp/page/ReleaseBorrowerPage_en.html&apos; using finder&apos;[classpath: META-INF/resources/]&apos;
19:37:11.482 [main] DEBUG org.apache.wicket.core.util.resource.locator.ResourceStreamLocator - Attempting to locate resource &apos;com/benjamin/erp/page/ReleaseBorrowerPage_en.html&apos; using finder&apos;de.agilecoders.wicket.webjars.util.file.WebjarsResourceFinder@fec3418e&apos;
19:37:11.482 [main] DEBUG org.apache.wicket.core.util.resource.locator.ResourceStreamLocator - Attempting to locate resource &apos;com/benjamin/erp/page/ReleaseBorrowerPage_en.html&apos; using finder&apos;[webapppath: /WEB-INF/]&apos;
19:37:11.482 [main] DEBUG org.apache.wicket.core.util.resource.locator.ResourceStreamLocator - Attempting to locate resource &apos;com/benjamin/erp/page/ReleaseBorrowerPage.html&apos; using finder&apos;[classpath]&apos;
19:37:11.488 [main] DEBUG org.apache.wicket.markup.MarkupCache - Loading markup from file:/C:/Users/xywenjie/git/erp/erp-loan/target/classes/com/benjamin/erp/page/ReleaseBorrowerPage.html
19:37:11.535 [main] DEBUG org.apache.wicket.markup.AbstractMarkupParser - The markup file does not have a XML declaration prolog with &apos;encoding&apos; attribute:file:/C:/Users/xywenjie/git/erp/erp-loan/target/classes/com/benjamin/erp/page/ReleaseBorrowerPage.html. It is safer to use it. E.g. &lt;?xml version=&quot;1.0&quot; encoding=&quot;UTF-8&quot; ?&gt;
19:37:11.537 [main] DEBUG org.apache.wicket.markup.MarkupCache - Load markup: cacheKey=com.benjamin.erp.expand.BasicWebPage_en_US.html
19:37:11.537 [main] DEBUG org.apache.wicket.core.util.resource.locator.ResourceStreamLocator - Attempting to locate resource &apos;com/benjamin/erp/expand/BasicWebPage_en_US.html&apos; using finder&apos;[classpath]&apos;
19:37:11.538 [main] DEBUG org.apache.wicket.core.util.resource.locator.ResourceStreamLocator - Attempting to locate resource &apos;com/benjamin/erp/expand/BasicWebPage_en_US.html&apos; using finder&apos;[webapppath: /]&apos;
19:37:11.538 [main] DEBUG org.apache.wicket.core.util.resource.locator.ResourceStreamLocator - Attempting to locate resource &apos;com/benjamin/erp/expand/BasicWebPage_en_US.html&apos; using finder&apos;[classpath: META-INF/resources/]&apos;
19:37:11.540 [main] DEBUG org.apache.wicket.core.util.resource.locator.ResourceStreamLocator - Attempting to locate resource &apos;com/benjamin/erp/expand/BasicWebPage_en_US.html&apos; using finder&apos;de.agilecoders.wicket.webjars.util.file.WebjarsResourceFinder@fec3418e&apos;
19:37:11.540 [main] DEBUG org.apache.wicket.core.util.resource.locator.ResourceStreamLocator - Attempting to locate resource &apos;com/benjamin/erp/expand/BasicWebPage_en_US.html&apos; using finder&apos;[webapppath: /WEB-INF/]&apos;
19:37:11.540 [main] DEBUG org.apache.wicket.core.util.resource.locator.ResourceStreamLocator - Attempting to locate resource &apos;com/benjamin/erp/expand/BasicWebPage_en.html&apos; using finder&apos;[classpath]&apos;
19:37:11.541 [main] DEBUG org.apache.wicket.core.util.resource.locator.ResourceStreamLocator - Attempting to locate resource &apos;com/benjamin/erp/expand/BasicWebPage_en.html&apos; using finder&apos;[webapppath: /]&apos;
19:37:11.541 [main] DEBUG org.apache.wicket.core.util.resource.locator.ResourceStreamLocator - Attempting to locate resource &apos;com/benjamin/erp/expand/BasicWebPage_en.html&apos; using finder&apos;[classpath: META-INF/resources/]&apos;
19:37:11.542 [main] DEBUG org.apache.wicket.core.util.resource.locator.ResourceStreamLocator - Attempting to locate resource &apos;com/benjamin/erp/expand/BasicWebPage_en.html&apos; using finder&apos;de.agilecoders.wicket.webjars.util.file.WebjarsResourceFinder@fec3418e&apos;
19:37:11.542 [main] DEBUG org.apache.wicket.core.util.resource.locator.ResourceStreamLocator - Attempting to locate resource &apos;com/benjamin/erp/expand/BasicWebPage_en.html&apos; using finder&apos;[webapppath: /WEB-INF/]&apos;
19:37:11.542 [main] DEBUG org.apache.wicket.core.util.resource.locator.ResourceStreamLocator - Attempting to locate resource &apos;com/benjamin/erp/expand/BasicWebPage.html&apos; using finder&apos;[classpath]&apos;
19:37:11.542 [main] DEBUG org.apache.wicket.markup.MarkupCache - Loading markup from jar:file:/C:/Users/xywenjie/git/erp/erp-web-basic/target/erp.jar!/com/benjamin/erp/expand/BasicWebPage.html
19:37:11.546 [main] DEBUG org.apache.wicket.markup.AbstractMarkupParser - The markup file does not have a XML declaration prolog with &apos;encoding&apos; attribute:jar:file:/C:/Users/xywenjie/git/erp/erp-web-basic/target/erp.jar!/com/benjamin/erp/expand/BasicWebPage.html. It is safer to use it. E.g. &lt;?xml version=&quot;1.0&quot; encoding=&quot;UTF-8&quot; ?&gt;
19:37:11.546 [main] DEBUG org.apache.wicket.markup.MergedMarkup - Merge markup: derived markup: ReleaseBorrowerPage.html; base markup: BasicWebPage.html
19:37:11.547 [main] DEBUG org.apache.wicket.markup.MergedMarkup - Merge markup: file:/C:/Users/xywenjie/git/erp/erp-loan/target/classes/com/benjamin/erp/page/ReleaseBorrowerPage.html
&lt;!DOCTYPE html&gt;
&lt;html xmlns:wicket=&quot;http://wicket.apache.org&quot;&gt;
&lt;head&gt;&lt;wicket:head&gt;
	&lt;meta charset=&quot;UTF-8&quot;&gt;
	&lt;title wicket:id=&quot;pageTitle&quot;&gt;Insert title here&lt;/title&gt;
&lt;/wicket:head&gt;&lt;/head&gt;
&lt;body class=&quot;hold-transition skin-blue sidebar-mini&quot;&gt;
	&lt;div class=&quot;wrapper&quot;&gt;
		&lt;header wicket:id=&quot;headerPanel&quot; class=&quot;main-header&quot;&gt;&lt;/header&gt;
		&lt;aside class=&quot;main-sidebar&quot; wicket:id=&quot;sidebarPanel&quot;&gt;&lt;/aside&gt;
		&lt;div class=&quot;content-wrapper&quot;&gt;
			&lt;section class=&quot;content-header&quot;&gt;
				&lt;h1&gt;&lt;span wicket:id=&quot;titleName&quot;&gt;&lt;/span&gt;&lt;small&gt;Version 2.0&lt;/small&gt;
				&lt;/h1&gt;
				&lt;ol class=&quot;breadcrumb&quot; wicket:id=&quot;breadCrumbBar&quot;&gt;
					&lt;li&gt;&lt;a href=&quot;#&quot;&gt;&lt;i class=&quot;fa fa-dashboard&quot;&gt;&lt;/i&gt; Home&lt;/a&gt;&lt;/li&gt;
					&lt;li class=&quot;active&quot;&gt;Dashboard&lt;/li&gt;
				&lt;/ol&gt;
			&lt;/section&gt;
			&lt;section class=&quot;content&quot;&gt;
				&lt;wicket:child&gt;&lt;wicket:extend&gt;
        &lt;div class=&quot;box&quot;&gt;
            &lt;form wicket:id=&quot;releaseBorrowerForm&quot;&gt;
            &lt;div class=&quot;box-body&quot;&gt;
                &lt;div class=&quot;form-group&quot;&gt;
                    &lt;label&gt;鍚嶇О:&lt;/label&gt;
                    &lt;div&gt;
                        &lt;input type=&quot;text&quot; class=&quot;form-control&quot; wicket:id=&quot;name&quot;&gt;
                    &lt;/div&gt;
                &lt;/div&gt;
                &lt;div class=&quot;form-group&quot;&gt;
                	&lt;label&gt;绠?浠?&lt;/label&gt;
                	&lt;div&gt;
                		&lt;input type=&quot;text&quot; class=&quot;form-control&quot;&gt;
                	&lt;/div&gt;
                &lt;/div&gt;
                &lt;div class=&quot;form-group&quot;&gt;
                	&lt;label&gt;鍊熸閲戦:&lt;/label&gt;
                	&lt;div&gt;
                		&lt;input type=&quot;text&quot; class=&quot;form-control&quot; wicket:id=&quot;totalLoanAmount&quot;&gt;
                	&lt;/div&gt;
                &lt;/div&gt;
                &lt;div class=&quot;form-group&quot;&gt;
                	&lt;label&gt;骞村崕鍒╃巼:&lt;/label&gt;
                	&lt;div&gt;
                		&lt;input type=&quot;text&quot; class=&quot;form-control&quot;&gt;
                	&lt;/div&gt;
                &lt;/div&gt;
                &lt;div class=&quot;form-group&quot;&gt;
                	&lt;label&gt;鎵?鍦ㄥ湴:&lt;/label&gt;
                	&lt;div&gt;
                		&lt;input type=&quot;text&quot; class=&quot;form-control&quot;&gt;
                	&lt;/div&gt;
                &lt;/div&gt;
                &lt;div class=&quot;form-group&quot;&gt;
                	&lt;label&gt;鍊熸鏈熼檺:&lt;/label&gt;
                	&lt;div&gt;
                		&lt;input type=&quot;text&quot; class=&quot;form-control&quot;&gt;
                	&lt;/div&gt;
                &lt;/div&gt;
                &lt;div class=&quot;form-group&quot;&gt;
                	&lt;label&gt;鍊熸鐢ㄩ??:&lt;/label&gt;
                	&lt;div&gt;
                		&lt;input type=&quot;text&quot; class=&quot;form-control&quot;&gt;
                	&lt;/div&gt;
                &lt;/div&gt;
            &lt;/div&gt;
                &lt;div class=&quot;box-footer&quot;&gt;
                    &lt;button type=&quot;submit&quot; class=&quot;btn btn-primary&quot;&gt;鎻愪氦&lt;/button&gt;
                &lt;/div&gt;
            &lt;/form&gt;
        &lt;/div&gt;
    &lt;/wicket:extend&gt;&lt;/wicket:child&gt;
			&lt;/section&gt;
		&lt;/div&gt;
		
		&lt;footer class=&quot;main-footer&quot;&gt;
			&lt;div class=&quot;pull-right hidden-xs&quot;&gt;
				&lt;b&gt;Version&lt;/b&gt;2.4.0
			&lt;/div&gt;
			&lt;strong&gt;
				Copyright 漏 2014-2016 
			&lt;/strong&gt;
			&lt;!-- &lt;div wicket:id=&quot;debugBar&quot;&gt;&lt;/div&gt; --&gt;
		&lt;/footer&gt;
	&lt;/div&gt;
&lt;/body&gt;
&lt;/html&gt;
19:37:11.554 [main] DEBUG org.apache.wicket.page.PageAccessSynchronizer - &apos;main&apos; attempting to acquire lock to page with id &apos;0&apos;
19:37:11.554 [main] DEBUG org.apache.wicket.page.PageAccessSynchronizer - main acquired lock to page 0
19:37:11.556 [main] DEBUG org.apache.wicket.MarkupContainer - Add pageTitle to [Page class = com.benjamin.erp.page.ReleaseBorrowerPage, id = 0, render count = 0]
19:37:11.559 [main] DEBUG org.apache.wicket.MarkupContainer - Add headerPanel to [Page class = com.benjamin.erp.page.ReleaseBorrowerPage, id = 0, render count = 0]
19:37:11.559 [main] DEBUG org.apache.wicket.markup.MarkupCache - Load markup: cacheKey=com.benjamin.erp.expand.HeaderPanel_en_US.html
19:37:11.559 [main] DEBUG org.apache.wicket.core.util.resource.locator.ResourceStreamLocator - Attempting to locate resource &apos;com/benjamin/erp/expand/HeaderPanel_en_US.html&apos; using finder&apos;[classpath]&apos;
19:37:11.561 [main] DEBUG org.apache.wicket.core.util.resource.locator.ResourceStreamLocator - Attempting to locate resource &apos;com/benjamin/erp/expand/HeaderPanel_en_US.html&apos; using finder&apos;[webapppath: /]&apos;
19:37:11.561 [main] DEBUG org.apache.wicket.core.util.resource.locator.ResourceStreamLocator - Attempting to locate resource &apos;com/benjamin/erp/expand/HeaderPanel_en_US.html&apos; using finder&apos;[classpath: META-INF/resources/]&apos;
19:37:11.562 [main] DEBUG org.apache.wicket.core.util.resource.locator.ResourceStreamLocator - Attempting to locate resource &apos;com/benjamin/erp/expand/HeaderPanel_en_US.html&apos; using finder&apos;de.agilecoders.wicket.webjars.util.file.WebjarsResourceFinder@fec3418e&apos;
19:37:11.562 [main] DEBUG org.apache.wicket.core.util.resource.locator.ResourceStreamLocator - Attempting to locate resource &apos;com/benjamin/erp/expand/HeaderPanel_en_US.html&apos; using finder&apos;[webapppath: /WEB-INF/]&apos;
19:37:11.562 [main] DEBUG org.apache.wicket.core.util.resource.locator.ResourceStreamLocator - Attempting to locate resource &apos;com/benjamin/erp/expand/HeaderPanel_en.html&apos; using finder&apos;[classpath]&apos;
19:37:11.563 [main] DEBUG org.apache.wicket.core.util.resource.locator.ResourceStreamLocator - Attempting to locate resource &apos;com/benjamin/erp/expand/HeaderPanel_en.html&apos; using finder&apos;[webapppath: /]&apos;
19:37:11.563 [main] DEBUG org.apache.wicket.core.util.resource.locator.ResourceStreamLocator - Attempting to locate resource &apos;com/benjamin/erp/expand/HeaderPanel_en.html&apos; using finder&apos;[classpath: META-INF/resources/]&apos;
19:37:11.565 [main] DEBUG org.apache.wicket.core.util.resource.locator.ResourceStreamLocator - Attempting to locate resource &apos;com/benjamin/erp/expand/HeaderPanel_en.html&apos; using finder&apos;de.agilecoders.wicket.webjars.util.file.WebjarsResourceFinder@fec3418e&apos;
19:37:11.565 [main] DEBUG org.apache.wicket.core.util.resource.locator.ResourceStreamLocator - Attempting to locate resource &apos;com/benjamin/erp/expand/HeaderPanel_en.html&apos; using finder&apos;[webapppath: /WEB-INF/]&apos;
19:37:11.565 [main] DEBUG org.apache.wicket.core.util.resource.locator.ResourceStreamLocator - Attempting to locate resource &apos;com/benjamin/erp/expand/HeaderPanel.html&apos; using finder&apos;[classpath]&apos;
19:37:11.565 [main] DEBUG org.apache.wicket.markup.MarkupCache - Loading markup from jar:file:/C:/Users/xywenjie/git/erp/erp-web-basic/target/erp.jar!/com/benjamin/erp/expand/HeaderPanel.html
19:37:11.588 [main] DEBUG org.apache.wicket.markup.AbstractMarkupParser - The markup file does not have a XML declaration prolog with &apos;encoding&apos; attribute:jar:file:/C:/Users/xywenjie/git/erp/erp-web-basic/target/erp.jar!/com/benjamin/erp/expand/HeaderPanel.html. It is safer to use it. E.g. &lt;?xml version=&quot;1.0&quot; encoding=&quot;UTF-8&quot; ?&gt;
19:37:11.597 [main] DEBUG org.apache.wicket.MarkupContainer - Add sidebarPanel to [Page class = com.benjamin.erp.page.ReleaseBorrowerPage, id = 0, render count = 0]
19:37:11.597 [main] DEBUG org.apache.wicket.markup.MarkupCache - Load markup: cacheKey=com.benjamin.erp.expand.SidebarPanel_en_US.html
19:37:11.598 [main] DEBUG org.apache.wicket.core.util.resource.locator.ResourceStreamLocator - Attempting to locate resource &apos;com/benjamin/erp/expand/SidebarPanel_en_US.html&apos; using finder&apos;[classpath]&apos;
19:37:11.599 [main] DEBUG org.apache.wicket.core.util.resource.locator.ResourceStreamLocator - Attempting to locate resource &apos;com/benjamin/erp/expand/SidebarPanel_en_US.html&apos; using finder&apos;[webapppath: /]&apos;
19:37:11.599 [main] DEBUG org.apache.wicket.core.util.resource.locator.ResourceStreamLocator - Attempting to locate resource &apos;com/benjamin/erp/expand/SidebarPanel_en_US.html&apos; using finder&apos;[classpath: META-INF/resources/]&apos;
19:37:11.600 [main] DEBUG org.apache.wicket.core.util.resource.locator.ResourceStreamLocator - Attempting to locate resource &apos;com/benjamin/erp/expand/SidebarPanel_en_US.html&apos; using finder&apos;de.agilecoders.wicket.webjars.util.file.WebjarsResourceFinder@fec3418e&apos;
19:37:11.600 [main] DEBUG org.apache.wicket.core.util.resource.locator.ResourceStreamLocator - Attempting to locate resource &apos;com/benjamin/erp/expand/SidebarPanel_en_US.html&apos; using finder&apos;[webapppath: /WEB-INF/]&apos;
19:37:11.600 [main] DEBUG org.apache.wicket.core.util.resource.locator.ResourceStreamLocator - Attempting to locate resource &apos;com/benjamin/erp/expand/SidebarPanel_en.html&apos; using finder&apos;[classpath]&apos;
19:37:11.602 [main] DEBUG org.apache.wicket.core.util.resource.locator.ResourceStreamLocator - Attempting to locate resource &apos;com/benjamin/erp/expand/SidebarPanel_en.html&apos; using finder&apos;[webapppath: /]&apos;
19:37:11.602 [main] DEBUG org.apache.wicket.core.util.resource.locator.ResourceStreamLocator - Attempting to locate resource &apos;com/benjamin/erp/expand/SidebarPanel_en.html&apos; using finder&apos;[classpath: META-INF/resources/]&apos;
19:37:11.604 [main] DEBUG org.apache.wicket.core.util.resource.locator.ResourceStreamLocator - Attempting to locate resource &apos;com/benjamin/erp/expand/SidebarPanel_en.html&apos; using finder&apos;de.agilecoders.wicket.webjars.util.file.WebjarsResourceFinder@fec3418e&apos;
19:37:11.604 [main] DEBUG org.apache.wicket.core.util.resource.locator.ResourceStreamLocator - Attempting to locate resource &apos;com/benjamin/erp/expand/SidebarPanel_en.html&apos; using finder&apos;[webapppath: /WEB-INF/]&apos;
19:37:11.604 [main] DEBUG org.apache.wicket.core.util.resource.locator.ResourceStreamLocator - Attempting to locate resource &apos;com/benjamin/erp/expand/SidebarPanel.html&apos; using finder&apos;[classpath]&apos;
19:37:11.604 [main] DEBUG org.apache.wicket.markup.MarkupCache - Loading markup from jar:file:/C:/Users/xywenjie/git/erp/erp-web-basic/target/erp.jar!/com/benjamin/erp/expand/SidebarPanel.html
19:37:11.622 [main] DEBUG org.apache.wicket.markup.AbstractMarkupParser - The markup file does not have a XML declaration prolog with &apos;encoding&apos; attribute:jar:file:/C:/Users/xywenjie/git/erp/erp-web-basic/target/erp.jar!/com/benjamin/erp/expand/SidebarPanel.html. It is safer to use it. E.g. &lt;?xml version=&quot;1.0&quot; encoding=&quot;UTF-8&quot; ?&gt;
19:37:11.626 [main] DEBUG org.apache.wicket.MarkupContainer - Add sidebarDataList to [SidebarPanel [Component id = sidebarPanel]]
19:37:11.627 [main] DEBUG org.apache.wicket.MarkupContainer - Add titleName to [Page class = com.benjamin.erp.page.ReleaseBorrowerPage, id = 0, render count = 0]
19:37:11.627 [main] DEBUG org.apache.wicket.MarkupContainer - Add breadCrumbBar to [Page class = com.benjamin.erp.page.ReleaseBorrowerPage, id = 0, render count = 0]
19:37:11.627 [main] DEBUG org.apache.wicket.markup.MarkupCache - Load markup: cacheKey=org.apache.wicket.extensions.breadcrumb.BreadCrumbBar_en_US.html
19:37:11.627 [main] DEBUG org.apache.wicket.core.util.resource.locator.ResourceStreamLocator - Attempting to locate resource &apos;org/apache/wicket/extensions/breadcrumb/BreadCrumbBar_en_US.html&apos; using finder&apos;[classpath]&apos;
19:37:11.628 [main] DEBUG org.apache.wicket.core.util.resource.locator.ResourceStreamLocator - Attempting to locate resource &apos;org/apache/wicket/extensions/breadcrumb/BreadCrumbBar_en_US.html&apos; using finder&apos;[webapppath: /]&apos;
19:37:11.628 [main] DEBUG org.apache.wicket.core.util.resource.locator.ResourceStreamLocator - Attempting to locate resource &apos;org/apache/wicket/extensions/breadcrumb/BreadCrumbBar_en_US.html&apos; using finder&apos;[classpath: META-INF/resources/]&apos;
19:37:11.629 [main] DEBUG org.apache.wicket.core.util.resource.locator.ResourceStreamLocator - Attempting to locate resource &apos;org/apache/wicket/extensions/breadcrumb/BreadCrumbBar_en_US.html&apos; using finder&apos;de.agilecoders.wicket.webjars.util.file.WebjarsResourceFinder@fec3418e&apos;
19:37:11.629 [main] DEBUG org.apache.wicket.core.util.resource.locator.ResourceStreamLocator - Attempting to locate resource &apos;org/apache/wicket/extensions/breadcrumb/BreadCrumbBar_en_US.html&apos; using finder&apos;[webapppath: /WEB-INF/]&apos;
19:37:11.629 [main] DEBUG org.apache.wicket.core.util.resource.locator.ResourceStreamLocator - Attempting to locate resource &apos;org/apache/wicket/extensions/breadcrumb/BreadCrumbBar_en.html&apos; using finder&apos;[classpath]&apos;
19:37:11.630 [main] DEBUG org.apache.wicket.core.util.resource.locator.ResourceStreamLocator - Attempting to locate resource &apos;org/apache/wicket/extensions/breadcrumb/BreadCrumbBar_en.html&apos; using finder&apos;[webapppath: /]&apos;
19:37:11.630 [main] DEBUG org.apache.wicket.core.util.resource.locator.ResourceStreamLocator - Attempting to locate resource &apos;org/apache/wicket/extensions/breadcrumb/BreadCrumbBar_en.html&apos; using finder&apos;[classpath: META-INF/resources/]&apos;
19:37:11.631 [main] DEBUG org.apache.wicket.core.util.resource.locator.ResourceStreamLocator - Attempting to locate resource &apos;org/apache/wicket/extensions/breadcrumb/BreadCrumbBar_en.html&apos; using finder&apos;de.agilecoders.wicket.webjars.util.file.WebjarsResourceFinder@fec3418e&apos;
19:37:11.631 [main] DEBUG org.apache.wicket.core.util.resource.locator.ResourceStreamLocator - Attempting to locate resource &apos;org/apache/wicket/extensions/breadcrumb/BreadCrumbBar_en.html&apos; using finder&apos;[webapppath: /WEB-INF/]&apos;
19:37:11.632 [main] DEBUG org.apache.wicket.core.util.resource.locator.ResourceStreamLocator - Attempting to locate resource &apos;org/apache/wicket/extensions/breadcrumb/BreadCrumbBar.html&apos; using finder&apos;[classpath]&apos;
19:37:11.632 [main] DEBUG org.apache.wicket.markup.MarkupCache - Loading markup from jar:file:/C:/Users/xywenjie/.m2/repository/org/apache/wicket/wicket-extensions/8.2.0/wicket-extensions-8.2.0.jar!/org/apache/wicket/extensions/breadcrumb/BreadCrumbBar.html
19:37:11.642 [main] DEBUG org.apache.wicket.MarkupContainer - Add logo to [DebugBar [Component id = debugBar]]
19:37:11.644 [main] DEBUG org.apache.wicket.MarkupContainer - Add contributors to [WebMarkupContainer [Component id = content]]
19:37:11.644 [main] DEBUG org.apache.wicket.MarkupContainer - Add removeImg to [WebMarkupContainer [Component id = content]]
19:37:11.645 [main] DEBUG org.apache.wicket.MarkupContainer - Add content to [DebugBar [Component id = debugBar]]
19:37:11.645 [main] DEBUG org.apache.wicket.MarkupContainer - Add debugBar to [Page class = com.benjamin.erp.page.ReleaseBorrowerPage, id = 0, render count = 0]
19:37:11.645 [main] DEBUG org.apache.wicket.markup.MarkupCache - Load markup: cacheKey=org.apache.wicket.devutils.debugbar.DebugBar_en_US.html
19:37:11.645 [main] DEBUG org.apache.wicket.core.util.resource.locator.ResourceStreamLocator - Attempting to locate resource &apos;org/apache/wicket/devutils/debugbar/DebugBar_en_US.html&apos; using finder&apos;[classpath]&apos;
19:37:11.646 [main] DEBUG org.apache.wicket.core.util.resource.locator.ResourceStreamLocator - Attempting to locate resource &apos;org/apache/wicket/devutils/debugbar/DebugBar_en_US.html&apos; using finder&apos;[webapppath: /]&apos;
19:37:11.646 [main] DEBUG org.apache.wicket.core.util.resource.locator.ResourceStreamLocator - Attempting to locate resource &apos;org/apache/wicket/devutils/debugbar/DebugBar_en_US.html&apos; using finder&apos;[classpath: META-INF/resources/]&apos;
19:37:11.647 [main] DEBUG org.apache.wicket.core.util.resource.locator.ResourceStreamLocator - Attempting to locate resource &apos;org/apache/wicket/devutils/debugbar/DebugBar_en_US.html&apos; using finder&apos;de.agilecoders.wicket.webjars.util.file.WebjarsResourceFinder@fec3418e&apos;
19:37:11.647 [main] DEBUG org.apache.wicket.core.util.resource.locator.ResourceStreamLocator - Attempting to locate resource &apos;org/apache/wicket/devutils/debugbar/DebugBar_en_US.html&apos; using finder&apos;[webapppath: /WEB-INF/]&apos;
19:37:11.647 [main] DEBUG org.apache.wicket.core.util.resource.locator.ResourceStreamLocator - Attempting to locate resource &apos;org/apache/wicket/devutils/debugbar/DebugBar_en.html&apos; using finder&apos;[classpath]&apos;
19:37:11.648 [main] DEBUG org.apache.wicket.core.util.resource.locator.ResourceStreamLocator - Attempting to locate resource &apos;org/apache/wicket/devutils/debugbar/DebugBar_en.html&apos; using finder&apos;[webapppath: /]&apos;
19:37:11.648 [main] DEBUG org.apache.wicket.core.util.resource.locator.ResourceStreamLocator - Attempting to locate resource &apos;org/apache/wicket/devutils/debugbar/DebugBar_en.html&apos; using finder&apos;[classpath: META-INF/resources/]&apos;
19:37:11.649 [main] DEBUG org.apache.wicket.core.util.resource.locator.ResourceStreamLocator - Attempting to locate resource &apos;org/apache/wicket/devutils/debugbar/DebugBar_en.html&apos; using finder&apos;de.agilecoders.wicket.webjars.util.file.WebjarsResourceFinder@fec3418e&apos;
19:37:11.649 [main] DEBUG org.apache.wicket.core.util.resource.locator.ResourceStreamLocator - Attempting to locate resource &apos;org/apache/wicket/devutils/debugbar/DebugBar_en.html&apos; using finder&apos;[webapppath: /WEB-INF/]&apos;
19:37:11.649 [main] DEBUG org.apache.wicket.core.util.resource.locator.ResourceStreamLocator - Attempting to locate resource &apos;org/apache/wicket/devutils/debugbar/DebugBar.html&apos; using finder&apos;[classpath]&apos;
19:37:11.649 [main] DEBUG org.apache.wicket.markup.MarkupCache - Loading markup from jar:file:/C:/Users/xywenjie/.m2/repository/org/apache/wicket/wicket-devutils/8.2.0/wicket-devutils-8.2.0.jar!/org/apache/wicket/devutils/debugbar/DebugBar.html
19:37:11.656 [main] DEBUG org.apache.wicket.MarkupContainer - Add releaseBorrowerForm to [Page class = com.benjamin.erp.page.ReleaseBorrowerPage, id = 0, render count = 0]
19:37:11.666 [main] DEBUG org.apache.wicket.MarkupContainer - Add name to [ReleaseBorrowerForm [Component id = releaseBorrowerForm]]
19:37:11.667 [main] DEBUG org.apache.wicket.MarkupContainer - Add totalLoanAmount to [ReleaseBorrowerForm [Component id = releaseBorrowerForm]]
19:37:11.669 [main] DEBUG org.apache.wicket.Page - Page &apos;[Page class = com.benjamin.erp.page.ReleaseBorrowerPage, id = 0, render count = 0]&apos; is not stateless because of component with path &apos;releaseBorrowerForm&apos;.
19:37:11.676 [main] DEBUG org.apache.wicket.MarkupContainer - Add name to [Item [Component id = 1]]
19:37:11.677 [main] DEBUG org.apache.wicket.MarkupContainer - Add dataItems to [Item [Component id = 1]]
19:37:11.677 [main] DEBUG org.apache.wicket.MarkupContainer - Add 1 to [RefreshingView [Component id = sidebarDataList]]
19:37:11.678 [main] DEBUG org.apache.wicket.MarkupContainer - Add name to [Item [Component id = 2]]
19:37:11.678 [main] DEBUG org.apache.wicket.MarkupContainer - Add dataItems to [Item [Component id = 2]]
19:37:11.678 [main] DEBUG org.apache.wicket.MarkupContainer - Add 2 to [RefreshingView [Component id = sidebarDataList]]
19:37:11.678 [main] DEBUG org.apache.wicket.MarkupContainer - Add name to [Item [Component id = 3]]
19:37:11.678 [main] DEBUG org.apache.wicket.MarkupContainer - Add dataItems to [Item [Component id = 3]]
19:37:11.678 [main] DEBUG org.apache.wicket.MarkupContainer - Add 3 to [RefreshingView [Component id = sidebarDataList]]
19:37:11.679 [main] DEBUG org.apache.wicket.MarkupContainer - Add itemName to [Link [Component id = hrefLink]]
19:37:11.679 [main] DEBUG org.apache.wicket.MarkupContainer - Add hrefLink to [Item [Component id = 1]]
19:37:11.679 [main] DEBUG org.apache.wicket.MarkupContainer - Add 1 to [RefreshingView [Component id = dataItems]]
19:37:11.679 [main] DEBUG org.apache.wicket.MarkupContainer - Add itemName to [Link [Component id = hrefLink]]
19:37:11.679 [main] DEBUG org.apache.wicket.MarkupContainer - Add hrefLink to [Item [Component id = 2]]
19:37:11.679 [main] DEBUG org.apache.wicket.MarkupContainer - Add 2 to [RefreshingView [Component id = dataItems]]
19:37:11.679 [main] DEBUG org.apache.wicket.MarkupContainer - Add itemName to [Link [Component id = hrefLink]]
19:37:11.679 [main] DEBUG org.apache.wicket.MarkupContainer - Add hrefLink to [Item [Component id = 3]]
19:37:11.679 [main] DEBUG org.apache.wicket.MarkupContainer - Add 3 to [RefreshingView [Component id = dataItems]]
19:37:11.680 [main] DEBUG org.apache.wicket.MarkupContainer - Add itemName to [Link [Component id = hrefLink]]
19:37:11.680 [main] DEBUG org.apache.wicket.MarkupContainer - Add hrefLink to [Item [Component id = 1]]
19:37:11.680 [main] DEBUG org.apache.wicket.MarkupContainer - Add 1 to [RefreshingView [Component id = dataItems]]
19:37:11.680 [main] DEBUG org.apache.wicket.MarkupContainer - Add itemName to [Link [Component id = hrefLink]]
19:37:11.680 [main] DEBUG org.apache.wicket.MarkupContainer - Add hrefLink to [Item [Component id = 2]]
19:37:11.680 [main] DEBUG org.apache.wicket.MarkupContainer - Add 2 to [RefreshingView [Component id = dataItems]]
19:37:11.680 [main] DEBUG org.apache.wicket.MarkupContainer - Add itemName to [Link [Component id = hrefLink]]
19:37:11.680 [main] DEBUG org.apache.wicket.MarkupContainer - Add hrefLink to [Item [Component id = 3]]
19:37:11.680 [main] DEBUG org.apache.wicket.MarkupContainer - Add 3 to [RefreshingView [Component id = dataItems]]
19:37:11.680 [main] DEBUG org.apache.wicket.MarkupContainer - Add itemName to [Link [Component id = hrefLink]]
19:37:11.680 [main] DEBUG org.apache.wicket.MarkupContainer - Add hrefLink to [Item [Component id = 1]]
19:37:11.680 [main] DEBUG org.apache.wicket.MarkupContainer - Add 1 to [RefreshingView [Component id = dataItems]]
19:37:11.681 [main] DEBUG org.apache.wicket.model.LoadableDetachableModel - loaded transient object &apos;[]&apos; for &apos;org.apache.wicket.extensions.breadcrumb.BreadCrumbBar$BreadCrumbsListView$1@57b63253:attached=false:tempModelObject=[[]]&apos;
19:37:11.683 [main] DEBUG org.apache.wicket.MarkupContainer - Add 0 to [ListView [Component id = contributors]]
19:37:11.684 [main] DEBUG org.apache.wicket.MarkupContainer - Add contrib to [ListItem [Component id = 0]]
19:37:11.684 [main] DEBUG org.apache.wicket.MarkupContainer - Add 1 to [ListView [Component id = contributors]]
19:37:11.684 [main] DEBUG org.apache.wicket.MarkupContainer - Add contrib to [ListItem [Component id = 1]]
19:37:11.684 [main] DEBUG org.apache.wicket.markup.MarkupCache - Load markup: cacheKey=org.apache.wicket.devutils.debugbar.InspectorDebugPanel_en_US.html
19:37:11.684 [main] DEBUG org.apache.wicket.core.util.resource.locator.ResourceStreamLocator - Attempting to locate resource &apos;org/apache/wicket/devutils/debugbar/InspectorDebugPanel_en_US.html&apos; using finder&apos;[classpath]&apos;
19:37:11.686 [main] DEBUG org.apache.wicket.core.util.resource.locator.ResourceStreamLocator - Attempting to locate resource &apos;org/apache/wicket/devutils/debugbar/InspectorDebugPanel_en_US.html&apos; using finder&apos;[webapppath: /]&apos;
19:37:11.686 [main] DEBUG org.apache.wicket.core.util.resource.locator.ResourceStreamLocator - Attempting to locate resource &apos;org/apache/wicket/devutils/debugbar/InspectorDebugPanel_en_US.html&apos; using finder&apos;[classpath: META-INF/resources/]&apos;
19:37:11.687 [main] DEBUG org.apache.wicket.core.util.resource.locator.ResourceStreamLocator - Attempting to locate resource &apos;org/apache/wicket/devutils/debugbar/InspectorDebugPanel_en_US.html&apos; using finder&apos;de.agilecoders.wicket.webjars.util.file.WebjarsResourceFinder@fec3418e&apos;
19:37:11.687 [main] DEBUG org.apache.wicket.core.util.resource.locator.ResourceStreamLocator - Attempting to locate resource &apos;org/apache/wicket/devutils/debugbar/InspectorDebugPanel_en_US.html&apos; using finder&apos;[webapppath: /WEB-INF/]&apos;
19:37:11.687 [main] DEBUG org.apache.wicket.core.util.resource.locator.ResourceStreamLocator - Attempting to locate resource &apos;org/apache/wicket/devutils/debugbar/InspectorDebugPanel_en.html&apos; using finder&apos;[classpath]&apos;
19:37:11.688 [main] DEBUG org.apache.wicket.core.util.resource.locator.ResourceStreamLocator - Attempting to locate resource &apos;org/apache/wicket/devutils/debugbar/InspectorDebugPanel_en.html&apos; using finder&apos;[webapppath: /]&apos;
19:37:11.688 [main] DEBUG org.apache.wicket.core.util.resource.locator.ResourceStreamLocator - Attempting to locate resource &apos;org/apache/wicket/devutils/debugbar/InspectorDebugPanel_en.html&apos; using finder&apos;[classpath: META-INF/resources/]&apos;
19:37:11.689 [main] DEBUG org.apache.wicket.core.util.resource.locator.ResourceStreamLocator - Attempting to locate resource &apos;org/apache/wicket/devutils/debugbar/InspectorDebugPanel_en.html&apos; using finder&apos;de.agilecoders.wicket.webjars.util.file.WebjarsResourceFinder@fec3418e&apos;
19:37:11.689 [main] DEBUG org.apache.wicket.core.util.resource.locator.ResourceStreamLocator - Attempting to locate resource &apos;org/apache/wicket/devutils/debugbar/InspectorDebugPanel_en.html&apos; using finder&apos;[webapppath: /WEB-INF/]&apos;
19:37:11.689 [main] DEBUG org.apache.wicket.core.util.resource.locator.ResourceStreamLocator - Attempting to locate resource &apos;org/apache/wicket/devutils/debugbar/InspectorDebugPanel.html&apos; using finder&apos;[classpath]&apos;
19:37:11.690 [main] DEBUG org.apache.wicket.core.util.resource.locator.ResourceStreamLocator - Attempting to locate resource &apos;org/apache/wicket/devutils/debugbar/InspectorDebugPanel.html&apos; using finder&apos;[webapppath: /]&apos;
19:37:11.690 [main] DEBUG org.apache.wicket.core.util.resource.locator.ResourceStreamLocator - Attempting to locate resource &apos;org/apache/wicket/devutils/debugbar/InspectorDebugPanel.html&apos; using finder&apos;[classpath: META-INF/resources/]&apos;
19:37:11.691 [main] DEBUG org.apache.wicket.core.util.resource.locator.ResourceStreamLocator - Attempting to locate resource &apos;org/apache/wicket/devutils/debugbar/InspectorDebugPanel.html&apos; using finder&apos;de.agilecoders.wicket.webjars.util.file.WebjarsResourceFinder@fec3418e&apos;
19:37:11.691 [main] DEBUG org.apache.wicket.core.util.resource.locator.ResourceStreamLocator - Attempting to locate resource &apos;org/apache/wicket/devutils/debugbar/InspectorDebugPanel.html&apos; using finder&apos;[webapppath: /WEB-INF/]&apos;
19:37:11.692 [main] DEBUG org.apache.wicket.core.util.resource.locator.ResourceStreamLocator - Attempting to locate resource &apos;org/apache/wicket/devutils/debugbar/StandardDebugPanel_en_US.html&apos; using finder&apos;[classpath]&apos;
19:37:11.693 [main] DEBUG org.apache.wicket.core.util.resource.locator.ResourceStreamLocator - Attempting to locate resource &apos;org/apache/wicket/devutils/debugbar/StandardDebugPanel_en_US.html&apos; using finder&apos;[webapppath: /]&apos;
19:37:11.693 [main] DEBUG org.apache.wicket.core.util.resource.locator.ResourceStreamLocator - Attempting to locate resource &apos;org/apache/wicket/devutils/debugbar/StandardDebugPanel_en_US.html&apos; using finder&apos;[classpath: META-INF/resources/]&apos;
19:37:11.694 [main] DEBUG org.apache.wicket.core.util.resource.locator.ResourceStreamLocator - Attempting to locate resource &apos;org/apache/wicket/devutils/debugbar/StandardDebugPanel_en_US.html&apos; using finder&apos;de.agilecoders.wicket.webjars.util.file.WebjarsResourceFinder@fec3418e&apos;
19:37:11.694 [main] DEBUG org.apache.wicket.core.util.resource.locator.ResourceStreamLocator - Attempting to locate resource &apos;org/apache/wicket/devutils/debugbar/StandardDebugPanel_en_US.html&apos; using finder&apos;[webapppath: /WEB-INF/]&apos;
19:37:11.694 [main] DEBUG org.apache.wicket.core.util.resource.locator.ResourceStreamLocator - Attempting to locate resource &apos;org/apache/wicket/devutils/debugbar/StandardDebugPanel_en.html&apos; using finder&apos;[classpath]&apos;
19:37:11.695 [main] DEBUG org.apache.wicket.core.util.resource.locator.ResourceStreamLocator - Attempting to locate resource &apos;org/apache/wicket/devutils/debugbar/StandardDebugPanel_en.html&apos; using finder&apos;[webapppath: /]&apos;
19:37:11.695 [main] DEBUG org.apache.wicket.core.util.resource.locator.ResourceStreamLocator - Attempting to locate resource &apos;org/apache/wicket/devutils/debugbar/StandardDebugPanel_en.html&apos; using finder&apos;[classpath: META-INF/resources/]&apos;
19:37:11.696 [main] DEBUG org.apache.wicket.core.util.resource.locator.ResourceStreamLocator - Attempting to locate resource &apos;org/apache/wicket/devutils/debugbar/StandardDebugPanel_en.html&apos; using finder&apos;de.agilecoders.wicket.webjars.util.file.WebjarsResourceFinder@fec3418e&apos;
19:37:11.696 [main] DEBUG org.apache.wicket.core.util.resource.locator.ResourceStreamLocator - Attempting to locate resource &apos;org/apache/wicket/devutils/debugbar/StandardDebugPanel_en.html&apos; using finder&apos;[webapppath: /WEB-INF/]&apos;
19:37:11.696 [main] DEBUG org.apache.wicket.core.util.resource.locator.ResourceStreamLocator - Attempting to locate resource &apos;org/apache/wicket/devutils/debugbar/StandardDebugPanel.html&apos; using finder&apos;[classpath]&apos;
19:37:11.696 [main] DEBUG org.apache.wicket.markup.MarkupCache - Loading markup from jar:file:/C:/Users/xywenjie/.m2/repository/org/apache/wicket/wicket-devutils/8.2.0/wicket-devutils-8.2.0.jar!/org/apache/wicket/devutils/debugbar/StandardDebugPanel.html
19:37:11.701 [main] DEBUG org.apache.wicket.MarkupContainer - Add link to [InspectorDebugPanel [Component id = contrib]]
19:37:11.701 [main] DEBUG org.apache.wicket.MarkupContainer - Add img to [BookmarkablePageLink [Component id = link]]
19:37:11.701 [main] DEBUG org.apache.wicket.MarkupContainer - Add data to [BookmarkablePageLink [Component id = link]]
19:37:11.701 [main] DEBUG org.apache.wicket.MarkupContainer - Add 2 to [ListView [Component id = contributors]]
19:37:11.701 [main] DEBUG org.apache.wicket.MarkupContainer - Add contrib to [ListItem [Component id = 2]]
19:37:11.701 [main] DEBUG org.apache.wicket.markup.MarkupCache - Load markup: cacheKey=org.apache.wicket.devutils.debugbar.SessionSizeDebugPanel_en_US.html
19:37:11.701 [main] DEBUG org.apache.wicket.core.util.resource.locator.ResourceStreamLocator - Attempting to locate resource &apos;org/apache/wicket/devutils/debugbar/SessionSizeDebugPanel_en_US.html&apos; using finder&apos;[classpath]&apos;
19:37:11.702 [main] DEBUG org.apache.wicket.core.util.resource.locator.ResourceStreamLocator - Attempting to locate resource &apos;org/apache/wicket/devutils/debugbar/SessionSizeDebugPanel_en_US.html&apos; using finder&apos;[webapppath: /]&apos;
19:37:11.702 [main] DEBUG org.apache.wicket.core.util.resource.locator.ResourceStreamLocator - Attempting to locate resource &apos;org/apache/wicket/devutils/debugbar/SessionSizeDebugPanel_en_US.html&apos; using finder&apos;[classpath: META-INF/resources/]&apos;
19:37:11.703 [main] DEBUG org.apache.wicket.core.util.resource.locator.ResourceStreamLocator - Attempting to locate resource &apos;org/apache/wicket/devutils/debugbar/SessionSizeDebugPanel_en_US.html&apos; using finder&apos;de.agilecoders.wicket.webjars.util.file.WebjarsResourceFinder@fec3418e&apos;
19:37:11.703 [main] DEBUG org.apache.wicket.core.util.resource.locator.ResourceStreamLocator - Attempting to locate resource &apos;org/apache/wicket/devutils/debugbar/SessionSizeDebugPanel_en_US.html&apos; using finder&apos;[webapppath: /WEB-INF/]&apos;
19:37:11.703 [main] DEBUG org.apache.wicket.core.util.resource.locator.ResourceStreamLocator - Attempting to locate resource &apos;org/apache/wicket/devutils/debugbar/SessionSizeDebugPanel_en.html&apos; using finder&apos;[classpath]&apos;
19:37:11.704 [main] DEBUG org.apache.wicket.core.util.resource.locator.ResourceStreamLocator - Attempting to locate resource &apos;org/apache/wicket/devutils/debugbar/SessionSizeDebugPanel_en.html&apos; using finder&apos;[webapppath: /]&apos;
19:37:11.704 [main] DEBUG org.apache.wicket.core.util.resource.locator.ResourceStreamLocator - Attempting to locate resource &apos;org/apache/wicket/devutils/debugbar/SessionSizeDebugPanel_en.html&apos; using finder&apos;[classpath: META-INF/resources/]&apos;
19:37:11.722 [main] DEBUG org.apache.wicket.core.util.resource.locator.ResourceStreamLocator - Attempting to locate resource &apos;org/apache/wicket/devutils/debugbar/SessionSizeDebugPanel_en.html&apos; using finder&apos;de.agilecoders.wicket.webjars.util.file.WebjarsResourceFinder@fec3418e&apos;
19:37:11.722 [main] DEBUG org.apache.wicket.core.util.resource.locator.ResourceStreamLocator - Attempting to locate resource &apos;org/apache/wicket/devutils/debugbar/SessionSizeDebugPanel_en.html&apos; using finder&apos;[webapppath: /WEB-INF/]&apos;
19:37:11.722 [main] DEBUG org.apache.wicket.core.util.resource.locator.ResourceStreamLocator - Attempting to locate resource &apos;org/apache/wicket/devutils/debugbar/SessionSizeDebugPanel.html&apos; using finder&apos;[classpath]&apos;
19:37:11.725 [main] DEBUG org.apache.wicket.core.util.resource.locator.ResourceStreamLocator - Attempting to locate resource &apos;org/apache/wicket/devutils/debugbar/SessionSizeDebugPanel.html&apos; using finder&apos;[webapppath: /]&apos;
19:37:11.725 [main] DEBUG org.apache.wicket.core.util.resource.locator.ResourceStreamLocator - Attempting to locate resource &apos;org/apache/wicket/devutils/debugbar/SessionSizeDebugPanel.html&apos; using finder&apos;[classpath: META-INF/resources/]&apos;
19:37:11.727 [main] DEBUG org.apache.wicket.core.util.resource.locator.ResourceStreamLocator - Attempting to locate resource &apos;org/apache/wicket/devutils/debugbar/SessionSizeDebugPanel.html&apos; using finder&apos;de.agilecoders.wicket.webjars.util.file.WebjarsResourceFinder@fec3418e&apos;
19:37:11.727 [main] DEBUG org.apache.wicket.core.util.resource.locator.ResourceStreamLocator - Attempting to locate resource &apos;org/apache/wicket/devutils/debugbar/SessionSizeDebugPanel.html&apos; using finder&apos;[webapppath: /WEB-INF/]&apos;
19:37:11.728 [main] DEBUG org.apache.wicket.MarkupContainer - Add link to [SessionSizeDebugPanel [Component id = contrib]]
19:37:11.728 [main] DEBUG org.apache.wicket.MarkupContainer - Add img to [BookmarkablePageLink [Component id = link]]
19:37:11.729 [main] DEBUG org.apache.wicket.MarkupContainer - Add data to [BookmarkablePageLink [Component id = link]]
19:37:11.729 [main] DEBUG org.apache.wicket.MarkupContainer - Add 3 to [ListView [Component id = contributors]]
19:37:11.730 [main] DEBUG org.apache.wicket.MarkupContainer - Add contrib to [ListItem [Component id = 3]]
19:37:11.730 [main] DEBUG org.apache.wicket.markup.MarkupCache - Load markup: cacheKey=org.apache.wicket.devutils.debugbar.PageSizeDebugPanel_en_US.html
19:37:11.730 [main] DEBUG org.apache.wicket.core.util.resource.locator.ResourceStreamLocator - Attempting to locate resource &apos;org/apache/wicket/devutils/debugbar/PageSizeDebugPanel_en_US.html&apos; using finder&apos;[classpath]&apos;
19:37:11.731 [main] DEBUG org.apache.wicket.core.util.resource.locator.ResourceStreamLocator - Attempting to locate resource &apos;org/apache/wicket/devutils/debugbar/PageSizeDebugPanel_en_US.html&apos; using finder&apos;[webapppath: /]&apos;
19:37:11.731 [main] DEBUG org.apache.wicket.core.util.resource.locator.ResourceStreamLocator - Attempting to locate resource &apos;org/apache/wicket/devutils/debugbar/PageSizeDebugPanel_en_US.html&apos; using finder&apos;[classpath: META-INF/resources/]&apos;
19:37:11.732 [main] DEBUG org.apache.wicket.core.util.resource.locator.ResourceStreamLocator - Attempting to locate resource &apos;org/apache/wicket/devutils/debugbar/PageSizeDebugPanel_en_US.html&apos; using finder&apos;de.agilecoders.wicket.webjars.util.file.WebjarsResourceFinder@fec3418e&apos;
19:37:11.732 [main] DEBUG org.apache.wicket.core.util.resource.locator.ResourceStreamLocator - Attempting to locate resource &apos;org/apache/wicket/devutils/debugbar/PageSizeDebugPanel_en_US.html&apos; using finder&apos;[webapppath: /WEB-INF/]&apos;
19:37:11.732 [main] DEBUG org.apache.wicket.core.util.resource.locator.ResourceStreamLocator - Attempting to locate resource &apos;org/apache/wicket/devutils/debugbar/PageSizeDebugPanel_en.html&apos; using finder&apos;[classpath]&apos;
19:37:11.733 [main] DEBUG org.apache.wicket.core.util.resource.locator.ResourceStreamLocator - Attempting to locate resource &apos;org/apache/wicket/devutils/debugbar/PageSizeDebugPanel_en.html&apos; using finder&apos;[webapppath: /]&apos;
19:37:11.733 [main] DEBUG org.apache.wicket.core.util.resource.locator.ResourceStreamLocator - Attempting to locate resource &apos;org/apache/wicket/devutils/debugbar/PageSizeDebugPanel_en.html&apos; using finder&apos;[classpath: META-INF/resources/]&apos;
19:37:11.733 [main] DEBUG org.apache.wicket.core.util.resource.locator.ResourceStreamLocator - Attempting to locate resource &apos;org/apache/wicket/devutils/debugbar/PageSizeDebugPanel_en.html&apos; using finder&apos;de.agilecoders.wicket.webjars.util.file.WebjarsResourceFinder@fec3418e&apos;
19:37:11.733 [main] DEBUG org.apache.wicket.core.util.resource.locator.ResourceStreamLocator - Attempting to locate resource &apos;org/apache/wicket/devutils/debugbar/PageSizeDebugPanel_en.html&apos; using finder&apos;[webapppath: /WEB-INF/]&apos;
19:37:11.733 [main] DEBUG org.apache.wicket.core.util.resource.locator.ResourceStreamLocator - Attempting to locate resource &apos;org/apache/wicket/devutils/debugbar/PageSizeDebugPanel.html&apos; using finder&apos;[classpath]&apos;
19:37:11.734 [main] DEBUG org.apache.wicket.core.util.resource.locator.ResourceStreamLocator - Attempting to locate resource &apos;org/apache/wicket/devutils/debugbar/PageSizeDebugPanel.html&apos; using finder&apos;[webapppath: /]&apos;
19:37:11.734 [main] DEBUG org.apache.wicket.core.util.resource.locator.ResourceStreamLocator - Attempting to locate resource &apos;org/apache/wicket/devutils/debugbar/PageSizeDebugPanel.html&apos; using finder&apos;[classpath: META-INF/resources/]&apos;
19:37:11.735 [main] DEBUG org.apache.wicket.core.util.resource.locator.ResourceStreamLocator - Attempting to locate resource &apos;org/apache/wicket/devutils/debugbar/PageSizeDebugPanel.html&apos; using finder&apos;de.agilecoders.wicket.webjars.util.file.WebjarsResourceFinder@fec3418e&apos;
19:37:11.735 [main] DEBUG org.apache.wicket.core.util.resource.locator.ResourceStreamLocator - Attempting to locate resource &apos;org/apache/wicket/devutils/debugbar/PageSizeDebugPanel.html&apos; using finder&apos;[webapppath: /WEB-INF/]&apos;
19:37:11.736 [main] DEBUG org.apache.wicket.MarkupContainer - Add link to [PageSizeDebugPanel [Component id = contrib]]
19:37:11.736 [main] DEBUG org.apache.wicket.MarkupContainer - Add img to [BookmarkablePageLink [Component id = link]]
19:37:11.737 [main] DEBUG org.apache.wicket.MarkupContainer - Add data to [BookmarkablePageLink [Component id = link]]
19:37:11.743 [main] DEBUG org.apache.wicket.Page - Page &apos;[Page class = com.benjamin.erp.page.ReleaseBorrowerPage, id = 0, render count = 1]&apos; is not stateless because of component with path &apos;sidebarPanel:sidebarDataList:1:dataItems:1:hrefLink&apos;.
19:37:11.744 [main] DEBUG org.apache.wicket.Component - Begin render [Page class = com.benjamin.erp.page.ReleaseBorrowerPage, id = 0, render count = 1]
19:37:11.748 [main] DEBUG org.apache.wicket.MarkupContainer - Add _header_ to [Page class = com.benjamin.erp.page.ReleaseBorrowerPage, id = 0, render count = 1]
19:37:11.748 [main] DEBUG org.apache.wicket.Component - Begin render [HtmlHeaderContainer [Component id = _header_]]
19:37:11.756 [main] DEBUG org.apache.wicket.Component - internalRenderHead: [Component id = pageTitle]
19:37:11.756 [main] DEBUG org.apache.wicket.Component - internalRenderHead: [HeaderPanel [Component id = headerPanel]]
19:37:11.757 [main] DEBUG org.apache.wicket.Component - internalRenderHead: [Component id = name]
19:37:11.757 [main] DEBUG org.apache.wicket.Component - internalRenderHead: [Component id = itemName]
19:37:11.757 [main] DEBUG org.apache.wicket.Component - internalRenderHead: [Link [Component id = hrefLink]]
19:37:11.757 [main] DEBUG org.apache.wicket.Component - internalRenderHead: [Item [Component id = 1]]
19:37:11.757 [main] DEBUG org.apache.wicket.Component - internalRenderHead: [Component id = itemName]
19:37:11.757 [main] DEBUG org.apache.wicket.Component - internalRenderHead: [Link [Component id = hrefLink]]
19:37:11.757 [main] DEBUG org.apache.wicket.Component - internalRenderHead: [Item [Component id = 2]]
19:37:11.757 [main] DEBUG org.apache.wicket.Component - internalRenderHead: [Component id = itemName]
19:37:11.757 [main] DEBUG org.apache.wicket.Component - internalRenderHead: [Link [Component id = hrefLink]]
19:37:11.758 [main] DEBUG org.apache.wicket.Component - internalRenderHead: [Item [Component id = 3]]
19:37:11.758 [main] DEBUG org.apache.wicket.Component - internalRenderHead: [RefreshingView [Component id = dataItems]]
19:37:11.758 [main] DEBUG org.apache.wicket.Component - internalRenderHead: [Item [Component id = 1]]
19:37:11.758 [main] DEBUG org.apache.wicket.Component - internalRenderHead: [Component id = name]
19:37:11.758 [main] DEBUG org.apache.wicket.Component - internalRenderHead: [Component id = itemName]
19:37:11.758 [main] DEBUG org.apache.wicket.Component - internalRenderHead: [Link [Component id = hrefLink]]
19:37:11.758 [main] DEBUG org.apache.wicket.Component - internalRenderHead: [Item [Component id = 1]]
19:37:11.758 [main] DEBUG org.apache.wicket.Component - internalRenderHead: [Component id = itemName]
19:37:11.758 [main] DEBUG org.apache.wicket.Component - internalRenderHead: [Link [Component id = hrefLink]]
19:37:11.758 [main] DEBUG org.apache.wicket.Component - internalRenderHead: [Item [Component id = 2]]
19:37:11.758 [main] DEBUG org.apache.wicket.Component - internalRenderHead: [Component id = itemName]
19:37:11.758 [main] DEBUG org.apache.wicket.Component - internalRenderHead: [Link [Component id = hrefLink]]
19:37:11.758 [main] DEBUG org.apache.wicket.Component - internalRenderHead: [Item [Component id = 3]]
19:37:11.758 [main] DEBUG org.apache.wicket.Component - internalRenderHead: [RefreshingView [Component id = dataItems]]
19:37:11.758 [main] DEBUG org.apache.wicket.Component - internalRenderHead: [Item [Component id = 2]]
19:37:11.758 [main] DEBUG org.apache.wicket.Component - internalRenderHead: [Component id = name]
19:37:11.758 [main] DEBUG org.apache.wicket.Component - internalRenderHead: [Component id = itemName]
19:37:11.758 [main] DEBUG org.apache.wicket.Component - internalRenderHead: [Link [Component id = hrefLink]]
19:37:11.758 [main] DEBUG org.apache.wicket.Component - internalRenderHead: [Item [Component id = 1]]
19:37:11.758 [main] DEBUG org.apache.wicket.Component - internalRenderHead: [RefreshingView [Component id = dataItems]]
19:37:11.758 [main] DEBUG org.apache.wicket.Component - internalRenderHead: [Item [Component id = 3]]
19:37:11.758 [main] DEBUG org.apache.wicket.Component - internalRenderHead: [RefreshingView [Component id = sidebarDataList]]
19:37:11.758 [main] DEBUG org.apache.wicket.Component - internalRenderHead: [SidebarPanel [Component id = sidebarPanel]]
19:37:11.758 [main] DEBUG org.apache.wicket.Component - internalRenderHead: [Component id = titleName]
19:37:11.758 [main] DEBUG org.apache.wicket.Component - internalRenderHead: [BreadCrumbsListView [Component id = crumbs]]
19:37:11.758 [main] DEBUG org.apache.wicket.Component - internalRenderHead: [BreadCrumbBar [Component id = breadCrumbBar]]
19:37:11.758 [main] DEBUG org.apache.wicket.Component - internalRenderHead: [Component id = logo]
19:37:11.758 [main] DEBUG org.apache.wicket.Component - internalRenderHead: [Component id = contrib]
19:37:11.758 [main] DEBUG org.apache.wicket.Component - internalRenderHead: [ListItem [Component id = 0]]
19:37:11.758 [main] DEBUG org.apache.wicket.Component - internalRenderHead: [Component id = img]
19:37:11.758 [main] DEBUG org.apache.wicket.Component - internalRenderHead: [Component id = data]
19:37:11.758 [main] DEBUG org.apache.wicket.Component - internalRenderHead: [BookmarkablePageLink [Component id = link]]
19:37:11.759 [main] DEBUG org.apache.wicket.Component - internalRenderHead: [InspectorDebugPanel [Component id = contrib]]
19:37:11.759 [main] DEBUG org.apache.wicket.Component - internalRenderHead: [ListItem [Component id = 1]]
19:37:11.759 [main] DEBUG org.apache.wicket.Component - internalRenderHead: [Component id = img]
19:37:11.759 [main] DEBUG org.apache.wicket.Component - internalRenderHead: [Component id = data]
19:37:11.759 [main] DEBUG org.apache.wicket.Component - internalRenderHead: [BookmarkablePageLink [Component id = link]]
19:37:11.759 [main] DEBUG org.apache.wicket.Component - internalRenderHead: [SessionSizeDebugPanel [Component id = contrib]]
19:37:11.759 [main] DEBUG org.apache.wicket.Component - internalRenderHead: [ListItem [Component id = 2]]
19:37:11.759 [main] DEBUG org.apache.wicket.Component - internalRenderHead: [Component id = img]
19:37:11.759 [main] DEBUG org.apache.wicket.Component - internalRenderHead: [Component id = data]
19:37:11.759 [main] DEBUG org.apache.wicket.Component - internalRenderHead: [BookmarkablePageLink [Component id = link]]
19:37:11.759 [main] DEBUG org.apache.wicket.Component - internalRenderHead: [PageSizeDebugPanel [Component id = contrib]]
19:37:11.759 [main] DEBUG org.apache.wicket.Component - internalRenderHead: [ListItem [Component id = 3]]
19:37:11.759 [main] DEBUG org.apache.wicket.Component - internalRenderHead: [ListView [Component id = contributors]]
19:37:11.759 [main] DEBUG org.apache.wicket.Component - internalRenderHead: [Component id = removeImg]
19:37:11.759 [main] DEBUG org.apache.wicket.Component - internalRenderHead: [WebMarkupContainer [Component id = content]]
19:37:11.759 [main] DEBUG org.apache.wicket.Component - internalRenderHead: [DebugBar [Component id = debugBar]]
19:37:11.763 [main] DEBUG org.apache.wicket.Component - internalRenderHead: [RequiredTextField [Component id = name]]
19:37:11.763 [main] DEBUG org.apache.wicket.Component - internalRenderHead: [RequiredTextField [Component id = totalLoanAmount]]
19:37:11.763 [main] DEBUG org.apache.wicket.Component - internalRenderHead: [ReleaseBorrowerForm [Component id = releaseBorrowerForm]]
19:37:11.763 [main] DEBUG org.apache.wicket.Component - internalRenderHead: [HtmlHeaderContainer [Component id = _header_]]
19:37:11.764 [main] DEBUG org.apache.wicket.MarkupContainer - Add _header_ to [HtmlHeaderContainer [Component id = _header_]]
19:37:11.764 [main] DEBUG org.apache.wicket.Component - Begin render [WicketHeadContainer [Component id = _header_]]
19:37:11.765 [main] DEBUG org.apache.wicket.Component - Begin render [Component id = pageTitle]
19:37:11.766 [main] DEBUG org.apache.wicket.Page - Rendered [Component id = pageTitle]
19:37:11.766 [main] DEBUG org.apache.wicket.Component - End render [Component id = pageTitle]
19:37:11.767 [main] DEBUG org.apache.wicket.Page - Rendered [WicketHeadContainer [Component id = _header_]]
19:37:11.767 [main] DEBUG org.apache.wicket.Component - End render [WicketHeadContainer [Component id = _header_]]
19:37:11.767 [main] DEBUG org.apache.wicket.Component - internalRenderHead: [ReleaseBorrowerPage [Component id = 0]]
19:37:11.769 [main] WARN de.agilecoders.wicket.webjars.WicketWebjars - more than one version of a dependency is not supported till now. webjars resource: /jquery.js; available versions: [1.11.0, 3.4.0, 3.4.0]; using: 1.11.0
19:37:11.776 [main] DEBUG org.apache.wicket.core.util.resource.locator.ResourceStreamLocator - Attempting to locate resource &apos;org/apache/wicket/devutils/debugbar/wicket-debugbar_en_US.css&apos; using finder&apos;[classpath]&apos;
19:37:11.777 [main] DEBUG org.apache.wicket.core.util.resource.locator.ResourceStreamLocator - Attempting to locate resource &apos;org/apache/wicket/devutils/debugbar/wicket-debugbar_en_US.css&apos; using finder&apos;[webapppath: /]&apos;
19:37:11.777 [main] DEBUG org.apache.wicket.core.util.resource.locator.ResourceStreamLocator - Attempting to locate resource &apos;org/apache/wicket/devutils/debugbar/wicket-debugbar_en_US.css&apos; using finder&apos;[classpath: META-INF/resources/]&apos;
19:37:11.778 [main] DEBUG org.apache.wicket.core.util.resource.locator.ResourceStreamLocator - Attempting to locate resource &apos;org/apache/wicket/devutils/debugbar/wicket-debugbar_en_US.css&apos; using finder&apos;de.agilecoders.wicket.webjars.util.file.WebjarsResourceFinder@fec3418e&apos;
19:37:11.778 [main] DEBUG org.apache.wicket.core.util.resource.locator.ResourceStreamLocator - Attempting to locate resource &apos;org/apache/wicket/devutils/debugbar/wicket-debugbar_en_US.css&apos; using finder&apos;[webapppath: /WEB-INF/]&apos;
19:37:11.778 [main] DEBUG org.apache.wicket.core.util.resource.locator.ResourceStreamLocator - Attempting to locate resource &apos;org/apache/wicket/devutils/debugbar/wicket-debugbar_en.css&apos; using finder&apos;[classpath]&apos;
19:37:11.779 [main] DEBUG org.apache.wicket.core.util.resource.locator.ResourceStreamLocator - Attempting to locate resource &apos;org/apache/wicket/devutils/debugbar/wicket-debugbar_en.css&apos; using finder&apos;[webapppath: /]&apos;
19:37:11.779 [main] DEBUG org.apache.wicket.core.util.resource.locator.ResourceStreamLocator - Attempting to locate resource &apos;org/apache/wicket/devutils/debugbar/wicket-debugbar_en.css&apos; using finder&apos;[classpath: META-INF/resources/]&apos;
19:37:11.780 [main] DEBUG org.apache.wicket.core.util.resource.locator.ResourceStreamLocator - Attempting to locate resource &apos;org/apache/wicket/devutils/debugbar/wicket-debugbar_en.css&apos; using finder&apos;de.agilecoders.wicket.webjars.util.file.WebjarsResourceFinder@fec3418e&apos;
19:37:11.780 [main] DEBUG org.apache.wicket.core.util.resource.locator.ResourceStreamLocator - Attempting to locate resource &apos;org/apache/wicket/devutils/debugbar/wicket-debugbar_en.css&apos; using finder&apos;[webapppath: /WEB-INF/]&apos;
19:37:11.780 [main] DEBUG org.apache.wicket.core.util.resource.locator.ResourceStreamLocator - Attempting to locate resource &apos;org/apache/wicket/devutils/debugbar/wicket-debugbar.css&apos; using finder&apos;[classpath]&apos;
19:37:11.790 [main] DEBUG org.apache.wicket.protocol.http.servlet.ServletWebRequest - Calculating context relative path from: context path &apos;/context&apos;, filterPrefix &apos;servlet/&apos;, uri &apos;/context/servlet/wicket/bookmarkable/com.benjamin.erp.page.ReleaseBorrowerPage&apos;
19:37:11.791 [main] DEBUG org.apache.wicket.protocol.http.servlet.ServletWebRequest - Calculating context relative path from: context path &apos;/context&apos;, filterPrefix &apos;servlet/&apos;, uri &apos;/context/servlet/wicket/bookmarkable/com.benjamin.erp.page.ReleaseBorrowerPage&apos;
19:37:11.791 [main] DEBUG org.apache.wicket.protocol.http.servlet.ServletWebRequest - Calculating context relative path from: context path &apos;/context&apos;, filterPrefix &apos;servlet/&apos;, uri &apos;/context/servlet/wicket/bookmarkable/com.benjamin.erp.page.ReleaseBorrowerPage&apos;
19:37:11.792 [main] DEBUG org.apache.wicket.core.util.resource.locator.ResourceStreamLocator - Attempting to locate resource &apos;org/apache/wicket/devutils/debugbar/wicket-debugbar_en_US.js&apos; using finder&apos;[classpath]&apos;
19:37:11.793 [main] DEBUG org.apache.wicket.core.util.resource.locator.ResourceStreamLocator - Attempting to locate resource &apos;org/apache/wicket/devutils/debugbar/wicket-debugbar_en_US.js&apos; using finder&apos;[webapppath: /]&apos;
19:37:11.793 [main] DEBUG org.apache.wicket.core.util.resource.locator.ResourceStreamLocator - Attempting to locate resource &apos;org/apache/wicket/devutils/debugbar/wicket-debugbar_en_US.js&apos; using finder&apos;[classpath: META-INF/resources/]&apos;
19:37:11.793 [main] DEBUG org.apache.wicket.core.util.resource.locator.ResourceStreamLocator - Attempting to locate resource &apos;org/apache/wicket/devutils/debugbar/wicket-debugbar_en_US.js&apos; using finder&apos;de.agilecoders.wicket.webjars.util.file.WebjarsResourceFinder@fec3418e&apos;
19:37:11.793 [main] DEBUG org.apache.wicket.core.util.resource.locator.ResourceStreamLocator - Attempting to locate resource &apos;org/apache/wicket/devutils/debugbar/wicket-debugbar_en_US.js&apos; using finder&apos;[webapppath: /WEB-INF/]&apos;
19:37:11.794 [main] DEBUG org.apache.wicket.core.util.resource.locator.ResourceStreamLocator - Attempting to locate resource &apos;org/apache/wicket/devutils/debugbar/wicket-debugbar_en.js&apos; using finder&apos;[classpath]&apos;
19:37:11.794 [main] DEBUG org.apache.wicket.core.util.resource.locator.ResourceStreamLocator - Attempting to locate resource &apos;org/apache/wicket/devutils/debugbar/wicket-debugbar_en.js&apos; using finder&apos;[webapppath: /]&apos;
19:37:11.794 [main] DEBUG org.apache.wicket.core.util.resource.locator.ResourceStreamLocator - Attempting to locate resource &apos;org/apache/wicket/devutils/debugbar/wicket-debugbar_en.js&apos; using finder&apos;[classpath: META-INF/resources/]&apos;
19:37:11.795 [main] DEBUG org.apache.wicket.core.util.resource.locator.ResourceStreamLocator - Attempting to locate resource &apos;org/apache/wicket/devutils/debugbar/wicket-debugbar_en.js&apos; using finder&apos;de.agilecoders.wicket.webjars.util.file.WebjarsResourceFinder@fec3418e&apos;
19:37:11.795 [main] DEBUG org.apache.wicket.core.util.resource.locator.ResourceStreamLocator - Attempting to locate resource &apos;org/apache/wicket/devutils/debugbar/wicket-debugbar_en.js&apos; using finder&apos;[webapppath: /WEB-INF/]&apos;
19:37:11.795 [main] DEBUG org.apache.wicket.core.util.resource.locator.ResourceStreamLocator - Attempting to locate resource &apos;org/apache/wicket/devutils/debugbar/wicket-debugbar.js&apos; using finder&apos;[classpath]&apos;
19:37:11.796 [main] DEBUG org.apache.wicket.protocol.http.servlet.ServletWebRequest - Calculating context relative path from: context path &apos;/context&apos;, filterPrefix &apos;servlet/&apos;, uri &apos;/context/servlet/wicket/bookmarkable/com.benjamin.erp.page.ReleaseBorrowerPage&apos;
19:37:11.796 [main] DEBUG org.apache.wicket.protocol.http.servlet.ServletWebRequest - Calculating context relative path from: context path &apos;/context&apos;, filterPrefix &apos;servlet/&apos;, uri &apos;/context/servlet/wicket/bookmarkable/com.benjamin.erp.page.ReleaseBorrowerPage&apos;
19:37:11.797 [main] DEBUG org.apache.wicket.protocol.http.servlet.ServletWebRequest - Calculating context relative path from: context path &apos;/context&apos;, filterPrefix &apos;servlet/&apos;, uri &apos;/context/servlet/wicket/bookmarkable/com.benjamin.erp.page.ReleaseBorrowerPage&apos;
19:37:11.798 [main] DEBUG org.apache.wicket.core.util.resource.locator.ResourceStreamLocator - Attempting to locate resource &apos;org/apache/wicket/resource/jquery/jquery-2.2.4_en_US.js&apos; using finder&apos;[classpath]&apos;
19:37:11.798 [main] DEBUG org.apache.wicket.core.util.resource.locator.ResourceStreamLocator - Attempting to locate resource &apos;org/apache/wicket/resource/jquery/jquery-2.2.4_en_US.js&apos; using finder&apos;[webapppath: /]&apos;
19:37:11.798 [main] DEBUG org.apache.wicket.core.util.resource.locator.ResourceStreamLocator - Attempting to locate resource &apos;org/apache/wicket/resource/jquery/jquery-2.2.4_en_US.js&apos; using finder&apos;[classpath: META-INF/resources/]&apos;
19:37:11.799 [main] DEBUG org.apache.wicket.core.util.resource.locator.ResourceStreamLocator - Attempting to locate resource &apos;org/apache/wicket/resource/jquery/jquery-2.2.4_en_US.js&apos; using finder&apos;de.agilecoders.wicket.webjars.util.file.WebjarsResourceFinder@fec3418e&apos;
19:37:11.799 [main] DEBUG org.apache.wicket.core.util.resource.locator.ResourceStreamLocator - Attempting to locate resource &apos;org/apache/wicket/resource/jquery/jquery-2.2.4_en_US.js&apos; using finder&apos;[webapppath: /WEB-INF/]&apos;
19:37:11.799 [main] DEBUG org.apache.wicket.core.util.resource.locator.ResourceStreamLocator - Attempting to locate resource &apos;org/apache/wicket/resource/jquery/jquery-2.2.4_en.js&apos; using finder&apos;[classpath]&apos;
19:37:11.800 [main] DEBUG org.apache.wicket.core.util.resource.locator.ResourceStreamLocator - Attempting to locate resource &apos;org/apache/wicket/resource/jquery/jquery-2.2.4_en.js&apos; using finder&apos;[webapppath: /]&apos;
19:37:11.800 [main] DEBUG org.apache.wicket.core.util.resource.locator.ResourceStreamLocator - Attempting to locate resource &apos;org/apache/wicket/resource/jquery/jquery-2.2.4_en.js&apos; using finder&apos;[classpath: META-INF/resources/]&apos;
19:37:11.801 [main] DEBUG org.apache.wicket.core.util.resource.locator.ResourceStreamLocator - Attempting to locate resource &apos;org/apache/wicket/resource/jquery/jquery-2.2.4_en.js&apos; using finder&apos;de.agilecoders.wicket.webjars.util.file.WebjarsResourceFinder@fec3418e&apos;
19:37:11.801 [main] DEBUG org.apache.wicket.core.util.resource.locator.ResourceStreamLocator - Attempting to locate resource &apos;org/apache/wicket/resource/jquery/jquery-2.2.4_en.js&apos; using finder&apos;[webapppath: /WEB-INF/]&apos;
19:37:11.801 [main] DEBUG org.apache.wicket.core.util.resource.locator.ResourceStreamLocator - Attempting to locate resource &apos;org/apache/wicket/resource/jquery/jquery-2.2.4.js&apos; using finder&apos;[classpath]&apos;
19:37:11.801 [main] DEBUG org.apache.wicket.protocol.http.servlet.ServletWebRequest - Calculating context relative path from: context path &apos;/context&apos;, filterPrefix &apos;servlet/&apos;, uri &apos;/context/servlet/wicket/bookmarkable/com.benjamin.erp.page.ReleaseBorrowerPage&apos;
19:37:11.802 [main] DEBUG org.apache.wicket.protocol.http.servlet.ServletWebRequest - Calculating context relative path from: context path &apos;/context&apos;, filterPrefix &apos;servlet/&apos;, uri &apos;/context/servlet/wicket/bookmarkable/com.benjamin.erp.page.ReleaseBorrowerPage&apos;
19:37:11.802 [main] DEBUG org.apache.wicket.protocol.http.servlet.ServletWebRequest - Calculating context relative path from: context path &apos;/context&apos;, filterPrefix &apos;servlet/&apos;, uri &apos;/context/servlet/wicket/bookmarkable/com.benjamin.erp.page.ReleaseBorrowerPage&apos;
19:37:11.802 [main] DEBUG org.apache.wicket.core.util.resource.locator.ResourceStreamLocator - Attempting to locate resource &apos;org/apache/wicket/ajax/res/js/wicket-ajax-jquery_en_US.js&apos; using finder&apos;[classpath]&apos;
19:37:11.803 [main] DEBUG org.apache.wicket.core.util.resource.locator.ResourceStreamLocator - Attempting to locate resource &apos;org/apache/wicket/ajax/res/js/wicket-ajax-jquery_en_US.js&apos; using finder&apos;[webapppath: /]&apos;
19:37:11.803 [main] DEBUG org.apache.wicket.core.util.resource.locator.ResourceStreamLocator - Attempting to locate resource &apos;org/apache/wicket/ajax/res/js/wicket-ajax-jquery_en_US.js&apos; using finder&apos;[classpath: META-INF/resources/]&apos;
19:37:11.804 [main] DEBUG org.apache.wicket.core.util.resource.locator.ResourceStreamLocator - Attempting to locate resource &apos;org/apache/wicket/ajax/res/js/wicket-ajax-jquery_en_US.js&apos; using finder&apos;de.agilecoders.wicket.webjars.util.file.WebjarsResourceFinder@fec3418e&apos;
19:37:11.804 [main] DEBUG org.apache.wicket.core.util.resource.locator.ResourceStreamLocator - Attempting to locate resource &apos;org/apache/wicket/ajax/res/js/wicket-ajax-jquery_en_US.js&apos; using finder&apos;[webapppath: /WEB-INF/]&apos;
19:37:11.804 [main] DEBUG org.apache.wicket.core.util.resource.locator.ResourceStreamLocator - Attempting to locate resource &apos;org/apache/wicket/ajax/res/js/wicket-ajax-jquery_en.js&apos; using finder&apos;[classpath]&apos;
19:37:11.804 [main] DEBUG org.apache.wicket.core.util.resource.locator.ResourceStreamLocator - Attempting to locate resource &apos;org/apache/wicket/ajax/res/js/wicket-ajax-jquery_en.js&apos; using finder&apos;[webapppath: /]&apos;
19:37:11.805 [main] DEBUG org.apache.wicket.core.util.resource.locator.ResourceStreamLocator - Attempting to locate resource &apos;org/apache/wicket/ajax/res/js/wicket-ajax-jquery_en.js&apos; using finder&apos;[classpath: META-INF/resources/]&apos;
19:37:11.805 [main] DEBUG org.apache.wicket.core.util.resource.locator.ResourceStreamLocator - Attempting to locate resource &apos;org/apache/wicket/ajax/res/js/wicket-ajax-jquery_en.js&apos; using finder&apos;de.agilecoders.wicket.webjars.util.file.WebjarsResourceFinder@fec3418e&apos;
19:37:11.805 [main] DEBUG org.apache.wicket.core.util.resource.locator.ResourceStreamLocator - Attempting to locate resource &apos;org/apache/wicket/ajax/res/js/wicket-ajax-jquery_en.js&apos; using finder&apos;[webapppath: /WEB-INF/]&apos;
19:37:11.805 [main] DEBUG org.apache.wicket.core.util.resource.locator.ResourceStreamLocator - Attempting to locate resource &apos;org/apache/wicket/ajax/res/js/wicket-ajax-jquery.js&apos; using finder&apos;[classpath]&apos;
19:37:11.806 [main] DEBUG org.apache.wicket.protocol.http.servlet.ServletWebRequest - Calculating context relative path from: context path &apos;/context&apos;, filterPrefix &apos;servlet/&apos;, uri &apos;/context/servlet/wicket/bookmarkable/com.benjamin.erp.page.ReleaseBorrowerPage&apos;
19:37:11.806 [main] DEBUG org.apache.wicket.protocol.http.servlet.ServletWebRequest - Calculating context relative path from: context path &apos;/context&apos;, filterPrefix &apos;servlet/&apos;, uri &apos;/context/servlet/wicket/bookmarkable/com.benjamin.erp.page.ReleaseBorrowerPage&apos;
19:37:11.807 [main] DEBUG org.apache.wicket.protocol.http.servlet.ServletWebRequest - Calculating context relative path from: context path &apos;/context&apos;, filterPrefix &apos;servlet/&apos;, uri &apos;/context/servlet/wicket/bookmarkable/com.benjamin.erp.page.ReleaseBorrowerPage&apos;
19:37:11.807 [main] DEBUG org.apache.wicket.core.util.resource.locator.ResourceStreamLocator - Attempting to locate resource &apos;webjars/bootstrap/3.3.7-1/css/bootstrap_en_US.css&apos; using finder&apos;[classpath]&apos;
19:37:11.808 [main] DEBUG org.apache.wicket.core.util.resource.locator.ResourceStreamLocator - Attempting to locate resource &apos;webjars/bootstrap/3.3.7-1/css/bootstrap_en_US.css&apos; using finder&apos;[webapppath: /]&apos;
19:37:11.808 [main] DEBUG org.apache.wicket.core.util.resource.locator.ResourceStreamLocator - Attempting to locate resource &apos;webjars/bootstrap/3.3.7-1/css/bootstrap_en_US.css&apos; using finder&apos;[classpath: META-INF/resources/]&apos;
19:37:11.809 [main] DEBUG org.apache.wicket.core.util.resource.locator.ResourceStreamLocator - Attempting to locate resource &apos;webjars/bootstrap/3.3.7-1/css/bootstrap_en_US.css&apos; using finder&apos;de.agilecoders.wicket.webjars.util.file.WebjarsResourceFinder@fec3418e&apos;
19:37:11.809 [main] DEBUG org.apache.wicket.core.util.resource.locator.ResourceStreamLocator - Attempting to locate resource &apos;webjars/bootstrap/3.3.7-1/css/bootstrap_en_US.css&apos; using finder&apos;[webapppath: /WEB-INF/]&apos;
19:37:11.809 [main] DEBUG org.apache.wicket.core.util.resource.locator.ResourceStreamLocator - Attempting to locate resource &apos;webjars/bootstrap/3.3.7-1/css/bootstrap_en.css&apos; using finder&apos;[classpath]&apos;
19:37:11.810 [main] DEBUG org.apache.wicket.core.util.resource.locator.ResourceStreamLocator - Attempting to locate resource &apos;webjars/bootstrap/3.3.7-1/css/bootstrap_en.css&apos; using finder&apos;[webapppath: /]&apos;
19:37:11.810 [main] DEBUG org.apache.wicket.core.util.resource.locator.ResourceStreamLocator - Attempting to locate resource &apos;webjars/bootstrap/3.3.7-1/css/bootstrap_en.css&apos; using finder&apos;[classpath: META-INF/resources/]&apos;
19:37:11.810 [main] DEBUG org.apache.wicket.core.util.resource.locator.ResourceStreamLocator - Attempting to locate resource &apos;webjars/bootstrap/3.3.7-1/css/bootstrap_en.css&apos; using finder&apos;de.agilecoders.wicket.webjars.util.file.WebjarsResourceFinder@fec3418e&apos;
19:37:11.810 [main] DEBUG org.apache.wicket.core.util.resource.locator.ResourceStreamLocator - Attempting to locate resource &apos;webjars/bootstrap/3.3.7-1/css/bootstrap_en.css&apos; using finder&apos;[webapppath: /WEB-INF/]&apos;
19:37:11.810 [main] DEBUG org.apache.wicket.core.util.resource.locator.ResourceStreamLocator - Attempting to locate resource &apos;webjars/bootstrap/3.3.7-1/css/bootstrap.css&apos; using finder&apos;[classpath]&apos;
19:37:11.811 [main] DEBUG org.apache.wicket.core.util.resource.locator.ResourceStreamLocator - Attempting to locate resource &apos;webjars/bootstrap/3.3.7-1/css/bootstrap.css&apos; using finder&apos;[webapppath: /]&apos;
19:37:11.811 [main] DEBUG org.apache.wicket.core.util.resource.locator.ResourceStreamLocator - Attempting to locate resource &apos;webjars/bootstrap/3.3.7-1/css/bootstrap.css&apos; using finder&apos;[classpath: META-INF/resources/]&apos;
19:37:11.812 [main] DEBUG org.apache.wicket.protocol.http.servlet.ServletWebRequest - Calculating context relative path from: context path &apos;/context&apos;, filterPrefix &apos;servlet/&apos;, uri &apos;/context/servlet/wicket/bookmarkable/com.benjamin.erp.page.ReleaseBorrowerPage&apos;
19:37:11.812 [main] DEBUG org.apache.wicket.protocol.http.servlet.ServletWebRequest - Calculating context relative path from: context path &apos;/context&apos;, filterPrefix &apos;servlet/&apos;, uri &apos;/context/servlet/wicket/bookmarkable/com.benjamin.erp.page.ReleaseBorrowerPage&apos;
19:37:11.812 [main] DEBUG org.apache.wicket.protocol.http.servlet.ServletWebRequest - Calculating context relative path from: context path &apos;/context&apos;, filterPrefix &apos;servlet/&apos;, uri &apos;/context/servlet/wicket/bookmarkable/com.benjamin.erp.page.ReleaseBorrowerPage&apos;
19:37:11.812 [main] DEBUG org.apache.wicket.core.util.resource.locator.ResourceStreamLocator - Attempting to locate resource &apos;webjars/font-awesome/4.7.0/css/font-awesome_en_US.css&apos; using finder&apos;[classpath]&apos;
19:37:11.813 [main] DEBUG org.apache.wicket.core.util.resource.locator.ResourceStreamLocator - Attempting to locate resource &apos;webjars/font-awesome/4.7.0/css/font-awesome_en_US.css&apos; using finder&apos;[webapppath: /]&apos;
19:37:11.813 [main] DEBUG org.apache.wicket.core.util.resource.locator.ResourceStreamLocator - Attempting to locate resource &apos;webjars/font-awesome/4.7.0/css/font-awesome_en_US.css&apos; using finder&apos;[classpath: META-INF/resources/]&apos;
19:37:11.814 [main] DEBUG org.apache.wicket.core.util.resource.locator.ResourceStreamLocator - Attempting to locate resource &apos;webjars/font-awesome/4.7.0/css/font-awesome_en_US.css&apos; using finder&apos;de.agilecoders.wicket.webjars.util.file.WebjarsResourceFinder@fec3418e&apos;
19:37:11.814 [main] DEBUG org.apache.wicket.core.util.resource.locator.ResourceStreamLocator - Attempting to locate resource &apos;webjars/font-awesome/4.7.0/css/font-awesome_en_US.css&apos; using finder&apos;[webapppath: /WEB-INF/]&apos;
19:37:11.814 [main] DEBUG org.apache.wicket.core.util.resource.locator.ResourceStreamLocator - Attempting to locate resource &apos;webjars/font-awesome/4.7.0/css/font-awesome_en.css&apos; using finder&apos;[classpath]&apos;
19:37:11.815 [main] DEBUG org.apache.wicket.core.util.resource.locator.ResourceStreamLocator - Attempting to locate resource &apos;webjars/font-awesome/4.7.0/css/font-awesome_en.css&apos; using finder&apos;[webapppath: /]&apos;
19:37:11.815 [main] DEBUG org.apache.wicket.core.util.resource.locator.ResourceStreamLocator - Attempting to locate resource &apos;webjars/font-awesome/4.7.0/css/font-awesome_en.css&apos; using finder&apos;[classpath: META-INF/resources/]&apos;
19:37:11.816 [main] DEBUG org.apache.wicket.core.util.resource.locator.ResourceStreamLocator - Attempting to locate resource &apos;webjars/font-awesome/4.7.0/css/font-awesome_en.css&apos; using finder&apos;de.agilecoders.wicket.webjars.util.file.WebjarsResourceFinder@fec3418e&apos;
19:37:11.816 [main] DEBUG org.apache.wicket.core.util.resource.locator.ResourceStreamLocator - Attempting to locate resource &apos;webjars/font-awesome/4.7.0/css/font-awesome_en.css&apos; using finder&apos;[webapppath: /WEB-INF/]&apos;
19:37:11.816 [main] DEBUG org.apache.wicket.core.util.resource.locator.ResourceStreamLocator - Attempting to locate resource &apos;webjars/font-awesome/4.7.0/css/font-awesome.css&apos; using finder&apos;[classpath]&apos;
19:37:11.817 [main] DEBUG org.apache.wicket.core.util.resource.locator.ResourceStreamLocator - Attempting to locate resource &apos;webjars/font-awesome/4.7.0/css/font-awesome.css&apos; using finder&apos;[webapppath: /]&apos;
19:37:11.817 [main] DEBUG org.apache.wicket.core.util.resource.locator.ResourceStreamLocator - Attempting to locate resource &apos;webjars/font-awesome/4.7.0/css/font-awesome.css&apos; using finder&apos;[classpath: META-INF/resources/]&apos;
19:37:11.818 [main] DEBUG org.apache.wicket.protocol.http.servlet.ServletWebRequest - Calculating context relative path from: context path &apos;/context&apos;, filterPrefix &apos;servlet/&apos;, uri &apos;/context/servlet/wicket/bookmarkable/com.benjamin.erp.page.ReleaseBorrowerPage&apos;
19:37:11.818 [main] DEBUG org.apache.wicket.protocol.http.servlet.ServletWebRequest - Calculating context relative path from: context path &apos;/context&apos;, filterPrefix &apos;servlet/&apos;, uri &apos;/context/servlet/wicket/bookmarkable/com.benjamin.erp.page.ReleaseBorrowerPage&apos;
19:37:11.818 [main] DEBUG org.apache.wicket.protocol.http.servlet.ServletWebRequest - Calculating context relative path from: context path &apos;/context&apos;, filterPrefix &apos;servlet/&apos;, uri &apos;/context/servlet/wicket/bookmarkable/com.benjamin.erp.page.ReleaseBorrowerPage&apos;
19:37:11.818 [main] DEBUG org.apache.wicket.core.util.resource.locator.ResourceStreamLocator - Attempting to locate resource &apos;com/benjamin/erp/expand/AdminLTE_en_US.css&apos; using finder&apos;[classpath]&apos;
19:37:11.819 [main] DEBUG org.apache.wicket.core.util.resource.locator.ResourceStreamLocator - Attempting to locate resource &apos;com/benjamin/erp/expand/AdminLTE_en_US.css&apos; using finder&apos;[webapppath: /]&apos;
19:37:11.819 [main] DEBUG org.apache.wicket.core.util.resource.locator.ResourceStreamLocator - Attempting to locate resource &apos;com/benjamin/erp/expand/AdminLTE_en_US.css&apos; using finder&apos;[classpath: META-INF/resources/]&apos;
19:37:11.820 [main] DEBUG org.apache.wicket.core.util.resource.locator.ResourceStreamLocator - Attempting to locate resource &apos;com/benjamin/erp/expand/AdminLTE_en_US.css&apos; using finder&apos;de.agilecoders.wicket.webjars.util.file.WebjarsResourceFinder@fec3418e&apos;
19:37:11.820 [main] DEBUG org.apache.wicket.core.util.resource.locator.ResourceStreamLocator - Attempting to locate resource &apos;com/benjamin/erp/expand/AdminLTE_en_US.css&apos; using finder&apos;[webapppath: /WEB-INF/]&apos;
19:37:11.820 [main] DEBUG org.apache.wicket.core.util.resource.locator.ResourceStreamLocator - Attempting to locate resource &apos;com/benjamin/erp/expand/AdminLTE_en.css&apos; using finder&apos;[classpath]&apos;
19:37:11.821 [main] DEBUG org.apache.wicket.core.util.resource.locator.ResourceStreamLocator - Attempting to locate resource &apos;com/benjamin/erp/expand/AdminLTE_en.css&apos; using finder&apos;[webapppath: /]&apos;
19:37:11.821 [main] DEBUG org.apache.wicket.core.util.resource.locator.ResourceStreamLocator - Attempting to locate resource &apos;com/benjamin/erp/expand/AdminLTE_en.css&apos; using finder&apos;[classpath: META-INF/resources/]&apos;
19:37:11.822 [main] DEBUG org.apache.wicket.core.util.resource.locator.ResourceStreamLocator - Attempting to locate resource &apos;com/benjamin/erp/expand/AdminLTE_en.css&apos; using finder&apos;de.agilecoders.wicket.webjars.util.file.WebjarsResourceFinder@fec3418e&apos;
19:37:11.822 [main] DEBUG org.apache.wicket.core.util.resource.locator.ResourceStreamLocator - Attempting to locate resource &apos;com/benjamin/erp/expand/AdminLTE_en.css&apos; using finder&apos;[webapppath: /WEB-INF/]&apos;
19:37:11.822 [main] DEBUG org.apache.wicket.core.util.resource.locator.ResourceStreamLocator - Attempting to locate resource &apos;com/benjamin/erp/expand/AdminLTE.css&apos; using finder&apos;[classpath]&apos;
19:37:11.822 [main] DEBUG org.apache.wicket.protocol.http.servlet.ServletWebRequest - Calculating context relative path from: context path &apos;/context&apos;, filterPrefix &apos;servlet/&apos;, uri &apos;/context/servlet/wicket/bookmarkable/com.benjamin.erp.page.ReleaseBorrowerPage&apos;
19:37:11.822 [main] DEBUG org.apache.wicket.protocol.http.servlet.ServletWebRequest - Calculating context relative path from: context path &apos;/context&apos;, filterPrefix &apos;servlet/&apos;, uri &apos;/context/servlet/wicket/bookmarkable/com.benjamin.erp.page.ReleaseBorrowerPage&apos;
19:37:11.823 [main] DEBUG org.apache.wicket.protocol.http.servlet.ServletWebRequest - Calculating context relative path from: context path &apos;/context&apos;, filterPrefix &apos;servlet/&apos;, uri &apos;/context/servlet/wicket/bookmarkable/com.benjamin.erp.page.ReleaseBorrowerPage&apos;
19:37:11.823 [main] DEBUG org.apache.wicket.core.util.resource.locator.ResourceStreamLocator - Attempting to locate resource &apos;com/benjamin/erp/expand/skins/_all-skins.min_en_US.css&apos; using finder&apos;[classpath]&apos;
19:37:11.824 [main] DEBUG org.apache.wicket.core.util.resource.locator.ResourceStreamLocator - Attempting to locate resource &apos;com/benjamin/erp/expand/skins/_all-skins.min_en_US.css&apos; using finder&apos;[webapppath: /]&apos;
19:37:11.824 [main] DEBUG org.apache.wicket.core.util.resource.locator.ResourceStreamLocator - Attempting to locate resource &apos;com/benjamin/erp/expand/skins/_all-skins.min_en_US.css&apos; using finder&apos;[classpath: META-INF/resources/]&apos;
19:37:11.825 [main] DEBUG org.apache.wicket.core.util.resource.locator.ResourceStreamLocator - Attempting to locate resource &apos;com/benjamin/erp/expand/skins/_all-skins.min_en_US.css&apos; using finder&apos;de.agilecoders.wicket.webjars.util.file.WebjarsResourceFinder@fec3418e&apos;
19:37:11.825 [main] DEBUG org.apache.wicket.core.util.resource.locator.ResourceStreamLocator - Attempting to locate resource &apos;com/benjamin/erp/expand/skins/_all-skins.min_en_US.css&apos; using finder&apos;[webapppath: /WEB-INF/]&apos;
19:37:11.825 [main] DEBUG org.apache.wicket.core.util.resource.locator.ResourceStreamLocator - Attempting to locate resource &apos;com/benjamin/erp/expand/skins/_all-skins.min_en.css&apos; using finder&apos;[classpath]&apos;
19:37:11.826 [main] DEBUG org.apache.wicket.core.util.resource.locator.ResourceStreamLocator - Attempting to locate resource &apos;com/benjamin/erp/expand/skins/_all-skins.min_en.css&apos; using finder&apos;[webapppath: /]&apos;
19:37:11.826 [main] DEBUG org.apache.wicket.core.util.resource.locator.ResourceStreamLocator - Attempting to locate resource &apos;com/benjamin/erp/expand/skins/_all-skins.min_en.css&apos; using finder&apos;[classpath: META-INF/resources/]&apos;
19:37:11.827 [main] DEBUG org.apache.wicket.core.util.resource.locator.ResourceStreamLocator - Attempting to locate resource &apos;com/benjamin/erp/expand/skins/_all-skins.min_en.css&apos; using finder&apos;de.agilecoders.wicket.webjars.util.file.WebjarsResourceFinder@fec3418e&apos;
19:37:11.827 [main] DEBUG org.apache.wicket.core.util.resource.locator.ResourceStreamLocator - Attempting to locate resource &apos;com/benjamin/erp/expand/skins/_all-skins.min_en.css&apos; using finder&apos;[webapppath: /WEB-INF/]&apos;
19:37:11.827 [main] DEBUG org.apache.wicket.core.util.resource.locator.ResourceStreamLocator - Attempting to locate resource &apos;com/benjamin/erp/expand/skins/_all-skins.min.css&apos; using finder&apos;[classpath]&apos;
19:37:11.827 [main] DEBUG org.apache.wicket.protocol.http.servlet.ServletWebRequest - Calculating context relative path from: context path &apos;/context&apos;, filterPrefix &apos;servlet/&apos;, uri &apos;/context/servlet/wicket/bookmarkable/com.benjamin.erp.page.ReleaseBorrowerPage&apos;
19:37:11.828 [main] DEBUG org.apache.wicket.protocol.http.servlet.ServletWebRequest - Calculating context relative path from: context path &apos;/context&apos;, filterPrefix &apos;servlet/&apos;, uri &apos;/context/servlet/wicket/bookmarkable/com.benjamin.erp.page.ReleaseBorrowerPage&apos;
19:37:11.828 [main] DEBUG org.apache.wicket.protocol.http.servlet.ServletWebRequest - Calculating context relative path from: context path &apos;/context&apos;, filterPrefix &apos;servlet/&apos;, uri &apos;/context/servlet/wicket/bookmarkable/com.benjamin.erp.page.ReleaseBorrowerPage&apos;
19:37:11.828 [main] DEBUG org.apache.wicket.core.util.resource.locator.ResourceStreamLocator - Attempting to locate resource &apos;webjars/jquery/1.11.0/jquery_en_US.js&apos; using finder&apos;[classpath]&apos;
19:37:11.829 [main] DEBUG org.apache.wicket.core.util.resource.locator.ResourceStreamLocator - Attempting to locate resource &apos;webjars/jquery/1.11.0/jquery_en_US.js&apos; using finder&apos;[webapppath: /]&apos;
19:37:11.829 [main] DEBUG org.apache.wicket.core.util.resource.locator.ResourceStreamLocator - Attempting to locate resource &apos;webjars/jquery/1.11.0/jquery_en_US.js&apos; using finder&apos;[classpath: META-INF/resources/]&apos;
19:37:11.830 [main] DEBUG org.apache.wicket.core.util.resource.locator.ResourceStreamLocator - Attempting to locate resource &apos;webjars/jquery/1.11.0/jquery_en_US.js&apos; using finder&apos;de.agilecoders.wicket.webjars.util.file.WebjarsResourceFinder@fec3418e&apos;
19:37:11.830 [main] DEBUG org.apache.wicket.core.util.resource.locator.ResourceStreamLocator - Attempting to locate resource &apos;webjars/jquery/1.11.0/jquery_en_US.js&apos; using finder&apos;[webapppath: /WEB-INF/]&apos;
19:37:11.830 [main] DEBUG org.apache.wicket.core.util.resource.locator.ResourceStreamLocator - Attempting to locate resource &apos;webjars/jquery/1.11.0/jquery_en.js&apos; using finder&apos;[classpath]&apos;
19:37:11.830 [main] DEBUG org.apache.wicket.core.util.resource.locator.ResourceStreamLocator - Attempting to locate resource &apos;webjars/jquery/1.11.0/jquery_en.js&apos; using finder&apos;[webapppath: /]&apos;
19:37:11.830 [main] DEBUG org.apache.wicket.core.util.resource.locator.ResourceStreamLocator - Attempting to locate resource &apos;webjars/jquery/1.11.0/jquery_en.js&apos; using finder&apos;[classpath: META-INF/resources/]&apos;
19:37:11.831 [main] DEBUG org.apache.wicket.core.util.resource.locator.ResourceStreamLocator - Attempting to locate resource &apos;webjars/jquery/1.11.0/jquery_en.js&apos; using finder&apos;de.agilecoders.wicket.webjars.util.file.WebjarsResourceFinder@fec3418e&apos;
19:37:11.831 [main] DEBUG org.apache.wicket.core.util.resource.locator.ResourceStreamLocator - Attempting to locate resource &apos;webjars/jquery/1.11.0/jquery_en.js&apos; using finder&apos;[webapppath: /WEB-INF/]&apos;
19:37:11.831 [main] DEBUG org.apache.wicket.core.util.resource.locator.ResourceStreamLocator - Attempting to locate resource &apos;webjars/jquery/1.11.0/jquery.js&apos; using finder&apos;[classpath]&apos;
19:37:11.832 [main] DEBUG org.apache.wicket.core.util.resource.locator.ResourceStreamLocator - Attempting to locate resource &apos;webjars/jquery/1.11.0/jquery.js&apos; using finder&apos;[webapppath: /]&apos;
19:37:11.832 [main] DEBUG org.apache.wicket.core.util.resource.locator.ResourceStreamLocator - Attempting to locate resource &apos;webjars/jquery/1.11.0/jquery.js&apos; using finder&apos;[classpath: META-INF/resources/]&apos;
19:37:11.832 [main] DEBUG org.apache.wicket.protocol.http.servlet.ServletWebRequest - Calculating context relative path from: context path &apos;/context&apos;, filterPrefix &apos;servlet/&apos;, uri &apos;/context/servlet/wicket/bookmarkable/com.benjamin.erp.page.ReleaseBorrowerPage&apos;
19:37:11.833 [main] DEBUG org.apache.wicket.protocol.http.servlet.ServletWebRequest - Calculating context relative path from: context path &apos;/context&apos;, filterPrefix &apos;servlet/&apos;, uri &apos;/context/servlet/wicket/bookmarkable/com.benjamin.erp.page.ReleaseBorrowerPage&apos;
19:37:11.833 [main] DEBUG org.apache.wicket.protocol.http.servlet.ServletWebRequest - Calculating context relative path from: context path &apos;/context&apos;, filterPrefix &apos;servlet/&apos;, uri &apos;/context/servlet/wicket/bookmarkable/com.benjamin.erp.page.ReleaseBorrowerPage&apos;
19:37:11.833 [main] DEBUG org.apache.wicket.core.util.resource.locator.ResourceStreamLocator - Attempting to locate resource &apos;com/benjamin/erp/expand/adminlte_en_US.js&apos; using finder&apos;[classpath]&apos;
19:37:11.834 [main] DEBUG org.apache.wicket.core.util.resource.locator.ResourceStreamLocator - Attempting to locate resource &apos;com/benjamin/erp/expand/adminlte_en_US.js&apos; using finder&apos;[webapppath: /]&apos;
19:37:11.834 [main] DEBUG org.apache.wicket.core.util.resource.locator.ResourceStreamLocator - Attempting to locate resource &apos;com/benjamin/erp/expand/adminlte_en_US.js&apos; using finder&apos;[classpath: META-INF/resources/]&apos;
19:37:11.835 [main] DEBUG org.apache.wicket.core.util.resource.locator.ResourceStreamLocator - Attempting to locate resource &apos;com/benjamin/erp/expand/adminlte_en_US.js&apos; using finder&apos;de.agilecoders.wicket.webjars.util.file.WebjarsResourceFinder@fec3418e&apos;
19:37:11.835 [main] DEBUG org.apache.wicket.core.util.resource.locator.ResourceStreamLocator - Attempting to locate resource &apos;com/benjamin/erp/expand/adminlte_en_US.js&apos; using finder&apos;[webapppath: /WEB-INF/]&apos;
19:37:11.835 [main] DEBUG org.apache.wicket.core.util.resource.locator.ResourceStreamLocator - Attempting to locate resource &apos;com/benjamin/erp/expand/adminlte_en.js&apos; using finder&apos;[classpath]&apos;
19:37:11.835 [main] DEBUG org.apache.wicket.core.util.resource.locator.ResourceStreamLocator - Attempting to locate resource &apos;com/benjamin/erp/expand/adminlte_en.js&apos; using finder&apos;[webapppath: /]&apos;
19:37:11.835 [main] DEBUG org.apache.wicket.core.util.resource.locator.ResourceStreamLocator - Attempting to locate resource &apos;com/benjamin/erp/expand/adminlte_en.js&apos; using finder&apos;[classpath: META-INF/resources/]&apos;
19:37:11.836 [main] DEBUG org.apache.wicket.core.util.resource.locator.ResourceStreamLocator - Attempting to locate resource &apos;com/benjamin/erp/expand/adminlte_en.js&apos; using finder&apos;de.agilecoders.wicket.webjars.util.file.WebjarsResourceFinder@fec3418e&apos;
19:37:11.836 [main] DEBUG org.apache.wicket.core.util.resource.locator.ResourceStreamLocator - Attempting to locate resource &apos;com/benjamin/erp/expand/adminlte_en.js&apos; using finder&apos;[webapppath: /WEB-INF/]&apos;
19:37:11.836 [main] DEBUG org.apache.wicket.core.util.resource.locator.ResourceStreamLocator - Attempting to locate resource &apos;com/benjamin/erp/expand/adminlte.js&apos; using finder&apos;[classpath]&apos;
19:37:11.837 [main] DEBUG org.apache.wicket.protocol.http.servlet.ServletWebRequest - Calculating context relative path from: context path &apos;/context&apos;, filterPrefix &apos;servlet/&apos;, uri &apos;/context/servlet/wicket/bookmarkable/com.benjamin.erp.page.ReleaseBorrowerPage&apos;
19:37:11.837 [main] DEBUG org.apache.wicket.protocol.http.servlet.ServletWebRequest - Calculating context relative path from: context path &apos;/context&apos;, filterPrefix &apos;servlet/&apos;, uri &apos;/context/servlet/wicket/bookmarkable/com.benjamin.erp.page.ReleaseBorrowerPage&apos;
19:37:11.837 [main] DEBUG org.apache.wicket.protocol.http.servlet.ServletWebRequest - Calculating context relative path from: context path &apos;/context&apos;, filterPrefix &apos;servlet/&apos;, uri &apos;/context/servlet/wicket/bookmarkable/com.benjamin.erp.page.ReleaseBorrowerPage&apos;
19:37:11.837 [main] DEBUG org.apache.wicket.core.util.resource.locator.ResourceStreamLocator - Attempting to locate resource &apos;webjars/bootstrap/3.3.7-1/js/bootstrap_en_US.js&apos; using finder&apos;[classpath]&apos;
19:37:11.838 [main] DEBUG org.apache.wicket.core.util.resource.locator.ResourceStreamLocator - Attempting to locate resource &apos;webjars/bootstrap/3.3.7-1/js/bootstrap_en_US.js&apos; using finder&apos;[webapppath: /]&apos;
19:37:11.838 [main] DEBUG org.apache.wicket.core.util.resource.locator.ResourceStreamLocator - Attempting to locate resource &apos;webjars/bootstrap/3.3.7-1/js/bootstrap_en_US.js&apos; using finder&apos;[classpath: META-INF/resources/]&apos;
19:37:11.839 [main] DEBUG org.apache.wicket.core.util.resource.locator.ResourceStreamLocator - Attempting to locate resource &apos;webjars/bootstrap/3.3.7-1/js/bootstrap_en_US.js&apos; using finder&apos;de.agilecoders.wicket.webjars.util.file.WebjarsResourceFinder@fec3418e&apos;
19:37:11.839 [main] DEBUG org.apache.wicket.core.util.resource.locator.ResourceStreamLocator - Attempting to locate resource &apos;webjars/bootstrap/3.3.7-1/js/bootstrap_en_US.js&apos; using finder&apos;[webapppath: /WEB-INF/]&apos;
19:37:11.839 [main] DEBUG org.apache.wicket.core.util.resource.locator.ResourceStreamLocator - Attempting to locate resource &apos;webjars/bootstrap/3.3.7-1/js/bootstrap_en.js&apos; using finder&apos;[classpath]&apos;
19:37:11.840 [main] DEBUG org.apache.wicket.core.util.resource.locator.ResourceStreamLocator - Attempting to locate resource &apos;webjars/bootstrap/3.3.7-1/js/bootstrap_en.js&apos; using finder&apos;[webapppath: /]&apos;
19:37:11.840 [main] DEBUG org.apache.wicket.core.util.resource.locator.ResourceStreamLocator - Attempting to locate resource &apos;webjars/bootstrap/3.3.7-1/js/bootstrap_en.js&apos; using finder&apos;[classpath: META-INF/resources/]&apos;
19:37:11.841 [main] DEBUG org.apache.wicket.core.util.resource.locator.ResourceStreamLocator - Attempting to locate resource &apos;webjars/bootstrap/3.3.7-1/js/bootstrap_en.js&apos; using finder&apos;de.agilecoders.wicket.webjars.util.file.WebjarsResourceFinder@fec3418e&apos;
19:37:11.841 [main] DEBUG org.apache.wicket.core.util.resource.locator.ResourceStreamLocator - Attempting to locate resource &apos;webjars/bootstrap/3.3.7-1/js/bootstrap_en.js&apos; using finder&apos;[webapppath: /WEB-INF/]&apos;
19:37:11.841 [main] DEBUG org.apache.wicket.core.util.resource.locator.ResourceStreamLocator - Attempting to locate resource &apos;webjars/bootstrap/3.3.7-1/js/bootstrap.js&apos; using finder&apos;[classpath]&apos;
19:37:11.842 [main] DEBUG org.apache.wicket.core.util.resource.locator.ResourceStreamLocator - Attempting to locate resource &apos;webjars/bootstrap/3.3.7-1/js/bootstrap.js&apos; using finder&apos;[webapppath: /]&apos;
19:37:11.842 [main] DEBUG org.apache.wicket.core.util.resource.locator.ResourceStreamLocator - Attempting to locate resource &apos;webjars/bootstrap/3.3.7-1/js/bootstrap.js&apos; using finder&apos;[classpath: META-INF/resources/]&apos;
19:37:11.842 [main] DEBUG org.apache.wicket.protocol.http.servlet.ServletWebRequest - Calculating context relative path from: context path &apos;/context&apos;, filterPrefix &apos;servlet/&apos;, uri &apos;/context/servlet/wicket/bookmarkable/com.benjamin.erp.page.ReleaseBorrowerPage&apos;
19:37:11.842 [main] DEBUG org.apache.wicket.protocol.http.servlet.ServletWebRequest - Calculating context relative path from: context path &apos;/context&apos;, filterPrefix &apos;servlet/&apos;, uri &apos;/context/servlet/wicket/bookmarkable/com.benjamin.erp.page.ReleaseBorrowerPage&apos;
19:37:11.843 [main] DEBUG org.apache.wicket.protocol.http.servlet.ServletWebRequest - Calculating context relative path from: context path &apos;/context&apos;, filterPrefix &apos;servlet/&apos;, uri &apos;/context/servlet/wicket/bookmarkable/com.benjamin.erp.page.ReleaseBorrowerPage&apos;
19:37:11.843 [main] DEBUG org.apache.wicket.Page - Rendered [HtmlHeaderContainer [Component id = _header_]]
19:37:11.843 [main] DEBUG org.apache.wicket.Component - End render [HtmlHeaderContainer [Component id = _header_]]
19:37:11.843 [main] DEBUG org.apache.wicket.Component - Begin render [HeaderPanel [Component id = headerPanel]]
19:37:11.844 [main] DEBUG org.apache.wicket.MarkupContainer - Add wicket_relative_path_prefix_-48094142 to [HeaderPanel [Component id = headerPanel]]
19:37:11.844 [main] DEBUG org.apache.wicket.Component - Begin render [TransparentWebMarkupContainer [Component id = wicket_relative_path_prefix_-48094142]]
19:37:11.844 [main] DEBUG org.apache.wicket.Page - Rendered [TransparentWebMarkupContainer [Component id = wicket_relative_path_prefix_-48094142]]
19:37:11.844 [main] DEBUG org.apache.wicket.Component - End render [TransparentWebMarkupContainer [Component id = wicket_relative_path_prefix_-48094142]]
19:37:11.845 [main] DEBUG org.apache.wicket.MarkupContainer - Add wicket_relative_path_prefix_-48094141 to [HeaderPanel [Component id = headerPanel]]
19:37:11.845 [main] DEBUG org.apache.wicket.Component - Begin render [TransparentWebMarkupContainer [Component id = wicket_relative_path_prefix_-48094141]]
19:37:11.845 [main] DEBUG org.apache.wicket.Page - Rendered [TransparentWebMarkupContainer [Component id = wicket_relative_path_prefix_-48094141]]
19:37:11.845 [main] DEBUG org.apache.wicket.Component - End render [TransparentWebMarkupContainer [Component id = wicket_relative_path_prefix_-48094141]]
19:37:11.845 [main] DEBUG org.apache.wicket.MarkupContainer - Add wicket_relative_path_prefix_-48094140 to [HeaderPanel [Component id = headerPanel]]
19:37:11.845 [main] DEBUG org.apache.wicket.Component - Begin render [TransparentWebMarkupContainer [Component id = wicket_relative_path_prefix_-48094140]]
19:37:11.845 [main] DEBUG org.apache.wicket.Page - Rendered [TransparentWebMarkupContainer [Component id = wicket_relative_path_prefix_-48094140]]
19:37:11.845 [main] DEBUG org.apache.wicket.Component - End render [TransparentWebMarkupContainer [Component id = wicket_relative_path_prefix_-48094140]]
19:37:11.845 [main] DEBUG org.apache.wicket.MarkupContainer - Add wicket_relative_path_prefix_-48094139 to [HeaderPanel [Component id = headerPanel]]
19:37:11.845 [main] DEBUG org.apache.wicket.Component - Begin render [TransparentWebMarkupContainer [Component id = wicket_relative_path_prefix_-48094139]]
19:37:11.845 [main] DEBUG org.apache.wicket.Page - Rendered [TransparentWebMarkupContainer [Component id = wicket_relative_path_prefix_-48094139]]
19:37:11.845 [main] DEBUG org.apache.wicket.Component - End render [TransparentWebMarkupContainer [Component id = wicket_relative_path_prefix_-48094139]]
19:37:11.845 [main] DEBUG org.apache.wicket.MarkupContainer - Add wicket_relative_path_prefix_-48094138 to [HeaderPanel [Component id = headerPanel]]
19:37:11.845 [main] DEBUG org.apache.wicket.Component - Begin render [TransparentWebMarkupContainer [Component id = wicket_relative_path_prefix_-48094138]]
19:37:11.845 [main] DEBUG org.apache.wicket.Page - Rendered [TransparentWebMarkupContainer [Component id = wicket_relative_path_prefix_-48094138]]
19:37:11.845 [main] DEBUG org.apache.wicket.Component - End render [TransparentWebMarkupContainer [Component id = wicket_relative_path_prefix_-48094138]]
19:37:11.845 [main] DEBUG org.apache.wicket.MarkupContainer - Add wicket_relative_path_prefix_-48094137 to [HeaderPanel [Component id = headerPanel]]
19:37:11.845 [main] DEBUG org.apache.wicket.Component - Begin render [TransparentWebMarkupContainer [Component id = wicket_relative_path_prefix_-48094137]]
19:37:11.845 [main] DEBUG org.apache.wicket.Page - Rendered [TransparentWebMarkupContainer [Component id = wicket_relative_path_prefix_-48094137]]
19:37:11.846 [main] DEBUG org.apache.wicket.Component - End render [TransparentWebMarkupContainer [Component id = wicket_relative_path_prefix_-48094137]]
19:37:11.846 [main] DEBUG org.apache.wicket.MarkupContainer - Add wicket_relative_path_prefix_-48094136 to [HeaderPanel [Component id = headerPanel]]
19:37:11.846 [main] DEBUG org.apache.wicket.Component - Begin render [TransparentWebMarkupContainer [Component id = wicket_relative_path_prefix_-48094136]]
19:37:11.846 [main] DEBUG org.apache.wicket.Page - Rendered [TransparentWebMarkupContainer [Component id = wicket_relative_path_prefix_-48094136]]
19:37:11.846 [main] DEBUG org.apache.wicket.Component - End render [TransparentWebMarkupContainer [Component id = wicket_relative_path_prefix_-48094136]]
19:37:11.846 [main] DEBUG org.apache.wicket.MarkupContainer - Add wicket_relative_path_prefix_-48094135 to [HeaderPanel [Component id = headerPanel]]
19:37:11.846 [main] DEBUG org.apache.wicket.Component - Begin render [TransparentWebMarkupContainer [Component id = wicket_relative_path_prefix_-48094135]]
19:37:11.846 [main] DEBUG org.apache.wicket.Page - Rendered [TransparentWebMarkupContainer [Component id = wicket_relative_path_prefix_-48094135]]
19:37:11.846 [main] DEBUG org.apache.wicket.Component - End render [TransparentWebMarkupContainer [Component id = wicket_relative_path_prefix_-48094135]]
19:37:11.846 [main] DEBUG org.apache.wicket.Page - Rendered [HeaderPanel [Component id = headerPanel]]
19:37:11.846 [main] DEBUG org.apache.wicket.Component - End render [HeaderPanel [Component id = headerPanel]]
19:37:11.846 [main] DEBUG org.apache.wicket.Component - Begin render [SidebarPanel [Component id = sidebarPanel]]
19:37:11.846 [main] DEBUG org.apache.wicket.MarkupContainer - Add wicket_relative_path_prefix_-23144671 to [SidebarPanel [Component id = sidebarPanel]]
19:37:11.846 [main] DEBUG org.apache.wicket.Component - Begin render [TransparentWebMarkupContainer [Component id = wicket_relative_path_prefix_-23144671]]
19:37:11.846 [main] DEBUG org.apache.wicket.Page - Rendered [TransparentWebMarkupContainer [Component id = wicket_relative_path_prefix_-23144671]]
19:37:11.846 [main] DEBUG org.apache.wicket.Component - End render [TransparentWebMarkupContainer [Component id = wicket_relative_path_prefix_-23144671]]
19:37:11.846 [main] DEBUG org.apache.wicket.Component - Begin render [RefreshingView [Component id = sidebarDataList]]
19:37:11.846 [main] DEBUG org.apache.wicket.Component - Begin render [Item [Component id = 1]]
19:37:11.847 [main] DEBUG org.apache.wicket.Component - Begin render [Component id = name]
19:37:11.847 [main] DEBUG org.apache.wicket.Page - Rendered [Component id = name]
19:37:11.847 [main] DEBUG org.apache.wicket.Component - End render [Component id = name]
19:37:11.847 [main] DEBUG org.apache.wicket.Component - Begin render [RefreshingView [Component id = dataItems]]
19:37:11.847 [main] DEBUG org.apache.wicket.Component - Begin render [Item [Component id = 1]]
19:37:11.847 [main] DEBUG org.apache.wicket.Component - Begin render [Link [Component id = hrefLink]]
19:37:11.847 [main] DEBUG org.apache.wicket.Page - Page &apos;[Page class = com.benjamin.erp.page.ReleaseBorrowerPage, id = 0, render count = 1]&apos; is not stateless because of component with path &apos;sidebarPanel:sidebarDataList:1:dataItems:1:hrefLink&apos;.
19:37:11.848 [main] DEBUG org.apache.wicket.protocol.http.servlet.ServletWebRequest - Calculating context relative path from: context path &apos;/context&apos;, filterPrefix &apos;servlet/&apos;, uri &apos;/context/servlet/wicket/bookmarkable/com.benjamin.erp.page.ReleaseBorrowerPage&apos;
19:37:11.849 [main] DEBUG org.apache.wicket.protocol.http.servlet.ServletWebRequest - Calculating context relative path from: context path &apos;/context&apos;, filterPrefix &apos;servlet/&apos;, uri &apos;/context/servlet/wicket/bookmarkable/com.benjamin.erp.page.ReleaseBorrowerPage&apos;
19:37:11.849 [main] DEBUG org.apache.wicket.protocol.http.servlet.ServletWebRequest - Calculating context relative path from: context path &apos;/context&apos;, filterPrefix &apos;servlet/&apos;, uri &apos;/context/servlet/wicket/bookmarkable/com.benjamin.erp.page.ReleaseBorrowerPage&apos;
19:37:11.849 [main] DEBUG org.apache.wicket.protocol.http.servlet.ServletWebRequest - Calculating context relative path from: context path &apos;/context&apos;, filterPrefix &apos;servlet/&apos;, uri &apos;/context/servlet/wicket/bookmarkable/com.benjamin.erp.page.ReleaseBorrowerPage&apos;
19:37:11.850 [main] DEBUG org.apache.wicket.Component - Begin render [Component id = itemName]
19:37:11.850 [main] DEBUG org.apache.wicket.Page - Rendered [Component id = itemName]
19:37:11.850 [main] DEBUG org.apache.wicket.Component - End render [Component id = itemName]
19:37:11.850 [main] DEBUG org.apache.wicket.Page - Rendered [Link [Component id = hrefLink]]
19:37:11.850 [main] DEBUG org.apache.wicket.Component - End render [Link [Component id = hrefLink]]
19:37:11.850 [main] DEBUG org.apache.wicket.Page - Rendered [Item [Component id = 1]]
19:37:11.850 [main] DEBUG org.apache.wicket.Component - End render [Item [Component id = 1]]
19:37:11.850 [main] DEBUG org.apache.wicket.Component - Begin render [Item [Component id = 2]]
19:37:11.850 [main] DEBUG org.apache.wicket.Component - Begin render [Link [Component id = hrefLink]]
19:37:11.850 [main] DEBUG org.apache.wicket.protocol.http.servlet.ServletWebRequest - Calculating context relative path from: context path &apos;/context&apos;, filterPrefix &apos;servlet/&apos;, uri &apos;/context/servlet/wicket/bookmarkable/com.benjamin.erp.page.ReleaseBorrowerPage&apos;
19:37:11.850 [main] DEBUG org.apache.wicket.protocol.http.servlet.ServletWebRequest - Calculating context relative path from: context path &apos;/context&apos;, filterPrefix &apos;servlet/&apos;, uri &apos;/context/servlet/wicket/bookmarkable/com.benjamin.erp.page.ReleaseBorrowerPage&apos;
19:37:11.850 [main] DEBUG org.apache.wicket.protocol.http.servlet.ServletWebRequest - Calculating context relative path from: context path &apos;/context&apos;, filterPrefix &apos;servlet/&apos;, uri &apos;/context/servlet/wicket/bookmarkable/com.benjamin.erp.page.ReleaseBorrowerPage&apos;
19:37:11.850 [main] DEBUG org.apache.wicket.protocol.http.servlet.ServletWebRequest - Calculating context relative path from: context path &apos;/context&apos;, filterPrefix &apos;servlet/&apos;, uri &apos;/context/servlet/wicket/bookmarkable/com.benjamin.erp.page.ReleaseBorrowerPage&apos;
19:37:11.850 [main] DEBUG org.apache.wicket.Component - Begin render [Component id = itemName]
19:37:11.850 [main] DEBUG org.apache.wicket.Page - Rendered [Component id = itemName]
19:37:11.850 [main] DEBUG org.apache.wicket.Component - End render [Component id = itemName]
19:37:11.850 [main] DEBUG org.apache.wicket.Page - Rendered [Link [Component id = hrefLink]]
19:37:11.851 [main] DEBUG org.apache.wicket.Component - End render [Link [Component id = hrefLink]]
19:37:11.851 [main] DEBUG org.apache.wicket.Page - Rendered [Item [Component id = 2]]
19:37:11.851 [main] DEBUG org.apache.wicket.Component - End render [Item [Component id = 2]]
19:37:11.851 [main] DEBUG org.apache.wicket.Component - Begin render [Item [Component id = 3]]
19:37:11.851 [main] DEBUG org.apache.wicket.Component - Begin render [Link [Component id = hrefLink]]
19:37:11.851 [main] DEBUG org.apache.wicket.protocol.http.servlet.ServletWebRequest - Calculating context relative path from: context path &apos;/context&apos;, filterPrefix &apos;servlet/&apos;, uri &apos;/context/servlet/wicket/bookmarkable/com.benjamin.erp.page.ReleaseBorrowerPage&apos;
19:37:11.851 [main] DEBUG org.apache.wicket.protocol.http.servlet.ServletWebRequest - Calculating context relative path from: context path &apos;/context&apos;, filterPrefix &apos;servlet/&apos;, uri &apos;/context/servlet/wicket/bookmarkable/com.benjamin.erp.page.ReleaseBorrowerPage&apos;
19:37:11.851 [main] DEBUG org.apache.wicket.protocol.http.servlet.ServletWebRequest - Calculating context relative path from: context path &apos;/context&apos;, filterPrefix &apos;servlet/&apos;, uri &apos;/context/servlet/wicket/bookmarkable/com.benjamin.erp.page.ReleaseBorrowerPage&apos;
19:37:11.851 [main] DEBUG org.apache.wicket.protocol.http.servlet.ServletWebRequest - Calculating context relative path from: context path &apos;/context&apos;, filterPrefix &apos;servlet/&apos;, uri &apos;/context/servlet/wicket/bookmarkable/com.benjamin.erp.page.ReleaseBorrowerPage&apos;
19:37:11.851 [main] DEBUG org.apache.wicket.Component - Begin render [Component id = itemName]
19:37:11.851 [main] DEBUG org.apache.wicket.Page - Rendered [Component id = itemName]
19:37:11.851 [main] DEBUG org.apache.wicket.Component - End render [Component id = itemName]
19:37:11.851 [main] DEBUG org.apache.wicket.Page - Rendered [Link [Component id = hrefLink]]
19:37:11.851 [main] DEBUG org.apache.wicket.Component - End render [Link [Component id = hrefLink]]
19:37:11.851 [main] DEBUG org.apache.wicket.Page - Rendered [Item [Component id = 3]]
19:37:11.851 [main] DEBUG org.apache.wicket.Component - End render [Item [Component id = 3]]
19:37:11.851 [main] DEBUG org.apache.wicket.Page - Rendered [RefreshingView [Component id = dataItems]]
19:37:11.851 [main] DEBUG org.apache.wicket.Component - End render [RefreshingView [Component id = dataItems]]
19:37:11.851 [main] DEBUG org.apache.wicket.Page - Rendered [Item [Component id = 1]]
19:37:11.852 [main] DEBUG org.apache.wicket.Component - End render [Item [Component id = 1]]
19:37:11.852 [main] DEBUG org.apache.wicket.Component - Begin render [Item [Component id = 2]]
19:37:11.852 [main] DEBUG org.apache.wicket.Component - Begin render [Component id = name]
19:37:11.852 [main] DEBUG org.apache.wicket.Page - Rendered [Component id = name]
19:37:11.852 [main] DEBUG org.apache.wicket.Component - End render [Component id = name]
19:37:11.852 [main] DEBUG org.apache.wicket.Component - Begin render [RefreshingView [Component id = dataItems]]
19:37:11.852 [main] DEBUG org.apache.wicket.Component - Begin render [Item [Component id = 1]]
19:37:11.852 [main] DEBUG org.apache.wicket.Component - Begin render [Link [Component id = hrefLink]]
19:37:11.852 [main] DEBUG org.apache.wicket.protocol.http.servlet.ServletWebRequest - Calculating context relative path from: context path &apos;/context&apos;, filterPrefix &apos;servlet/&apos;, uri &apos;/context/servlet/wicket/bookmarkable/com.benjamin.erp.page.ReleaseBorrowerPage&apos;
19:37:11.852 [main] DEBUG org.apache.wicket.protocol.http.servlet.ServletWebRequest - Calculating context relative path from: context path &apos;/context&apos;, filterPrefix &apos;servlet/&apos;, uri &apos;/context/servlet/wicket/bookmarkable/com.benjamin.erp.page.ReleaseBorrowerPage&apos;
19:37:11.852 [main] DEBUG org.apache.wicket.protocol.http.servlet.ServletWebRequest - Calculating context relative path from: context path &apos;/context&apos;, filterPrefix &apos;servlet/&apos;, uri &apos;/context/servlet/wicket/bookmarkable/com.benjamin.erp.page.ReleaseBorrowerPage&apos;
19:37:11.852 [main] DEBUG org.apache.wicket.protocol.http.servlet.ServletWebRequest - Calculating context relative path from: context path &apos;/context&apos;, filterPrefix &apos;servlet/&apos;, uri &apos;/context/servlet/wicket/bookmarkable/com.benjamin.erp.page.ReleaseBorrowerPage&apos;
19:37:11.852 [main] DEBUG org.apache.wicket.Component - Begin render [Component id = itemName]
19:37:11.852 [main] DEBUG org.apache.wicket.Page - Rendered [Component id = itemName]
19:37:11.852 [main] DEBUG org.apache.wicket.Component - End render [Component id = itemName]
19:37:11.852 [main] DEBUG org.apache.wicket.Page - Rendered [Link [Component id = hrefLink]]
19:37:11.852 [main] DEBUG org.apache.wicket.Component - End render [Link [Component id = hrefLink]]
19:37:11.852 [main] DEBUG org.apache.wicket.Page - Rendered [Item [Component id = 1]]
19:37:11.853 [main] DEBUG org.apache.wicket.Component - End render [Item [Component id = 1]]
19:37:11.853 [main] DEBUG org.apache.wicket.Component - Begin render [Item [Component id = 2]]
19:37:11.853 [main] DEBUG org.apache.wicket.Component - Begin render [Link [Component id = hrefLink]]
19:37:11.853 [main] DEBUG org.apache.wicket.protocol.http.servlet.ServletWebRequest - Calculating context relative path from: context path &apos;/context&apos;, filterPrefix &apos;servlet/&apos;, uri &apos;/context/servlet/wicket/bookmarkable/com.benjamin.erp.page.ReleaseBorrowerPage&apos;
19:37:11.853 [main] DEBUG org.apache.wicket.protocol.http.servlet.ServletWebRequest - Calculating context relative path from: context path &apos;/context&apos;, filterPrefix &apos;servlet/&apos;, uri &apos;/context/servlet/wicket/bookmarkable/com.benjamin.erp.page.ReleaseBorrowerPage&apos;
19:37:11.853 [main] DEBUG org.apache.wicket.protocol.http.servlet.ServletWebRequest - Calculating context relative path from: context path &apos;/context&apos;, filterPrefix &apos;servlet/&apos;, uri &apos;/context/servlet/wicket/bookmarkable/com.benjamin.erp.page.ReleaseBorrowerPage&apos;
19:37:11.853 [main] DEBUG org.apache.wicket.protocol.http.servlet.ServletWebRequest - Calculating context relative path from: context path &apos;/context&apos;, filterPrefix &apos;servlet/&apos;, uri &apos;/context/servlet/wicket/bookmarkable/com.benjamin.erp.page.ReleaseBorrowerPage&apos;
19:37:11.853 [main] DEBUG org.apache.wicket.Component - Begin render [Component id = itemName]
19:37:11.853 [main] DEBUG org.apache.wicket.Page - Rendered [Component id = itemName]
19:37:11.853 [main] DEBUG org.apache.wicket.Component - End render [Component id = itemName]
19:37:11.853 [main] DEBUG org.apache.wicket.Page - Rendered [Link [Component id = hrefLink]]
19:37:11.853 [main] DEBUG org.apache.wicket.Component - End render [Link [Component id = hrefLink]]
19:37:11.853 [main] DEBUG org.apache.wicket.Page - Rendered [Item [Component id = 2]]
19:37:11.853 [main] DEBUG org.apache.wicket.Component - End render [Item [Component id = 2]]
19:37:11.853 [main] DEBUG org.apache.wicket.Component - Begin render [Item [Component id = 3]]
19:37:11.853 [main] DEBUG org.apache.wicket.Component - Begin render [Link [Component id = hrefLink]]
19:37:11.853 [main] DEBUG org.apache.wicket.protocol.http.servlet.ServletWebRequest - Calculating context relative path from: context path &apos;/context&apos;, filterPrefix &apos;servlet/&apos;, uri &apos;/context/servlet/wicket/bookmarkable/com.benjamin.erp.page.ReleaseBorrowerPage&apos;
19:37:11.854 [main] DEBUG org.apache.wicket.protocol.http.servlet.ServletWebRequest - Calculating context relative path from: context path &apos;/context&apos;, filterPrefix &apos;servlet/&apos;, uri &apos;/context/servlet/wicket/bookmarkable/com.benjamin.erp.page.ReleaseBorrowerPage&apos;
19:37:11.854 [main] DEBUG org.apache.wicket.protocol.http.servlet.ServletWebRequest - Calculating context relative path from: context path &apos;/context&apos;, filterPrefix &apos;servlet/&apos;, uri &apos;/context/servlet/wicket/bookmarkable/com.benjamin.erp.page.ReleaseBorrowerPage&apos;
19:37:11.854 [main] DEBUG org.apache.wicket.protocol.http.servlet.ServletWebRequest - Calculating context relative path from: context path &apos;/context&apos;, filterPrefix &apos;servlet/&apos;, uri &apos;/context/servlet/wicket/bookmarkable/com.benjamin.erp.page.ReleaseBorrowerPage&apos;
19:37:11.854 [main] DEBUG org.apache.wicket.Component - Begin render [Component id = itemName]
19:37:11.854 [main] DEBUG org.apache.wicket.Page - Rendered [Component id = itemName]
19:37:11.854 [main] DEBUG org.apache.wicket.Component - End render [Component id = itemName]
19:37:11.854 [main] DEBUG org.apache.wicket.Page - Rendered [Link [Component id = hrefLink]]
19:37:11.854 [main] DEBUG org.apache.wicket.Component - End render [Link [Component id = hrefLink]]
19:37:11.854 [main] DEBUG org.apache.wicket.Page - Rendered [Item [Component id = 3]]
19:37:11.854 [main] DEBUG org.apache.wicket.Component - End render [Item [Component id = 3]]
19:37:11.854 [main] DEBUG org.apache.wicket.Page - Rendered [RefreshingView [Component id = dataItems]]
19:37:11.854 [main] DEBUG org.apache.wicket.Component - End render [RefreshingView [Component id = dataItems]]
19:37:11.854 [main] DEBUG org.apache.wicket.Page - Rendered [Item [Component id = 2]]
19:37:11.854 [main] DEBUG org.apache.wicket.Component - End render [Item [Component id = 2]]
19:37:11.854 [main] DEBUG org.apache.wicket.Component - Begin render [Item [Component id = 3]]
19:37:11.854 [main] DEBUG org.apache.wicket.Component - Begin render [Component id = name]
19:37:11.854 [main] DEBUG org.apache.wicket.Page - Rendered [Component id = name]
19:37:11.854 [main] DEBUG org.apache.wicket.Component - End render [Component id = name]
19:37:11.854 [main] DEBUG org.apache.wicket.Component - Begin render [RefreshingView [Component id = dataItems]]
19:37:11.854 [main] DEBUG org.apache.wicket.Component - Begin render [Item [Component id = 1]]
19:37:11.854 [main] DEBUG org.apache.wicket.Component - Begin render [Link [Component id = hrefLink]]
19:37:11.854 [main] DEBUG org.apache.wicket.protocol.http.servlet.ServletWebRequest - Calculating context relative path from: context path &apos;/context&apos;, filterPrefix &apos;servlet/&apos;, uri &apos;/context/servlet/wicket/bookmarkable/com.benjamin.erp.page.ReleaseBorrowerPage&apos;
19:37:11.854 [main] DEBUG org.apache.wicket.protocol.http.servlet.ServletWebRequest - Calculating context relative path from: context path &apos;/context&apos;, filterPrefix &apos;servlet/&apos;, uri &apos;/context/servlet/wicket/bookmarkable/com.benjamin.erp.page.ReleaseBorrowerPage&apos;
19:37:11.854 [main] DEBUG org.apache.wicket.protocol.http.servlet.ServletWebRequest - Calculating context relative path from: context path &apos;/context&apos;, filterPrefix &apos;servlet/&apos;, uri &apos;/context/servlet/wicket/bookmarkable/com.benjamin.erp.page.ReleaseBorrowerPage&apos;
19:37:11.855 [main] DEBUG org.apache.wicket.protocol.http.servlet.ServletWebRequest - Calculating context relative path from: context path &apos;/context&apos;, filterPrefix &apos;servlet/&apos;, uri &apos;/context/servlet/wicket/bookmarkable/com.benjamin.erp.page.ReleaseBorrowerPage&apos;
19:37:11.855 [main] DEBUG org.apache.wicket.Component - Begin render [Component id = itemName]
19:37:11.855 [main] DEBUG org.apache.wicket.Page - Rendered [Component id = itemName]
19:37:11.855 [main] DEBUG org.apache.wicket.Component - End render [Component id = itemName]
19:37:11.855 [main] DEBUG org.apache.wicket.Page - Rendered [Link [Component id = hrefLink]]
19:37:11.855 [main] DEBUG org.apache.wicket.Component - End render [Link [Component id = hrefLink]]
19:37:11.855 [main] DEBUG org.apache.wicket.Page - Rendered [Item [Component id = 1]]
19:37:11.855 [main] DEBUG org.apache.wicket.Component - End render [Item [Component id = 1]]
19:37:11.855 [main] DEBUG org.apache.wicket.Page - Rendered [RefreshingView [Component id = dataItems]]
19:37:11.855 [main] DEBUG org.apache.wicket.Component - End render [RefreshingView [Component id = dataItems]]
19:37:11.855 [main] DEBUG org.apache.wicket.Page - Rendered [Item [Component id = 3]]
19:37:11.855 [main] DEBUG org.apache.wicket.Component - End render [Item [Component id = 3]]
19:37:11.855 [main] DEBUG org.apache.wicket.Page - Rendered [RefreshingView [Component id = sidebarDataList]]
19:37:11.855 [main] DEBUG org.apache.wicket.Component - End render [RefreshingView [Component id = sidebarDataList]]
19:37:11.855 [main] DEBUG org.apache.wicket.MarkupContainer - Add wicket_relative_path_prefix_-23144670 to [SidebarPanel [Component id = sidebarPanel]]
19:37:11.855 [main] DEBUG org.apache.wicket.Component - Begin render [TransparentWebMarkupContainer [Component id = wicket_relative_path_prefix_-23144670]]
19:37:11.855 [main] DEBUG org.apache.wicket.Page - Rendered [TransparentWebMarkupContainer [Component id = wicket_relative_path_prefix_-23144670]]
19:37:11.855 [main] DEBUG org.apache.wicket.Component - End render [TransparentWebMarkupContainer [Component id = wicket_relative_path_prefix_-23144670]]
19:37:11.855 [main] DEBUG org.apache.wicket.MarkupContainer - Add wicket_relative_path_prefix_-23144669 to [SidebarPanel [Component id = sidebarPanel]]
19:37:11.855 [main] DEBUG org.apache.wicket.Component - Begin render [TransparentWebMarkupContainer [Component id = wicket_relative_path_prefix_-23144669]]
19:37:11.855 [main] DEBUG org.apache.wicket.Page - Rendered [TransparentWebMarkupContainer [Component id = wicket_relative_path_prefix_-23144669]]
19:37:11.855 [main] DEBUG org.apache.wicket.Component - End render [TransparentWebMarkupContainer [Component id = wicket_relative_path_prefix_-23144669]]
19:37:11.855 [main] DEBUG org.apache.wicket.MarkupContainer - Add wicket_relative_path_prefix_-23144668 to [SidebarPanel [Component id = sidebarPanel]]
19:37:11.856 [main] DEBUG org.apache.wicket.Component - Begin render [TransparentWebMarkupContainer [Component id = wicket_relative_path_prefix_-23144668]]
19:37:11.856 [main] DEBUG org.apache.wicket.Page - Rendered [TransparentWebMarkupContainer [Component id = wicket_relative_path_prefix_-23144668]]
19:37:11.856 [main] DEBUG org.apache.wicket.Component - End render [TransparentWebMarkupContainer [Component id = wicket_relative_path_prefix_-23144668]]
19:37:11.856 [main] DEBUG org.apache.wicket.MarkupContainer - Add wicket_relative_path_prefix_-23144667 to [SidebarPanel [Component id = sidebarPanel]]
19:37:11.856 [main] DEBUG org.apache.wicket.Component - Begin render [TransparentWebMarkupContainer [Component id = wicket_relative_path_prefix_-23144667]]
19:37:11.856 [main] DEBUG org.apache.wicket.Page - Rendered [TransparentWebMarkupContainer [Component id = wicket_relative_path_prefix_-23144667]]
19:37:11.856 [main] DEBUG org.apache.wicket.Component - End render [TransparentWebMarkupContainer [Component id = wicket_relative_path_prefix_-23144667]]
19:37:11.856 [main] DEBUG org.apache.wicket.MarkupContainer - Add wicket_relative_path_prefix_-23144666 to [SidebarPanel [Component id = sidebarPanel]]
19:37:11.856 [main] DEBUG org.apache.wicket.Component - Begin render [TransparentWebMarkupContainer [Component id = wicket_relative_path_prefix_-23144666]]
19:37:11.856 [main] DEBUG org.apache.wicket.Page - Rendered [TransparentWebMarkupContainer [Component id = wicket_relative_path_prefix_-23144666]]
19:37:11.856 [main] DEBUG org.apache.wicket.Component - End render [TransparentWebMarkupContainer [Component id = wicket_relative_path_prefix_-23144666]]
19:37:11.856 [main] DEBUG org.apache.wicket.MarkupContainer - Add wicket_relative_path_prefix_-23144665 to [SidebarPanel [Component id = sidebarPanel]]
19:37:11.856 [main] DEBUG org.apache.wicket.Component - Begin render [TransparentWebMarkupContainer [Component id = wicket_relative_path_prefix_-23144665]]
19:37:11.856 [main] DEBUG org.apache.wicket.Page - Rendered [TransparentWebMarkupContainer [Component id = wicket_relative_path_prefix_-23144665]]
19:37:11.856 [main] DEBUG org.apache.wicket.Component - End render [TransparentWebMarkupContainer [Component id = wicket_relative_path_prefix_-23144665]]
19:37:11.856 [main] DEBUG org.apache.wicket.MarkupContainer - Add wicket_relative_path_prefix_-23144664 to [SidebarPanel [Component id = sidebarPanel]]
19:37:11.856 [main] DEBUG org.apache.wicket.Component - Begin render [TransparentWebMarkupContainer [Component id = wicket_relative_path_prefix_-23144664]]
19:37:11.856 [main] DEBUG org.apache.wicket.Page - Rendered [TransparentWebMarkupContainer [Component id = wicket_relative_path_prefix_-23144664]]
19:37:11.856 [main] DEBUG org.apache.wicket.Component - End render [TransparentWebMarkupContainer [Component id = wicket_relative_path_prefix_-23144664]]
19:37:11.856 [main] DEBUG org.apache.wicket.MarkupContainer - Add wicket_relative_path_prefix_-23144663 to [SidebarPanel [Component id = sidebarPanel]]
19:37:11.856 [main] DEBUG org.apache.wicket.Component - Begin render [TransparentWebMarkupContainer [Component id = wicket_relative_path_prefix_-23144663]]
19:37:11.856 [main] DEBUG org.apache.wicket.Page - Rendered [TransparentWebMarkupContainer [Component id = wicket_relative_path_prefix_-23144663]]
19:37:11.856 [main] DEBUG org.apache.wicket.Component - End render [TransparentWebMarkupContainer [Component id = wicket_relative_path_prefix_-23144663]]
19:37:11.857 [main] DEBUG org.apache.wicket.MarkupContainer - Add wicket_relative_path_prefix_-23144662 to [SidebarPanel [Component id = sidebarPanel]]
19:37:11.857 [main] DEBUG org.apache.wicket.Component - Begin render [TransparentWebMarkupContainer [Component id = wicket_relative_path_prefix_-23144662]]
19:37:11.857 [main] DEBUG org.apache.wicket.Page - Rendered [TransparentWebMarkupContainer [Component id = wicket_relative_path_prefix_-23144662]]
19:37:11.857 [main] DEBUG org.apache.wicket.Component - End render [TransparentWebMarkupContainer [Component id = wicket_relative_path_prefix_-23144662]]
19:37:11.857 [main] DEBUG org.apache.wicket.MarkupContainer - Add wicket_relative_path_prefix_-23144661 to [SidebarPanel [Component id = sidebarPanel]]
19:37:11.857 [main] DEBUG org.apache.wicket.Component - Begin render [TransparentWebMarkupContainer [Component id = wicket_relative_path_prefix_-23144661]]
19:37:11.857 [main] DEBUG org.apache.wicket.Page - Rendered [TransparentWebMarkupContainer [Component id = wicket_relative_path_prefix_-23144661]]
19:37:11.857 [main] DEBUG org.apache.wicket.Component - End render [TransparentWebMarkupContainer [Component id = wicket_relative_path_prefix_-23144661]]
19:37:11.857 [main] DEBUG org.apache.wicket.MarkupContainer - Add wicket_relative_path_prefix_-23144660 to [SidebarPanel [Component id = sidebarPanel]]
19:37:11.857 [main] DEBUG org.apache.wicket.Component - Begin render [TransparentWebMarkupContainer [Component id = wicket_relative_path_prefix_-23144660]]
19:37:11.857 [main] DEBUG org.apache.wicket.Page - Rendered [TransparentWebMarkupContainer [Component id = wicket_relative_path_prefix_-23144660]]
19:37:11.857 [main] DEBUG org.apache.wicket.Component - End render [TransparentWebMarkupContainer [Component id = wicket_relative_path_prefix_-23144660]]
19:37:11.857 [main] DEBUG org.apache.wicket.MarkupContainer - Add wicket_relative_path_prefix_-23144659 to [SidebarPanel [Component id = sidebarPanel]]
19:37:11.857 [main] DEBUG org.apache.wicket.Component - Begin render [TransparentWebMarkupContainer [Component id = wicket_relative_path_prefix_-23144659]]
19:37:11.857 [main] DEBUG org.apache.wicket.Page - Rendered [TransparentWebMarkupContainer [Component id = wicket_relative_path_prefix_-23144659]]
19:37:11.857 [main] DEBUG org.apache.wicket.Component - End render [TransparentWebMarkupContainer [Component id = wicket_relative_path_prefix_-23144659]]
19:37:11.857 [main] DEBUG org.apache.wicket.MarkupContainer - Add wicket_relative_path_prefix_-23144658 to [SidebarPanel [Component id = sidebarPanel]]
19:37:11.857 [main] DEBUG org.apache.wicket.Component - Begin render [TransparentWebMarkupContainer [Component id = wicket_relative_path_prefix_-23144658]]
19:37:11.857 [main] DEBUG org.apache.wicket.Page - Rendered [TransparentWebMarkupContainer [Component id = wicket_relative_path_prefix_-23144658]]
19:37:11.857 [main] DEBUG org.apache.wicket.Component - End render [TransparentWebMarkupContainer [Component id = wicket_relative_path_prefix_-23144658]]
19:37:11.857 [main] DEBUG org.apache.wicket.MarkupContainer - Add wicket_relative_path_prefix_-23144657 to [SidebarPanel [Component id = sidebarPanel]]
19:37:11.857 [main] DEBUG org.apache.wicket.Component - Begin render [TransparentWebMarkupContainer [Component id = wicket_relative_path_prefix_-23144657]]
19:37:11.857 [main] DEBUG org.apache.wicket.Page - Rendered [TransparentWebMarkupContainer [Component id = wicket_relative_path_prefix_-23144657]]
19:37:11.857 [main] DEBUG org.apache.wicket.Component - End render [TransparentWebMarkupContainer [Component id = wicket_relative_path_prefix_-23144657]]
19:37:11.858 [main] DEBUG org.apache.wicket.MarkupContainer - Add wicket_relative_path_prefix_-23144656 to [SidebarPanel [Component id = sidebarPanel]]
19:37:11.858 [main] DEBUG org.apache.wicket.Component - Begin render [TransparentWebMarkupContainer [Component id = wicket_relative_path_prefix_-23144656]]
19:37:11.858 [main] DEBUG org.apache.wicket.Page - Rendered [TransparentWebMarkupContainer [Component id = wicket_relative_path_prefix_-23144656]]
19:37:11.858 [main] DEBUG org.apache.wicket.Component - End render [TransparentWebMarkupContainer [Component id = wicket_relative_path_prefix_-23144656]]
19:37:11.858 [main] DEBUG org.apache.wicket.MarkupContainer - Add wicket_relative_path_prefix_-23144655 to [SidebarPanel [Component id = sidebarPanel]]
19:37:11.858 [main] DEBUG org.apache.wicket.Component - Begin render [TransparentWebMarkupContainer [Component id = wicket_relative_path_prefix_-23144655]]
19:37:11.858 [main] DEBUG org.apache.wicket.Page - Rendered [TransparentWebMarkupContainer [Component id = wicket_relative_path_prefix_-23144655]]
19:37:11.858 [main] DEBUG org.apache.wicket.Component - End render [TransparentWebMarkupContainer [Component id = wicket_relative_path_prefix_-23144655]]
19:37:11.858 [main] DEBUG org.apache.wicket.MarkupContainer - Add wicket_relative_path_prefix_-23144654 to [SidebarPanel [Component id = sidebarPanel]]
19:37:11.858 [main] DEBUG org.apache.wicket.Component - Begin render [TransparentWebMarkupContainer [Component id = wicket_relative_path_prefix_-23144654]]
19:37:11.858 [main] DEBUG org.apache.wicket.Page - Rendered [TransparentWebMarkupContainer [Component id = wicket_relative_path_prefix_-23144654]]
19:37:11.858 [main] DEBUG org.apache.wicket.Component - End render [TransparentWebMarkupContainer [Component id = wicket_relative_path_prefix_-23144654]]
19:37:11.858 [main] DEBUG org.apache.wicket.MarkupContainer - Add wicket_relative_path_prefix_-23144653 to [SidebarPanel [Component id = sidebarPanel]]
19:37:11.858 [main] DEBUG org.apache.wicket.Component - Begin render [TransparentWebMarkupContainer [Component id = wicket_relative_path_prefix_-23144653]]
19:37:11.858 [main] DEBUG org.apache.wicket.Page - Rendered [TransparentWebMarkupContainer [Component id = wicket_relative_path_prefix_-23144653]]
19:37:11.858 [main] DEBUG org.apache.wicket.Component - End render [TransparentWebMarkupContainer [Component id = wicket_relative_path_prefix_-23144653]]
19:37:11.858 [main] DEBUG org.apache.wicket.MarkupContainer - Add wicket_relative_path_prefix_-23144652 to [SidebarPanel [Component id = sidebarPanel]]
19:37:11.858 [main] DEBUG org.apache.wicket.Component - Begin render [TransparentWebMarkupContainer [Component id = wicket_relative_path_prefix_-23144652]]
19:37:11.858 [main] DEBUG org.apache.wicket.Page - Rendered [TransparentWebMarkupContainer [Component id = wicket_relative_path_prefix_-23144652]]
19:37:11.858 [main] DEBUG org.apache.wicket.Component - End render [TransparentWebMarkupContainer [Component id = wicket_relative_path_prefix_-23144652]]
19:37:11.858 [main] DEBUG org.apache.wicket.MarkupContainer - Add wicket_relative_path_prefix_-23144651 to [SidebarPanel [Component id = sidebarPanel]]
19:37:11.858 [main] DEBUG org.apache.wicket.Component - Begin render [TransparentWebMarkupContainer [Component id = wicket_relative_path_prefix_-23144651]]
19:37:11.859 [main] DEBUG org.apache.wicket.Page - Rendered [TransparentWebMarkupContainer [Component id = wicket_relative_path_prefix_-23144651]]
19:37:11.859 [main] DEBUG org.apache.wicket.Component - End render [TransparentWebMarkupContainer [Component id = wicket_relative_path_prefix_-23144651]]
19:37:11.859 [main] DEBUG org.apache.wicket.MarkupContainer - Add wicket_relative_path_prefix_-23144650 to [SidebarPanel [Component id = sidebarPanel]]
19:37:11.859 [main] DEBUG org.apache.wicket.Component - Begin render [TransparentWebMarkupContainer [Component id = wicket_relative_path_prefix_-23144650]]
19:37:11.859 [main] DEBUG org.apache.wicket.Page - Rendered [TransparentWebMarkupContainer [Component id = wicket_relative_path_prefix_-23144650]]
19:37:11.859 [main] DEBUG org.apache.wicket.Component - End render [TransparentWebMarkupContainer [Component id = wicket_relative_path_prefix_-23144650]]
19:37:11.859 [main] DEBUG org.apache.wicket.MarkupContainer - Add wicket_relative_path_prefix_-23144649 to [SidebarPanel [Component id = sidebarPanel]]
19:37:11.859 [main] DEBUG org.apache.wicket.Component - Begin render [TransparentWebMarkupContainer [Component id = wicket_relative_path_prefix_-23144649]]
19:37:11.859 [main] DEBUG org.apache.wicket.Page - Rendered [TransparentWebMarkupContainer [Component id = wicket_relative_path_prefix_-23144649]]
19:37:11.859 [main] DEBUG org.apache.wicket.Component - End render [TransparentWebMarkupContainer [Component id = wicket_relative_path_prefix_-23144649]]
19:37:11.859 [main] DEBUG org.apache.wicket.MarkupContainer - Add wicket_relative_path_prefix_-23144648 to [SidebarPanel [Component id = sidebarPanel]]
19:37:11.868 [main] DEBUG org.apache.wicket.Component - Begin render [TransparentWebMarkupContainer [Component id = wicket_relative_path_prefix_-23144648]]
19:37:11.869 [main] DEBUG org.apache.wicket.Page - Rendered [TransparentWebMarkupContainer [Component id = wicket_relative_path_prefix_-23144648]]
19:37:11.869 [main] DEBUG org.apache.wicket.Component - End render [TransparentWebMarkupContainer [Component id = wicket_relative_path_prefix_-23144648]]
19:37:11.869 [main] DEBUG org.apache.wicket.MarkupContainer - Add wicket_relative_path_prefix_-23144647 to [SidebarPanel [Component id = sidebarPanel]]
19:37:11.869 [main] DEBUG org.apache.wicket.Component - Begin render [TransparentWebMarkupContainer [Component id = wicket_relative_path_prefix_-23144647]]
19:37:11.869 [main] DEBUG org.apache.wicket.Page - Rendered [TransparentWebMarkupContainer [Component id = wicket_relative_path_prefix_-23144647]]
19:37:11.869 [main] DEBUG org.apache.wicket.Component - End render [TransparentWebMarkupContainer [Component id = wicket_relative_path_prefix_-23144647]]
19:37:11.869 [main] DEBUG org.apache.wicket.MarkupContainer - Add wicket_relative_path_prefix_-23144646 to [SidebarPanel [Component id = sidebarPanel]]
19:37:11.869 [main] DEBUG org.apache.wicket.Component - Begin render [TransparentWebMarkupContainer [Component id = wicket_relative_path_prefix_-23144646]]
19:37:11.869 [main] DEBUG org.apache.wicket.Page - Rendered [TransparentWebMarkupContainer [Component id = wicket_relative_path_prefix_-23144646]]
19:37:11.869 [main] DEBUG org.apache.wicket.Component - End render [TransparentWebMarkupContainer [Component id = wicket_relative_path_prefix_-23144646]]
19:37:11.869 [main] DEBUG org.apache.wicket.MarkupContainer - Add wicket_relative_path_prefix_-23144645 to [SidebarPanel [Component id = sidebarPanel]]
19:37:11.869 [main] DEBUG org.apache.wicket.Component - Begin render [TransparentWebMarkupContainer [Component id = wicket_relative_path_prefix_-23144645]]
19:37:11.869 [main] DEBUG org.apache.wicket.Page - Rendered [TransparentWebMarkupContainer [Component id = wicket_relative_path_prefix_-23144645]]
19:37:11.869 [main] DEBUG org.apache.wicket.Component - End render [TransparentWebMarkupContainer [Component id = wicket_relative_path_prefix_-23144645]]
19:37:11.869 [main] DEBUG org.apache.wicket.MarkupContainer - Add wicket_relative_path_prefix_-23144644 to [SidebarPanel [Component id = sidebarPanel]]
19:37:11.869 [main] DEBUG org.apache.wicket.Component - Begin render [TransparentWebMarkupContainer [Component id = wicket_relative_path_prefix_-23144644]]
19:37:11.869 [main] DEBUG org.apache.wicket.Page - Rendered [TransparentWebMarkupContainer [Component id = wicket_relative_path_prefix_-23144644]]
19:37:11.869 [main] DEBUG org.apache.wicket.Component - End render [TransparentWebMarkupContainer [Component id = wicket_relative_path_prefix_-23144644]]
19:37:11.869 [main] DEBUG org.apache.wicket.MarkupContainer - Add wicket_relative_path_prefix_-23144643 to [SidebarPanel [Component id = sidebarPanel]]
19:37:11.870 [main] DEBUG org.apache.wicket.Component - Begin render [TransparentWebMarkupContainer [Component id = wicket_relative_path_prefix_-23144643]]
19:37:11.870 [main] DEBUG org.apache.wicket.Page - Rendered [TransparentWebMarkupContainer [Component id = wicket_relative_path_prefix_-23144643]]
19:37:11.870 [main] DEBUG org.apache.wicket.Component - End render [TransparentWebMarkupContainer [Component id = wicket_relative_path_prefix_-23144643]]
19:37:11.870 [main] DEBUG org.apache.wicket.MarkupContainer - Add wicket_relative_path_prefix_-23144642 to [SidebarPanel [Component id = sidebarPanel]]
19:37:11.870 [main] DEBUG org.apache.wicket.Component - Begin render [TransparentWebMarkupContainer [Component id = wicket_relative_path_prefix_-23144642]]
19:37:11.870 [main] DEBUG org.apache.wicket.Page - Rendered [TransparentWebMarkupContainer [Component id = wicket_relative_path_prefix_-23144642]]
19:37:11.870 [main] DEBUG org.apache.wicket.Component - End render [TransparentWebMarkupContainer [Component id = wicket_relative_path_prefix_-23144642]]
19:37:11.870 [main] DEBUG org.apache.wicket.MarkupContainer - Add wicket_relative_path_prefix_-23144641 to [SidebarPanel [Component id = sidebarPanel]]
19:37:11.870 [main] DEBUG org.apache.wicket.Component - Begin render [TransparentWebMarkupContainer [Component id = wicket_relative_path_prefix_-23144641]]
19:37:11.870 [main] DEBUG org.apache.wicket.Page - Rendered [TransparentWebMarkupContainer [Component id = wicket_relative_path_prefix_-23144641]]
19:37:11.870 [main] DEBUG org.apache.wicket.Component - End render [TransparentWebMarkupContainer [Component id = wicket_relative_path_prefix_-23144641]]
19:37:11.870 [main] DEBUG org.apache.wicket.MarkupContainer - Add wicket_relative_path_prefix_-23144640 to [SidebarPanel [Component id = sidebarPanel]]
19:37:11.870 [main] DEBUG org.apache.wicket.Component - Begin render [TransparentWebMarkupContainer [Component id = wicket_relative_path_prefix_-23144640]]
19:37:11.870 [main] DEBUG org.apache.wicket.Page - Rendered [TransparentWebMarkupContainer [Component id = wicket_relative_path_prefix_-23144640]]
19:37:11.870 [main] DEBUG org.apache.wicket.Component - End render [TransparentWebMarkupContainer [Component id = wicket_relative_path_prefix_-23144640]]
19:37:11.870 [main] DEBUG org.apache.wicket.MarkupContainer - Add wicket_relative_path_prefix_-23144639 to [SidebarPanel [Component id = sidebarPanel]]
19:37:11.870 [main] DEBUG org.apache.wicket.Component - Begin render [TransparentWebMarkupContainer [Component id = wicket_relative_path_prefix_-23144639]]
19:37:11.870 [main] DEBUG org.apache.wicket.Page - Rendered [TransparentWebMarkupContainer [Component id = wicket_relative_path_prefix_-23144639]]
19:37:11.870 [main] DEBUG org.apache.wicket.Component - End render [TransparentWebMarkupContainer [Component id = wicket_relative_path_prefix_-23144639]]
19:37:11.870 [main] DEBUG org.apache.wicket.MarkupContainer - Add wicket_relative_path_prefix_-23144638 to [SidebarPanel [Component id = sidebarPanel]]
19:37:11.870 [main] DEBUG org.apache.wicket.Component - Begin render [TransparentWebMarkupContainer [Component id = wicket_relative_path_prefix_-23144638]]
19:37:11.871 [main] DEBUG org.apache.wicket.Page - Rendered [TransparentWebMarkupContainer [Component id = wicket_relative_path_prefix_-23144638]]
19:37:11.871 [main] DEBUG org.apache.wicket.Component - End render [TransparentWebMarkupContainer [Component id = wicket_relative_path_prefix_-23144638]]
19:37:11.871 [main] DEBUG org.apache.wicket.Page - Rendered [SidebarPanel [Component id = sidebarPanel]]
19:37:11.871 [main] DEBUG org.apache.wicket.Component - End render [SidebarPanel [Component id = sidebarPanel]]
19:37:11.871 [main] DEBUG org.apache.wicket.Component - Begin render [Component id = titleName]
19:37:11.871 [main] DEBUG org.apache.wicket.Page - Rendered [Component id = titleName]
19:37:11.871 [main] DEBUG org.apache.wicket.Component - End render [Component id = titleName]
19:37:11.871 [main] DEBUG org.apache.wicket.Component - Begin render [BreadCrumbBar [Component id = breadCrumbBar]]
19:37:11.871 [main] DEBUG org.apache.wicket.Component - Begin render [BreadCrumbsListView [Component id = crumbs]]
19:37:11.872 [main] DEBUG org.apache.wicket.Page - Rendered [BreadCrumbsListView [Component id = crumbs]]
19:37:11.872 [main] DEBUG org.apache.wicket.Component - End render [BreadCrumbsListView [Component id = crumbs]]
19:37:11.872 [main] DEBUG org.apache.wicket.Page - Rendered [BreadCrumbBar [Component id = breadCrumbBar]]
19:37:11.872 [main] DEBUG org.apache.wicket.Component - End render [BreadCrumbBar [Component id = breadCrumbBar]]
19:37:11.872 [main] DEBUG org.apache.wicket.Component - Begin render [ReleaseBorrowerForm [Component id = releaseBorrowerForm]]
19:37:11.873 [main] DEBUG org.apache.wicket.protocol.http.servlet.ServletWebRequest - Calculating context relative path from: context path &apos;/context&apos;, filterPrefix &apos;servlet/&apos;, uri &apos;/context/servlet/wicket/bookmarkable/com.benjamin.erp.page.ReleaseBorrowerPage&apos;
19:37:11.873 [main] DEBUG org.apache.wicket.protocol.http.servlet.ServletWebRequest - Calculating context relative path from: context path &apos;/context&apos;, filterPrefix &apos;servlet/&apos;, uri &apos;/context/servlet/wicket/bookmarkable/com.benjamin.erp.page.ReleaseBorrowerPage&apos;
19:37:11.873 [main] DEBUG org.apache.wicket.protocol.http.servlet.ServletWebRequest - Calculating context relative path from: context path &apos;/context&apos;, filterPrefix &apos;servlet/&apos;, uri &apos;/context/servlet/wicket/bookmarkable/com.benjamin.erp.page.ReleaseBorrowerPage&apos;
19:37:11.873 [main] DEBUG org.apache.wicket.protocol.http.servlet.ServletWebRequest - Calculating context relative path from: context path &apos;/context&apos;, filterPrefix &apos;servlet/&apos;, uri &apos;/context/servlet/wicket/bookmarkable/com.benjamin.erp.page.ReleaseBorrowerPage&apos;
19:37:11.874 [main] DEBUG org.apache.wicket.Component - Begin render [RequiredTextField [Component id = name]]
19:37:11.875 [main] DEBUG org.apache.wicket.Page - Rendered [RequiredTextField [Component id = name]]
19:37:11.875 [main] DEBUG org.apache.wicket.Component - End render [RequiredTextField [Component id = name]]
19:37:11.875 [main] DEBUG org.apache.wicket.Component - Begin render [RequiredTextField [Component id = totalLoanAmount]]
19:37:11.875 [main] DEBUG org.apache.wicket.Page - Rendered [RequiredTextField [Component id = totalLoanAmount]]
19:37:11.875 [main] DEBUG org.apache.wicket.Component - End render [RequiredTextField [Component id = totalLoanAmount]]
19:37:11.875 [main] DEBUG org.apache.wicket.Page - Rendered [ReleaseBorrowerForm [Component id = releaseBorrowerForm]]
19:37:11.875 [main] DEBUG org.apache.wicket.Component - End render [ReleaseBorrowerForm [Component id = releaseBorrowerForm]]
19:37:11.875 [main] DEBUG org.apache.wicket.Page - Rendered [Page class = com.benjamin.erp.page.ReleaseBorrowerPage, id = 0, render count = 1]
19:37:11.875 [main] DEBUG org.apache.wicket.Component - End render [Page class = com.benjamin.erp.page.ReleaseBorrowerPage, id = 0, render count = 1]
19:37:11.880 [main] WARN RequestCycleExtra - ********************************
19:37:11.882 [main] WARN RequestCycleExtra - Handling the following exception
org.apache.wicket.WicketRuntimeException: The component(s) below failed to render. Possible reasons could be that:
	1) you have added a component in code but forgot to reference it in the markup (thus the component will never be rendered),
	2) if your components were added in a parent container then make sure the markup for the child container includes them in &lt;wicket:extend&gt;.

1. [DebugBar [Component id = debugBar, page = com.benjamin.erp.page.ReleaseBorrowerPage, path = debugBar, type = org.apache.wicket.devutils.debugbar.DebugBar, isVisible = true, isVersioned = true], children =  [Component id = logo][WebMarkupContainer [Component id = content]]]
2. [Component id = logo, page = com.benjamin.erp.page.ReleaseBorrowerPage, path = debugBar:logo, type = org.apache.wicket.markup.html.image.Image, isVisible = true, isVersioned = true]
3. [WebMarkupContainer [Component id = content, page = com.benjamin.erp.page.ReleaseBorrowerPage, path = debugBar:content, type = org.apache.wicket.markup.html.WebMarkupContainer, isVisible = true, isVersioned = true], children =  [ListView [Component id = contributors]][Component id = removeImg]]
4. [ListView [Component id = contributors, page = com.benjamin.erp.page.ReleaseBorrowerPage, path = debugBar:content:contributors, type = org.apache.wicket.markup.html.list.ListView, isVisible = true, isVersioned = true], children =  [ListItem [Component id = 0]][ListItem [Component id = 1]][ListItem [Component id = 2]][ListItem [Component id = 3]]]
5. [ListItem [Component id = 0, page = com.benjamin.erp.page.ReleaseBorrowerPage, path = debugBar:content:contributors:0, type = org.apache.wicket.markup.html.list.ListItem, isVisible = true, isVersioned = true], children =  [Component id = contrib]]
6. [Component id = contrib, page = com.benjamin.erp.page.ReleaseBorrowerPage, path = debugBar:content:contributors:0:contrib, type = org.apache.wicket.markup.html.basic.Label, isVisible = true, isVersioned = true]
7. [ListItem [Component id = 1, page = com.benjamin.erp.page.ReleaseBorrowerPage, path = debugBar:content:contributors:1, type = org.apache.wicket.markup.html.list.ListItem, isVisible = true, isVersioned = true], children =  [InspectorDebugPanel [Component id = contrib]]]
8. [InspectorDebugPanel [Component id = contrib, page = com.benjamin.erp.page.ReleaseBorrowerPage, path = debugBar:content:contributors:1:contrib, type = org.apache.wicket.devutils.debugbar.InspectorDebugPanel, isVisible = true, isVersioned = true], children =  [BookmarkablePageLink [Component id = link]]]
9. [BookmarkablePageLink [Component id = link, page = com.benjamin.erp.page.ReleaseBorrowerPage, path = debugBar:content:contributors:1:contrib:link, type = org.apache.wicket.markup.html.link.BookmarkablePageLink, isVisible = true, isVersioned = true], children =  [Component id = img][Component id = data]]
10. [Component id = img, page = com.benjamin.erp.page.ReleaseBorrowerPage, path = debugBar:content:contributors:1:contrib:link:img, type = org.apache.wicket.markup.html.image.Image, isVisible = true, isVersioned = true]
11. [Component id = data, page = com.benjamin.erp.page.ReleaseBorrowerPage, path = debugBar:content:contributors:1:contrib:link:data, type = org.apache.wicket.markup.html.basic.Label, isVisible = true, isVersioned = true]
12. [ListItem [Component id = 2, page = com.benjamin.erp.page.ReleaseBorrowerPage, path = debugBar:content:contributors:2, type = org.apache.wicket.markup.html.list.ListItem, isVisible = true, isVersioned = true], children =  [SessionSizeDebugPanel [Component id = contrib]]]
13. [SessionSizeDebugPanel [Component id = contrib, page = com.benjamin.erp.page.ReleaseBorrowerPage, path = debugBar:content:contributors:2:contrib, type = org.apache.wicket.devutils.debugbar.SessionSizeDebugPanel, isVisible = true, isVersioned = true], children =  [BookmarkablePageLink [Component id = link]]]
14. [BookmarkablePageLink [Component id = link, page = com.benjamin.erp.page.ReleaseBorrowerPage, path = debugBar:content:contributors:2:contrib:link, type = org.apache.wicket.markup.html.link.BookmarkablePageLink, isVisible = true, isVersioned = true], children =  [Component id = img][Component id = data]]
15. [Component id = img, page = com.benjamin.erp.page.ReleaseBorrowerPage, path = debugBar:content:contributors:2:contrib:link:img, type = org.apache.wicket.markup.html.image.Image, isVisible = true, isVersioned = true]
16. [Component id = data, page = com.benjamin.erp.page.ReleaseBorrowerPage, path = debugBar:content:contributors:2:contrib:link:data, type = org.apache.wicket.markup.html.basic.Label, isVisible = true, isVersioned = true]
17. [ListItem [Component id = 3, page = com.benjamin.erp.page.ReleaseBorrowerPage, path = debugBar:content:contributors:3, type = org.apache.wicket.markup.html.list.ListItem, isVisible = true, isVersioned = true], children =  [PageSizeDebugPanel [Component id = contrib]]]
18. [PageSizeDebugPanel [Component id = contrib, page = com.benjamin.erp.page.ReleaseBorrowerPage, path = debugBar:content:contributors:3:contrib, type = org.apache.wicket.devutils.debugbar.PageSizeDebugPanel, isVisible = true, isVersioned = true], children =  [BookmarkablePageLink [Component id = link]]]
19. [BookmarkablePageLink [Component id = link, page = com.benjamin.erp.page.ReleaseBorrowerPage, path = debugBar:content:contributors:3:contrib:link, type = org.apache.wicket.markup.html.link.BookmarkablePageLink, isVisible = true, isVersioned = true], children =  [Component id = img][Component id = data]]
20. [Component id = img, page = com.benjamin.erp.page.ReleaseBorrowerPage, path = debugBar:content:contributors:3:contrib:link:img, type = org.apache.wicket.markup.html.image.Image, isVisible = true, isVersioned = true]
21. [Component id = data, page = com.benjamin.erp.page.ReleaseBorrowerPage, path = debugBar:content:contributors:3:contrib:link:data, type = org.apache.wicket.markup.html.basic.Label, isVisible = true, isVersioned = true]
22. [Component id = removeImg, page = com.benjamin.erp.page.ReleaseBorrowerPage, path = debugBar:content:removeImg, type = org.apache.wicket.markup.html.image.Image, isVisible = true, isVersioned = true]

	at org.apache.wicket.Page.checkRendering(Page.java:663)
	at org.apache.wicket.Page.onAfterRender(Page.java:806)
	at org.apache.wicket.markup.html.WebPage.onAfterRender(WebPage.java:209)
	at org.apache.wicket.Component.afterRender(Component.java:897)
	at org.apache.wicket.Component.render(Component.java:2232)
	at org.apache.wicket.Page.renderPage(Page.java:998)
	at org.apache.wicket.request.handler.render.WebPageRenderer.renderPage(WebPageRenderer.java:124)
	at org.apache.wicket.request.handler.render.WebPageRenderer.respond(WebPageRenderer.java:236)
	at org.apache.wicket.util.tester.BaseWicketTester$LastPageRecordingPageRendererProvider$1.respond(BaseWicketTester.java:2833)
	at org.apache.wicket.core.request.handler.RenderPageRequestHandler.respond(RenderPageRequestHandler.java:202)
	at org.apache.wicket.request.cycle.RequestCycle$HandlerExecutor.respond(RequestCycle.java:912)
	at org.apache.wicket.request.RequestHandlerExecutor.execute(RequestHandlerExecutor.java:65)
	at org.apache.wicket.request.cycle.RequestCycle.execute(RequestCycle.java:283)
	at org.apache.wicket.request.cycle.RequestCycle.processRequest(RequestCycle.java:253)
	at org.apache.wicket.request.cycle.RequestCycle.processRequestAndDetach(RequestCycle.java:221)
	at org.apache.wicket.util.tester.BaseWicketTester.processRequest(BaseWicketTester.java:713)
	at org.apache.wicket.util.tester.BaseWicketTester.processRequest(BaseWicketTester.java:652)
	at org.apache.wicket.util.tester.BaseWicketTester.processRequest(BaseWicketTester.java:624)
	at org.apache.wicket.util.tester.BaseWicketTester.startPage(BaseWicketTester.java:1278)
	at org.apache.wicket.util.tester.BaseWicketTester.startPage(BaseWicketTester.java:1251)
	at org.benjamin.erp.test.BorrowerTest.tenderBorrower(BorrowerTest.java:42)
	at sun.reflect.NativeMethodAccessorImpl.invoke0(Native Method)
	at sun.reflect.NativeMethodAccessorImpl.invoke(NativeMethodAccessorImpl.java:62)
	at sun.reflect.DelegatingMethodAccessorImpl.invoke(DelegatingMethodAccessorImpl.java:43)
	at java.lang.reflect.Method.invoke(Method.java:498)
	at org.junit.runners.model.FrameworkMethod$1.runReflectiveCall(FrameworkMethod.java:50)
	at org.junit.internal.runners.model.ReflectiveCallable.run(ReflectiveCallable.java:12)
	at org.junit.runners.model.FrameworkMethod.invokeExplosively(FrameworkMethod.java:47)
	at org.junit.internal.runners.statements.InvokeMethod.evaluate(InvokeMethod.java:17)
	at org.junit.internal.runners.statements.RunBefores.evaluate(RunBefores.java:26)
	at org.springframework.test.context.junit4.statements.RunBeforeTestMethodCallbacks.evaluate(RunBeforeTestMethodCallbacks.java:75)
	at org.springframework.test.context.junit4.statements.RunAfterTestMethodCallbacks.evaluate(RunAfterTestMethodCallbacks.java:86)
	at org.springframework.test.context.junit4.statements.SpringRepeat.evaluate(SpringRepeat.java:84)
	at org.junit.runners.ParentRunner.runLeaf(ParentRunner.java:325)
	at org.springframework.test.context.junit4.SpringJUnit4ClassRunner.runChild(SpringJUnit4ClassRunner.java:252)
	at org.springframework.test.context.junit4.SpringJUnit4ClassRunner.runChild(SpringJUnit4ClassRunner.java:94)
	at org.junit.runners.ParentRunner$3.run(ParentRunner.java:290)
	at org.junit.runners.ParentRunner$1.schedule(ParentRunner.java:71)
	at org.junit.runners.ParentRunner.runChildren(ParentRunner.java:288)
	at org.junit.runners.ParentRunner.access$000(ParentRunner.java:58)
	at org.junit.runners.ParentRunner$2.evaluate(ParentRunner.java:268)
	at org.springframework.test.context.junit4.statements.RunBeforeTestClassCallbacks.evaluate(RunBeforeTestClassCallbacks.java:61)
	at org.springframework.test.context.junit4.statements.RunAfterTestClassCallbacks.evaluate(RunAfterTestClassCallbacks.java:70)
	at org.junit.runners.ParentRunner.run(ParentRunner.java:363)
	at org.springframework.test.context.junit4.SpringJUnit4ClassRunner.run(SpringJUnit4ClassRunner.java:191)
	at org.apache.maven.surefire.junit4.JUnit4Provider.execute(JUnit4Provider.java:252)
	at org.apache.maven.surefire.junit4.JUnit4Provider.executeTestSet(JUnit4Provider.java:141)
	at org.apache.maven.surefire.junit4.JUnit4Provider.invoke(JUnit4Provider.java:112)
	at sun.reflect.NativeMethodAccessorImpl.invoke0(Native Method)
	at sun.reflect.NativeMethodAccessorImpl.invoke(NativeMethodAccessorImpl.java:62)
	at sun.reflect.DelegatingMethodAccessorImpl.invoke(DelegatingMethodAccessorImpl.java:43)
	at java.lang.reflect.Method.invoke(Method.java:498)
	at org.apache.maven.surefire.util.ReflectionUtils.invokeMethodWithArray(ReflectionUtils.java:189)
	at org.apache.maven.surefire.booter.ProviderFactory$ProviderProxy.invoke(ProviderFactory.java:165)
	at org.apache.maven.surefire.booter.ProviderFactory.invokeProvider(ProviderFactory.java:85)
	at org.apache.maven.surefire.booter.ForkedBooter.runSuitesInProcess(ForkedBooter.java:115)
	at org.apache.maven.surefire.booter.ForkedBooter.main(ForkedBooter.java:75)
19:37:11.883 [main] WARN RequestCycleExtra - ********************************
19:37:11.884 [main] DEBUG org.apache.wicket.Page - ending request for page [Page class = com.benjamin.erp.page.ReleaseBorrowerPage, id = 0, render count = 1], request org.apache.wicket.protocol.http.servlet.ServletWebRequest@23d0944b
19:37:11.887 [main] DEBUG org.apache.wicket.model.LoadableDetachableModel - removed transient object for &apos;org.apache.wicket.extensions.breadcrumb.BreadCrumbBar$BreadCrumbsListView$1@57b63253:attached=false:tempModelObject=[null]&apos;
19:37:11.888 [main] DEBUG org.apache.wicket.page.PageAccessSynchronizer - &apos;main&apos; released lock to page with id &apos;0&apos;
19:37:11.888 [main] DEBUG org.apache.wicket.page.PageAccessSynchronizer - &apos;main&apos; notifying blocked threads
19:37:11.889 [main] DEBUG org.apache.wicket.protocol.http.servlet.ServletWebRequest - Calculating context relative path from: context path &apos;/context&apos;, filterPrefix &apos;servlet/&apos;, uri &apos;/context/servlet/&apos;
19:37:11.894 [main] DEBUG org.springframework.test.context.support.AbstractDirtiesContextTestExecutionListener - After test method: context [DefaultTestContext@16022d9d testClass = BorrowerTest, testInstance = org.benjamin.erp.test.BorrowerTest@399c4be1, testMethod = tenderBorrower@BorrowerTest, testException = org.apache.wicket.WicketRuntimeException: The component(s) below failed to render. Possible reasons could be that:
	1) you have added a component in code but forgot to reference it in the markup (thus the component will never be rendered),
	2) if your components were added in a parent container then make sure the markup for the child container includes them in &lt;wicket:extend&gt;.

1. [DebugBar [Component id = debugBar, page = com.benjamin.erp.page.ReleaseBorrowerPage, path = debugBar, type = org.apache.wicket.devutils.debugbar.DebugBar, isVisible = true, isVersioned = true], children =  [Component id = logo][WebMarkupContainer [Component id = content]]]
2. [Component id = logo, page = com.benjamin.erp.page.ReleaseBorrowerPage, path = debugBar:logo, type = org.apache.wicket.markup.html.image.Image, isVisible = true, isVersioned = true]
3. [WebMarkupContainer [Component id = content, page = com.benjamin.erp.page.ReleaseBorrowerPage, path = debugBar:content, type = org.apache.wicket.markup.html.WebMarkupContainer, isVisible = true, isVersioned = true], children =  [ListView [Component id = contributors]][Component id = removeImg]]
4. [ListView [Component id = contributors, page = com.benjamin.erp.page.ReleaseBorrowerPage, path = debugBar:content:contributors, type = org.apache.wicket.markup.html.list.ListView, isVisible = true, isVersioned = true], children =  [ListItem [Component id = 0]][ListItem [Component id = 1]][ListItem [Component id = 2]][ListItem [Component id = 3]]]
5. [ListItem [Component id = 0, page = com.benjamin.erp.page.ReleaseBorrowerPage, path = debugBar:content:contributors:0, type = org.apache.wicket.markup.html.list.ListItem, isVisible = true, isVersioned = true], children =  [Component id = contrib]]
6. [Component id = contrib, page = com.benjamin.erp.page.ReleaseBorrowerPage, path = debugBar:content:contributors:0:contrib, type = org.apache.wicket.markup.html.basic.Label, isVisible = true, isVersioned = true]
7. [ListItem [Component id = 1, page = com.benjamin.erp.page.ReleaseBorrowerPage, path = debugBar:content:contributors:1, type = org.apache.wicket.markup.html.list.ListItem, isVisible = true, isVersioned = true], children =  [InspectorDebugPanel [Component id = contrib]]]
8. [InspectorDebugPanel [Component id = contrib, page = com.benjamin.erp.page.ReleaseBorrowerPage, path = debugBar:content:contributors:1:contrib, type = org.apache.wicket.devutils.debugbar.InspectorDebugPanel, isVisible = true, isVersioned = true], children =  [BookmarkablePageLink [Component id = link]]]
9. [BookmarkablePageLink [Component id = link, page = com.benjamin.erp.page.ReleaseBorrowerPage, path = debugBar:content:contributors:1:contrib:link, type = org.apache.wicket.markup.html.link.BookmarkablePageLink, isVisible = true, isVersioned = true], children =  [Component id = img][Component id = data]]
10. [Component id = img, page = com.benjamin.erp.page.ReleaseBorrowerPage, path = debugBar:content:contributors:1:contrib:link:img, type = org.apache.wicket.markup.html.image.Image, isVisible = true, isVersioned = true]
11. [Component id = data, page = com.benjamin.erp.page.ReleaseBorrowerPage, path = debugBar:content:contributors:1:contrib:link:data, type = org.apache.wicket.markup.html.basic.Label, isVisible = true, isVersioned = true]
12. [ListItem [Component id = 2, page = com.benjamin.erp.page.ReleaseBorrowerPage, path = debugBar:content:contributors:2, type = org.apache.wicket.markup.html.list.ListItem, isVisible = true, isVersioned = true], children =  [SessionSizeDebugPanel [Component id = contrib]]]
13. [SessionSizeDebugPanel [Component id = contrib, page = com.benjamin.erp.page.ReleaseBorrowerPage, path = debugBar:content:contributors:2:contrib, type = org.apache.wicket.devutils.debugbar.SessionSizeDebugPanel, isVisible = true, isVersioned = true], children =  [BookmarkablePageLink [Component id = link]]]
14. [BookmarkablePageLink [Component id = link, page = com.benjamin.erp.page.ReleaseBorrowerPage, path = debugBar:content:contributors:2:contrib:link, type = org.apache.wicket.markup.html.link.BookmarkablePageLink, isVisible = true, isVersioned = true], children =  [Component id = img][Component id = data]]
15. [Component id = img, page = com.benjamin.erp.page.ReleaseBorrowerPage, path = debugBar:content:contributors:2:contrib:link:img, type = org.apache.wicket.markup.html.image.Image, isVisible = true, isVersioned = true]
16. [Component id = data, page = com.benjamin.erp.page.ReleaseBorrowerPage, path = debugBar:content:contributors:2:contrib:link:data, type = org.apache.wicket.markup.html.basic.Label, isVisible = true, isVersioned = true]
17. [ListItem [Component id = 3, page = com.benjamin.erp.page.ReleaseBorrowerPage, path = debugBar:content:contributors:3, type = org.apache.wicket.markup.html.list.ListItem, isVisible = true, isVersioned = true], children =  [PageSizeDebugPanel [Component id = contrib]]]
18. [PageSizeDebugPanel [Component id = contrib, page = com.benjamin.erp.page.ReleaseBorrowerPage, path = debugBar:content:contributors:3:contrib, type = org.apache.wicket.devutils.debugbar.PageSizeDebugPanel, isVisible = true, isVersioned = true], children =  [BookmarkablePageLink [Component id = link]]]
19. [BookmarkablePageLink [Component id = link, page = com.benjamin.erp.page.ReleaseBorrowerPage, path = debugBar:content:contributors:3:contrib:link, type = org.apache.wicket.markup.html.link.BookmarkablePageLink, isVisible = true, isVersioned = true], children =  [Component id = img][Component id = data]]
20. [Component id = img, page = com.benjamin.erp.page.ReleaseBorrowerPage, path = debugBar:content:contributors:3:contrib:link:img, type = org.apache.wicket.markup.html.image.Image, isVisible = true, isVersioned = true]
21. [Component id = data, page = com.benjamin.erp.page.ReleaseBorrowerPage, path = debugBar:content:contributors:3:contrib:link:data, type = org.apache.wicket.markup.html.basic.Label, isVisible = true, isVersioned = true]
22. [Component id = removeImg, page = com.benjamin.erp.page.ReleaseBorrowerPage, path = debugBar:content:removeImg, type = org.apache.wicket.markup.html.image.Image, isVisible = true, isVersioned = true]
, mergedContextConfiguration = [MergedContextConfiguration@7e9a5fbe testClass = BorrowerTest, locations = &apos;{}&apos;, classes = &apos;{class com.benjamin.erp.config.SpringApplicationContext}&apos;, contextInitializerClasses = &apos;[]&apos;, activeProfiles = &apos;{}&apos;, propertySourceLocations = &apos;{}&apos;, propertySourceProperties = &apos;{}&apos;, contextCustomizers = set[[empty]], contextLoader = &apos;org.springframework.test.context.support.DelegatingSmartContextLoader&apos;, parent = [null]]], class annotated with @DirtiesContext [false] with mode [null], method annotated with @DirtiesContext [false] with mode [null].
</system-out>
    <system-err>SLF4J: Class path contains multiple SLF4J bindings.
SLF4J: Found binding in [jar:file:/C:/Users/xywenjie/.m2/repository/ch/qos/logback/logback-classic/1.2.3/logback-classic-1.2.3.jar!/org/slf4j/impl/StaticLoggerBinder.class]
SLF4J: Found binding in [jar:file:/C:/Users/xywenjie/.m2/repository/org/apache/logging/log4j/log4j-slf4j-impl/2.11.0/log4j-slf4j-impl-2.11.0.jar!/org/slf4j/impl/StaticLoggerBinder.class]
SLF4J: See http://www.slf4j.org/codes.html#multiple_bindings for an explanation.
SLF4J: Actual binding is of type [ch.qos.logback.classic.util.ContextSelectorStaticBinder]
ERROR StatusLogger No Log4j 2 configuration file found. Using default configuration (logging only errors to the console), or user programmatically provided configurations. Set system property &apos;log4j2.debug&apos; to show Log4j 2 internal initialization logging. See https://logging.apache.org/log4j/2.x/manual/configuration.html for instructions on how to configure Log4j 2
Fri Apr 26 19:37:06 CST 2019 WARN: Establishing SSL connection without server&apos;s identity verification is not recommended. According to MySQL 5.5.45+, 5.6.26+ and 5.7.6+ requirements SSL connection must be established by default if explicit option isn&apos;t set. For compliance with existing applications not using SSL the verifyServerCertificate property is set to &apos;false&apos;. You need either to explicitly disable SSL by setting useSSL=false, or set useSSL=true and provide truststore for server certificate verification.
Fri Apr 26 19:37:07 CST 2019 WARN: Establishing SSL connection without server&apos;s identity verification is not recommended. According to MySQL 5.5.45+, 5.6.26+ and 5.7.6+ requirements SSL connection must be established by default if explicit option isn&apos;t set. For compliance with existing applications not using SSL the verifyServerCertificate property is set to &apos;false&apos;. You need either to explicitly disable SSL by setting useSSL=false, or set useSSL=true and provide truststore for server certificate verification.
Fri Apr 26 19:37:08 CST 2019 WARN: Establishing SSL connection without server&apos;s identity verification is not recommended. According to MySQL 5.5.45+, 5.6.26+ and 5.7.6+ requirements SSL connection must be established by default if explicit option isn&apos;t set. For compliance with existing applications not using SSL the verifyServerCertificate property is set to &apos;false&apos;. You need either to explicitly disable SSL by setting useSSL=false, or set useSSL=true and provide truststore for server certificate verification.
Fri Apr 26 19:37:10 CST 2019 WARN: Establishing SSL connection without server&apos;s identity verification is not recommended. According to MySQL 5.5.45+, 5.6.26+ and 5.7.6+ requirements SSL connection must be established by default if explicit option isn&apos;t set. For compliance with existing applications not using SSL the verifyServerCertificate property is set to &apos;false&apos;. You need either to explicitly disable SSL by setting useSSL=false, or set useSSL=true and provide truststore for server certificate verification.
Fri Apr 26 19:37:10 CST 2019 WARN: Establishing SSL connection without server&apos;s identity verification is not recommended. According to MySQL 5.5.45+, 5.6.26+ and 5.7.6+ requirements SSL connection must be established by default if explicit option isn&apos;t set. For compliance with existing applications not using SSL the verifyServerCertificate property is set to &apos;false&apos;. You need either to explicitly disable SSL by setting useSSL=false, or set useSSL=true and provide truststore for server certificate verification.
Fri Apr 26 19:37:10 CST 2019 WARN: Establishing SSL connection without server&apos;s identity verification is not recommended. According to MySQL 5.5.45+, 5.6.26+ and 5.7.6+ requirements SSL connection must be established by default if explicit option isn&apos;t set. For compliance with existing applications not using SSL the verifyServerCertificate property is set to &apos;false&apos;. You need either to explicitly disable SSL by setting useSSL=false, or set useSSL=true and provide truststore for server certificate verification.
</system-err>
  </testcase>
</testsuite>